============================== Mace4 =================================
Mace4 (64) version 2009-11A, November 2009.
Process 19777 was started by adrian on adrian,
Thu Jan 21 08:38:31 2021
The command was "mace4 -f futoshiki.in".
============================== end of head ===========================

============================== INPUT =================================

% Reading from file futoshiki.in

set(arithmetic).
    % set(arithmetic) -> clear(lnh).
    % set(arithmetic) -> assign(selection_order, 0).

    % Declaring Mace4 arithmetic parse types.
assign(domain_size,4).
    % assign(domain_size, 4) -> assign(start_size, 4).
    % assign(domain_size, 4) -> assign(end_size, 4).
assign(max_models,-1).

formulas(latin_square).
f(x,y1) = f(x,y2) -> y1 = y2.
f(x1,y) = f(x2,y) -> x1 = x2.
end_of_list.

formulas(futoshiki).
f(0,2) > f(0,3).
f(0,0) < f(1,0).
f(0,3) > f(1,3).
f(2,1) > f(3,1).
f(2,2) > f(3,2).
f(1,1) = 1.
end_of_list.

============================== end of input ==========================

============================== PROCESS NON-CLAUSAL FORMULAS ==========

% Formulas that are not ordinary clauses:
1 f(x,y1) = f(x,y2) -> y1 = y2 # label(non_clause).  [assumption].
2 f(x1,y) = f(x2,y) -> x1 = x2 # label(non_clause).  [assumption].

============================== end of process non-clausal formulas ===

============================== CLAUSES FOR SEARCH ====================

formulas(mace4_clauses).
f(x,y) != f(x,z) | y = z.
f(x,y) != f(z,y) | x = z.
f(0,2) > f(0,3).
f(0,0) < f(1,0).
f(0,3) > f(1,3).
f(2,1) > f(3,1).
f(2,2) > f(3,2).
f(1,1) = 1.
end_of_list.

============================== end of clauses for search =============

% The largest natural number in the input is 3.

============================== DOMAIN SIZE 4 =========================

============================== MODEL =================================

interpretation( 4, [number=1, seconds=0], [

        function(f(_,_), [
			   2, 0, 3, 1,
			   3, 1, 2, 0,
			   0, 3, 1, 2,
			   1, 2, 0, 3 ])
]).

============================== end of model ==========================

============================== STATISTICS ============================

For domain size 4.

Current CPU time: 0.00 seconds (total CPU time: 0.00 seconds).
Ground clauses: seen=134, kept=102.
Selections=32, assignments=128, propagations=92, current_models=1.
Rewrite_terms=1693, rewrite_bools=689, indexes=0.
Rules_from_neg_clauses=91, cross_offs=324.

============================== end of statistics =====================

User_CPU=0.00, System_CPU=0.00, Wall_clock=0.

Exiting with 1 model.

Process 19777 exit (all_models) Thu Jan 21 08:38:31 2021
The process finished Thu Jan 21 08:38:31 2021
