============================== Mace4 =================================
Mace4 (64) version 2009-11A, November 2009.
Process 19781 was started by adrian on adrian,
Thu Jan 21 08:38:31 2021
The command was "mace4 -f kakurasu3.in".
============================== end of head ===========================

============================== INPUT =================================

% Reading from file kakurasu3.in

set(arithmetic).
    % set(arithmetic) -> clear(lnh).
    % set(arithmetic) -> assign(selection_order, 0).

    % Declaring Mace4 arithmetic parse types.
assign(domain_size,11).
    % assign(domain_size, 11) -> assign(start_size, 11).
    % assign(domain_size, 11) -> assign(end_size, 11).
assign(max_models,-1).

formulas(kakurasu3).
(all x all y (x < 4 & y < 4 -> f(x,y) < 2 & f(x,0) + f(x,1) * 2 + f(x,2) * 3 + f(x,3) * 4 = f(x,4) & f(0,y) + f(1,y) * 2 + f(2,y) * 3 + f(3,y) * 4 = f(4,y))).
(all x all y (x > 4 | y > 4 -> f(x,y) = 0)).
f(4,4) = 0.
end_of_list.

formulas(puzzle).
f(0,4) = 4 & f(1,4) = 6 & f(2,4) = 8 & f(3,4) = 9.
f(4,0) = 5 & f(4,1) = 6 & f(4,2) = 9 & f(4,3) = 8.
end_of_list.

============================== end of input ==========================

============================== PROCESS NON-CLAUSAL FORMULAS ==========

% Formulas that are not ordinary clauses:
1 (all x all y (x < 4 & y < 4 -> f(x,y) < 2 & f(x,0) + f(x,1) * 2 + f(x,2) * 3 + f(x,3) * 4 = f(x,4) & f(0,y) + f(1,y) * 2 + f(2,y) * 3 + f(3,y) * 4 = f(4,y))) # label(non_clause).  [assumption].
2 (all x all y (x > 4 | y > 4 -> f(x,y) = 0)) # label(non_clause).  [assumption].
3 f(0,4) = 4 & f(1,4) = 6 & f(2,4) = 8 & f(3,4) = 9 # label(non_clause).  [assumption].
4 f(4,0) = 5 & f(4,1) = 6 & f(4,2) = 9 & f(4,3) = 8 # label(non_clause).  [assumption].

============================== end of process non-clausal formulas ===

============================== CLAUSES FOR SEARCH ====================

formulas(mace4_clauses).
-(x < 4) | -(y < 4) | f(x,y) < 2.
-(x < 4) | -(y < 4) | f(x,4) = f(x,0) + f(x,1) * 2 + f(x,2) * 3 + f(x,3) * 4.
-(x < 4) | -(y < 4) | f(4,y) = f(0,y) + f(1,y) * 2 + f(2,y) * 3 + f(3,y) * 4.
-(x > 4) | f(x,y) = 0.
-(x > 4) | f(y,x) = 0.
f(4,4) = 0.
f(0,4) = 4.
f(1,4) = 6.
f(2,4) = 8.
f(3,4) = 9.
f(4,0) = 5.
f(4,1) = 6.
f(4,2) = 9.
f(4,3) = 8.
end_of_list.

============================== end of clauses for search =============

% The largest natural number in the input is 9.

============================== DOMAIN SIZE 11 ========================

============================== MODEL =================================

interpretation( 11, [number=1, seconds=0], [

        function(f(_,_), [
			   0, 0, 0, 1, 4, 0, 0, 0, 0, 0, 0,
			   1, 1, 1, 0, 6, 0, 0, 0, 0, 0, 0,
			   1, 0, 1, 1, 8, 0, 0, 0, 0, 0, 0,
			   0, 1, 1, 1, 9, 0, 0, 0, 0, 0, 0,
			   5, 6, 9, 8, 0, 0, 0, 0, 0, 0, 0,
			   0, 0, 0, 0, 0, 0, 0, 0, 0, 0, 0,
			   0, 0, 0, 0, 0, 0, 0, 0, 0, 0, 0,
			   0, 0, 0, 0, 0, 0, 0, 0, 0, 0, 0,
			   0, 0, 0, 0, 0, 0, 0, 0, 0, 0, 0,
			   0, 0, 0, 0, 0, 0, 0, 0, 0, 0, 0,
			   0, 0, 0, 0, 0, 0, 0, 0, 0, 0, 0 ])
]).

============================== end of model ==========================

============================== STATISTICS ============================

For domain size 11.

Current CPU time: 0.00 seconds (total CPU time: 0.01 seconds).
Ground clauses: seen=614, kept=153.
Selections=112, assignments=1232, propagations=105, current_models=1.
Rewrite_terms=8233, rewrite_bools=1413, indexes=0.
Rules_from_neg_clauses=0, cross_offs=0.

============================== end of statistics =====================

User_CPU=0.01, System_CPU=0.00, Wall_clock=0.

Exiting with 1 model.

Process 19781 exit (all_models) Thu Jan 21 08:38:31 2021
The process finished Thu Jan 21 08:38:31 2021
