============================== Mace4 =================================
Mace4 (64) version 2009-11A, November 2009.
Process 19780 was started by adrian on adrian,
Thu Jan 21 08:38:31 2021
The command was "mace4 -f kakurasu2.in".
============================== end of head ===========================

============================== INPUT =================================

% Reading from file kakurasu2.in

set(arithmetic).
    % set(arithmetic) -> clear(lnh).
    % set(arithmetic) -> assign(selection_order, 0).

    % Declaring Mace4 arithmetic parse types.
assign(domain_size,11).
    % assign(domain_size, 11) -> assign(start_size, 11).
    % assign(domain_size, 11) -> assign(end_size, 11).
assign(max_models,-1).

formulas(kakurasu2).
(all x all y f(x,y) < 2).
(all x f(x,0) + f(x,1) * 2 + f(x,2) * 3 + f(x,3) * 4 = right(x)).
(all y f(0,y) + f(1,y) * 2 + f(2,y) * 3 + f(3,y) * 4 = bottom(y)).
(all x (x > 3 -> right(x) = 0 & bottom(x) = 0)).
(all x all y (x > 3 | y > 3 -> f(x,y) = 0)).
end_of_list.

formulas(puzzle).
right(0) = 4 & right(1) = 6 & right(2) = 8 & right(3) = 9.
bottom(0) = 5 & bottom(1) = 6 & bottom(2) = 9 & bottom(3) = 8.
end_of_list.

============================== end of input ==========================

============================== PROCESS NON-CLAUSAL FORMULAS ==========

% Formulas that are not ordinary clauses:
1 (all x all y f(x,y) < 2) # label(non_clause).  [assumption].
2 (all x f(x,0) + f(x,1) * 2 + f(x,2) * 3 + f(x,3) * 4 = right(x)) # label(non_clause).  [assumption].
3 (all y f(0,y) + f(1,y) * 2 + f(2,y) * 3 + f(3,y) * 4 = bottom(y)) # label(non_clause).  [assumption].
4 (all x (x > 3 -> right(x) = 0 & bottom(x) = 0)) # label(non_clause).  [assumption].
5 (all x all y (x > 3 | y > 3 -> f(x,y) = 0)) # label(non_clause).  [assumption].
6 right(0) = 4 & right(1) = 6 & right(2) = 8 & right(3) = 9 # label(non_clause).  [assumption].
7 bottom(0) = 5 & bottom(1) = 6 & bottom(2) = 9 & bottom(3) = 8 # label(non_clause).  [assumption].

============================== end of process non-clausal formulas ===

============================== CLAUSES FOR SEARCH ====================

formulas(mace4_clauses).
f(x,y) < 2.
right(x) = f(x,0) + f(x,1) * 2 + f(x,2) * 3 + f(x,3) * 4.
bottom(x) = f(0,x) + f(1,x) * 2 + f(2,x) * 3 + f(3,x) * 4.
-(x > 3) | right(x) = 0.
-(x > 3) | bottom(x) = 0.
-(x > 3) | f(x,y) = 0.
-(x > 3) | f(y,x) = 0.
right(0) = 4.
right(1) = 6.
right(2) = 8.
right(3) = 9.
bottom(0) = 5.
bottom(1) = 6.
bottom(2) = 9.
bottom(3) = 8.
end_of_list.

============================== end of clauses for search =============

% The largest natural number in the input is 9.

============================== DOMAIN SIZE 11 ========================

============================== MODEL =================================

interpretation( 11, [number=1, seconds=0], [

        function(bottom(_), [ 5, 6, 9, 8, 0, 0, 0, 0, 0, 0, 0 ]),

        function(right(_), [ 4, 6, 8, 9, 0, 0, 0, 0, 0, 0, 0 ]),

        function(f(_,_), [
			   0, 0, 0, 1, 0, 0, 0, 0, 0, 0, 0,
			   1, 1, 1, 0, 0, 0, 0, 0, 0, 0, 0,
			   1, 0, 1, 1, 0, 0, 0, 0, 0, 0, 0,
			   0, 1, 1, 1, 0, 0, 0, 0, 0, 0, 0,
			   0, 0, 0, 0, 0, 0, 0, 0, 0, 0, 0,
			   0, 0, 0, 0, 0, 0, 0, 0, 0, 0, 0,
			   0, 0, 0, 0, 0, 0, 0, 0, 0, 0, 0,
			   0, 0, 0, 0, 0, 0, 0, 0, 0, 0, 0,
			   0, 0, 0, 0, 0, 0, 0, 0, 0, 0, 0,
			   0, 0, 0, 0, 0, 0, 0, 0, 0, 0, 0,
			   0, 0, 0, 0, 0, 0, 0, 0, 0, 0, 0 ])
]).

============================== end of model ==========================

============================== STATISTICS ============================

For domain size 11.

Current CPU time: 0.00 seconds (total CPU time: 0.01 seconds).
Ground clauses: seen=415, kept=270.
Selections=112, assignments=1232, propagations=127, current_models=1.
Rewrite_terms=3258, rewrite_bools=1497, indexes=0.
Rules_from_neg_clauses=0, cross_offs=0.

============================== end of statistics =====================

User_CPU=0.01, System_CPU=0.00, Wall_clock=0.

Exiting with 1 model.

Process 19780 exit (all_models) Thu Jan 21 08:38:31 2021
The process finished Thu Jan 21 08:38:31 2021
