============================== Mace4 =================================
Mace4 (64) version 2009-11A, November 2009.
Process 19778 was started by adrian on adrian,
Thu Jan 21 08:38:31 2021
The command was "mace4 -f kaossudoku.in".
============================== end of head ===========================

============================== INPUT =================================

% Reading from file kaossudoku.in

assign(domain_size,5).
    % assign(domain_size, 5) -> assign(start_size, 5).
    % assign(domain_size, 5) -> assign(end_size, 5).
assign(max_models,-1).
set(arithmetic).
    % set(arithmetic) -> clear(lnh).
    % set(arithmetic) -> assign(selection_order, 0).

    % Declaring Mace4 arithmetic parse types.

list(distinct).
[f(0,0),f(0,1),f(1,0),f(2,0),f(3,0)].
[f(0,2),f(0,3),f(0,4),f(1,2),f(1,3)].
[f(1,1),f(2,1),f(2,2),f(2,3),f(3,3)].
[f(1,4),f(2,4),f(3,4),f(4,4),f(4,3)].
[f(4,0),f(4,1),f(4,2),f(3,1),f(3,2)].
end_of_list.

formulas(latin_square).
(all x all y1 all y2 (f(x,y1) = f(x,y2) -> y1 = y2)).
(all x1 all x2 all y (f(x1,y) = f(x2,y) -> x1 = x2)).
end_of_list.

formulas(kaos_puzzle).
f(0,0) = 3.
f(0,4) = 1.
f(3,2) = 3.
f(3,3) = 4.
f(4,0) = 2.
end_of_list.

============================== end of input ==========================

============================== PROCESS NON-CLAUSAL FORMULAS ==========

% Formulas that are not ordinary clauses:
1 (all x all y1 all y2 (f(x,y1) = f(x,y2) -> y1 = y2)) # label(non_clause).  [assumption].
2 (all x1 all x2 all y (f(x1,y) = f(x2,y) -> x1 = x2)) # label(non_clause).  [assumption].

============================== end of process non-clausal formulas ===

============================== CLAUSES FOR SEARCH ====================

formulas(mace4_clauses).
f(x,y) != f(x,z) | y = z.
f(x,y) != f(z,y) | x = z.
f(0,0) = 3.
f(0,4) = 1.
f(3,2) = 3.
f(3,3) = 4.
f(4,0) = 2.
f(0,0) != f(0,1).
f(0,0) != f(1,0).
f(0,0) != f(2,0).
f(0,0) != f(3,0).
f(0,1) != f(1,0).
f(0,1) != f(2,0).
f(0,1) != f(3,0).
f(1,0) != f(2,0).
f(1,0) != f(3,0).
f(2,0) != f(3,0).
f(0,2) != f(0,3).
f(0,2) != f(0,4).
f(0,2) != f(1,2).
f(0,2) != f(1,3).
f(0,3) != f(0,4).
f(0,3) != f(1,2).
f(0,3) != f(1,3).
f(0,4) != f(1,2).
f(0,4) != f(1,3).
f(1,2) != f(1,3).
f(1,1) != f(2,1).
f(1,1) != f(2,2).
f(1,1) != f(2,3).
f(1,1) != f(3,3).
f(2,1) != f(2,2).
f(2,1) != f(2,3).
f(2,1) != f(3,3).
f(2,2) != f(2,3).
f(2,2) != f(3,3).
f(2,3) != f(3,3).
f(1,4) != f(2,4).
f(1,4) != f(3,4).
f(1,4) != f(4,4).
f(1,4) != f(4,3).
f(2,4) != f(3,4).
f(2,4) != f(4,4).
f(2,4) != f(4,3).
f(3,4) != f(4,4).
f(3,4) != f(4,3).
f(4,4) != f(4,3).
f(4,0) != f(4,1).
f(4,0) != f(4,2).
f(4,0) != f(3,1).
f(4,0) != f(3,2).
f(4,1) != f(4,2).
f(4,1) != f(3,1).
f(4,1) != f(3,2).
f(4,2) != f(3,1).
f(4,2) != f(3,2).
f(3,1) != f(3,2).
end_of_list.

============================== end of clauses for search =============

% The largest natural number in the input is 4.

============================== DOMAIN SIZE 5 =========================

============================== MODEL =================================

interpretation( 5, [number=1, seconds=0], [

        function(f(_,_), [
			   3, 2, 4, 0, 1,
			   1, 0, 2, 3, 4,
			   4, 3, 1, 2, 0,
			   0, 1, 3, 4, 2,
			   2, 4, 0, 1, 3 ])
]).

============================== end of model ==========================

============================== STATISTICS ============================

For domain size 5.

Current CPU time: 0.00 seconds (total CPU time: 0.01 seconds).
Ground clauses: seen=305, kept=254.
Selections=3, assignments=15, propagations=50, current_models=1.
Rewrite_terms=860, rewrite_bools=400, indexes=0.
Rules_from_neg_clauses=45, cross_offs=162.

============================== end of statistics =====================

User_CPU=0.01, System_CPU=0.00, Wall_clock=0.

Exiting with 1 model.

Process 19778 exit (all_models) Thu Jan 21 08:38:31 2021
The process finished Thu Jan 21 08:38:31 2021
