============================== Mace4 =================================
Mace4 (64) version 2009-11A, November 2009.
Process 19785 was started by adrian on adrian,
Thu Jan 21 08:38:32 2021
The command was "mace4 -f kendoku.in".
============================== end of head ===========================

============================== INPUT =================================

% Reading from file kendoku.in

assign(domain_size,6).
    % assign(domain_size, 6) -> assign(start_size, 6).
    % assign(domain_size, 6) -> assign(end_size, 6).
assign(max_models,-1).
set(arithmetic).
    % set(arithmetic) -> clear(lnh).
    % set(arithmetic) -> assign(selection_order, 0).

    % Declaring Mace4 arithmetic parse types.

formulas(kendoku).
(all x all y1 all y2 (x < 5 & y1 < 5 & y2 < 5 & f(x,y1) = f(x,y2) -> y1 = y2)).
(all y all x1 all x2 (y < 5 & x1 < 5 & x2 < 5 & f(x1,y) = f(x2,y) -> x1 = x2)).
(all x all y (x < 5 & y < 5 -> f(x,y) != 0)).
(all x all y (x > 4 | y > 4 -> f(x,y) = 0)).
end_of_list.

formulas(sample_puzzle).
f(0,0) + f(1,0) = 4.
f(0,1) / f(1,1) = 2.
f(0,2) * f(0,3) * f(1,2) = 75.
f(0,4) = 2.
f(1,3) * f(2,3) = 2.
f(2,1) * f(2,2) * f(3,1) = 60.
f(2,0) = 5.
f(2,4) = 1.
f(3,0) * f(4,0) * f(4,1) = 8.
f(3,2) * f(4,2) = 2.
abs(f(3,3) + -f(3,4)) = 1.
f(4,3) + f(4,4) = 8.
end_of_list.

============================== end of input ==========================

============================== PROCESS NON-CLAUSAL FORMULAS ==========

% Formulas that are not ordinary clauses:
1 (all x all y1 all y2 (x < 5 & y1 < 5 & y2 < 5 & f(x,y1) = f(x,y2) -> y1 = y2)) # label(non_clause).  [assumption].
2 (all y all x1 all x2 (y < 5 & x1 < 5 & x2 < 5 & f(x1,y) = f(x2,y) -> x1 = x2)) # label(non_clause).  [assumption].
3 (all x all y (x < 5 & y < 5 -> f(x,y) != 0)) # label(non_clause).  [assumption].
4 (all x all y (x > 4 | y > 4 -> f(x,y) = 0)) # label(non_clause).  [assumption].

============================== end of process non-clausal formulas ===

============================== CLAUSES FOR SEARCH ====================

formulas(mace4_clauses).
-(x < 5) | -(y < 5) | -(z < 5) | f(x,z) != f(x,y) | z = y.
-(x < 5) | -(y < 5) | -(z < 5) | f(z,x) != f(y,x) | z = y.
-(x < 5) | -(y < 5) | f(x,y) != 0.
-(x > 4) | f(x,y) = 0.
-(x > 4) | f(y,x) = 0.
f(0,0) + f(1,0) = 4.
f(0,1) / f(1,1) = 2.
f(0,2) * f(0,3) * f(1,2) = 75.
f(0,4) = 2.
f(1,3) * f(2,3) = 2.
f(2,1) * f(2,2) * f(3,1) = 60.
f(2,0) = 5.
f(2,4) = 1.
f(3,0) * f(4,0) * f(4,1) = 8.
f(3,2) * f(4,2) = 2.
abs(f(3,3) + -f(3,4)) = 1.
f(4,3) + f(4,4) = 8.
end_of_list.

============================== end of clauses for search =============

% The largest natural number in the input is 75.

============================== DOMAIN SIZE 6 =========================

============================== MODEL =================================

interpretation( 6, [number=1, seconds=0], [

        function(f(_,_), [
			   1, 4, 3, 5, 2, 0,
			   3, 2, 5, 1, 4, 0,
			   5, 3, 4, 2, 1, 0,
			   2, 5, 1, 4, 3, 0,
			   4, 1, 2, 3, 5, 0,
			   0, 0, 0, 0, 0, 0 ])
]).

============================== end of model ==========================

============================== STATISTICS ============================

For domain size 6.

Current CPU time: 0.00 seconds (total CPU time: 0.01 seconds).
Ground clauses: seen=552, kept=248.
Selections=182, assignments=1092, propagations=124, current_models=1.
Rewrite_terms=8356, rewrite_bools=4023, indexes=0.
Rules_from_neg_clauses=110, cross_offs=1550.

============================== end of statistics =====================

User_CPU=0.01, System_CPU=0.00, Wall_clock=0.

Exiting with 1 model.

Process 19785 exit (all_models) Thu Jan 21 08:38:32 2021
The process finished Thu Jan 21 08:38:32 2021
