============================== Mace4 =================================
Mace4 (64) version 2009-11A, November 2009.
Process 20015 was started by adrian on adrian,
Thu Jan 21 08:47:28 2021
The command was "mace4 -f magic_labyrinth.in".
============================== end of head ===========================

============================== INPUT =================================

% Reading from file magic_labyrinth.in

set(arithmetic).
    % set(arithmetic) -> clear(lnh).
    % set(arithmetic) -> assign(selection_order, 0).

    % Declaring Mace4 arithmetic parse types.
assign(domain_size,5).
    % assign(domain_size, 5) -> assign(start_size, 5).
    % assign(domain_size, 5) -> assign(end_size, 5).
assign(max_models,-1).

formulas(magic_labyrinth).
f(x,y) != 4.
f(x,y1) != 0 -> (f(x,y1) = f(x,y2) -> y1 = y2).
f(x1,y) != 0 -> (f(x1,y) = f(x2,y) -> x1 = x2).
f(x,0) + f(x,1) + f(x,2) + f(x,3) + f(x,4) = 6.
(all y1 all y2 (y1 < y2 & f(0,y1) != 0 & f(0,y2) != 0 -> f(0,y1) < f(0,y2))).
(all x1 all x2 (x1 < x2 & f(x1,4) != 0 & f(x2,4) != 0 & f(0,4) != 3 -> f(x1,4) < f(x2,4))).
(all y1 all y2 (y1 < y2 & f(4,y1) != 0 & f(4,y2) != 0 & f(4,4) != 3 -> f(4,y1) > f(4,y2))).
(all x1 all x2 (x1 < x2 & f(x1,0) != 0 & f(x2,0) != 0 & f(4,0) != 3 & x1 != 0 -> f(x1,0) > f(x2,0))).
(all y1 all y2 (y1 < y2 & f(1,y1) != 0 & f(1,y2) != 0 & f(1,0) != 3 & y2 < 4 -> f(1,y1) < f(1,y2))).
(all x1 all x2 (x1 < x2 & f(x1,3) != 0 & f(x2,3) != 0 & f(1,3) != 3 & x1 > 0 & x2 < 4 -> f(x1,3) < f(x2,3))).
(all y1 all y2 (y1 < y2 & f(3,y1) != 0 & f(3,y2) != 0 & f(3,3) != 3 & y1 > 0 & y2 < 4 -> f(3,y1) > f(3,y2))).
end_of_list.

formulas(sample_puzzle).
f(0,3) = 3.
f(1,1) = 3.
f(1,4) = 1.
f(3,3) = 2.
f(4,0) = 3.
end_of_list.

============================== end of input ==========================

============================== PROCESS NON-CLAUSAL FORMULAS ==========

% Formulas that are not ordinary clauses:
1 f(x,y1) != 0 -> (f(x,y1) = f(x,y2) -> y1 = y2) # label(non_clause).  [assumption].
2 f(x1,y) != 0 -> (f(x1,y) = f(x2,y) -> x1 = x2) # label(non_clause).  [assumption].
3 (all y1 all y2 (y1 < y2 & f(0,y1) != 0 & f(0,y2) != 0 -> f(0,y1) < f(0,y2))) # label(non_clause).  [assumption].
4 (all x1 all x2 (x1 < x2 & f(x1,4) != 0 & f(x2,4) != 0 & f(0,4) != 3 -> f(x1,4) < f(x2,4))) # label(non_clause).  [assumption].
5 (all y1 all y2 (y1 < y2 & f(4,y1) != 0 & f(4,y2) != 0 & f(4,4) != 3 -> f(4,y1) > f(4,y2))) # label(non_clause).  [assumption].
6 (all x1 all x2 (x1 < x2 & f(x1,0) != 0 & f(x2,0) != 0 & f(4,0) != 3 & x1 != 0 -> f(x1,0) > f(x2,0))) # label(non_clause).  [assumption].
7 (all y1 all y2 (y1 < y2 & f(1,y1) != 0 & f(1,y2) != 0 & f(1,0) != 3 & y2 < 4 -> f(1,y1) < f(1,y2))) # label(non_clause).  [assumption].
8 (all x1 all x2 (x1 < x2 & f(x1,3) != 0 & f(x2,3) != 0 & f(1,3) != 3 & x1 > 0 & x2 < 4 -> f(x1,3) < f(x2,3))) # label(non_clause).  [assumption].
9 (all y1 all y2 (y1 < y2 & f(3,y1) != 0 & f(3,y2) != 0 & f(3,3) != 3 & y1 > 0 & y2 < 4 -> f(3,y1) > f(3,y2))) # label(non_clause).  [assumption].

============================== end of process non-clausal formulas ===

============================== CLAUSES FOR SEARCH ====================

formulas(mace4_clauses).
f(x,y) != 4.
f(x,y) = 0 | f(x,z) != f(x,y) | z = y.
f(x,y) = 0 | f(z,y) != f(x,y) | z = x.
f(x,0) + f(x,1) + f(x,2) + f(x,3) + f(x,4) = 6.
-(x < y) | f(0,x) = 0 | f(0,y) = 0 | f(0,x) < f(0,y).
-(x < y) | f(x,4) = 0 | f(y,4) = 0 | f(0,4) = 3 | f(x,4) < f(y,4).
-(x < y) | f(4,x) = 0 | f(4,y) = 0 | f(4,4) = 3 | f(4,x) > f(4,y).
-(x < y) | f(x,0) = 0 | f(y,0) = 0 | f(4,0) = 3 | x = 0 | f(x,0) > f(y,0).
-(x < y) | f(1,x) = 0 | f(1,y) = 0 | f(1,0) = 3 | -(y < 4) | f(1,x) < f(1,y).
-(x < y) | f(x,3) = 0 | f(y,3) = 0 | f(1,3) = 3 | -(x > 0) | -(y < 4) | f(x,3) < f(y,3).
-(x < y) | f(3,x) = 0 | f(3,y) = 0 | f(3,3) = 3 | -(x > 0) | -(y < 4) | f(3,x) > f(3,y).
f(0,3) = 3.
f(1,1) = 3.
f(1,4) = 1.
f(3,3) = 2.
f(4,0) = 3.
end_of_list.

============================== end of clauses for search =============

% The largest natural number in the input is 6.

============================== DOMAIN SIZE 5 =========================

============================== MODEL =================================

interpretation( 5, [number=1, seconds=0], [

        function(f(_,_), [
			   0, 1, 2, 3, 0,
			   2, 3, 0, 0, 1,
			   0, 0, 3, 1, 2,
			   1, 0, 0, 2, 3,
			   3, 2, 1, 0, 0 ])
]).

============================== end of model ==========================

============================== STATISTICS ============================

For domain size 5.

Current CPU time: 0.00 seconds (total CPU time: 0.03 seconds).
Ground clauses: seen=460, kept=283.
Selections=445, assignments=2225, propagations=218, current_models=1.
Rewrite_terms=35986, rewrite_bools=15341, indexes=0.
Rules_from_neg_clauses=102, cross_offs=583.

============================== end of statistics =====================

User_CPU=0.03, System_CPU=0.00, Wall_clock=0.

Exiting with 1 model.

Process 20015 exit (all_models) Thu Jan 21 08:47:28 2021
The process finished Thu Jan 21 08:47:28 2021
