============================== Mace4 =================================
Mace4 (64) version 2009-11A, November 2009.
Process 19784 was started by adrian on adrian,
Thu Jan 21 08:38:32 2021
The command was "mace4 -f neighbours.in".
============================== end of head ===========================

============================== INPUT =================================

% Reading from file neighbours.in

set(arithmetic).
    % set(arithmetic) -> clear(lnh).
    % set(arithmetic) -> assign(selection_order, 0).

    % Declaring Mace4 arithmetic parse types.
assign(domain_size,4).
    % assign(domain_size, 4) -> assign(start_size, 4).
    % assign(domain_size, 4) -> assign(end_size, 4).
assign(max_models,-1).

formulas(latin_square).
(all x all y1 all y2 (f(x,y1) = f(x,y2) -> y1 = y2)).
(all x1 all x2 all y (f(x1,y) = f(x2,y) -> x1 = x2)).
end_of_list.

formulas(neighbours).
(all x1 all x2 all y1 all y2 (n(x1,y1,x2,y2) -> f(x1,y1) = f(x2,y2) + 1 | f(x2,y2) = f(x1,y1) + 1)).
(all x1 all x2 all y1 all y2 (-n(x1,y1,x2,y2) -> f(x1,y1) != f(x2,y2) + 1 & f(x2,y2) != f(x1,y1) + 1)).
end_of_list.

formulas(sample_puzzle).
f(0,0) = 0.
f(3,1) = 0.
n(0,0,0,1).
n(0,1,0,2).
n(0,2,0,3).
-n(0,0,1,0).
n(0,1,1,1).
n(0,2,1,2).
-n(0,3,1,3).
n(1,0,1,1).
n(1,1,1,2).
n(1,2,1,3).
n(1,0,2,0).
n(1,1,2,1).
n(1,2,2,2).
n(1,3,2,3).
n(2,0,2,1).
-n(2,1,2,2).
n(2,2,2,3).
n(2,0,3,0).
-n(2,1,3,1).
-n(2,2,3,2).
n(2,3,3,3).
n(3,0,3,1).
-n(3,1,3,2).
n(3,2,3,3).
end_of_list.

============================== end of input ==========================

============================== PROCESS NON-CLAUSAL FORMULAS ==========

% Formulas that are not ordinary clauses:
1 (all x all y1 all y2 (f(x,y1) = f(x,y2) -> y1 = y2)) # label(non_clause).  [assumption].
2 (all x1 all x2 all y (f(x1,y) = f(x2,y) -> x1 = x2)) # label(non_clause).  [assumption].
3 (all x1 all x2 all y1 all y2 (n(x1,y1,x2,y2) -> f(x1,y1) = f(x2,y2) + 1 | f(x2,y2) = f(x1,y1) + 1)) # label(non_clause).  [assumption].
4 (all x1 all x2 all y1 all y2 (-n(x1,y1,x2,y2) -> f(x1,y1) != f(x2,y2) + 1 & f(x2,y2) != f(x1,y1) + 1)) # label(non_clause).  [assumption].

============================== end of process non-clausal formulas ===

============================== CLAUSES FOR SEARCH ====================

formulas(mace4_clauses).
f(x,y) != f(x,z) | y = z.
f(x,y) != f(z,y) | x = z.
-n(x,y,z,u) | f(x,y) = f(z,u) + 1 | f(z,u) = f(x,y) + 1.
n(x,y,z,u) | f(x,y) != f(z,u) + 1.
n(x,y,z,u) | f(z,u) != f(x,y) + 1.
f(0,0) = 0.
f(3,1) = 0.
n(0,0,0,1).
n(0,1,0,2).
n(0,2,0,3).
-n(0,0,1,0).
n(0,1,1,1).
n(0,2,1,2).
-n(0,3,1,3).
n(1,0,1,1).
n(1,1,1,2).
n(1,2,1,3).
n(1,0,2,0).
n(1,1,2,1).
n(1,2,2,2).
n(1,3,2,3).
n(2,0,2,1).
-n(2,1,2,2).
n(2,2,2,3).
n(2,0,3,0).
-n(2,1,3,1).
-n(2,2,3,2).
n(2,3,3,3).
n(3,0,3,1).
-n(3,1,3,2).
n(3,2,3,3).
end_of_list.

============================== end of clauses for search =============

% The largest natural number in the input is 3.

============================== DOMAIN SIZE 4 =========================

============================== MODEL =================================

interpretation( 4, [number=1, seconds=0], [

        function(f(_,_), [
			   0, 1, 2, 3,
			   3, 2, 1, 0,
			   2, 3, 0, 1,
			   1, 0, 3, 2 ]),

        relation(n(_,_,_,_), [
			   0, 1, 0, 0,
			   0, 0, 1, 0,
			   0, 0, 0, 1,
			   1, 0, 0, 0,
			   1, 0, 1, 0,
			   0, 1, 0, 1,
			   1, 0, 1, 0,
			   0, 1, 0, 1,
			   0, 1, 0, 1,
			   1, 0, 1, 0,
			   0, 1, 0, 1,
			   1, 0, 1, 0,
			   0, 0, 1, 0,
			   0, 1, 0, 0,
			   1, 0, 0, 0,
			   0, 0, 0, 1,
			   0, 0, 1, 0,
			   0, 1, 0, 0,
			   1, 0, 0, 0,
			   0, 0, 0, 1,
			   0, 1, 0, 1,
			   1, 0, 1, 0,
			   0, 1, 0, 1,
			   1, 0, 1, 0,
			   1, 0, 1, 0,
			   0, 1, 0, 1,
			   1, 0, 1, 0,
			   0, 1, 0, 1,
			   0, 1, 0, 0,
			   0, 0, 1, 0,
			   0, 0, 0, 1,
			   1, 0, 0, 0,
			   0, 1, 0, 1,
			   1, 0, 1, 0,
			   0, 1, 0, 1,
			   1, 0, 1, 0,
			   0, 0, 1, 0,
			   0, 1, 0, 0,
			   1, 0, 0, 0,
			   0, 0, 0, 1,
			   0, 1, 0, 0,
			   0, 0, 1, 0,
			   0, 0, 0, 1,
			   1, 0, 0, 0,
			   1, 0, 1, 0,
			   0, 1, 0, 1,
			   1, 0, 1, 0,
			   0, 1, 0, 1,
			   1, 0, 1, 0,
			   0, 1, 0, 1,
			   1, 0, 1, 0,
			   0, 1, 0, 1,
			   0, 1, 0, 0,
			   0, 0, 1, 0,
			   0, 0, 0, 1,
			   1, 0, 0, 0,
			   0, 0, 1, 0,
			   0, 1, 0, 0,
			   1, 0, 0, 0,
			   0, 0, 0, 1,
			   0, 1, 0, 1,
			   1, 0, 1, 0,
			   0, 1, 0, 1,
			   1, 0, 1, 0 ])
]).

============================== end of model ==========================

============================== STATISTICS ============================

For domain size 4.

Current CPU time: 0.00 seconds (total CPU time: 0.01 seconds).
Ground clauses: seen=922, kept=890.
Selections=6, assignments=24, propagations=421, current_models=1.
Rewrite_terms=4239, rewrite_bools=2020, indexes=0.
Rules_from_neg_clauses=9, cross_offs=38.

============================== end of statistics =====================

User_CPU=0.01, System_CPU=0.00, Wall_clock=0.

Exiting with 1 model.

Process 19784 exit (all_models) Thu Jan 21 08:38:32 2021
The process finished Thu Jan 21 08:38:32 2021
