interpretation( 8, [number = 1,seconds = 0], [
    function(f(_), [0,0,0,0,1,1,1,1]),
    function(g(_), [0,0,0,0,1,1,1,1]),
    function(h(_), [1,1,1,1,0,0,0,0])]).
interpretation( 8, [number = 2,seconds = 0], [
    function(f(_), [0,0,0,1,0,1,1,1]),
    function(g(_), [0,0,0,1,0,1,1,1]),
    function(h(_), [1,1,1,0,1,0,0,0])]).
interpretation( 8, [number = 3,seconds = 0], [
    function(f(_), [0,0,0,1,1,0,1,1]),
    function(g(_), [0,0,0,1,1,0,1,1]),
    function(h(_), [1,1,1,0,0,1,0,0])]).
interpretation( 8, [number = 4,seconds = 0], [
    function(f(_), [0,0,0,1,1,1,0,1]),
    function(g(_), [0,0,0,1,1,1,0,1]),
    function(h(_), [1,1,1,0,0,0,1,0])]).
interpretation( 8, [number = 5,seconds = 0], [
    function(f(_), [0,0,0,1,1,1,1,0]),
    function(g(_), [0,0,0,1,1,1,1,0]),
    function(h(_), [1,1,1,0,0,0,0,1])]).
interpretation( 8, [number = 6,seconds = 0], [
    function(f(_), [0,0,0,1,1,1,2,3]),
    function(g(_), [0,0,0,1,1,1,1,0]),
    function(h(_), [1,1,1,0,0,0,1,0])]).
interpretation( 8, [number = 7,seconds = 0], [
    function(f(_), [0,0,0,1,1,2,1,3]),
    function(g(_), [0,0,0,1,1,1,1,0]),
    function(h(_), [1,1,1,0,0,1,0,0])]).
interpretation( 8, [number = 8,seconds = 0], [
    function(f(_), [0,0,0,1,2,1,1,3]),
    function(g(_), [0,0,0,1,1,1,1,0]),
    function(h(_), [1,1,1,0,1,0,0,0])]).
interpretation( 8, [number = 9,seconds = 0], [
    function(f(_), [0,0,0,2,1,1,1,3]),
    function(g(_), [0,0,0,1,1,1,1,0]),
    function(h(_), [1,1,1,1,0,0,0,0])]).
interpretation( 8, [number = 10,seconds = 0], [
    function(f(_), [0,0,1,0,0,1,1,1]),
    function(g(_), [0,0,1,0,0,1,1,1]),
    function(h(_), [1,1,0,1,1,0,0,0])]).
interpretation( 8, [number = 11,seconds = 0], [
    function(f(_), [0,0,1,0,1,0,1,1]),
    function(g(_), [0,0,1,0,1,0,1,1]),
    function(h(_), [1,1,0,1,0,1,0,0])]).
interpretation( 8, [number = 12,seconds = 0], [
    function(f(_), [0,0,1,0,1,1,0,1]),
    function(g(_), [0,0,1,0,1,1,0,1]),
    function(h(_), [1,1,0,1,0,0,1,0])]).
interpretation( 8, [number = 13,seconds = 0], [
    function(f(_), [0,0,1,0,1,1,1,0]),
    function(g(_), [0,0,1,0,1,1,1,0]),
    function(h(_), [1,1,0,1,0,0,0,1])]).
interpretation( 8, [number = 14,seconds = 0], [
    function(f(_), [0,0,1,0,1,1,2,3]),
    function(g(_), [0,0,1,0,1,1,1,0]),
    function(h(_), [1,1,0,1,0,0,1,0])]).
interpretation( 8, [number = 15,seconds = 0], [
    function(f(_), [0,0,1,0,1,2,1,3]),
    function(g(_), [0,0,1,0,1,1,1,0]),
    function(h(_), [1,1,0,1,0,1,0,0])]).
interpretation( 8, [number = 16,seconds = 0], [
    function(f(_), [0,0,1,0,2,1,1,3]),
    function(g(_), [0,0,1,0,1,1,1,0]),
    function(h(_), [1,1,0,1,1,0,0,0])]).
interpretation( 8, [number = 17,seconds = 0], [
    function(f(_), [0,0,1,1,0,0,1,1]),
    function(g(_), [0,0,1,1,0,0,1,1]),
    function(h(_), [1,1,0,0,1,1,0,0])]).
interpretation( 8, [number = 18,seconds = 0], [
    function(f(_), [0,0,1,1,0,1,0,1]),
    function(g(_), [0,0,1,1,0,1,0,1]),
    function(h(_), [1,1,0,0,1,0,1,0])]).
interpretation( 8, [number = 19,seconds = 0], [
    function(f(_), [0,0,1,1,0,1,1,0]),
    function(g(_), [0,0,1,1,0,1,1,0]),
    function(h(_), [1,1,0,0,1,0,0,1])]).
interpretation( 8, [number = 20,seconds = 0], [
    function(f(_), [0,0,1,1,0,1,2,3]),
    function(g(_), [0,0,1,1,0,1,1,0]),
    function(h(_), [1,1,0,0,1,0,1,0])]).
interpretation( 8, [number = 21,seconds = 0], [
    function(f(_), [0,0,1,1,0,2,1,3]),
    function(g(_), [0,0,1,1,0,1,1,0]),
    function(h(_), [1,1,0,0,1,1,0,0])]).
interpretation( 8, [number = 22,seconds = 0], [
    function(f(_), [0,0,1,1,1,0,0,1]),
    function(g(_), [0,0,1,1,1,0,0,1]),
    function(h(_), [1,1,0,0,0,1,1,0])]).
interpretation( 8, [number = 23,seconds = 0], [
    function(f(_), [0,0,1,1,1,0,1,0]),
    function(g(_), [0,0,1,1,1,0,1,0]),
    function(h(_), [1,1,0,0,0,1,0,1])]).
interpretation( 8, [number = 24,seconds = 0], [
    function(f(_), [0,0,1,1,1,0,2,3]),
    function(g(_), [0,0,1,1,1,0,1,0]),
    function(h(_), [1,1,0,0,0,1,1,0])]).
interpretation( 8, [number = 25,seconds = 0], [
    function(f(_), [0,0,1,1,1,1,0,0]),
    function(g(_), [0,0,1,1,1,1,0,0]),
    function(h(_), [1,1,0,0,0,0,1,1])]).
interpretation( 8, [number = 26,seconds = 0], [
    function(f(_), [0,0,1,1,1,2,0,3]),
    function(g(_), [0,0,1,1,1,1,0,0]),
    function(h(_), [1,1,0,0,0,1,1,0])]).
interpretation( 8, [number = 27,seconds = 0], [
    function(f(_), [0,0,1,1,2,0,1,3]),
    function(g(_), [0,0,1,1,1,0,1,0]),
    function(h(_), [1,1,0,0,1,1,0,0])]).
interpretation( 8, [number = 28,seconds = 0], [
    function(f(_), [0,0,1,1,2,1,0,3]),
    function(g(_), [0,0,1,1,1,1,0,0]),
    function(h(_), [1,1,0,0,1,0,1,0])]).
interpretation( 8, [number = 29,seconds = 0], [
    function(f(_), [0,0,1,1,2,2,3,3]),
    function(g(_), [0,0,1,1,1,1,0,0]),
    function(h(_), [1,1,0,0,1,1,0,0])]).
interpretation( 8, [number = 30,seconds = 0], [
    function(f(_), [0,0,1,2,0,1,1,3]),
    function(g(_), [0,0,1,1,0,1,1,0]),
    function(h(_), [1,1,0,1,1,0,0,0])]).
interpretation( 8, [number = 31,seconds = 0], [
    function(f(_), [0,0,1,2,1,0,1,3]),
    function(g(_), [0,0,1,1,1,0,1,0]),
    function(h(_), [1,1,0,1,0,1,0,0])]).
interpretation( 8, [number = 32,seconds = 0], [
    function(f(_), [0,0,1,2,1,1,0,3]),
    function(g(_), [0,0,1,1,1,1,0,0]),
    function(h(_), [1,1,0,1,0,0,1,0])]).
interpretation( 8, [number = 33,seconds = 0], [
    function(f(_), [0,0,1,2,1,2,3,3]),
    function(g(_), [0,0,1,1,1,1,0,0]),
    function(h(_), [1,1,0,1,0,1,0,0])]).
interpretation( 8, [number = 34,seconds = 0], [
    function(f(_), [0,0,1,2,2,1,3,3]),
    function(g(_), [0,0,1,1,1,1,0,0]),
    function(h(_), [1,1,0,1,1,0,0,0])]).
interpretation( 8, [number = 35,seconds = 0], [
    function(f(_), [0,0,2,0,1,1,1,3]),
    function(g(_), [0,0,1,0,1,1,1,0]),
    function(h(_), [1,1,1,1,0,0,0,0])]).
interpretation( 8, [number = 36,seconds = 0], [
    function(f(_), [0,0,2,1,0,1,1,3]),
    function(g(_), [0,0,1,1,0,1,1,0]),
    function(h(_), [1,1,1,0,1,0,0,0])]).
interpretation( 8, [number = 37,seconds = 0], [
    function(f(_), [0,0,2,1,1,0,1,3]),
    function(g(_), [0,0,1,1,1,0,1,0]),
    function(h(_), [1,1,1,0,0,1,0,0])]).
interpretation( 8, [number = 38,seconds = 0], [
    function(f(_), [0,0,2,1,1,1,0,3]),
    function(g(_), [0,0,1,1,1,1,0,0]),
    function(h(_), [1,1,1,0,0,0,1,0])]).
interpretation( 8, [number = 39,seconds = 0], [
    function(f(_), [0,0,2,1,1,2,3,3]),
    function(g(_), [0,0,1,1,1,1,0,0]),
    function(h(_), [1,1,1,0,0,1,0,0])]).
interpretation( 8, [number = 40,seconds = 0], [
    function(f(_), [0,0,2,1,2,1,3,3]),
    function(g(_), [0,0,1,1,1,1,0,0]),
    function(h(_), [1,1,1,0,1,0,0,0])]).
interpretation( 8, [number = 41,seconds = 0], [
    function(f(_), [0,0,2,2,1,1,3,3]),
    function(g(_), [0,0,1,1,1,1,0,0]),
    function(h(_), [1,1,1,1,0,0,0,0])]).
interpretation( 8, [number = 42,seconds = 0], [
    function(f(_), [0,1,0,0,0,1,1,1]),
    function(g(_), [0,1,0,0,0,1,1,1]),
    function(h(_), [1,0,1,1,1,0,0,0])]).
interpretation( 8, [number = 43,seconds = 0], [
    function(f(_), [0,1,0,0,1,0,1,1]),
    function(g(_), [0,1,0,0,1,0,1,1]),
    function(h(_), [1,0,1,1,0,1,0,0])]).
interpretation( 8, [number = 44,seconds = 0], [
    function(f(_), [0,1,0,0,1,1,0,1]),
    function(g(_), [0,1,0,0,1,1,0,1]),
    function(h(_), [1,0,1,1,0,0,1,0])]).
interpretation( 8, [number = 45,seconds = 0], [
    function(f(_), [0,1,0,0,1,1,1,0]),
    function(g(_), [0,1,0,0,1,1,1,0]),
    function(h(_), [1,0,1,1,0,0,0,1])]).
interpretation( 8, [number = 46,seconds = 0], [
    function(f(_), [0,1,0,0,1,1,2,3]),
    function(g(_), [0,1,0,0,1,1,1,0]),
    function(h(_), [1,0,1,1,0,0,1,0])]).
interpretation( 8, [number = 47,seconds = 0], [
    function(f(_), [0,1,0,0,1,2,1,3]),
    function(g(_), [0,1,0,0,1,1,1,0]),
    function(h(_), [1,0,1,1,0,1,0,0])]).
interpretation( 8, [number = 48,seconds = 0], [
    function(f(_), [0,1,0,0,2,1,1,3]),
    function(g(_), [0,1,0,0,1,1,1,0]),
    function(h(_), [1,0,1,1,1,0,0,0])]).
interpretation( 8, [number = 49,seconds = 0], [
    function(f(_), [0,1,0,1,0,0,1,1]),
    function(g(_), [0,1,0,1,0,0,1,1]),
    function(h(_), [1,0,1,0,1,1,0,0])]).
interpretation( 8, [number = 50,seconds = 0], [
    function(f(_), [0,1,0,1,0,1,0,1]),
    function(g(_), [0,1,0,1,0,1,0,1]),
    function(h(_), [1,0,1,0,1,0,1,0])]).
interpretation( 8, [number = 51,seconds = 0], [
    function(f(_), [0,1,0,1,0,1,1,0]),
    function(g(_), [0,1,0,1,0,1,1,0]),
    function(h(_), [1,0,1,0,1,0,0,1])]).
interpretation( 8, [number = 52,seconds = 0], [
    function(f(_), [0,1,0,1,0,1,2,3]),
    function(g(_), [0,1,0,1,0,1,1,0]),
    function(h(_), [1,0,1,0,1,0,1,0])]).
interpretation( 8, [number = 53,seconds = 0], [
    function(f(_), [0,1,0,1,0,2,1,3]),
    function(g(_), [0,1,0,1,0,1,1,0]),
    function(h(_), [1,0,1,0,1,1,0,0])]).
interpretation( 8, [number = 54,seconds = 0], [
    function(f(_), [0,1,0,1,1,0,0,1]),
    function(g(_), [0,1,0,1,1,0,0,1]),
    function(h(_), [1,0,1,0,0,1,1,0])]).
interpretation( 8, [number = 55,seconds = 0], [
    function(f(_), [0,1,0,1,1,0,1,0]),
    function(g(_), [0,1,0,1,1,0,1,0]),
    function(h(_), [1,0,1,0,0,1,0,1])]).
interpretation( 8, [number = 56,seconds = 0], [
    function(f(_), [0,1,0,1,1,0,2,3]),
    function(g(_), [0,1,0,1,1,0,1,0]),
    function(h(_), [1,0,1,0,0,1,1,0])]).
interpretation( 8, [number = 57,seconds = 0], [
    function(f(_), [0,1,0,1,1,1,0,0]),
    function(g(_), [0,1,0,1,1,1,0,0]),
    function(h(_), [1,0,1,0,0,0,1,1])]).
interpretation( 8, [number = 58,seconds = 0], [
    function(f(_), [0,1,0,1,1,2,0,3]),
    function(g(_), [0,1,0,1,1,1,0,0]),
    function(h(_), [1,0,1,0,0,1,1,0])]).
interpretation( 8, [number = 59,seconds = 0], [
    function(f(_), [0,1,0,1,2,0,1,3]),
    function(g(_), [0,1,0,1,1,0,1,0]),
    function(h(_), [1,0,1,0,1,1,0,0])]).
interpretation( 8, [number = 60,seconds = 0], [
    function(f(_), [0,1,0,1,2,1,0,3]),
    function(g(_), [0,1,0,1,1,1,0,0]),
    function(h(_), [1,0,1,0,1,0,1,0])]).
interpretation( 8, [number = 61,seconds = 0], [
    function(f(_), [0,1,0,1,2,2,3,3]),
    function(g(_), [0,1,0,1,1,1,0,0]),
    function(h(_), [1,0,1,0,1,1,0,0])]).
interpretation( 8, [number = 62,seconds = 0], [
    function(f(_), [0,1,0,2,0,1,1,3]),
    function(g(_), [0,1,0,1,0,1,1,0]),
    function(h(_), [1,0,1,1,1,0,0,0])]).
interpretation( 8, [number = 63,seconds = 0], [
    function(f(_), [0,1,0,2,1,0,1,3]),
    function(g(_), [0,1,0,1,1,0,1,0]),
    function(h(_), [1,0,1,1,0,1,0,0])]).
interpretation( 8, [number = 64,seconds = 0], [
    function(f(_), [0,1,0,2,1,1,0,3]),
    function(g(_), [0,1,0,1,1,1,0,0]),
    function(h(_), [1,0,1,1,0,0,1,0])]).
interpretation( 8, [number = 65,seconds = 0], [
    function(f(_), [0,1,0,2,1,2,3,3]),
    function(g(_), [0,1,0,1,1,1,0,0]),
    function(h(_), [1,0,1,1,0,1,0,0])]).
interpretation( 8, [number = 66,seconds = 0], [
    function(f(_), [0,1,0,2,2,1,3,3]),
    function(g(_), [0,1,0,1,1,1,0,0]),
    function(h(_), [1,0,1,1,1,0,0,0])]).
interpretation( 8, [number = 67,seconds = 0], [
    function(f(_), [0,1,1,0,0,0,1,1]),
    function(g(_), [0,1,1,0,0,0,1,1]),
    function(h(_), [1,0,0,1,1,1,0,0])]).
interpretation( 8, [number = 68,seconds = 0], [
    function(f(_), [0,1,1,0,0,1,0,1]),
    function(g(_), [0,1,1,0,0,1,0,1]),
    function(h(_), [1,0,0,1,1,0,1,0])]).
interpretation( 8, [number = 69,seconds = 0], [
    function(f(_), [0,1,1,0,0,1,1,0]),
    function(g(_), [0,1,1,0,0,1,1,0]),
    function(h(_), [1,0,0,1,1,0,0,1])]).
interpretation( 8, [number = 70,seconds = 0], [
    function(f(_), [0,1,1,0,0,1,2,3]),
    function(g(_), [0,1,1,0,0,1,1,0]),
    function(h(_), [1,0,0,1,1,0,1,0])]).
interpretation( 8, [number = 71,seconds = 0], [
    function(f(_), [0,1,1,0,0,2,1,3]),
    function(g(_), [0,1,1,0,0,1,1,0]),
    function(h(_), [1,0,0,1,1,1,0,0])]).
interpretation( 8, [number = 72,seconds = 0], [
    function(f(_), [0,1,1,0,1,0,0,1]),
    function(g(_), [0,1,1,0,1,0,0,1]),
    function(h(_), [1,0,0,1,0,1,1,0])]).
interpretation( 8, [number = 73,seconds = 0], [
    function(f(_), [0,1,1,0,1,0,1,0]),
    function(g(_), [0,1,1,0,1,0,1,0]),
    function(h(_), [1,0,0,1,0,1,0,1])]).
interpretation( 8, [number = 74,seconds = 0], [
    function(f(_), [0,1,1,0,1,0,2,3]),
    function(g(_), [0,1,1,0,1,0,1,0]),
    function(h(_), [1,0,0,1,0,1,1,0])]).
interpretation( 8, [number = 75,seconds = 0], [
    function(f(_), [0,1,1,0,1,1,0,0]),
    function(g(_), [0,1,1,0,1,1,0,0]),
    function(h(_), [1,0,0,1,0,0,1,1])]).
interpretation( 8, [number = 76,seconds = 0], [
    function(f(_), [0,1,1,0,1,2,0,3]),
    function(g(_), [0,1,1,0,1,1,0,0]),
    function(h(_), [1,0,0,1,0,1,1,0])]).
interpretation( 8, [number = 77,seconds = 0], [
    function(f(_), [0,1,1,0,2,0,1,3]),
    function(g(_), [0,1,1,0,1,0,1,0]),
    function(h(_), [1,0,0,1,1,1,0,0])]).
interpretation( 8, [number = 78,seconds = 0], [
    function(f(_), [0,1,1,0,2,1,0,3]),
    function(g(_), [0,1,1,0,1,1,0,0]),
    function(h(_), [1,0,0,1,1,0,1,0])]).
interpretation( 8, [number = 79,seconds = 0], [
    function(f(_), [0,1,1,0,2,2,3,3]),
    function(g(_), [0,1,1,0,1,1,0,0]),
    function(h(_), [1,0,0,1,1,1,0,0])]).
interpretation( 8, [number = 80,seconds = 0], [
    function(f(_), [0,1,1,1,0,0,0,1]),
    function(g(_), [0,1,1,1,0,0,0,1]),
    function(h(_), [1,0,0,0,1,1,1,0])]).
interpretation( 8, [number = 81,seconds = 0], [
    function(f(_), [0,1,1,1,0,0,1,0]),
    function(g(_), [0,1,1,1,0,0,1,0]),
    function(h(_), [1,0,0,0,1,1,0,1])]).
interpretation( 8, [number = 82,seconds = 0], [
    function(f(_), [0,1,1,1,0,0,2,3]),
    function(g(_), [0,1,1,1,0,0,1,0]),
    function(h(_), [1,0,0,0,1,1,1,0])]).
interpretation( 8, [number = 83,seconds = 0], [
    function(f(_), [0,1,1,1,0,1,0,0]),
    function(g(_), [0,1,1,1,0,1,0,0]),
    function(h(_), [1,0,0,0,1,0,1,1])]).
interpretation( 8, [number = 84,seconds = 0], [
    function(f(_), [0,1,1,1,0,2,0,3]),
    function(g(_), [0,1,1,1,0,1,0,0]),
    function(h(_), [1,0,0,0,1,1,1,0])]).
interpretation( 8, [number = 85,seconds = 0], [
    function(f(_), [0,1,1,1,1,0,0,0]),
    function(g(_), [0,1,1,1,1,0,0,0]),
    function(h(_), [1,0,0,0,0,1,1,1])]).
interpretation( 8, [number = 86,seconds = 0], [
    function(f(_), [0,1,1,1,2,0,0,3]),
    function(g(_), [0,1,1,1,1,0,0,0]),
    function(h(_), [1,0,0,0,1,1,1,0])]).
interpretation( 8, [number = 87,seconds = 0], [
    function(f(_), [0,1,1,2,0,0,1,3]),
    function(g(_), [0,1,1,1,0,0,1,0]),
    function(h(_), [1,0,0,1,1,1,0,0])]).
interpretation( 8, [number = 88,seconds = 0], [
    function(f(_), [0,1,1,2,0,1,0,3]),
    function(g(_), [0,1,1,1,0,1,0,0]),
    function(h(_), [1,0,0,1,1,0,1,0])]).
interpretation( 8, [number = 89,seconds = 0], [
    function(f(_), [0,1,1,2,0,2,3,3]),
    function(g(_), [0,1,1,1,0,1,0,0]),
    function(h(_), [1,0,0,1,1,1,0,0])]).
interpretation( 8, [number = 90,seconds = 0], [
    function(f(_), [0,1,1,2,1,0,0,3]),
    function(g(_), [0,1,1,1,1,0,0,0]),
    function(h(_), [1,0,0,1,0,1,1,0])]).
interpretation( 8, [number = 91,seconds = 0], [
    function(f(_), [0,1,1,2,2,0,3,3]),
    function(g(_), [0,1,1,1,1,0,0,0]),
    function(h(_), [1,0,0,1,1,1,0,0])]).
interpretation( 8, [number = 92,seconds = 0], [
    function(f(_), [0,1,2,0,0,1,1,3]),
    function(g(_), [0,1,1,0,0,1,1,0]),
    function(h(_), [1,0,1,1,1,0,0,0])]).
interpretation( 8, [number = 93,seconds = 0], [
    function(f(_), [0,1,2,0,1,0,1,3]),
    function(g(_), [0,1,1,0,1,0,1,0]),
    function(h(_), [1,0,1,1,0,1,0,0])]).
interpretation( 8, [number = 94,seconds = 0], [
    function(f(_), [0,1,2,0,1,1,0,3]),
    function(g(_), [0,1,1,0,1,1,0,0]),
    function(h(_), [1,0,1,1,0,0,1,0])]).
interpretation( 8, [number = 95,seconds = 0], [
    function(f(_), [0,1,2,0,1,2,3,3]),
    function(g(_), [0,1,1,0,1,1,0,0]),
    function(h(_), [1,0,1,1,0,1,0,0])]).
interpretation( 8, [number = 96,seconds = 0], [
    function(f(_), [0,1,2,0,2,1,3,3]),
    function(g(_), [0,1,1,0,1,1,0,0]),
    function(h(_), [1,0,1,1,1,0,0,0])]).
interpretation( 8, [number = 97,seconds = 0], [
    function(f(_), [0,1,2,1,0,0,1,3]),
    function(g(_), [0,1,1,1,0,0,1,0]),
    function(h(_), [1,0,1,0,1,1,0,0])]).
interpretation( 8, [number = 98,seconds = 0], [
    function(f(_), [0,1,2,1,0,1,0,3]),
    function(g(_), [0,1,1,1,0,1,0,0]),
    function(h(_), [1,0,1,0,1,0,1,0])]).
interpretation( 8, [number = 99,seconds = 0], [
    function(f(_), [0,1,2,1,0,2,3,3]),
    function(g(_), [0,1,1,1,0,1,0,0]),
    function(h(_), [1,0,1,0,1,1,0,0])]).
interpretation( 8, [number = 100,seconds = 0], [
    function(f(_), [0,1,2,1,1,0,0,3]),
    function(g(_), [0,1,1,1,1,0,0,0]),
    function(h(_), [1,0,1,0,0,1,1,0])]).
interpretation( 8, [number = 101,seconds = 0], [
    function(f(_), [0,1,2,1,2,0,3,3]),
    function(g(_), [0,1,1,1,1,0,0,0]),
    function(h(_), [1,0,1,0,1,1,0,0])]).
interpretation( 8, [number = 102,seconds = 0], [
    function(f(_), [0,1,2,2,0,1,3,3]),
    function(g(_), [0,1,1,1,0,1,0,0]),
    function(h(_), [1,0,1,1,1,0,0,0])]).
interpretation( 8, [number = 103,seconds = 0], [
    function(f(_), [0,1,2,2,1,0,3,3]),
    function(g(_), [0,1,1,1,1,0,0,0]),
    function(h(_), [1,0,1,1,0,1,0,0])]).
interpretation( 8, [number = 104,seconds = 0], [
    function(f(_), [0,1,2,2,2,3,3,3]),
    function(g(_), [0,1,1,1,1,0,0,0]),
    function(h(_), [1,0,1,1,1,0,0,0])]).
interpretation( 8, [number = 105,seconds = 0], [
    function(f(_), [0,2,0,0,1,1,1,3]),
    function(g(_), [0,1,0,0,1,1,1,0]),
    function(h(_), [1,1,1,1,0,0,0,0])]).
interpretation( 8, [number = 106,seconds = 0], [
    function(f(_), [0,2,0,1,0,1,1,3]),
    function(g(_), [0,1,0,1,0,1,1,0]),
    function(h(_), [1,1,1,0,1,0,0,0])]).
interpretation( 8, [number = 107,seconds = 0], [
    function(f(_), [0,2,0,1,1,0,1,3]),
    function(g(_), [0,1,0,1,1,0,1,0]),
    function(h(_), [1,1,1,0,0,1,0,0])]).
interpretation( 8, [number = 108,seconds = 0], [
    function(f(_), [0,2,0,1,1,1,0,3]),
    function(g(_), [0,1,0,1,1,1,0,0]),
    function(h(_), [1,1,1,0,0,0,1,0])]).
interpretation( 8, [number = 109,seconds = 0], [
    function(f(_), [0,2,0,1,1,2,3,3]),
    function(g(_), [0,1,0,1,1,1,0,0]),
    function(h(_), [1,1,1,0,0,1,0,0])]).
interpretation( 8, [number = 110,seconds = 0], [
    function(f(_), [0,2,0,1,2,1,3,3]),
    function(g(_), [0,1,0,1,1,1,0,0]),
    function(h(_), [1,1,1,0,1,0,0,0])]).
interpretation( 8, [number = 111,seconds = 0], [
    function(f(_), [0,2,0,2,1,1,3,3]),
    function(g(_), [0,1,0,1,1,1,0,0]),
    function(h(_), [1,1,1,1,0,0,0,0])]).
interpretation( 8, [number = 112,seconds = 0], [
    function(f(_), [0,2,1,0,0,1,1,3]),
    function(g(_), [0,1,1,0,0,1,1,0]),
    function(h(_), [1,1,0,1,1,0,0,0])]).
interpretation( 8, [number = 113,seconds = 0], [
    function(f(_), [0,2,1,0,1,0,1,3]),
    function(g(_), [0,1,1,0,1,0,1,0]),
    function(h(_), [1,1,0,1,0,1,0,0])]).
interpretation( 8, [number = 114,seconds = 0], [
    function(f(_), [0,2,1,0,1,1,0,3]),
    function(g(_), [0,1,1,0,1,1,0,0]),
    function(h(_), [1,1,0,1,0,0,1,0])]).
interpretation( 8, [number = 115,seconds = 0], [
    function(f(_), [0,2,1,0,1,2,3,3]),
    function(g(_), [0,1,1,0,1,1,0,0]),
    function(h(_), [1,1,0,1,0,1,0,0])]).
interpretation( 8, [number = 116,seconds = 0], [
    function(f(_), [0,2,1,0,2,1,3,3]),
    function(g(_), [0,1,1,0,1,1,0,0]),
    function(h(_), [1,1,0,1,1,0,0,0])]).
interpretation( 8, [number = 117,seconds = 0], [
    function(f(_), [0,2,1,1,0,0,1,3]),
    function(g(_), [0,1,1,1,0,0,1,0]),
    function(h(_), [1,1,0,0,1,1,0,0])]).
interpretation( 8, [number = 118,seconds = 0], [
    function(f(_), [0,2,1,1,0,1,0,3]),
    function(g(_), [0,1,1,1,0,1,0,0]),
    function(h(_), [1,1,0,0,1,0,1,0])]).
interpretation( 8, [number = 119,seconds = 0], [
    function(f(_), [0,2,1,1,0,2,3,3]),
    function(g(_), [0,1,1,1,0,1,0,0]),
    function(h(_), [1,1,0,0,1,1,0,0])]).
interpretation( 8, [number = 120,seconds = 0], [
    function(f(_), [0,2,1,1,1,0,0,3]),
    function(g(_), [0,1,1,1,1,0,0,0]),
    function(h(_), [1,1,0,0,0,1,1,0])]).
interpretation( 8, [number = 121,seconds = 0], [
    function(f(_), [0,2,1,1,2,0,3,3]),
    function(g(_), [0,1,1,1,1,0,0,0]),
    function(h(_), [1,1,0,0,1,1,0,0])]).
interpretation( 8, [number = 122,seconds = 0], [
    function(f(_), [0,2,1,2,0,1,3,3]),
    function(g(_), [0,1,1,1,0,1,0,0]),
    function(h(_), [1,1,0,1,1,0,0,0])]).
interpretation( 8, [number = 123,seconds = 0], [
    function(f(_), [0,2,1,2,1,0,3,3]),
    function(g(_), [0,1,1,1,1,0,0,0]),
    function(h(_), [1,1,0,1,0,1,0,0])]).
interpretation( 8, [number = 124,seconds = 0], [
    function(f(_), [0,2,1,2,2,3,3,3]),
    function(g(_), [0,1,1,1,1,0,0,0]),
    function(h(_), [1,1,0,1,1,0,0,0])]).
interpretation( 8, [number = 125,seconds = 0], [
    function(f(_), [0,2,2,0,1,1,3,3]),
    function(g(_), [0,1,1,0,1,1,0,0]),
    function(h(_), [1,1,1,1,0,0,0,0])]).
interpretation( 8, [number = 126,seconds = 0], [
    function(f(_), [0,2,2,1,0,1,3,3]),
    function(g(_), [0,1,1,1,0,1,0,0]),
    function(h(_), [1,1,1,0,1,0,0,0])]).
interpretation( 8, [number = 127,seconds = 0], [
    function(f(_), [0,2,2,1,1,0,3,3]),
    function(g(_), [0,1,1,1,1,0,0,0]),
    function(h(_), [1,1,1,0,0,1,0,0])]).
interpretation( 8, [number = 128,seconds = 0], [
    function(f(_), [0,2,2,1,2,3,3,3]),
    function(g(_), [0,1,1,1,1,0,0,0]),
    function(h(_), [1,1,1,0,1,0,0,0])]).
interpretation( 8, [number = 129,seconds = 0], [
    function(f(_), [0,2,2,2,1,3,3,3]),
    function(g(_), [0,1,1,1,1,0,0,0]),
    function(h(_), [1,1,1,1,0,0,0,0])]).
interpretation( 8, [number = 130,seconds = 0], [
    function(f(_), [1,0,0,0,0,1,1,1]),
    function(g(_), [1,0,0,0,0,1,1,1]),
    function(h(_), [0,1,1,1,1,0,0,0])]).
interpretation( 8, [number = 131,seconds = 0], [
    function(f(_), [1,0,0,0,1,0,1,1]),
    function(g(_), [1,0,0,0,1,0,1,1]),
    function(h(_), [0,1,1,1,0,1,0,0])]).
interpretation( 8, [number = 132,seconds = 0], [
    function(f(_), [1,0,0,0,1,1,0,1]),
    function(g(_), [1,0,0,0,1,1,0,1]),
    function(h(_), [0,1,1,1,0,0,1,0])]).
interpretation( 8, [number = 133,seconds = 0], [
    function(f(_), [1,0,0,0,1,1,1,0]),
    function(g(_), [1,0,0,0,1,1,1,0]),
    function(h(_), [0,1,1,1,0,0,0,1])]).
interpretation( 8, [number = 134,seconds = 0], [
    function(f(_), [1,0,0,0,1,1,2,3]),
    function(g(_), [1,0,0,0,1,1,1,0]),
    function(h(_), [0,1,1,1,0,0,1,0])]).
interpretation( 8, [number = 135,seconds = 0], [
    function(f(_), [1,0,0,0,1,2,1,3]),
    function(g(_), [1,0,0,0,1,1,1,0]),
    function(h(_), [0,1,1,1,0,1,0,0])]).
interpretation( 8, [number = 136,seconds = 0], [
    function(f(_), [1,0,0,0,2,1,1,3]),
    function(g(_), [1,0,0,0,1,1,1,0]),
    function(h(_), [0,1,1,1,1,0,0,0])]).
interpretation( 8, [number = 137,seconds = 0], [
    function(f(_), [1,0,0,1,0,0,1,1]),
    function(g(_), [1,0,0,1,0,0,1,1]),
    function(h(_), [0,1,1,0,1,1,0,0])]).
interpretation( 8, [number = 138,seconds = 0], [
    function(f(_), [1,0,0,1,0,1,0,1]),
    function(g(_), [1,0,0,1,0,1,0,1]),
    function(h(_), [0,1,1,0,1,0,1,0])]).
interpretation( 8, [number = 139,seconds = 0], [
    function(f(_), [1,0,0,1,0,1,1,0]),
    function(g(_), [1,0,0,1,0,1,1,0]),
    function(h(_), [0,1,1,0,1,0,0,1])]).
interpretation( 8, [number = 140,seconds = 0], [
    function(f(_), [1,0,0,1,0,1,2,3]),
    function(g(_), [1,0,0,1,0,1,1,0]),
    function(h(_), [0,1,1,0,1,0,1,0])]).
interpretation( 8, [number = 141,seconds = 0], [
    function(f(_), [1,0,0,1,0,2,1,3]),
    function(g(_), [1,0,0,1,0,1,1,0]),
    function(h(_), [0,1,1,0,1,1,0,0])]).
interpretation( 8, [number = 142,seconds = 0], [
    function(f(_), [1,0,0,1,1,0,0,1]),
    function(g(_), [1,0,0,1,1,0,0,1]),
    function(h(_), [0,1,1,0,0,1,1,0])]).
interpretation( 8, [number = 143,seconds = 0], [
    function(f(_), [1,0,0,1,1,0,1,0]),
    function(g(_), [1,0,0,1,1,0,1,0]),
    function(h(_), [0,1,1,0,0,1,0,1])]).
interpretation( 8, [number = 144,seconds = 0], [
    function(f(_), [1,0,0,1,1,0,2,3]),
    function(g(_), [1,0,0,1,1,0,1,0]),
    function(h(_), [0,1,1,0,0,1,1,0])]).
interpretation( 8, [number = 145,seconds = 0], [
    function(f(_), [1,0,0,1,1,1,0,0]),
    function(g(_), [1,0,0,1,1,1,0,0]),
    function(h(_), [0,1,1,0,0,0,1,1])]).
interpretation( 8, [number = 146,seconds = 0], [
    function(f(_), [1,0,0,1,1,2,0,3]),
    function(g(_), [1,0,0,1,1,1,0,0]),
    function(h(_), [0,1,1,0,0,1,1,0])]).
interpretation( 8, [number = 147,seconds = 0], [
    function(f(_), [1,0,0,1,2,0,1,3]),
    function(g(_), [1,0,0,1,1,0,1,0]),
    function(h(_), [0,1,1,0,1,1,0,0])]).
interpretation( 8, [number = 148,seconds = 0], [
    function(f(_), [1,0,0,1,2,1,0,3]),
    function(g(_), [1,0,0,1,1,1,0,0]),
    function(h(_), [0,1,1,0,1,0,1,0])]).
interpretation( 8, [number = 149,seconds = 0], [
    function(f(_), [1,0,0,1,2,2,3,3]),
    function(g(_), [1,0,0,1,1,1,0,0]),
    function(h(_), [0,1,1,0,1,1,0,0])]).
interpretation( 8, [number = 150,seconds = 0], [
    function(f(_), [1,0,0,2,0,1,1,3]),
    function(g(_), [1,0,0,1,0,1,1,0]),
    function(h(_), [0,1,1,1,1,0,0,0])]).
interpretation( 8, [number = 151,seconds = 0], [
    function(f(_), [1,0,0,2,1,0,1,3]),
    function(g(_), [1,0,0,1,1,0,1,0]),
    function(h(_), [0,1,1,1,0,1,0,0])]).
interpretation( 8, [number = 152,seconds = 0], [
    function(f(_), [1,0,0,2,1,1,0,3]),
    function(g(_), [1,0,0,1,1,1,0,0]),
    function(h(_), [0,1,1,1,0,0,1,0])]).
interpretation( 8, [number = 153,seconds = 0], [
    function(f(_), [1,0,0,2,1,2,3,3]),
    function(g(_), [1,0,0,1,1,1,0,0]),
    function(h(_), [0,1,1,1,0,1,0,0])]).
interpretation( 8, [number = 154,seconds = 0], [
    function(f(_), [1,0,0,2,2,1,3,3]),
    function(g(_), [1,0,0,1,1,1,0,0]),
    function(h(_), [0,1,1,1,1,0,0,0])]).
interpretation( 8, [number = 155,seconds = 0], [
    function(f(_), [1,0,1,0,0,0,1,1]),
    function(g(_), [1,0,1,0,0,0,1,1]),
    function(h(_), [0,1,0,1,1,1,0,0])]).
interpretation( 8, [number = 156,seconds = 0], [
    function(f(_), [1,0,1,0,0,1,0,1]),
    function(g(_), [1,0,1,0,0,1,0,1]),
    function(h(_), [0,1,0,1,1,0,1,0])]).
interpretation( 8, [number = 157,seconds = 0], [
    function(f(_), [1,0,1,0,0,1,1,0]),
    function(g(_), [1,0,1,0,0,1,1,0]),
    function(h(_), [0,1,0,1,1,0,0,1])]).
interpretation( 8, [number = 158,seconds = 0], [
    function(f(_), [1,0,1,0,0,1,2,3]),
    function(g(_), [1,0,1,0,0,1,1,0]),
    function(h(_), [0,1,0,1,1,0,1,0])]).
interpretation( 8, [number = 159,seconds = 0], [
    function(f(_), [1,0,1,0,0,2,1,3]),
    function(g(_), [1,0,1,0,0,1,1,0]),
    function(h(_), [0,1,0,1,1,1,0,0])]).
interpretation( 8, [number = 160,seconds = 0], [
    function(f(_), [1,0,1,0,1,0,0,1]),
    function(g(_), [1,0,1,0,1,0,0,1]),
    function(h(_), [0,1,0,1,0,1,1,0])]).
interpretation( 8, [number = 161,seconds = 0], [
    function(f(_), [1,0,1,0,1,0,1,0]),
    function(g(_), [1,0,1,0,1,0,1,0]),
    function(h(_), [0,1,0,1,0,1,0,1])]).
interpretation( 8, [number = 162,seconds = 0], [
    function(f(_), [1,0,1,0,1,0,2,3]),
    function(g(_), [1,0,1,0,1,0,1,0]),
    function(h(_), [0,1,0,1,0,1,1,0])]).
interpretation( 8, [number = 163,seconds = 0], [
    function(f(_), [1,0,1,0,1,1,0,0]),
    function(g(_), [1,0,1,0,1,1,0,0]),
    function(h(_), [0,1,0,1,0,0,1,1])]).
interpretation( 8, [number = 164,seconds = 0], [
    function(f(_), [1,0,1,0,1,2,0,3]),
    function(g(_), [1,0,1,0,1,1,0,0]),
    function(h(_), [0,1,0,1,0,1,1,0])]).
interpretation( 8, [number = 165,seconds = 0], [
    function(f(_), [1,0,1,0,2,0,1,3]),
    function(g(_), [1,0,1,0,1,0,1,0]),
    function(h(_), [0,1,0,1,1,1,0,0])]).
interpretation( 8, [number = 166,seconds = 0], [
    function(f(_), [1,0,1,0,2,1,0,3]),
    function(g(_), [1,0,1,0,1,1,0,0]),
    function(h(_), [0,1,0,1,1,0,1,0])]).
interpretation( 8, [number = 167,seconds = 0], [
    function(f(_), [1,0,1,0,2,2,3,3]),
    function(g(_), [1,0,1,0,1,1,0,0]),
    function(h(_), [0,1,0,1,1,1,0,0])]).
interpretation( 8, [number = 168,seconds = 0], [
    function(f(_), [1,0,1,1,0,0,0,1]),
    function(g(_), [1,0,1,1,0,0,0,1]),
    function(h(_), [0,1,0,0,1,1,1,0])]).
interpretation( 8, [number = 169,seconds = 0], [
    function(f(_), [1,0,1,1,0,0,1,0]),
    function(g(_), [1,0,1,1,0,0,1,0]),
    function(h(_), [0,1,0,0,1,1,0,1])]).
interpretation( 8, [number = 170,seconds = 0], [
    function(f(_), [1,0,1,1,0,0,2,3]),
    function(g(_), [1,0,1,1,0,0,1,0]),
    function(h(_), [0,1,0,0,1,1,1,0])]).
interpretation( 8, [number = 171,seconds = 0], [
    function(f(_), [1,0,1,1,0,1,0,0]),
    function(g(_), [1,0,1,1,0,1,0,0]),
    function(h(_), [0,1,0,0,1,0,1,1])]).
interpretation( 8, [number = 172,seconds = 0], [
    function(f(_), [1,0,1,1,0,2,0,3]),
    function(g(_), [1,0,1,1,0,1,0,0]),
    function(h(_), [0,1,0,0,1,1,1,0])]).
interpretation( 8, [number = 173,seconds = 0], [
    function(f(_), [1,0,1,1,1,0,0,0]),
    function(g(_), [1,0,1,1,1,0,0,0]),
    function(h(_), [0,1,0,0,0,1,1,1])]).
interpretation( 8, [number = 174,seconds = 0], [
    function(f(_), [1,0,1,1,2,0,0,3]),
    function(g(_), [1,0,1,1,1,0,0,0]),
    function(h(_), [0,1,0,0,1,1,1,0])]).
interpretation( 8, [number = 175,seconds = 0], [
    function(f(_), [1,0,1,2,0,0,1,3]),
    function(g(_), [1,0,1,1,0,0,1,0]),
    function(h(_), [0,1,0,1,1,1,0,0])]).
interpretation( 8, [number = 176,seconds = 0], [
    function(f(_), [1,0,1,2,0,1,0,3]),
    function(g(_), [1,0,1,1,0,1,0,0]),
    function(h(_), [0,1,0,1,1,0,1,0])]).
interpretation( 8, [number = 177,seconds = 0], [
    function(f(_), [1,0,1,2,0,2,3,3]),
    function(g(_), [1,0,1,1,0,1,0,0]),
    function(h(_), [0,1,0,1,1,1,0,0])]).
interpretation( 8, [number = 178,seconds = 0], [
    function(f(_), [1,0,1,2,1,0,0,3]),
    function(g(_), [1,0,1,1,1,0,0,0]),
    function(h(_), [0,1,0,1,0,1,1,0])]).
interpretation( 8, [number = 179,seconds = 0], [
    function(f(_), [1,0,1,2,2,0,3,3]),
    function(g(_), [1,0,1,1,1,0,0,0]),
    function(h(_), [0,1,0,1,1,1,0,0])]).
interpretation( 8, [number = 180,seconds = 0], [
    function(f(_), [1,0,2,0,0,1,1,3]),
    function(g(_), [1,0,1,0,0,1,1,0]),
    function(h(_), [0,1,1,1,1,0,0,0])]).
interpretation( 8, [number = 181,seconds = 0], [
    function(f(_), [1,0,2,0,1,0,1,3]),
    function(g(_), [1,0,1,0,1,0,1,0]),
    function(h(_), [0,1,1,1,0,1,0,0])]).
interpretation( 8, [number = 182,seconds = 0], [
    function(f(_), [1,0,2,0,1,1,0,3]),
    function(g(_), [1,0,1,0,1,1,0,0]),
    function(h(_), [0,1,1,1,0,0,1,0])]).
interpretation( 8, [number = 183,seconds = 0], [
    function(f(_), [1,0,2,0,1,2,3,3]),
    function(g(_), [1,0,1,0,1,1,0,0]),
    function(h(_), [0,1,1,1,0,1,0,0])]).
interpretation( 8, [number = 184,seconds = 0], [
    function(f(_), [1,0,2,0,2,1,3,3]),
    function(g(_), [1,0,1,0,1,1,0,0]),
    function(h(_), [0,1,1,1,1,0,0,0])]).
interpretation( 8, [number = 185,seconds = 0], [
    function(f(_), [1,0,2,1,0,0,1,3]),
    function(g(_), [1,0,1,1,0,0,1,0]),
    function(h(_), [0,1,1,0,1,1,0,0])]).
interpretation( 8, [number = 186,seconds = 0], [
    function(f(_), [1,0,2,1,0,1,0,3]),
    function(g(_), [1,0,1,1,0,1,0,0]),
    function(h(_), [0,1,1,0,1,0,1,0])]).
interpretation( 8, [number = 187,seconds = 0], [
    function(f(_), [1,0,2,1,0,2,3,3]),
    function(g(_), [1,0,1,1,0,1,0,0]),
    function(h(_), [0,1,1,0,1,1,0,0])]).
interpretation( 8, [number = 188,seconds = 0], [
    function(f(_), [1,0,2,1,1,0,0,3]),
    function(g(_), [1,0,1,1,1,0,0,0]),
    function(h(_), [0,1,1,0,0,1,1,0])]).
interpretation( 8, [number = 189,seconds = 0], [
    function(f(_), [1,0,2,1,2,0,3,3]),
    function(g(_), [1,0,1,1,1,0,0,0]),
    function(h(_), [0,1,1,0,1,1,0,0])]).
interpretation( 8, [number = 190,seconds = 0], [
    function(f(_), [1,0,2,2,0,1,3,3]),
    function(g(_), [1,0,1,1,0,1,0,0]),
    function(h(_), [0,1,1,1,1,0,0,0])]).
interpretation( 8, [number = 191,seconds = 0], [
    function(f(_), [1,0,2,2,1,0,3,3]),
    function(g(_), [1,0,1,1,1,0,0,0]),
    function(h(_), [0,1,1,1,0,1,0,0])]).
interpretation( 8, [number = 192,seconds = 0], [
    function(f(_), [1,0,2,2,2,3,3,3]),
    function(g(_), [1,0,1,1,1,0,0,0]),
    function(h(_), [0,1,1,1,1,0,0,0])]).
interpretation( 8, [number = 193,seconds = 0], [
    function(f(_), [1,1,0,0,0,0,1,1]),
    function(g(_), [1,1,0,0,0,0,1,1]),
    function(h(_), [0,0,1,1,1,1,0,0])]).
interpretation( 8, [number = 194,seconds = 0], [
    function(f(_), [1,1,0,0,0,1,0,1]),
    function(g(_), [1,1,0,0,0,1,0,1]),
    function(h(_), [0,0,1,1,1,0,1,0])]).
interpretation( 8, [number = 195,seconds = 0], [
    function(f(_), [1,1,0,0,0,1,1,0]),
    function(g(_), [1,1,0,0,0,1,1,0]),
    function(h(_), [0,0,1,1,1,0,0,1])]).
interpretation( 8, [number = 196,seconds = 0], [
    function(f(_), [1,1,0,0,0,1,2,3]),
    function(g(_), [1,1,0,0,0,1,1,0]),
    function(h(_), [0,0,1,1,1,0,1,0])]).
interpretation( 8, [number = 197,seconds = 0], [
    function(f(_), [1,1,0,0,0,2,1,3]),
    function(g(_), [1,1,0,0,0,1,1,0]),
    function(h(_), [0,0,1,1,1,1,0,0])]).
interpretation( 8, [number = 198,seconds = 0], [
    function(f(_), [1,1,0,0,1,0,0,1]),
    function(g(_), [1,1,0,0,1,0,0,1]),
    function(h(_), [0,0,1,1,0,1,1,0])]).
interpretation( 8, [number = 199,seconds = 0], [
    function(f(_), [1,1,0,0,1,0,1,0]),
    function(g(_), [1,1,0,0,1,0,1,0]),
    function(h(_), [0,0,1,1,0,1,0,1])]).
interpretation( 8, [number = 200,seconds = 0], [
    function(f(_), [1,1,0,0,1,0,2,3]),
    function(g(_), [1,1,0,0,1,0,1,0]),
    function(h(_), [0,0,1,1,0,1,1,0])]).
interpretation( 8, [number = 201,seconds = 0], [
    function(f(_), [1,1,0,0,1,1,0,0]),
    function(g(_), [1,1,0,0,1,1,0,0]),
    function(h(_), [0,0,1,1,0,0,1,1])]).
interpretation( 8, [number = 202,seconds = 0], [
    function(f(_), [1,1,0,0,1,2,0,3]),
    function(g(_), [1,1,0,0,1,1,0,0]),
    function(h(_), [0,0,1,1,0,1,1,0])]).
interpretation( 8, [number = 203,seconds = 0], [
    function(f(_), [1,1,0,0,2,0,1,3]),
    function(g(_), [1,1,0,0,1,0,1,0]),
    function(h(_), [0,0,1,1,1,1,0,0])]).
interpretation( 8, [number = 204,seconds = 0], [
    function(f(_), [1,1,0,0,2,1,0,3]),
    function(g(_), [1,1,0,0,1,1,0,0]),
    function(h(_), [0,0,1,1,1,0,1,0])]).
interpretation( 8, [number = 205,seconds = 0], [
    function(f(_), [1,1,0,0,2,2,3,3]),
    function(g(_), [1,1,0,0,1,1,0,0]),
    function(h(_), [0,0,1,1,1,1,0,0])]).
interpretation( 8, [number = 206,seconds = 0], [
    function(f(_), [1,1,0,1,0,0,0,1]),
    function(g(_), [1,1,0,1,0,0,0,1]),
    function(h(_), [0,0,1,0,1,1,1,0])]).
interpretation( 8, [number = 207,seconds = 0], [
    function(f(_), [1,1,0,1,0,0,1,0]),
    function(g(_), [1,1,0,1,0,0,1,0]),
    function(h(_), [0,0,1,0,1,1,0,1])]).
interpretation( 8, [number = 208,seconds = 0], [
    function(f(_), [1,1,0,1,0,0,2,3]),
    function(g(_), [1,1,0,1,0,0,1,0]),
    function(h(_), [0,0,1,0,1,1,1,0])]).
interpretation( 8, [number = 209,seconds = 0], [
    function(f(_), [1,1,0,1,0,1,0,0]),
    function(g(_), [1,1,0,1,0,1,0,0]),
    function(h(_), [0,0,1,0,1,0,1,1])]).
interpretation( 8, [number = 210,seconds = 0], [
    function(f(_), [1,1,0,1,0,2,0,3]),
    function(g(_), [1,1,0,1,0,1,0,0]),
    function(h(_), [0,0,1,0,1,1,1,0])]).
interpretation( 8, [number = 211,seconds = 0], [
    function(f(_), [1,1,0,1,1,0,0,0]),
    function(g(_), [1,1,0,1,1,0,0,0]),
    function(h(_), [0,0,1,0,0,1,1,1])]).
interpretation( 8, [number = 212,seconds = 0], [
    function(f(_), [1,1,0,1,2,0,0,3]),
    function(g(_), [1,1,0,1,1,0,0,0]),
    function(h(_), [0,0,1,0,1,1,1,0])]).
interpretation( 8, [number = 213,seconds = 0], [
    function(f(_), [1,1,0,2,0,0,1,3]),
    function(g(_), [1,1,0,1,0,0,1,0]),
    function(h(_), [0,0,1,1,1,1,0,0])]).
interpretation( 8, [number = 214,seconds = 0], [
    function(f(_), [1,1,0,2,0,1,0,3]),
    function(g(_), [1,1,0,1,0,1,0,0]),
    function(h(_), [0,0,1,1,1,0,1,0])]).
interpretation( 8, [number = 215,seconds = 0], [
    function(f(_), [1,1,0,2,0,2,3,3]),
    function(g(_), [1,1,0,1,0,1,0,0]),
    function(h(_), [0,0,1,1,1,1,0,0])]).
interpretation( 8, [number = 216,seconds = 0], [
    function(f(_), [1,1,0,2,1,0,0,3]),
    function(g(_), [1,1,0,1,1,0,0,0]),
    function(h(_), [0,0,1,1,0,1,1,0])]).
interpretation( 8, [number = 217,seconds = 0], [
    function(f(_), [1,1,0,2,2,0,3,3]),
    function(g(_), [1,1,0,1,1,0,0,0]),
    function(h(_), [0,0,1,1,1,1,0,0])]).
interpretation( 8, [number = 218,seconds = 0], [
    function(f(_), [1,1,1,0,0,0,0,1]),
    function(g(_), [1,1,1,0,0,0,0,1]),
    function(h(_), [0,0,0,1,1,1,1,0])]).
interpretation( 8, [number = 219,seconds = 0], [
    function(f(_), [1,1,1,0,0,0,1,0]),
    function(g(_), [1,1,1,0,0,0,1,0]),
    function(h(_), [0,0,0,1,1,1,0,1])]).
interpretation( 8, [number = 220,seconds = 0], [
    function(f(_), [1,1,1,0,0,0,2,3]),
    function(g(_), [1,1,1,0,0,0,1,0]),
    function(h(_), [0,0,0,1,1,1,1,0])]).
interpretation( 8, [number = 221,seconds = 0], [
    function(f(_), [1,1,1,0,0,1,0,0]),
    function(g(_), [1,1,1,0,0,1,0,0]),
    function(h(_), [0,0,0,1,1,0,1,1])]).
interpretation( 8, [number = 222,seconds = 0], [
    function(f(_), [1,1,1,0,0,2,0,3]),
    function(g(_), [1,1,1,0,0,1,0,0]),
    function(h(_), [0,0,0,1,1,1,1,0])]).
interpretation( 8, [number = 223,seconds = 0], [
    function(f(_), [1,1,1,0,1,0,0,0]),
    function(g(_), [1,1,1,0,1,0,0,0]),
    function(h(_), [0,0,0,1,0,1,1,1])]).
interpretation( 8, [number = 224,seconds = 0], [
    function(f(_), [1,1,1,0,2,0,0,3]),
    function(g(_), [1,1,1,0,1,0,0,0]),
    function(h(_), [0,0,0,1,1,1,1,0])]).
interpretation( 8, [number = 225,seconds = 0], [
    function(f(_), [1,1,1,1,0,0,0,0]),
    function(g(_), [1,1,1,1,0,0,0,0]),
    function(h(_), [0,0,0,0,1,1,1,1])]).
interpretation( 8, [number = 226,seconds = 0], [
    function(f(_), [1,1,1,2,0,0,0,3]),
    function(g(_), [1,1,1,1,0,0,0,0]),
    function(h(_), [0,0,0,1,1,1,1,0])]).
interpretation( 8, [number = 227,seconds = 0], [
    function(f(_), [1,1,2,0,0,0,1,3]),
    function(g(_), [1,1,1,0,0,0,1,0]),
    function(h(_), [0,0,1,1,1,1,0,0])]).
interpretation( 8, [number = 228,seconds = 0], [
    function(f(_), [1,1,2,0,0,1,0,3]),
    function(g(_), [1,1,1,0,0,1,0,0]),
    function(h(_), [0,0,1,1,1,0,1,0])]).
interpretation( 8, [number = 229,seconds = 0], [
    function(f(_), [1,1,2,0,0,2,3,3]),
    function(g(_), [1,1,1,0,0,1,0,0]),
    function(h(_), [0,0,1,1,1,1,0,0])]).
interpretation( 8, [number = 230,seconds = 0], [
    function(f(_), [1,1,2,0,1,0,0,3]),
    function(g(_), [1,1,1,0,1,0,0,0]),
    function(h(_), [0,0,1,1,0,1,1,0])]).
interpretation( 8, [number = 231,seconds = 0], [
    function(f(_), [1,1,2,0,2,0,3,3]),
    function(g(_), [1,1,1,0,1,0,0,0]),
    function(h(_), [0,0,1,1,1,1,0,0])]).
interpretation( 8, [number = 232,seconds = 0], [
    function(f(_), [1,1,2,1,0,0,0,3]),
    function(g(_), [1,1,1,1,0,0,0,0]),
    function(h(_), [0,0,1,0,1,1,1,0])]).
interpretation( 8, [number = 233,seconds = 0], [
    function(f(_), [1,1,2,2,0,0,3,3]),
    function(g(_), [1,1,1,1,0,0,0,0]),
    function(h(_), [0,0,1,1,1,1,0,0])]).
interpretation( 8, [number = 234,seconds = 0], [
    function(f(_), [1,2,0,0,0,1,1,3]),
    function(g(_), [1,1,0,0,0,1,1,0]),
    function(h(_), [0,1,1,1,1,0,0,0])]).
interpretation( 8, [number = 235,seconds = 0], [
    function(f(_), [1,2,0,0,1,0,1,3]),
    function(g(_), [1,1,0,0,1,0,1,0]),
    function(h(_), [0,1,1,1,0,1,0,0])]).
interpretation( 8, [number = 236,seconds = 0], [
    function(f(_), [1,2,0,0,1,1,0,3]),
    function(g(_), [1,1,0,0,1,1,0,0]),
    function(h(_), [0,1,1,1,0,0,1,0])]).
interpretation( 8, [number = 237,seconds = 0], [
    function(f(_), [1,2,0,0,1,2,3,3]),
    function(g(_), [1,1,0,0,1,1,0,0]),
    function(h(_), [0,1,1,1,0,1,0,0])]).
interpretation( 8, [number = 238,seconds = 0], [
    function(f(_), [1,2,0,0,2,1,3,3]),
    function(g(_), [1,1,0,0,1,1,0,0]),
    function(h(_), [0,1,1,1,1,0,0,0])]).
interpretation( 8, [number = 239,seconds = 0], [
    function(f(_), [1,2,0,1,0,0,1,3]),
    function(g(_), [1,1,0,1,0,0,1,0]),
    function(h(_), [0,1,1,0,1,1,0,0])]).
interpretation( 8, [number = 240,seconds = 0], [
    function(f(_), [1,2,0,1,0,1,0,3]),
    function(g(_), [1,1,0,1,0,1,0,0]),
    function(h(_), [0,1,1,0,1,0,1,0])]).
interpretation( 8, [number = 241,seconds = 0], [
    function(f(_), [1,2,0,1,0,2,3,3]),
    function(g(_), [1,1,0,1,0,1,0,0]),
    function(h(_), [0,1,1,0,1,1,0,0])]).
interpretation( 8, [number = 242,seconds = 0], [
    function(f(_), [1,2,0,1,1,0,0,3]),
    function(g(_), [1,1,0,1,1,0,0,0]),
    function(h(_), [0,1,1,0,0,1,1,0])]).
interpretation( 8, [number = 243,seconds = 0], [
    function(f(_), [1,2,0,1,2,0,3,3]),
    function(g(_), [1,1,0,1,1,0,0,0]),
    function(h(_), [0,1,1,0,1,1,0,0])]).
interpretation( 8, [number = 244,seconds = 0], [
    function(f(_), [1,2,0,2,0,1,3,3]),
    function(g(_), [1,1,0,1,0,1,0,0]),
    function(h(_), [0,1,1,1,1,0,0,0])]).
interpretation( 8, [number = 245,seconds = 0], [
    function(f(_), [1,2,0,2,1,0,3,3]),
    function(g(_), [1,1,0,1,1,0,0,0]),
    function(h(_), [0,1,1,1,0,1,0,0])]).
interpretation( 8, [number = 246,seconds = 0], [
    function(f(_), [1,2,0,2,2,3,3,3]),
    function(g(_), [1,1,0,1,1,0,0,0]),
    function(h(_), [0,1,1,1,1,0,0,0])]).
interpretation( 8, [number = 247,seconds = 0], [
    function(f(_), [1,2,1,0,0,0,1,3]),
    function(g(_), [1,1,1,0,0,0,1,0]),
    function(h(_), [0,1,0,1,1,1,0,0])]).
interpretation( 8, [number = 248,seconds = 0], [
    function(f(_), [1,2,1,0,0,1,0,3]),
    function(g(_), [1,1,1,0,0,1,0,0]),
    function(h(_), [0,1,0,1,1,0,1,0])]).
interpretation( 8, [number = 249,seconds = 0], [
    function(f(_), [1,2,1,0,0,2,3,3]),
    function(g(_), [1,1,1,0,0,1,0,0]),
    function(h(_), [0,1,0,1,1,1,0,0])]).
interpretation( 8, [number = 250,seconds = 0], [
    function(f(_), [1,2,1,0,1,0,0,3]),
    function(g(_), [1,1,1,0,1,0,0,0]),
    function(h(_), [0,1,0,1,0,1,1,0])]).
interpretation( 8, [number = 251,seconds = 0], [
    function(f(_), [1,2,1,0,2,0,3,3]),
    function(g(_), [1,1,1,0,1,0,0,0]),
    function(h(_), [0,1,0,1,1,1,0,0])]).
interpretation( 8, [number = 252,seconds = 0], [
    function(f(_), [1,2,1,1,0,0,0,3]),
    function(g(_), [1,1,1,1,0,0,0,0]),
    function(h(_), [0,1,0,0,1,1,1,0])]).
interpretation( 8, [number = 253,seconds = 0], [
    function(f(_), [1,2,1,2,0,0,3,3]),
    function(g(_), [1,1,1,1,0,0,0,0]),
    function(h(_), [0,1,0,1,1,1,0,0])]).
interpretation( 8, [number = 254,seconds = 0], [
    function(f(_), [1,2,2,0,0,1,3,3]),
    function(g(_), [1,1,1,0,0,1,0,0]),
    function(h(_), [0,1,1,1,1,0,0,0])]).
interpretation( 8, [number = 255,seconds = 0], [
    function(f(_), [1,2,2,0,1,0,3,3]),
    function(g(_), [1,1,1,0,1,0,0,0]),
    function(h(_), [0,1,1,1,0,1,0,0])]).
interpretation( 8, [number = 256,seconds = 0], [
    function(f(_), [1,2,2,0,2,3,3,3]),
    function(g(_), [1,1,1,0,1,0,0,0]),
    function(h(_), [0,1,1,1,1,0,0,0])]).
interpretation( 8, [number = 257,seconds = 0], [
    function(f(_), [1,2,2,1,0,0,3,3]),
    function(g(_), [1,1,1,1,0,0,0,0]),
    function(h(_), [0,1,1,0,1,1,0,0])]).
interpretation( 8, [number = 258,seconds = 0], [
    function(f(_), [1,2,2,2,0,3,3,3]),
    function(g(_), [1,1,1,1,0,0,0,0]),
    function(h(_), [0,1,1,1,1,0,0,0])]).
interpretation( 8, [number = 259,seconds = 0], [
    function(f(_), [2,0,0,0,1,1,1,3]),
    function(g(_), [1,0,0,0,1,1,1,0]),
    function(h(_), [1,1,1,1,0,0,0,0])]).
interpretation( 8, [number = 260,seconds = 0], [
    function(f(_), [2,0,0,1,0,1,1,3]),
    function(g(_), [1,0,0,1,0,1,1,0]),
    function(h(_), [1,1,1,0,1,0,0,0])]).
interpretation( 8, [number = 261,seconds = 0], [
    function(f(_), [2,0,0,1,1,0,1,3]),
    function(g(_), [1,0,0,1,1,0,1,0]),
    function(h(_), [1,1,1,0,0,1,0,0])]).
interpretation( 8, [number = 262,seconds = 0], [
    function(f(_), [2,0,0,1,1,1,0,3]),
    function(g(_), [1,0,0,1,1,1,0,0]),
    function(h(_), [1,1,1,0,0,0,1,0])]).
interpretation( 8, [number = 263,seconds = 0], [
    function(f(_), [2,0,0,1,1,2,3,3]),
    function(g(_), [1,0,0,1,1,1,0,0]),
    function(h(_), [1,1,1,0,0,1,0,0])]).
interpretation( 8, [number = 264,seconds = 0], [
    function(f(_), [2,0,0,1,2,1,3,3]),
    function(g(_), [1,0,0,1,1,1,0,0]),
    function(h(_), [1,1,1,0,1,0,0,0])]).
interpretation( 8, [number = 265,seconds = 0], [
    function(f(_), [2,0,0,2,1,1,3,3]),
    function(g(_), [1,0,0,1,1,1,0,0]),
    function(h(_), [1,1,1,1,0,0,0,0])]).
interpretation( 8, [number = 266,seconds = 0], [
    function(f(_), [2,0,1,0,0,1,1,3]),
    function(g(_), [1,0,1,0,0,1,1,0]),
    function(h(_), [1,1,0,1,1,0,0,0])]).
interpretation( 8, [number = 267,seconds = 0], [
    function(f(_), [2,0,1,0,1,0,1,3]),
    function(g(_), [1,0,1,0,1,0,1,0]),
    function(h(_), [1,1,0,1,0,1,0,0])]).
interpretation( 8, [number = 268,seconds = 0], [
    function(f(_), [2,0,1,0,1,1,0,3]),
    function(g(_), [1,0,1,0,1,1,0,0]),
    function(h(_), [1,1,0,1,0,0,1,0])]).
interpretation( 8, [number = 269,seconds = 0], [
    function(f(_), [2,0,1,0,1,2,3,3]),
    function(g(_), [1,0,1,0,1,1,0,0]),
    function(h(_), [1,1,0,1,0,1,0,0])]).
interpretation( 8, [number = 270,seconds = 0], [
    function(f(_), [2,0,1,0,2,1,3,3]),
    function(g(_), [1,0,1,0,1,1,0,0]),
    function(h(_), [1,1,0,1,1,0,0,0])]).
interpretation( 8, [number = 271,seconds = 0], [
    function(f(_), [2,0,1,1,0,0,1,3]),
    function(g(_), [1,0,1,1,0,0,1,0]),
    function(h(_), [1,1,0,0,1,1,0,0])]).
interpretation( 8, [number = 272,seconds = 0], [
    function(f(_), [2,0,1,1,0,1,0,3]),
    function(g(_), [1,0,1,1,0,1,0,0]),
    function(h(_), [1,1,0,0,1,0,1,0])]).
interpretation( 8, [number = 273,seconds = 0], [
    function(f(_), [2,0,1,1,0,2,3,3]),
    function(g(_), [1,0,1,1,0,1,0,0]),
    function(h(_), [1,1,0,0,1,1,0,0])]).
interpretation( 8, [number = 274,seconds = 0], [
    function(f(_), [2,0,1,1,1,0,0,3]),
    function(g(_), [1,0,1,1,1,0,0,0]),
    function(h(_), [1,1,0,0,0,1,1,0])]).
interpretation( 8, [number = 275,seconds = 0], [
    function(f(_), [2,0,1,1,2,0,3,3]),
    function(g(_), [1,0,1,1,1,0,0,0]),
    function(h(_), [1,1,0,0,1,1,0,0])]).
interpretation( 8, [number = 276,seconds = 0], [
    function(f(_), [2,0,1,2,0,1,3,3]),
    function(g(_), [1,0,1,1,0,1,0,0]),
    function(h(_), [1,1,0,1,1,0,0,0])]).
interpretation( 8, [number = 277,seconds = 0], [
    function(f(_), [2,0,1,2,1,0,3,3]),
    function(g(_), [1,0,1,1,1,0,0,0]),
    function(h(_), [1,1,0,1,0,1,0,0])]).
interpretation( 8, [number = 278,seconds = 1], [
    function(f(_), [2,0,1,2,2,3,3,3]),
    function(g(_), [1,0,1,1,1,0,0,0]),
    function(h(_), [1,1,0,1,1,0,0,0])]).
interpretation( 8, [number = 279,seconds = 1], [
    function(f(_), [2,0,2,0,1,1,3,3]),
    function(g(_), [1,0,1,0,1,1,0,0]),
    function(h(_), [1,1,1,1,0,0,0,0])]).
interpretation( 8, [number = 280,seconds = 1], [
    function(f(_), [2,0,2,1,0,1,3,3]),
    function(g(_), [1,0,1,1,0,1,0,0]),
    function(h(_), [1,1,1,0,1,0,0,0])]).
interpretation( 8, [number = 281,seconds = 1], [
    function(f(_), [2,0,2,1,1,0,3,3]),
    function(g(_), [1,0,1,1,1,0,0,0]),
    function(h(_), [1,1,1,0,0,1,0,0])]).
interpretation( 8, [number = 282,seconds = 1], [
    function(f(_), [2,0,2,1,2,3,3,3]),
    function(g(_), [1,0,1,1,1,0,0,0]),
    function(h(_), [1,1,1,0,1,0,0,0])]).
interpretation( 8, [number = 283,seconds = 1], [
    function(f(_), [2,0,2,2,1,3,3,3]),
    function(g(_), [1,0,1,1,1,0,0,0]),
    function(h(_), [1,1,1,1,0,0,0,0])]).
interpretation( 8, [number = 284,seconds = 1], [
    function(f(_), [2,1,0,0,0,1,1,3]),
    function(g(_), [1,1,0,0,0,1,1,0]),
    function(h(_), [1,0,1,1,1,0,0,0])]).
interpretation( 8, [number = 285,seconds = 1], [
    function(f(_), [2,1,0,0,1,0,1,3]),
    function(g(_), [1,1,0,0,1,0,1,0]),
    function(h(_), [1,0,1,1,0,1,0,0])]).
interpretation( 8, [number = 286,seconds = 1], [
    function(f(_), [2,1,0,0,1,1,0,3]),
    function(g(_), [1,1,0,0,1,1,0,0]),
    function(h(_), [1,0,1,1,0,0,1,0])]).
interpretation( 8, [number = 287,seconds = 1], [
    function(f(_), [2,1,0,0,1,2,3,3]),
    function(g(_), [1,1,0,0,1,1,0,0]),
    function(h(_), [1,0,1,1,0,1,0,0])]).
interpretation( 8, [number = 288,seconds = 1], [
    function(f(_), [2,1,0,0,2,1,3,3]),
    function(g(_), [1,1,0,0,1,1,0,0]),
    function(h(_), [1,0,1,1,1,0,0,0])]).
interpretation( 8, [number = 289,seconds = 1], [
    function(f(_), [2,1,0,1,0,0,1,3]),
    function(g(_), [1,1,0,1,0,0,1,0]),
    function(h(_), [1,0,1,0,1,1,0,0])]).
interpretation( 8, [number = 290,seconds = 1], [
    function(f(_), [2,1,0,1,0,1,0,3]),
    function(g(_), [1,1,0,1,0,1,0,0]),
    function(h(_), [1,0,1,0,1,0,1,0])]).
interpretation( 8, [number = 291,seconds = 1], [
    function(f(_), [2,1,0,1,0,2,3,3]),
    function(g(_), [1,1,0,1,0,1,0,0]),
    function(h(_), [1,0,1,0,1,1,0,0])]).
interpretation( 8, [number = 292,seconds = 1], [
    function(f(_), [2,1,0,1,1,0,0,3]),
    function(g(_), [1,1,0,1,1,0,0,0]),
    function(h(_), [1,0,1,0,0,1,1,0])]).
interpretation( 8, [number = 293,seconds = 1], [
    function(f(_), [2,1,0,1,2,0,3,3]),
    function(g(_), [1,1,0,1,1,0,0,0]),
    function(h(_), [1,0,1,0,1,1,0,0])]).
interpretation( 8, [number = 294,seconds = 1], [
    function(f(_), [2,1,0,2,0,1,3,3]),
    function(g(_), [1,1,0,1,0,1,0,0]),
    function(h(_), [1,0,1,1,1,0,0,0])]).
interpretation( 8, [number = 295,seconds = 1], [
    function(f(_), [2,1,0,2,1,0,3,3]),
    function(g(_), [1,1,0,1,1,0,0,0]),
    function(h(_), [1,0,1,1,0,1,0,0])]).
interpretation( 8, [number = 296,seconds = 1], [
    function(f(_), [2,1,0,2,2,3,3,3]),
    function(g(_), [1,1,0,1,1,0,0,0]),
    function(h(_), [1,0,1,1,1,0,0,0])]).
interpretation( 8, [number = 297,seconds = 1], [
    function(f(_), [2,1,1,0,0,0,1,3]),
    function(g(_), [1,1,1,0,0,0,1,0]),
    function(h(_), [1,0,0,1,1,1,0,0])]).
interpretation( 8, [number = 298,seconds = 1], [
    function(f(_), [2,1,1,0,0,1,0,3]),
    function(g(_), [1,1,1,0,0,1,0,0]),
    function(h(_), [1,0,0,1,1,0,1,0])]).
interpretation( 8, [number = 299,seconds = 1], [
    function(f(_), [2,1,1,0,0,2,3,3]),
    function(g(_), [1,1,1,0,0,1,0,0]),
    function(h(_), [1,0,0,1,1,1,0,0])]).
interpretation( 8, [number = 300,seconds = 1], [
    function(f(_), [2,1,1,0,1,0,0,3]),
    function(g(_), [1,1,1,0,1,0,0,0]),
    function(h(_), [1,0,0,1,0,1,1,0])]).
interpretation( 8, [number = 301,seconds = 1], [
    function(f(_), [2,1,1,0,2,0,3,3]),
    function(g(_), [1,1,1,0,1,0,0,0]),
    function(h(_), [1,0,0,1,1,1,0,0])]).
interpretation( 8, [number = 302,seconds = 1], [
    function(f(_), [2,1,1,1,0,0,0,3]),
    function(g(_), [1,1,1,1,0,0,0,0]),
    function(h(_), [1,0,0,0,1,1,1,0])]).
interpretation( 8, [number = 303,seconds = 1], [
    function(f(_), [2,1,1,2,0,0,3,3]),
    function(g(_), [1,1,1,1,0,0,0,0]),
    function(h(_), [1,0,0,1,1,1,0,0])]).
interpretation( 8, [number = 304,seconds = 1], [
    function(f(_), [2,1,2,0,0,1,3,3]),
    function(g(_), [1,1,1,0,0,1,0,0]),
    function(h(_), [1,0,1,1,1,0,0,0])]).
interpretation( 8, [number = 305,seconds = 1], [
    function(f(_), [2,1,2,0,1,0,3,3]),
    function(g(_), [1,1,1,0,1,0,0,0]),
    function(h(_), [1,0,1,1,0,1,0,0])]).
interpretation( 8, [number = 306,seconds = 1], [
    function(f(_), [2,1,2,0,2,3,3,3]),
    function(g(_), [1,1,1,0,1,0,0,0]),
    function(h(_), [1,0,1,1,1,0,0,0])]).
interpretation( 8, [number = 307,seconds = 1], [
    function(f(_), [2,1,2,1,0,0,3,3]),
    function(g(_), [1,1,1,1,0,0,0,0]),
    function(h(_), [1,0,1,0,1,1,0,0])]).
interpretation( 8, [number = 308,seconds = 1], [
    function(f(_), [2,1,2,2,0,3,3,3]),
    function(g(_), [1,1,1,1,0,0,0,0]),
    function(h(_), [1,0,1,1,1,0,0,0])]).
interpretation( 8, [number = 309,seconds = 1], [
    function(f(_), [2,2,0,0,1,1,3,3]),
    function(g(_), [1,1,0,0,1,1,0,0]),
    function(h(_), [1,1,1,1,0,0,0,0])]).
interpretation( 8, [number = 310,seconds = 1], [
    function(f(_), [2,2,0,1,0,1,3,3]),
    function(g(_), [1,1,0,1,0,1,0,0]),
    function(h(_), [1,1,1,0,1,0,0,0])]).
interpretation( 8, [number = 311,seconds = 1], [
    function(f(_), [2,2,0,1,1,0,3,3]),
    function(g(_), [1,1,0,1,1,0,0,0]),
    function(h(_), [1,1,1,0,0,1,0,0])]).
interpretation( 8, [number = 312,seconds = 1], [
    function(f(_), [2,2,0,1,2,3,3,3]),
    function(g(_), [1,1,0,1,1,0,0,0]),
    function(h(_), [1,1,1,0,1,0,0,0])]).
interpretation( 8, [number = 313,seconds = 1], [
    function(f(_), [2,2,0,2,1,3,3,3]),
    function(g(_), [1,1,0,1,1,0,0,0]),
    function(h(_), [1,1,1,1,0,0,0,0])]).
interpretation( 8, [number = 314,seconds = 1], [
    function(f(_), [2,2,1,0,0,1,3,3]),
    function(g(_), [1,1,1,0,0,1,0,0]),
    function(h(_), [1,1,0,1,1,0,0,0])]).
interpretation( 8, [number = 315,seconds = 1], [
    function(f(_), [2,2,1,0,1,0,3,3]),
    function(g(_), [1,1,1,0,1,0,0,0]),
    function(h(_), [1,1,0,1,0,1,0,0])]).
interpretation( 8, [number = 316,seconds = 1], [
    function(f(_), [2,2,1,0,2,3,3,3]),
    function(g(_), [1,1,1,0,1,0,0,0]),
    function(h(_), [1,1,0,1,1,0,0,0])]).
interpretation( 8, [number = 317,seconds = 1], [
    function(f(_), [2,2,1,1,0,0,3,3]),
    function(g(_), [1,1,1,1,0,0,0,0]),
    function(h(_), [1,1,0,0,1,1,0,0])]).
interpretation( 8, [number = 318,seconds = 1], [
    function(f(_), [2,2,1,2,0,3,3,3]),
    function(g(_), [1,1,1,1,0,0,0,0]),
    function(h(_), [1,1,0,1,1,0,0,0])]).
interpretation( 8, [number = 319,seconds = 1], [
    function(f(_), [2,2,2,0,1,3,3,3]),
    function(g(_), [1,1,1,0,1,0,0,0]),
    function(h(_), [1,1,1,1,0,0,0,0])]).
interpretation( 8, [number = 320,seconds = 1], [
    function(f(_), [2,2,2,1,0,3,3,3]),
    function(g(_), [1,1,1,1,0,0,0,0]),
    function(h(_), [1,1,1,0,1,0,0,0])]).
interpretation( 8, [number = 321,seconds = 1], [
    function(f(_), [2,2,2,2,3,3,3,3]),
    function(g(_), [1,1,1,1,0,0,0,0]),
    function(h(_), [1,1,1,1,0,0,0,0])]).
