interpretation( 9, [number = 1,seconds = 0], [
    function(Banat, [7]),
    function(Blue, [2]),
    function(Bucovina, [2]),
    function(Crisana, [8]),
    function(Dobrogea, [4]),
    function(Green, [3]),
    function(Maramures, [1]),
    function(Moldova, [3]),
    function(Muntenia, [5]),
    function(Oltenia, [6]),
    function(Red, [0]),
    function(T, [0]),
    function(Yellow, [1]),
    function(color(_), [0,1,2,1,0,2,1,2,3]),
    relation(n(_,_), [0,1,1,1,0,1,1,1,1,1,0,1,0,0,0,0,0,1,1,1,0,1,0,0,0,0,0,1,0,1,0,1,1,0,0,0,0,0,0,1,0,1,0,0,0,1,0,0,1,1,0,1,0,0,1,0,0,0,0,1,0,1,0,1,0,0,0,0,0,1,0,1,1,1,0,0,0,0,0,1,0])]).
interpretation( 9, [number = 2,seconds = 0], [
    function(Banat, [7]),
    function(Blue, [2]),
    function(Bucovina, [2]),
    function(Crisana, [8]),
    function(Dobrogea, [4]),
    function(Green, [3]),
    function(Maramures, [1]),
    function(Moldova, [3]),
    function(Muntenia, [5]),
    function(Oltenia, [6]),
    function(Red, [0]),
    function(T, [0]),
    function(Yellow, [1]),
    function(color(_), [0,1,2,1,0,2,1,2,4]),
    relation(n(_,_), [0,1,1,1,0,1,1,1,1,1,0,1,0,0,0,0,0,1,1,1,0,1,0,0,0,0,0,1,0,1,0,1,1,0,0,0,0,0,0,1,0,1,0,0,0,1,0,0,1,1,0,1,0,0,1,0,0,0,0,1,0,1,0,1,0,0,0,0,0,1,0,1,1,1,0,0,0,0,0,1,0])]).
interpretation( 9, [number = 3,seconds = 0], [
    function(Banat, [7]),
    function(Blue, [2]),
    function(Bucovina, [2]),
    function(Crisana, [8]),
    function(Dobrogea, [4]),
    function(Green, [3]),
    function(Maramures, [1]),
    function(Moldova, [3]),
    function(Muntenia, [5]),
    function(Oltenia, [6]),
    function(Red, [0]),
    function(T, [0]),
    function(Yellow, [1]),
    function(color(_), [0,1,2,1,0,2,1,2,5]),
    relation(n(_,_), [0,1,1,1,0,1,1,1,1,1,0,1,0,0,0,0,0,1,1,1,0,1,0,0,0,0,0,1,0,1,0,1,1,0,0,0,0,0,0,1,0,1,0,0,0,1,0,0,1,1,0,1,0,0,1,0,0,0,0,1,0,1,0,1,0,0,0,0,0,1,0,1,1,1,0,0,0,0,0,1,0])]).
interpretation( 9, [number = 4,seconds = 0], [
    function(Banat, [7]),
    function(Blue, [2]),
    function(Bucovina, [2]),
    function(Crisana, [8]),
    function(Dobrogea, [4]),
    function(Green, [3]),
    function(Maramures, [1]),
    function(Moldova, [3]),
    function(Muntenia, [5]),
    function(Oltenia, [6]),
    function(Red, [0]),
    function(T, [0]),
    function(Yellow, [1]),
    function(color(_), [0,1,2,1,0,2,1,2,6]),
    relation(n(_,_), [0,1,1,1,0,1,1,1,1,1,0,1,0,0,0,0,0,1,1,1,0,1,0,0,0,0,0,1,0,1,0,1,1,0,0,0,0,0,0,1,0,1,0,0,0,1,0,0,1,1,0,1,0,0,1,0,0,0,0,1,0,1,0,1,0,0,0,0,0,1,0,1,1,1,0,0,0,0,0,1,0])]).
interpretation( 9, [number = 5,seconds = 0], [
    function(Banat, [7]),
    function(Blue, [2]),
    function(Bucovina, [2]),
    function(Crisana, [8]),
    function(Dobrogea, [4]),
    function(Green, [3]),
    function(Maramures, [1]),
    function(Moldova, [3]),
    function(Muntenia, [5]),
    function(Oltenia, [6]),
    function(Red, [0]),
    function(T, [0]),
    function(Yellow, [1]),
    function(color(_), [0,1,2,1,0,2,1,2,7]),
    relation(n(_,_), [0,1,1,1,0,1,1,1,1,1,0,1,0,0,0,0,0,1,1,1,0,1,0,0,0,0,0,1,0,1,0,1,1,0,0,0,0,0,0,1,0,1,0,0,0,1,0,0,1,1,0,1,0,0,1,0,0,0,0,1,0,1,0,1,0,0,0,0,0,1,0,1,1,1,0,0,0,0,0,1,0])]).
interpretation( 9, [number = 6,seconds = 0], [
    function(Banat, [7]),
    function(Blue, [2]),
    function(Bucovina, [2]),
    function(Crisana, [8]),
    function(Dobrogea, [4]),
    function(Green, [3]),
    function(Maramures, [1]),
    function(Moldova, [3]),
    function(Muntenia, [5]),
    function(Oltenia, [6]),
    function(Red, [0]),
    function(T, [0]),
    function(Yellow, [1]),
    function(color(_), [0,1,2,1,0,2,1,2,8]),
    relation(n(_,_), [0,1,1,1,0,1,1,1,1,1,0,1,0,0,0,0,0,1,1,1,0,1,0,0,0,0,0,1,0,1,0,1,1,0,0,0,0,0,0,1,0,1,0,0,0,1,0,0,1,1,0,1,0,0,1,0,0,0,0,1,0,1,0,1,0,0,0,0,0,1,0,1,1,1,0,0,0,0,0,1,0])]).
interpretation( 9, [number = 7,seconds = 0], [
    function(Banat, [7]),
    function(Blue, [2]),
    function(Bucovina, [2]),
    function(Crisana, [8]),
    function(Dobrogea, [4]),
    function(Green, [3]),
    function(Maramures, [1]),
    function(Moldova, [3]),
    function(Muntenia, [5]),
    function(Oltenia, [6]),
    function(Red, [0]),
    function(T, [0]),
    function(Yellow, [1]),
    function(color(_), [0,1,2,1,0,2,1,3,2]),
    relation(n(_,_), [0,1,1,1,0,1,1,1,1,1,0,1,0,0,0,0,0,1,1,1,0,1,0,0,0,0,0,1,0,1,0,1,1,0,0,0,0,0,0,1,0,1,0,0,0,1,0,0,1,1,0,1,0,0,1,0,0,0,0,1,0,1,0,1,0,0,0,0,0,1,0,1,1,1,0,0,0,0,0,1,0])]).
interpretation( 9, [number = 8,seconds = 0], [
    function(Banat, [7]),
    function(Blue, [2]),
    function(Bucovina, [2]),
    function(Crisana, [8]),
    function(Dobrogea, [4]),
    function(Green, [3]),
    function(Maramures, [1]),
    function(Moldova, [3]),
    function(Muntenia, [5]),
    function(Oltenia, [6]),
    function(Red, [0]),
    function(T, [0]),
    function(Yellow, [1]),
    function(color(_), [0,1,2,1,0,2,1,3,4]),
    relation(n(_,_), [0,1,1,1,0,1,1,1,1,1,0,1,0,0,0,0,0,1,1,1,0,1,0,0,0,0,0,1,0,1,0,1,1,0,0,0,0,0,0,1,0,1,0,0,0,1,0,0,1,1,0,1,0,0,1,0,0,0,0,1,0,1,0,1,0,0,0,0,0,1,0,1,1,1,0,0,0,0,0,1,0])]).
interpretation( 9, [number = 9,seconds = 0], [
    function(Banat, [7]),
    function(Blue, [2]),
    function(Bucovina, [2]),
    function(Crisana, [8]),
    function(Dobrogea, [4]),
    function(Green, [3]),
    function(Maramures, [1]),
    function(Moldova, [3]),
    function(Muntenia, [5]),
    function(Oltenia, [6]),
    function(Red, [0]),
    function(T, [0]),
    function(Yellow, [1]),
    function(color(_), [0,1,2,1,0,2,1,3,5]),
    relation(n(_,_), [0,1,1,1,0,1,1,1,1,1,0,1,0,0,0,0,0,1,1,1,0,1,0,0,0,0,0,1,0,1,0,1,1,0,0,0,0,0,0,1,0,1,0,0,0,1,0,0,1,1,0,1,0,0,1,0,0,0,0,1,0,1,0,1,0,0,0,0,0,1,0,1,1,1,0,0,0,0,0,1,0])]).
interpretation( 9, [number = 10,seconds = 0], [
    function(Banat, [7]),
    function(Blue, [2]),
    function(Bucovina, [2]),
    function(Crisana, [8]),
    function(Dobrogea, [4]),
    function(Green, [3]),
    function(Maramures, [1]),
    function(Moldova, [3]),
    function(Muntenia, [5]),
    function(Oltenia, [6]),
    function(Red, [0]),
    function(T, [0]),
    function(Yellow, [1]),
    function(color(_), [0,1,2,1,0,2,1,3,6]),
    relation(n(_,_), [0,1,1,1,0,1,1,1,1,1,0,1,0,0,0,0,0,1,1,1,0,1,0,0,0,0,0,1,0,1,0,1,1,0,0,0,0,0,0,1,0,1,0,0,0,1,0,0,1,1,0,1,0,0,1,0,0,0,0,1,0,1,0,1,0,0,0,0,0,1,0,1,1,1,0,0,0,0,0,1,0])]).
interpretation( 9, [number = 11,seconds = 0], [
    function(Banat, [7]),
    function(Blue, [2]),
    function(Bucovina, [2]),
    function(Crisana, [8]),
    function(Dobrogea, [4]),
    function(Green, [3]),
    function(Maramures, [1]),
    function(Moldova, [3]),
    function(Muntenia, [5]),
    function(Oltenia, [6]),
    function(Red, [0]),
    function(T, [0]),
    function(Yellow, [1]),
    function(color(_), [0,1,2,1,0,2,1,3,7]),
    relation(n(_,_), [0,1,1,1,0,1,1,1,1,1,0,1,0,0,0,0,0,1,1,1,0,1,0,0,0,0,0,1,0,1,0,1,1,0,0,0,0,0,0,1,0,1,0,0,0,1,0,0,1,1,0,1,0,0,1,0,0,0,0,1,0,1,0,1,0,0,0,0,0,1,0,1,1,1,0,0,0,0,0,1,0])]).
interpretation( 9, [number = 12,seconds = 0], [
    function(Banat, [7]),
    function(Blue, [2]),
    function(Bucovina, [2]),
    function(Crisana, [8]),
    function(Dobrogea, [4]),
    function(Green, [3]),
    function(Maramures, [1]),
    function(Moldova, [3]),
    function(Muntenia, [5]),
    function(Oltenia, [6]),
    function(Red, [0]),
    function(T, [0]),
    function(Yellow, [1]),
    function(color(_), [0,1,2,1,0,2,1,3,8]),
    relation(n(_,_), [0,1,1,1,0,1,1,1,1,1,0,1,0,0,0,0,0,1,1,1,0,1,0,0,0,0,0,1,0,1,0,1,1,0,0,0,0,0,0,1,0,1,0,0,0,1,0,0,1,1,0,1,0,0,1,0,0,0,0,1,0,1,0,1,0,0,0,0,0,1,0,1,1,1,0,0,0,0,0,1,0])]).
interpretation( 9, [number = 13,seconds = 0], [
    function(Banat, [7]),
    function(Blue, [2]),
    function(Bucovina, [2]),
    function(Crisana, [8]),
    function(Dobrogea, [4]),
    function(Green, [3]),
    function(Maramures, [1]),
    function(Moldova, [3]),
    function(Muntenia, [5]),
    function(Oltenia, [6]),
    function(Red, [0]),
    function(T, [0]),
    function(Yellow, [1]),
    function(color(_), [0,1,2,1,0,2,1,4,2]),
    relation(n(_,_), [0,1,1,1,0,1,1,1,1,1,0,1,0,0,0,0,0,1,1,1,0,1,0,0,0,0,0,1,0,1,0,1,1,0,0,0,0,0,0,1,0,1,0,0,0,1,0,0,1,1,0,1,0,0,1,0,0,0,0,1,0,1,0,1,0,0,0,0,0,1,0,1,1,1,0,0,0,0,0,1,0])]).
interpretation( 9, [number = 14,seconds = 0], [
    function(Banat, [7]),
    function(Blue, [2]),
    function(Bucovina, [2]),
    function(Crisana, [8]),
    function(Dobrogea, [4]),
    function(Green, [3]),
    function(Maramures, [1]),
    function(Moldova, [3]),
    function(Muntenia, [5]),
    function(Oltenia, [6]),
    function(Red, [0]),
    function(T, [0]),
    function(Yellow, [1]),
    function(color(_), [0,1,2,1,0,2,1,4,3]),
    relation(n(_,_), [0,1,1,1,0,1,1,1,1,1,0,1,0,0,0,0,0,1,1,1,0,1,0,0,0,0,0,1,0,1,0,1,1,0,0,0,0,0,0,1,0,1,0,0,0,1,0,0,1,1,0,1,0,0,1,0,0,0,0,1,0,1,0,1,0,0,0,0,0,1,0,1,1,1,0,0,0,0,0,1,0])]).
interpretation( 9, [number = 15,seconds = 0], [
    function(Banat, [7]),
    function(Blue, [2]),
    function(Bucovina, [2]),
    function(Crisana, [8]),
    function(Dobrogea, [4]),
    function(Green, [3]),
    function(Maramures, [1]),
    function(Moldova, [3]),
    function(Muntenia, [5]),
    function(Oltenia, [6]),
    function(Red, [0]),
    function(T, [0]),
    function(Yellow, [1]),
    function(color(_), [0,1,2,1,0,2,1,4,5]),
    relation(n(_,_), [0,1,1,1,0,1,1,1,1,1,0,1,0,0,0,0,0,1,1,1,0,1,0,0,0,0,0,1,0,1,0,1,1,0,0,0,0,0,0,1,0,1,0,0,0,1,0,0,1,1,0,1,0,0,1,0,0,0,0,1,0,1,0,1,0,0,0,0,0,1,0,1,1,1,0,0,0,0,0,1,0])]).
interpretation( 9, [number = 16,seconds = 0], [
    function(Banat, [7]),
    function(Blue, [2]),
    function(Bucovina, [2]),
    function(Crisana, [8]),
    function(Dobrogea, [4]),
    function(Green, [3]),
    function(Maramures, [1]),
    function(Moldova, [3]),
    function(Muntenia, [5]),
    function(Oltenia, [6]),
    function(Red, [0]),
    function(T, [0]),
    function(Yellow, [1]),
    function(color(_), [0,1,2,1,0,2,1,4,6]),
    relation(n(_,_), [0,1,1,1,0,1,1,1,1,1,0,1,0,0,0,0,0,1,1,1,0,1,0,0,0,0,0,1,0,1,0,1,1,0,0,0,0,0,0,1,0,1,0,0,0,1,0,0,1,1,0,1,0,0,1,0,0,0,0,1,0,1,0,1,0,0,0,0,0,1,0,1,1,1,0,0,0,0,0,1,0])]).
interpretation( 9, [number = 17,seconds = 0], [
    function(Banat, [7]),
    function(Blue, [2]),
    function(Bucovina, [2]),
    function(Crisana, [8]),
    function(Dobrogea, [4]),
    function(Green, [3]),
    function(Maramures, [1]),
    function(Moldova, [3]),
    function(Muntenia, [5]),
    function(Oltenia, [6]),
    function(Red, [0]),
    function(T, [0]),
    function(Yellow, [1]),
    function(color(_), [0,1,2,1,0,2,1,4,7]),
    relation(n(_,_), [0,1,1,1,0,1,1,1,1,1,0,1,0,0,0,0,0,1,1,1,0,1,0,0,0,0,0,1,0,1,0,1,1,0,0,0,0,0,0,1,0,1,0,0,0,1,0,0,1,1,0,1,0,0,1,0,0,0,0,1,0,1,0,1,0,0,0,0,0,1,0,1,1,1,0,0,0,0,0,1,0])]).
interpretation( 9, [number = 18,seconds = 0], [
    function(Banat, [7]),
    function(Blue, [2]),
    function(Bucovina, [2]),
    function(Crisana, [8]),
    function(Dobrogea, [4]),
    function(Green, [3]),
    function(Maramures, [1]),
    function(Moldova, [3]),
    function(Muntenia, [5]),
    function(Oltenia, [6]),
    function(Red, [0]),
    function(T, [0]),
    function(Yellow, [1]),
    function(color(_), [0,1,2,1,0,2,1,4,8]),
    relation(n(_,_), [0,1,1,1,0,1,1,1,1,1,0,1,0,0,0,0,0,1,1,1,0,1,0,0,0,0,0,1,0,1,0,1,1,0,0,0,0,0,0,1,0,1,0,0,0,1,0,0,1,1,0,1,0,0,1,0,0,0,0,1,0,1,0,1,0,0,0,0,0,1,0,1,1,1,0,0,0,0,0,1,0])]).
interpretation( 9, [number = 19,seconds = 0], [
    function(Banat, [7]),
    function(Blue, [2]),
    function(Bucovina, [2]),
    function(Crisana, [8]),
    function(Dobrogea, [4]),
    function(Green, [3]),
    function(Maramures, [1]),
    function(Moldova, [3]),
    function(Muntenia, [5]),
    function(Oltenia, [6]),
    function(Red, [0]),
    function(T, [0]),
    function(Yellow, [1]),
    function(color(_), [0,1,2,1,0,2,1,5,2]),
    relation(n(_,_), [0,1,1,1,0,1,1,1,1,1,0,1,0,0,0,0,0,1,1,1,0,1,0,0,0,0,0,1,0,1,0,1,1,0,0,0,0,0,0,1,0,1,0,0,0,1,0,0,1,1,0,1,0,0,1,0,0,0,0,1,0,1,0,1,0,0,0,0,0,1,0,1,1,1,0,0,0,0,0,1,0])]).
interpretation( 9, [number = 20,seconds = 0], [
    function(Banat, [7]),
    function(Blue, [2]),
    function(Bucovina, [2]),
    function(Crisana, [8]),
    function(Dobrogea, [4]),
    function(Green, [3]),
    function(Maramures, [1]),
    function(Moldova, [3]),
    function(Muntenia, [5]),
    function(Oltenia, [6]),
    function(Red, [0]),
    function(T, [0]),
    function(Yellow, [1]),
    function(color(_), [0,1,2,1,0,2,1,5,3]),
    relation(n(_,_), [0,1,1,1,0,1,1,1,1,1,0,1,0,0,0,0,0,1,1,1,0,1,0,0,0,0,0,1,0,1,0,1,1,0,0,0,0,0,0,1,0,1,0,0,0,1,0,0,1,1,0,1,0,0,1,0,0,0,0,1,0,1,0,1,0,0,0,0,0,1,0,1,1,1,0,0,0,0,0,1,0])]).
interpretation( 9, [number = 21,seconds = 0], [
    function(Banat, [7]),
    function(Blue, [2]),
    function(Bucovina, [2]),
    function(Crisana, [8]),
    function(Dobrogea, [4]),
    function(Green, [3]),
    function(Maramures, [1]),
    function(Moldova, [3]),
    function(Muntenia, [5]),
    function(Oltenia, [6]),
    function(Red, [0]),
    function(T, [0]),
    function(Yellow, [1]),
    function(color(_), [0,1,2,1,0,2,1,5,4]),
    relation(n(_,_), [0,1,1,1,0,1,1,1,1,1,0,1,0,0,0,0,0,1,1,1,0,1,0,0,0,0,0,1,0,1,0,1,1,0,0,0,0,0,0,1,0,1,0,0,0,1,0,0,1,1,0,1,0,0,1,0,0,0,0,1,0,1,0,1,0,0,0,0,0,1,0,1,1,1,0,0,0,0,0,1,0])]).
interpretation( 9, [number = 22,seconds = 0], [
    function(Banat, [7]),
    function(Blue, [2]),
    function(Bucovina, [2]),
    function(Crisana, [8]),
    function(Dobrogea, [4]),
    function(Green, [3]),
    function(Maramures, [1]),
    function(Moldova, [3]),
    function(Muntenia, [5]),
    function(Oltenia, [6]),
    function(Red, [0]),
    function(T, [0]),
    function(Yellow, [1]),
    function(color(_), [0,1,2,1,0,2,1,5,6]),
    relation(n(_,_), [0,1,1,1,0,1,1,1,1,1,0,1,0,0,0,0,0,1,1,1,0,1,0,0,0,0,0,1,0,1,0,1,1,0,0,0,0,0,0,1,0,1,0,0,0,1,0,0,1,1,0,1,0,0,1,0,0,0,0,1,0,1,0,1,0,0,0,0,0,1,0,1,1,1,0,0,0,0,0,1,0])]).
interpretation( 9, [number = 23,seconds = 0], [
    function(Banat, [7]),
    function(Blue, [2]),
    function(Bucovina, [2]),
    function(Crisana, [8]),
    function(Dobrogea, [4]),
    function(Green, [3]),
    function(Maramures, [1]),
    function(Moldova, [3]),
    function(Muntenia, [5]),
    function(Oltenia, [6]),
    function(Red, [0]),
    function(T, [0]),
    function(Yellow, [1]),
    function(color(_), [0,1,2,1,0,2,1,5,7]),
    relation(n(_,_), [0,1,1,1,0,1,1,1,1,1,0,1,0,0,0,0,0,1,1,1,0,1,0,0,0,0,0,1,0,1,0,1,1,0,0,0,0,0,0,1,0,1,0,0,0,1,0,0,1,1,0,1,0,0,1,0,0,0,0,1,0,1,0,1,0,0,0,0,0,1,0,1,1,1,0,0,0,0,0,1,0])]).
interpretation( 9, [number = 24,seconds = 0], [
    function(Banat, [7]),
    function(Blue, [2]),
    function(Bucovina, [2]),
    function(Crisana, [8]),
    function(Dobrogea, [4]),
    function(Green, [3]),
    function(Maramures, [1]),
    function(Moldova, [3]),
    function(Muntenia, [5]),
    function(Oltenia, [6]),
    function(Red, [0]),
    function(T, [0]),
    function(Yellow, [1]),
    function(color(_), [0,1,2,1,0,2,1,5,8]),
    relation(n(_,_), [0,1,1,1,0,1,1,1,1,1,0,1,0,0,0,0,0,1,1,1,0,1,0,0,0,0,0,1,0,1,0,1,1,0,0,0,0,0,0,1,0,1,0,0,0,1,0,0,1,1,0,1,0,0,1,0,0,0,0,1,0,1,0,1,0,0,0,0,0,1,0,1,1,1,0,0,0,0,0,1,0])]).
interpretation( 9, [number = 25,seconds = 0], [
    function(Banat, [7]),
    function(Blue, [2]),
    function(Bucovina, [2]),
    function(Crisana, [8]),
    function(Dobrogea, [4]),
    function(Green, [3]),
    function(Maramures, [1]),
    function(Moldova, [3]),
    function(Muntenia, [5]),
    function(Oltenia, [6]),
    function(Red, [0]),
    function(T, [0]),
    function(Yellow, [1]),
    function(color(_), [0,1,2,1,0,2,1,6,2]),
    relation(n(_,_), [0,1,1,1,0,1,1,1,1,1,0,1,0,0,0,0,0,1,1,1,0,1,0,0,0,0,0,1,0,1,0,1,1,0,0,0,0,0,0,1,0,1,0,0,0,1,0,0,1,1,0,1,0,0,1,0,0,0,0,1,0,1,0,1,0,0,0,0,0,1,0,1,1,1,0,0,0,0,0,1,0])]).
interpretation( 9, [number = 26,seconds = 0], [
    function(Banat, [7]),
    function(Blue, [2]),
    function(Bucovina, [2]),
    function(Crisana, [8]),
    function(Dobrogea, [4]),
    function(Green, [3]),
    function(Maramures, [1]),
    function(Moldova, [3]),
    function(Muntenia, [5]),
    function(Oltenia, [6]),
    function(Red, [0]),
    function(T, [0]),
    function(Yellow, [1]),
    function(color(_), [0,1,2,1,0,2,1,6,3]),
    relation(n(_,_), [0,1,1,1,0,1,1,1,1,1,0,1,0,0,0,0,0,1,1,1,0,1,0,0,0,0,0,1,0,1,0,1,1,0,0,0,0,0,0,1,0,1,0,0,0,1,0,0,1,1,0,1,0,0,1,0,0,0,0,1,0,1,0,1,0,0,0,0,0,1,0,1,1,1,0,0,0,0,0,1,0])]).
interpretation( 9, [number = 27,seconds = 0], [
    function(Banat, [7]),
    function(Blue, [2]),
    function(Bucovina, [2]),
    function(Crisana, [8]),
    function(Dobrogea, [4]),
    function(Green, [3]),
    function(Maramures, [1]),
    function(Moldova, [3]),
    function(Muntenia, [5]),
    function(Oltenia, [6]),
    function(Red, [0]),
    function(T, [0]),
    function(Yellow, [1]),
    function(color(_), [0,1,2,1,0,2,1,6,4]),
    relation(n(_,_), [0,1,1,1,0,1,1,1,1,1,0,1,0,0,0,0,0,1,1,1,0,1,0,0,0,0,0,1,0,1,0,1,1,0,0,0,0,0,0,1,0,1,0,0,0,1,0,0,1,1,0,1,0,0,1,0,0,0,0,1,0,1,0,1,0,0,0,0,0,1,0,1,1,1,0,0,0,0,0,1,0])]).
interpretation( 9, [number = 28,seconds = 0], [
    function(Banat, [7]),
    function(Blue, [2]),
    function(Bucovina, [2]),
    function(Crisana, [8]),
    function(Dobrogea, [4]),
    function(Green, [3]),
    function(Maramures, [1]),
    function(Moldova, [3]),
    function(Muntenia, [5]),
    function(Oltenia, [6]),
    function(Red, [0]),
    function(T, [0]),
    function(Yellow, [1]),
    function(color(_), [0,1,2,1,0,2,1,6,5]),
    relation(n(_,_), [0,1,1,1,0,1,1,1,1,1,0,1,0,0,0,0,0,1,1,1,0,1,0,0,0,0,0,1,0,1,0,1,1,0,0,0,0,0,0,1,0,1,0,0,0,1,0,0,1,1,0,1,0,0,1,0,0,0,0,1,0,1,0,1,0,0,0,0,0,1,0,1,1,1,0,0,0,0,0,1,0])]).
interpretation( 9, [number = 29,seconds = 0], [
    function(Banat, [7]),
    function(Blue, [2]),
    function(Bucovina, [2]),
    function(Crisana, [8]),
    function(Dobrogea, [4]),
    function(Green, [3]),
    function(Maramures, [1]),
    function(Moldova, [3]),
    function(Muntenia, [5]),
    function(Oltenia, [6]),
    function(Red, [0]),
    function(T, [0]),
    function(Yellow, [1]),
    function(color(_), [0,1,2,1,0,2,1,6,7]),
    relation(n(_,_), [0,1,1,1,0,1,1,1,1,1,0,1,0,0,0,0,0,1,1,1,0,1,0,0,0,0,0,1,0,1,0,1,1,0,0,0,0,0,0,1,0,1,0,0,0,1,0,0,1,1,0,1,0,0,1,0,0,0,0,1,0,1,0,1,0,0,0,0,0,1,0,1,1,1,0,0,0,0,0,1,0])]).
interpretation( 9, [number = 30,seconds = 0], [
    function(Banat, [7]),
    function(Blue, [2]),
    function(Bucovina, [2]),
    function(Crisana, [8]),
    function(Dobrogea, [4]),
    function(Green, [3]),
    function(Maramures, [1]),
    function(Moldova, [3]),
    function(Muntenia, [5]),
    function(Oltenia, [6]),
    function(Red, [0]),
    function(T, [0]),
    function(Yellow, [1]),
    function(color(_), [0,1,2,1,0,2,1,6,8]),
    relation(n(_,_), [0,1,1,1,0,1,1,1,1,1,0,1,0,0,0,0,0,1,1,1,0,1,0,0,0,0,0,1,0,1,0,1,1,0,0,0,0,0,0,1,0,1,0,0,0,1,0,0,1,1,0,1,0,0,1,0,0,0,0,1,0,1,0,1,0,0,0,0,0,1,0,1,1,1,0,0,0,0,0,1,0])]).
interpretation( 9, [number = 31,seconds = 0], [
    function(Banat, [7]),
    function(Blue, [2]),
    function(Bucovina, [2]),
    function(Crisana, [8]),
    function(Dobrogea, [4]),
    function(Green, [3]),
    function(Maramures, [1]),
    function(Moldova, [3]),
    function(Muntenia, [5]),
    function(Oltenia, [6]),
    function(Red, [0]),
    function(T, [0]),
    function(Yellow, [1]),
    function(color(_), [0,1,2,1,0,2,1,7,2]),
    relation(n(_,_), [0,1,1,1,0,1,1,1,1,1,0,1,0,0,0,0,0,1,1,1,0,1,0,0,0,0,0,1,0,1,0,1,1,0,0,0,0,0,0,1,0,1,0,0,0,1,0,0,1,1,0,1,0,0,1,0,0,0,0,1,0,1,0,1,0,0,0,0,0,1,0,1,1,1,0,0,0,0,0,1,0])]).
interpretation( 9, [number = 32,seconds = 0], [
    function(Banat, [7]),
    function(Blue, [2]),
    function(Bucovina, [2]),
    function(Crisana, [8]),
    function(Dobrogea, [4]),
    function(Green, [3]),
    function(Maramures, [1]),
    function(Moldova, [3]),
    function(Muntenia, [5]),
    function(Oltenia, [6]),
    function(Red, [0]),
    function(T, [0]),
    function(Yellow, [1]),
    function(color(_), [0,1,2,1,0,2,1,7,3]),
    relation(n(_,_), [0,1,1,1,0,1,1,1,1,1,0,1,0,0,0,0,0,1,1,1,0,1,0,0,0,0,0,1,0,1,0,1,1,0,0,0,0,0,0,1,0,1,0,0,0,1,0,0,1,1,0,1,0,0,1,0,0,0,0,1,0,1,0,1,0,0,0,0,0,1,0,1,1,1,0,0,0,0,0,1,0])]).
interpretation( 9, [number = 33,seconds = 0], [
    function(Banat, [7]),
    function(Blue, [2]),
    function(Bucovina, [2]),
    function(Crisana, [8]),
    function(Dobrogea, [4]),
    function(Green, [3]),
    function(Maramures, [1]),
    function(Moldova, [3]),
    function(Muntenia, [5]),
    function(Oltenia, [6]),
    function(Red, [0]),
    function(T, [0]),
    function(Yellow, [1]),
    function(color(_), [0,1,2,1,0,2,1,7,4]),
    relation(n(_,_), [0,1,1,1,0,1,1,1,1,1,0,1,0,0,0,0,0,1,1,1,0,1,0,0,0,0,0,1,0,1,0,1,1,0,0,0,0,0,0,1,0,1,0,0,0,1,0,0,1,1,0,1,0,0,1,0,0,0,0,1,0,1,0,1,0,0,0,0,0,1,0,1,1,1,0,0,0,0,0,1,0])]).
interpretation( 9, [number = 34,seconds = 0], [
    function(Banat, [7]),
    function(Blue, [2]),
    function(Bucovina, [2]),
    function(Crisana, [8]),
    function(Dobrogea, [4]),
    function(Green, [3]),
    function(Maramures, [1]),
    function(Moldova, [3]),
    function(Muntenia, [5]),
    function(Oltenia, [6]),
    function(Red, [0]),
    function(T, [0]),
    function(Yellow, [1]),
    function(color(_), [0,1,2,1,0,2,1,7,5]),
    relation(n(_,_), [0,1,1,1,0,1,1,1,1,1,0,1,0,0,0,0,0,1,1,1,0,1,0,0,0,0,0,1,0,1,0,1,1,0,0,0,0,0,0,1,0,1,0,0,0,1,0,0,1,1,0,1,0,0,1,0,0,0,0,1,0,1,0,1,0,0,0,0,0,1,0,1,1,1,0,0,0,0,0,1,0])]).
interpretation( 9, [number = 35,seconds = 0], [
    function(Banat, [7]),
    function(Blue, [2]),
    function(Bucovina, [2]),
    function(Crisana, [8]),
    function(Dobrogea, [4]),
    function(Green, [3]),
    function(Maramures, [1]),
    function(Moldova, [3]),
    function(Muntenia, [5]),
    function(Oltenia, [6]),
    function(Red, [0]),
    function(T, [0]),
    function(Yellow, [1]),
    function(color(_), [0,1,2,1,0,2,1,7,6]),
    relation(n(_,_), [0,1,1,1,0,1,1,1,1,1,0,1,0,0,0,0,0,1,1,1,0,1,0,0,0,0,0,1,0,1,0,1,1,0,0,0,0,0,0,1,0,1,0,0,0,1,0,0,1,1,0,1,0,0,1,0,0,0,0,1,0,1,0,1,0,0,0,0,0,1,0,1,1,1,0,0,0,0,0,1,0])]).
interpretation( 9, [number = 36,seconds = 0], [
    function(Banat, [7]),
    function(Blue, [2]),
    function(Bucovina, [2]),
    function(Crisana, [8]),
    function(Dobrogea, [4]),
    function(Green, [3]),
    function(Maramures, [1]),
    function(Moldova, [3]),
    function(Muntenia, [5]),
    function(Oltenia, [6]),
    function(Red, [0]),
    function(T, [0]),
    function(Yellow, [1]),
    function(color(_), [0,1,2,1,0,2,1,7,8]),
    relation(n(_,_), [0,1,1,1,0,1,1,1,1,1,0,1,0,0,0,0,0,1,1,1,0,1,0,0,0,0,0,1,0,1,0,1,1,0,0,0,0,0,0,1,0,1,0,0,0,1,0,0,1,1,0,1,0,0,1,0,0,0,0,1,0,1,0,1,0,0,0,0,0,1,0,1,1,1,0,0,0,0,0,1,0])]).
interpretation( 9, [number = 37,seconds = 0], [
    function(Banat, [7]),
    function(Blue, [2]),
    function(Bucovina, [2]),
    function(Crisana, [8]),
    function(Dobrogea, [4]),
    function(Green, [3]),
    function(Maramures, [1]),
    function(Moldova, [3]),
    function(Muntenia, [5]),
    function(Oltenia, [6]),
    function(Red, [0]),
    function(T, [0]),
    function(Yellow, [1]),
    function(color(_), [0,1,2,1,0,2,1,8,2]),
    relation(n(_,_), [0,1,1,1,0,1,1,1,1,1,0,1,0,0,0,0,0,1,1,1,0,1,0,0,0,0,0,1,0,1,0,1,1,0,0,0,0,0,0,1,0,1,0,0,0,1,0,0,1,1,0,1,0,0,1,0,0,0,0,1,0,1,0,1,0,0,0,0,0,1,0,1,1,1,0,0,0,0,0,1,0])]).
interpretation( 9, [number = 38,seconds = 0], [
    function(Banat, [7]),
    function(Blue, [2]),
    function(Bucovina, [2]),
    function(Crisana, [8]),
    function(Dobrogea, [4]),
    function(Green, [3]),
    function(Maramures, [1]),
    function(Moldova, [3]),
    function(Muntenia, [5]),
    function(Oltenia, [6]),
    function(Red, [0]),
    function(T, [0]),
    function(Yellow, [1]),
    function(color(_), [0,1,2,1,0,2,1,8,3]),
    relation(n(_,_), [0,1,1,1,0,1,1,1,1,1,0,1,0,0,0,0,0,1,1,1,0,1,0,0,0,0,0,1,0,1,0,1,1,0,0,0,0,0,0,1,0,1,0,0,0,1,0,0,1,1,0,1,0,0,1,0,0,0,0,1,0,1,0,1,0,0,0,0,0,1,0,1,1,1,0,0,0,0,0,1,0])]).
interpretation( 9, [number = 39,seconds = 0], [
    function(Banat, [7]),
    function(Blue, [2]),
    function(Bucovina, [2]),
    function(Crisana, [8]),
    function(Dobrogea, [4]),
    function(Green, [3]),
    function(Maramures, [1]),
    function(Moldova, [3]),
    function(Muntenia, [5]),
    function(Oltenia, [6]),
    function(Red, [0]),
    function(T, [0]),
    function(Yellow, [1]),
    function(color(_), [0,1,2,1,0,2,1,8,4]),
    relation(n(_,_), [0,1,1,1,0,1,1,1,1,1,0,1,0,0,0,0,0,1,1,1,0,1,0,0,0,0,0,1,0,1,0,1,1,0,0,0,0,0,0,1,0,1,0,0,0,1,0,0,1,1,0,1,0,0,1,0,0,0,0,1,0,1,0,1,0,0,0,0,0,1,0,1,1,1,0,0,0,0,0,1,0])]).
interpretation( 9, [number = 40,seconds = 0], [
    function(Banat, [7]),
    function(Blue, [2]),
    function(Bucovina, [2]),
    function(Crisana, [8]),
    function(Dobrogea, [4]),
    function(Green, [3]),
    function(Maramures, [1]),
    function(Moldova, [3]),
    function(Muntenia, [5]),
    function(Oltenia, [6]),
    function(Red, [0]),
    function(T, [0]),
    function(Yellow, [1]),
    function(color(_), [0,1,2,1,0,2,1,8,5]),
    relation(n(_,_), [0,1,1,1,0,1,1,1,1,1,0,1,0,0,0,0,0,1,1,1,0,1,0,0,0,0,0,1,0,1,0,1,1,0,0,0,0,0,0,1,0,1,0,0,0,1,0,0,1,1,0,1,0,0,1,0,0,0,0,1,0,1,0,1,0,0,0,0,0,1,0,1,1,1,0,0,0,0,0,1,0])]).
interpretation( 9, [number = 41,seconds = 0], [
    function(Banat, [7]),
    function(Blue, [2]),
    function(Bucovina, [2]),
    function(Crisana, [8]),
    function(Dobrogea, [4]),
    function(Green, [3]),
    function(Maramures, [1]),
    function(Moldova, [3]),
    function(Muntenia, [5]),
    function(Oltenia, [6]),
    function(Red, [0]),
    function(T, [0]),
    function(Yellow, [1]),
    function(color(_), [0,1,2,1,0,2,1,8,6]),
    relation(n(_,_), [0,1,1,1,0,1,1,1,1,1,0,1,0,0,0,0,0,1,1,1,0,1,0,0,0,0,0,1,0,1,0,1,1,0,0,0,0,0,0,1,0,1,0,0,0,1,0,0,1,1,0,1,0,0,1,0,0,0,0,1,0,1,0,1,0,0,0,0,0,1,0,1,1,1,0,0,0,0,0,1,0])]).
interpretation( 9, [number = 42,seconds = 0], [
    function(Banat, [7]),
    function(Blue, [2]),
    function(Bucovina, [2]),
    function(Crisana, [8]),
    function(Dobrogea, [4]),
    function(Green, [3]),
    function(Maramures, [1]),
    function(Moldova, [3]),
    function(Muntenia, [5]),
    function(Oltenia, [6]),
    function(Red, [0]),
    function(T, [0]),
    function(Yellow, [1]),
    function(color(_), [0,1,2,1,0,2,1,8,7]),
    relation(n(_,_), [0,1,1,1,0,1,1,1,1,1,0,1,0,0,0,0,0,1,1,1,0,1,0,0,0,0,0,1,0,1,0,1,1,0,0,0,0,0,0,1,0,1,0,0,0,1,0,0,1,1,0,1,0,0,1,0,0,0,0,1,0,1,0,1,0,0,0,0,0,1,0,1,1,1,0,0,0,0,0,1,0])]).
interpretation( 9, [number = 43,seconds = 0], [
    function(Banat, [7]),
    function(Blue, [2]),
    function(Bucovina, [2]),
    function(Crisana, [8]),
    function(Dobrogea, [4]),
    function(Green, [3]),
    function(Maramures, [1]),
    function(Moldova, [3]),
    function(Muntenia, [5]),
    function(Oltenia, [6]),
    function(Red, [0]),
    function(T, [0]),
    function(Yellow, [1]),
    function(color(_), [0,1,2,1,0,2,3,1,2]),
    relation(n(_,_), [0,1,1,1,0,1,1,1,1,1,0,1,0,0,0,0,0,1,1,1,0,1,0,0,0,0,0,1,0,1,0,1,1,0,0,0,0,0,0,1,0,1,0,0,0,1,0,0,1,1,0,1,0,0,1,0,0,0,0,1,0,1,0,1,0,0,0,0,0,1,0,1,1,1,0,0,0,0,0,1,0])]).
interpretation( 9, [number = 44,seconds = 0], [
    function(Banat, [7]),
    function(Blue, [2]),
    function(Bucovina, [2]),
    function(Crisana, [8]),
    function(Dobrogea, [4]),
    function(Green, [3]),
    function(Maramures, [1]),
    function(Moldova, [3]),
    function(Muntenia, [5]),
    function(Oltenia, [6]),
    function(Red, [0]),
    function(T, [0]),
    function(Yellow, [1]),
    function(color(_), [0,1,2,1,0,2,3,1,3]),
    relation(n(_,_), [0,1,1,1,0,1,1,1,1,1,0,1,0,0,0,0,0,1,1,1,0,1,0,0,0,0,0,1,0,1,0,1,1,0,0,0,0,0,0,1,0,1,0,0,0,1,0,0,1,1,0,1,0,0,1,0,0,0,0,1,0,1,0,1,0,0,0,0,0,1,0,1,1,1,0,0,0,0,0,1,0])]).
interpretation( 9, [number = 45,seconds = 0], [
    function(Banat, [7]),
    function(Blue, [2]),
    function(Bucovina, [2]),
    function(Crisana, [8]),
    function(Dobrogea, [4]),
    function(Green, [3]),
    function(Maramures, [1]),
    function(Moldova, [3]),
    function(Muntenia, [5]),
    function(Oltenia, [6]),
    function(Red, [0]),
    function(T, [0]),
    function(Yellow, [1]),
    function(color(_), [0,1,2,1,0,2,3,1,4]),
    relation(n(_,_), [0,1,1,1,0,1,1,1,1,1,0,1,0,0,0,0,0,1,1,1,0,1,0,0,0,0,0,1,0,1,0,1,1,0,0,0,0,0,0,1,0,1,0,0,0,1,0,0,1,1,0,1,0,0,1,0,0,0,0,1,0,1,0,1,0,0,0,0,0,1,0,1,1,1,0,0,0,0,0,1,0])]).
interpretation( 9, [number = 46,seconds = 0], [
    function(Banat, [7]),
    function(Blue, [2]),
    function(Bucovina, [2]),
    function(Crisana, [8]),
    function(Dobrogea, [4]),
    function(Green, [3]),
    function(Maramures, [1]),
    function(Moldova, [3]),
    function(Muntenia, [5]),
    function(Oltenia, [6]),
    function(Red, [0]),
    function(T, [0]),
    function(Yellow, [1]),
    function(color(_), [0,1,2,1,0,2,3,1,5]),
    relation(n(_,_), [0,1,1,1,0,1,1,1,1,1,0,1,0,0,0,0,0,1,1,1,0,1,0,0,0,0,0,1,0,1,0,1,1,0,0,0,0,0,0,1,0,1,0,0,0,1,0,0,1,1,0,1,0,0,1,0,0,0,0,1,0,1,0,1,0,0,0,0,0,1,0,1,1,1,0,0,0,0,0,1,0])]).
interpretation( 9, [number = 47,seconds = 0], [
    function(Banat, [7]),
    function(Blue, [2]),
    function(Bucovina, [2]),
    function(Crisana, [8]),
    function(Dobrogea, [4]),
    function(Green, [3]),
    function(Maramures, [1]),
    function(Moldova, [3]),
    function(Muntenia, [5]),
    function(Oltenia, [6]),
    function(Red, [0]),
    function(T, [0]),
    function(Yellow, [1]),
    function(color(_), [0,1,2,1,0,2,3,1,6]),
    relation(n(_,_), [0,1,1,1,0,1,1,1,1,1,0,1,0,0,0,0,0,1,1,1,0,1,0,0,0,0,0,1,0,1,0,1,1,0,0,0,0,0,0,1,0,1,0,0,0,1,0,0,1,1,0,1,0,0,1,0,0,0,0,1,0,1,0,1,0,0,0,0,0,1,0,1,1,1,0,0,0,0,0,1,0])]).
interpretation( 9, [number = 48,seconds = 0], [
    function(Banat, [7]),
    function(Blue, [2]),
    function(Bucovina, [2]),
    function(Crisana, [8]),
    function(Dobrogea, [4]),
    function(Green, [3]),
    function(Maramures, [1]),
    function(Moldova, [3]),
    function(Muntenia, [5]),
    function(Oltenia, [6]),
    function(Red, [0]),
    function(T, [0]),
    function(Yellow, [1]),
    function(color(_), [0,1,2,1,0,2,3,1,7]),
    relation(n(_,_), [0,1,1,1,0,1,1,1,1,1,0,1,0,0,0,0,0,1,1,1,0,1,0,0,0,0,0,1,0,1,0,1,1,0,0,0,0,0,0,1,0,1,0,0,0,1,0,0,1,1,0,1,0,0,1,0,0,0,0,1,0,1,0,1,0,0,0,0,0,1,0,1,1,1,0,0,0,0,0,1,0])]).
interpretation( 9, [number = 49,seconds = 0], [
    function(Banat, [7]),
    function(Blue, [2]),
    function(Bucovina, [2]),
    function(Crisana, [8]),
    function(Dobrogea, [4]),
    function(Green, [3]),
    function(Maramures, [1]),
    function(Moldova, [3]),
    function(Muntenia, [5]),
    function(Oltenia, [6]),
    function(Red, [0]),
    function(T, [0]),
    function(Yellow, [1]),
    function(color(_), [0,1,2,1,0,2,3,1,8]),
    relation(n(_,_), [0,1,1,1,0,1,1,1,1,1,0,1,0,0,0,0,0,1,1,1,0,1,0,0,0,0,0,1,0,1,0,1,1,0,0,0,0,0,0,1,0,1,0,0,0,1,0,0,1,1,0,1,0,0,1,0,0,0,0,1,0,1,0,1,0,0,0,0,0,1,0,1,1,1,0,0,0,0,0,1,0])]).
interpretation( 9, [number = 50,seconds = 0], [
    function(Banat, [7]),
    function(Blue, [2]),
    function(Bucovina, [2]),
    function(Crisana, [8]),
    function(Dobrogea, [4]),
    function(Green, [3]),
    function(Maramures, [1]),
    function(Moldova, [3]),
    function(Muntenia, [5]),
    function(Oltenia, [6]),
    function(Red, [0]),
    function(T, [0]),
    function(Yellow, [1]),
    function(color(_), [0,1,2,1,0,2,3,2,3]),
    relation(n(_,_), [0,1,1,1,0,1,1,1,1,1,0,1,0,0,0,0,0,1,1,1,0,1,0,0,0,0,0,1,0,1,0,1,1,0,0,0,0,0,0,1,0,1,0,0,0,1,0,0,1,1,0,1,0,0,1,0,0,0,0,1,0,1,0,1,0,0,0,0,0,1,0,1,1,1,0,0,0,0,0,1,0])]).
interpretation( 9, [number = 51,seconds = 0], [
    function(Banat, [7]),
    function(Blue, [2]),
    function(Bucovina, [2]),
    function(Crisana, [8]),
    function(Dobrogea, [4]),
    function(Green, [3]),
    function(Maramures, [1]),
    function(Moldova, [3]),
    function(Muntenia, [5]),
    function(Oltenia, [6]),
    function(Red, [0]),
    function(T, [0]),
    function(Yellow, [1]),
    function(color(_), [0,1,2,1,0,2,3,2,4]),
    relation(n(_,_), [0,1,1,1,0,1,1,1,1,1,0,1,0,0,0,0,0,1,1,1,0,1,0,0,0,0,0,1,0,1,0,1,1,0,0,0,0,0,0,1,0,1,0,0,0,1,0,0,1,1,0,1,0,0,1,0,0,0,0,1,0,1,0,1,0,0,0,0,0,1,0,1,1,1,0,0,0,0,0,1,0])]).
interpretation( 9, [number = 52,seconds = 0], [
    function(Banat, [7]),
    function(Blue, [2]),
    function(Bucovina, [2]),
    function(Crisana, [8]),
    function(Dobrogea, [4]),
    function(Green, [3]),
    function(Maramures, [1]),
    function(Moldova, [3]),
    function(Muntenia, [5]),
    function(Oltenia, [6]),
    function(Red, [0]),
    function(T, [0]),
    function(Yellow, [1]),
    function(color(_), [0,1,2,1,0,2,3,2,5]),
    relation(n(_,_), [0,1,1,1,0,1,1,1,1,1,0,1,0,0,0,0,0,1,1,1,0,1,0,0,0,0,0,1,0,1,0,1,1,0,0,0,0,0,0,1,0,1,0,0,0,1,0,0,1,1,0,1,0,0,1,0,0,0,0,1,0,1,0,1,0,0,0,0,0,1,0,1,1,1,0,0,0,0,0,1,0])]).
interpretation( 9, [number = 53,seconds = 0], [
    function(Banat, [7]),
    function(Blue, [2]),
    function(Bucovina, [2]),
    function(Crisana, [8]),
    function(Dobrogea, [4]),
    function(Green, [3]),
    function(Maramures, [1]),
    function(Moldova, [3]),
    function(Muntenia, [5]),
    function(Oltenia, [6]),
    function(Red, [0]),
    function(T, [0]),
    function(Yellow, [1]),
    function(color(_), [0,1,2,1,0,2,3,2,6]),
    relation(n(_,_), [0,1,1,1,0,1,1,1,1,1,0,1,0,0,0,0,0,1,1,1,0,1,0,0,0,0,0,1,0,1,0,1,1,0,0,0,0,0,0,1,0,1,0,0,0,1,0,0,1,1,0,1,0,0,1,0,0,0,0,1,0,1,0,1,0,0,0,0,0,1,0,1,1,1,0,0,0,0,0,1,0])]).
interpretation( 9, [number = 54,seconds = 0], [
    function(Banat, [7]),
    function(Blue, [2]),
    function(Bucovina, [2]),
    function(Crisana, [8]),
    function(Dobrogea, [4]),
    function(Green, [3]),
    function(Maramures, [1]),
    function(Moldova, [3]),
    function(Muntenia, [5]),
    function(Oltenia, [6]),
    function(Red, [0]),
    function(T, [0]),
    function(Yellow, [1]),
    function(color(_), [0,1,2,1,0,2,3,2,7]),
    relation(n(_,_), [0,1,1,1,0,1,1,1,1,1,0,1,0,0,0,0,0,1,1,1,0,1,0,0,0,0,0,1,0,1,0,1,1,0,0,0,0,0,0,1,0,1,0,0,0,1,0,0,1,1,0,1,0,0,1,0,0,0,0,1,0,1,0,1,0,0,0,0,0,1,0,1,1,1,0,0,0,0,0,1,0])]).
interpretation( 9, [number = 55,seconds = 0], [
    function(Banat, [7]),
    function(Blue, [2]),
    function(Bucovina, [2]),
    function(Crisana, [8]),
    function(Dobrogea, [4]),
    function(Green, [3]),
    function(Maramures, [1]),
    function(Moldova, [3]),
    function(Muntenia, [5]),
    function(Oltenia, [6]),
    function(Red, [0]),
    function(T, [0]),
    function(Yellow, [1]),
    function(color(_), [0,1,2,1,0,2,3,2,8]),
    relation(n(_,_), [0,1,1,1,0,1,1,1,1,1,0,1,0,0,0,0,0,1,1,1,0,1,0,0,0,0,0,1,0,1,0,1,1,0,0,0,0,0,0,1,0,1,0,0,0,1,0,0,1,1,0,1,0,0,1,0,0,0,0,1,0,1,0,1,0,0,0,0,0,1,0,1,1,1,0,0,0,0,0,1,0])]).
interpretation( 9, [number = 56,seconds = 0], [
    function(Banat, [7]),
    function(Blue, [2]),
    function(Bucovina, [2]),
    function(Crisana, [8]),
    function(Dobrogea, [4]),
    function(Green, [3]),
    function(Maramures, [1]),
    function(Moldova, [3]),
    function(Muntenia, [5]),
    function(Oltenia, [6]),
    function(Red, [0]),
    function(T, [0]),
    function(Yellow, [1]),
    function(color(_), [0,1,2,1,0,2,3,4,2]),
    relation(n(_,_), [0,1,1,1,0,1,1,1,1,1,0,1,0,0,0,0,0,1,1,1,0,1,0,0,0,0,0,1,0,1,0,1,1,0,0,0,0,0,0,1,0,1,0,0,0,1,0,0,1,1,0,1,0,0,1,0,0,0,0,1,0,1,0,1,0,0,0,0,0,1,0,1,1,1,0,0,0,0,0,1,0])]).
interpretation( 9, [number = 57,seconds = 0], [
    function(Banat, [7]),
    function(Blue, [2]),
    function(Bucovina, [2]),
    function(Crisana, [8]),
    function(Dobrogea, [4]),
    function(Green, [3]),
    function(Maramures, [1]),
    function(Moldova, [3]),
    function(Muntenia, [5]),
    function(Oltenia, [6]),
    function(Red, [0]),
    function(T, [0]),
    function(Yellow, [1]),
    function(color(_), [0,1,2,1,0,2,3,4,3]),
    relation(n(_,_), [0,1,1,1,0,1,1,1,1,1,0,1,0,0,0,0,0,1,1,1,0,1,0,0,0,0,0,1,0,1,0,1,1,0,0,0,0,0,0,1,0,1,0,0,0,1,0,0,1,1,0,1,0,0,1,0,0,0,0,1,0,1,0,1,0,0,0,0,0,1,0,1,1,1,0,0,0,0,0,1,0])]).
interpretation( 9, [number = 58,seconds = 0], [
    function(Banat, [7]),
    function(Blue, [2]),
    function(Bucovina, [2]),
    function(Crisana, [8]),
    function(Dobrogea, [4]),
    function(Green, [3]),
    function(Maramures, [1]),
    function(Moldova, [3]),
    function(Muntenia, [5]),
    function(Oltenia, [6]),
    function(Red, [0]),
    function(T, [0]),
    function(Yellow, [1]),
    function(color(_), [0,1,2,1,0,2,3,4,5]),
    relation(n(_,_), [0,1,1,1,0,1,1,1,1,1,0,1,0,0,0,0,0,1,1,1,0,1,0,0,0,0,0,1,0,1,0,1,1,0,0,0,0,0,0,1,0,1,0,0,0,1,0,0,1,1,0,1,0,0,1,0,0,0,0,1,0,1,0,1,0,0,0,0,0,1,0,1,1,1,0,0,0,0,0,1,0])]).
interpretation( 9, [number = 59,seconds = 0], [
    function(Banat, [7]),
    function(Blue, [2]),
    function(Bucovina, [2]),
    function(Crisana, [8]),
    function(Dobrogea, [4]),
    function(Green, [3]),
    function(Maramures, [1]),
    function(Moldova, [3]),
    function(Muntenia, [5]),
    function(Oltenia, [6]),
    function(Red, [0]),
    function(T, [0]),
    function(Yellow, [1]),
    function(color(_), [0,1,2,1,0,2,3,4,6]),
    relation(n(_,_), [0,1,1,1,0,1,1,1,1,1,0,1,0,0,0,0,0,1,1,1,0,1,0,0,0,0,0,1,0,1,0,1,1,0,0,0,0,0,0,1,0,1,0,0,0,1,0,0,1,1,0,1,0,0,1,0,0,0,0,1,0,1,0,1,0,0,0,0,0,1,0,1,1,1,0,0,0,0,0,1,0])]).
interpretation( 9, [number = 60,seconds = 0], [
    function(Banat, [7]),
    function(Blue, [2]),
    function(Bucovina, [2]),
    function(Crisana, [8]),
    function(Dobrogea, [4]),
    function(Green, [3]),
    function(Maramures, [1]),
    function(Moldova, [3]),
    function(Muntenia, [5]),
    function(Oltenia, [6]),
    function(Red, [0]),
    function(T, [0]),
    function(Yellow, [1]),
    function(color(_), [0,1,2,1,0,2,3,4,7]),
    relation(n(_,_), [0,1,1,1,0,1,1,1,1,1,0,1,0,0,0,0,0,1,1,1,0,1,0,0,0,0,0,1,0,1,0,1,1,0,0,0,0,0,0,1,0,1,0,0,0,1,0,0,1,1,0,1,0,0,1,0,0,0,0,1,0,1,0,1,0,0,0,0,0,1,0,1,1,1,0,0,0,0,0,1,0])]).
interpretation( 9, [number = 61,seconds = 0], [
    function(Banat, [7]),
    function(Blue, [2]),
    function(Bucovina, [2]),
    function(Crisana, [8]),
    function(Dobrogea, [4]),
    function(Green, [3]),
    function(Maramures, [1]),
    function(Moldova, [3]),
    function(Muntenia, [5]),
    function(Oltenia, [6]),
    function(Red, [0]),
    function(T, [0]),
    function(Yellow, [1]),
    function(color(_), [0,1,2,1,0,2,3,4,8]),
    relation(n(_,_), [0,1,1,1,0,1,1,1,1,1,0,1,0,0,0,0,0,1,1,1,0,1,0,0,0,0,0,1,0,1,0,1,1,0,0,0,0,0,0,1,0,1,0,0,0,1,0,0,1,1,0,1,0,0,1,0,0,0,0,1,0,1,0,1,0,0,0,0,0,1,0,1,1,1,0,0,0,0,0,1,0])]).
interpretation( 9, [number = 62,seconds = 0], [
    function(Banat, [7]),
    function(Blue, [2]),
    function(Bucovina, [2]),
    function(Crisana, [8]),
    function(Dobrogea, [4]),
    function(Green, [3]),
    function(Maramures, [1]),
    function(Moldova, [3]),
    function(Muntenia, [5]),
    function(Oltenia, [6]),
    function(Red, [0]),
    function(T, [0]),
    function(Yellow, [1]),
    function(color(_), [0,1,2,1,0,2,3,5,2]),
    relation(n(_,_), [0,1,1,1,0,1,1,1,1,1,0,1,0,0,0,0,0,1,1,1,0,1,0,0,0,0,0,1,0,1,0,1,1,0,0,0,0,0,0,1,0,1,0,0,0,1,0,0,1,1,0,1,0,0,1,0,0,0,0,1,0,1,0,1,0,0,0,0,0,1,0,1,1,1,0,0,0,0,0,1,0])]).
interpretation( 9, [number = 63,seconds = 0], [
    function(Banat, [7]),
    function(Blue, [2]),
    function(Bucovina, [2]),
    function(Crisana, [8]),
    function(Dobrogea, [4]),
    function(Green, [3]),
    function(Maramures, [1]),
    function(Moldova, [3]),
    function(Muntenia, [5]),
    function(Oltenia, [6]),
    function(Red, [0]),
    function(T, [0]),
    function(Yellow, [1]),
    function(color(_), [0,1,2,1,0,2,3,5,3]),
    relation(n(_,_), [0,1,1,1,0,1,1,1,1,1,0,1,0,0,0,0,0,1,1,1,0,1,0,0,0,0,0,1,0,1,0,1,1,0,0,0,0,0,0,1,0,1,0,0,0,1,0,0,1,1,0,1,0,0,1,0,0,0,0,1,0,1,0,1,0,0,0,0,0,1,0,1,1,1,0,0,0,0,0,1,0])]).
interpretation( 9, [number = 64,seconds = 0], [
    function(Banat, [7]),
    function(Blue, [2]),
    function(Bucovina, [2]),
    function(Crisana, [8]),
    function(Dobrogea, [4]),
    function(Green, [3]),
    function(Maramures, [1]),
    function(Moldova, [3]),
    function(Muntenia, [5]),
    function(Oltenia, [6]),
    function(Red, [0]),
    function(T, [0]),
    function(Yellow, [1]),
    function(color(_), [0,1,2,1,0,2,3,5,4]),
    relation(n(_,_), [0,1,1,1,0,1,1,1,1,1,0,1,0,0,0,0,0,1,1,1,0,1,0,0,0,0,0,1,0,1,0,1,1,0,0,0,0,0,0,1,0,1,0,0,0,1,0,0,1,1,0,1,0,0,1,0,0,0,0,1,0,1,0,1,0,0,0,0,0,1,0,1,1,1,0,0,0,0,0,1,0])]).
interpretation( 9, [number = 65,seconds = 0], [
    function(Banat, [7]),
    function(Blue, [2]),
    function(Bucovina, [2]),
    function(Crisana, [8]),
    function(Dobrogea, [4]),
    function(Green, [3]),
    function(Maramures, [1]),
    function(Moldova, [3]),
    function(Muntenia, [5]),
    function(Oltenia, [6]),
    function(Red, [0]),
    function(T, [0]),
    function(Yellow, [1]),
    function(color(_), [0,1,2,1,0,2,3,5,6]),
    relation(n(_,_), [0,1,1,1,0,1,1,1,1,1,0,1,0,0,0,0,0,1,1,1,0,1,0,0,0,0,0,1,0,1,0,1,1,0,0,0,0,0,0,1,0,1,0,0,0,1,0,0,1,1,0,1,0,0,1,0,0,0,0,1,0,1,0,1,0,0,0,0,0,1,0,1,1,1,0,0,0,0,0,1,0])]).
interpretation( 9, [number = 66,seconds = 0], [
    function(Banat, [7]),
    function(Blue, [2]),
    function(Bucovina, [2]),
    function(Crisana, [8]),
    function(Dobrogea, [4]),
    function(Green, [3]),
    function(Maramures, [1]),
    function(Moldova, [3]),
    function(Muntenia, [5]),
    function(Oltenia, [6]),
    function(Red, [0]),
    function(T, [0]),
    function(Yellow, [1]),
    function(color(_), [0,1,2,1,0,2,3,5,7]),
    relation(n(_,_), [0,1,1,1,0,1,1,1,1,1,0,1,0,0,0,0,0,1,1,1,0,1,0,0,0,0,0,1,0,1,0,1,1,0,0,0,0,0,0,1,0,1,0,0,0,1,0,0,1,1,0,1,0,0,1,0,0,0,0,1,0,1,0,1,0,0,0,0,0,1,0,1,1,1,0,0,0,0,0,1,0])]).
interpretation( 9, [number = 67,seconds = 0], [
    function(Banat, [7]),
    function(Blue, [2]),
    function(Bucovina, [2]),
    function(Crisana, [8]),
    function(Dobrogea, [4]),
    function(Green, [3]),
    function(Maramures, [1]),
    function(Moldova, [3]),
    function(Muntenia, [5]),
    function(Oltenia, [6]),
    function(Red, [0]),
    function(T, [0]),
    function(Yellow, [1]),
    function(color(_), [0,1,2,1,0,2,3,5,8]),
    relation(n(_,_), [0,1,1,1,0,1,1,1,1,1,0,1,0,0,0,0,0,1,1,1,0,1,0,0,0,0,0,1,0,1,0,1,1,0,0,0,0,0,0,1,0,1,0,0,0,1,0,0,1,1,0,1,0,0,1,0,0,0,0,1,0,1,0,1,0,0,0,0,0,1,0,1,1,1,0,0,0,0,0,1,0])]).
interpretation( 9, [number = 68,seconds = 0], [
    function(Banat, [7]),
    function(Blue, [2]),
    function(Bucovina, [2]),
    function(Crisana, [8]),
    function(Dobrogea, [4]),
    function(Green, [3]),
    function(Maramures, [1]),
    function(Moldova, [3]),
    function(Muntenia, [5]),
    function(Oltenia, [6]),
    function(Red, [0]),
    function(T, [0]),
    function(Yellow, [1]),
    function(color(_), [0,1,2,1,0,2,3,6,2]),
    relation(n(_,_), [0,1,1,1,0,1,1,1,1,1,0,1,0,0,0,0,0,1,1,1,0,1,0,0,0,0,0,1,0,1,0,1,1,0,0,0,0,0,0,1,0,1,0,0,0,1,0,0,1,1,0,1,0,0,1,0,0,0,0,1,0,1,0,1,0,0,0,0,0,1,0,1,1,1,0,0,0,0,0,1,0])]).
interpretation( 9, [number = 69,seconds = 0], [
    function(Banat, [7]),
    function(Blue, [2]),
    function(Bucovina, [2]),
    function(Crisana, [8]),
    function(Dobrogea, [4]),
    function(Green, [3]),
    function(Maramures, [1]),
    function(Moldova, [3]),
    function(Muntenia, [5]),
    function(Oltenia, [6]),
    function(Red, [0]),
    function(T, [0]),
    function(Yellow, [1]),
    function(color(_), [0,1,2,1,0,2,3,6,3]),
    relation(n(_,_), [0,1,1,1,0,1,1,1,1,1,0,1,0,0,0,0,0,1,1,1,0,1,0,0,0,0,0,1,0,1,0,1,1,0,0,0,0,0,0,1,0,1,0,0,0,1,0,0,1,1,0,1,0,0,1,0,0,0,0,1,0,1,0,1,0,0,0,0,0,1,0,1,1,1,0,0,0,0,0,1,0])]).
interpretation( 9, [number = 70,seconds = 0], [
    function(Banat, [7]),
    function(Blue, [2]),
    function(Bucovina, [2]),
    function(Crisana, [8]),
    function(Dobrogea, [4]),
    function(Green, [3]),
    function(Maramures, [1]),
    function(Moldova, [3]),
    function(Muntenia, [5]),
    function(Oltenia, [6]),
    function(Red, [0]),
    function(T, [0]),
    function(Yellow, [1]),
    function(color(_), [0,1,2,1,0,2,3,6,4]),
    relation(n(_,_), [0,1,1,1,0,1,1,1,1,1,0,1,0,0,0,0,0,1,1,1,0,1,0,0,0,0,0,1,0,1,0,1,1,0,0,0,0,0,0,1,0,1,0,0,0,1,0,0,1,1,0,1,0,0,1,0,0,0,0,1,0,1,0,1,0,0,0,0,0,1,0,1,1,1,0,0,0,0,0,1,0])]).
interpretation( 9, [number = 71,seconds = 0], [
    function(Banat, [7]),
    function(Blue, [2]),
    function(Bucovina, [2]),
    function(Crisana, [8]),
    function(Dobrogea, [4]),
    function(Green, [3]),
    function(Maramures, [1]),
    function(Moldova, [3]),
    function(Muntenia, [5]),
    function(Oltenia, [6]),
    function(Red, [0]),
    function(T, [0]),
    function(Yellow, [1]),
    function(color(_), [0,1,2,1,0,2,3,6,5]),
    relation(n(_,_), [0,1,1,1,0,1,1,1,1,1,0,1,0,0,0,0,0,1,1,1,0,1,0,0,0,0,0,1,0,1,0,1,1,0,0,0,0,0,0,1,0,1,0,0,0,1,0,0,1,1,0,1,0,0,1,0,0,0,0,1,0,1,0,1,0,0,0,0,0,1,0,1,1,1,0,0,0,0,0,1,0])]).
interpretation( 9, [number = 72,seconds = 0], [
    function(Banat, [7]),
    function(Blue, [2]),
    function(Bucovina, [2]),
    function(Crisana, [8]),
    function(Dobrogea, [4]),
    function(Green, [3]),
    function(Maramures, [1]),
    function(Moldova, [3]),
    function(Muntenia, [5]),
    function(Oltenia, [6]),
    function(Red, [0]),
    function(T, [0]),
    function(Yellow, [1]),
    function(color(_), [0,1,2,1,0,2,3,6,7]),
    relation(n(_,_), [0,1,1,1,0,1,1,1,1,1,0,1,0,0,0,0,0,1,1,1,0,1,0,0,0,0,0,1,0,1,0,1,1,0,0,0,0,0,0,1,0,1,0,0,0,1,0,0,1,1,0,1,0,0,1,0,0,0,0,1,0,1,0,1,0,0,0,0,0,1,0,1,1,1,0,0,0,0,0,1,0])]).
interpretation( 9, [number = 73,seconds = 0], [
    function(Banat, [7]),
    function(Blue, [2]),
    function(Bucovina, [2]),
    function(Crisana, [8]),
    function(Dobrogea, [4]),
    function(Green, [3]),
    function(Maramures, [1]),
    function(Moldova, [3]),
    function(Muntenia, [5]),
    function(Oltenia, [6]),
    function(Red, [0]),
    function(T, [0]),
    function(Yellow, [1]),
    function(color(_), [0,1,2,1,0,2,3,6,8]),
    relation(n(_,_), [0,1,1,1,0,1,1,1,1,1,0,1,0,0,0,0,0,1,1,1,0,1,0,0,0,0,0,1,0,1,0,1,1,0,0,0,0,0,0,1,0,1,0,0,0,1,0,0,1,1,0,1,0,0,1,0,0,0,0,1,0,1,0,1,0,0,0,0,0,1,0,1,1,1,0,0,0,0,0,1,0])]).
interpretation( 9, [number = 74,seconds = 0], [
    function(Banat, [7]),
    function(Blue, [2]),
    function(Bucovina, [2]),
    function(Crisana, [8]),
    function(Dobrogea, [4]),
    function(Green, [3]),
    function(Maramures, [1]),
    function(Moldova, [3]),
    function(Muntenia, [5]),
    function(Oltenia, [6]),
    function(Red, [0]),
    function(T, [0]),
    function(Yellow, [1]),
    function(color(_), [0,1,2,1,0,2,3,7,2]),
    relation(n(_,_), [0,1,1,1,0,1,1,1,1,1,0,1,0,0,0,0,0,1,1,1,0,1,0,0,0,0,0,1,0,1,0,1,1,0,0,0,0,0,0,1,0,1,0,0,0,1,0,0,1,1,0,1,0,0,1,0,0,0,0,1,0,1,0,1,0,0,0,0,0,1,0,1,1,1,0,0,0,0,0,1,0])]).
interpretation( 9, [number = 75,seconds = 0], [
    function(Banat, [7]),
    function(Blue, [2]),
    function(Bucovina, [2]),
    function(Crisana, [8]),
    function(Dobrogea, [4]),
    function(Green, [3]),
    function(Maramures, [1]),
    function(Moldova, [3]),
    function(Muntenia, [5]),
    function(Oltenia, [6]),
    function(Red, [0]),
    function(T, [0]),
    function(Yellow, [1]),
    function(color(_), [0,1,2,1,0,2,3,7,3]),
    relation(n(_,_), [0,1,1,1,0,1,1,1,1,1,0,1,0,0,0,0,0,1,1,1,0,1,0,0,0,0,0,1,0,1,0,1,1,0,0,0,0,0,0,1,0,1,0,0,0,1,0,0,1,1,0,1,0,0,1,0,0,0,0,1,0,1,0,1,0,0,0,0,0,1,0,1,1,1,0,0,0,0,0,1,0])]).
interpretation( 9, [number = 76,seconds = 0], [
    function(Banat, [7]),
    function(Blue, [2]),
    function(Bucovina, [2]),
    function(Crisana, [8]),
    function(Dobrogea, [4]),
    function(Green, [3]),
    function(Maramures, [1]),
    function(Moldova, [3]),
    function(Muntenia, [5]),
    function(Oltenia, [6]),
    function(Red, [0]),
    function(T, [0]),
    function(Yellow, [1]),
    function(color(_), [0,1,2,1,0,2,3,7,4]),
    relation(n(_,_), [0,1,1,1,0,1,1,1,1,1,0,1,0,0,0,0,0,1,1,1,0,1,0,0,0,0,0,1,0,1,0,1,1,0,0,0,0,0,0,1,0,1,0,0,0,1,0,0,1,1,0,1,0,0,1,0,0,0,0,1,0,1,0,1,0,0,0,0,0,1,0,1,1,1,0,0,0,0,0,1,0])]).
interpretation( 9, [number = 77,seconds = 0], [
    function(Banat, [7]),
    function(Blue, [2]),
    function(Bucovina, [2]),
    function(Crisana, [8]),
    function(Dobrogea, [4]),
    function(Green, [3]),
    function(Maramures, [1]),
    function(Moldova, [3]),
    function(Muntenia, [5]),
    function(Oltenia, [6]),
    function(Red, [0]),
    function(T, [0]),
    function(Yellow, [1]),
    function(color(_), [0,1,2,1,0,2,3,7,5]),
    relation(n(_,_), [0,1,1,1,0,1,1,1,1,1,0,1,0,0,0,0,0,1,1,1,0,1,0,0,0,0,0,1,0,1,0,1,1,0,0,0,0,0,0,1,0,1,0,0,0,1,0,0,1,1,0,1,0,0,1,0,0,0,0,1,0,1,0,1,0,0,0,0,0,1,0,1,1,1,0,0,0,0,0,1,0])]).
interpretation( 9, [number = 78,seconds = 0], [
    function(Banat, [7]),
    function(Blue, [2]),
    function(Bucovina, [2]),
    function(Crisana, [8]),
    function(Dobrogea, [4]),
    function(Green, [3]),
    function(Maramures, [1]),
    function(Moldova, [3]),
    function(Muntenia, [5]),
    function(Oltenia, [6]),
    function(Red, [0]),
    function(T, [0]),
    function(Yellow, [1]),
    function(color(_), [0,1,2,1,0,2,3,7,6]),
    relation(n(_,_), [0,1,1,1,0,1,1,1,1,1,0,1,0,0,0,0,0,1,1,1,0,1,0,0,0,0,0,1,0,1,0,1,1,0,0,0,0,0,0,1,0,1,0,0,0,1,0,0,1,1,0,1,0,0,1,0,0,0,0,1,0,1,0,1,0,0,0,0,0,1,0,1,1,1,0,0,0,0,0,1,0])]).
interpretation( 9, [number = 79,seconds = 0], [
    function(Banat, [7]),
    function(Blue, [2]),
    function(Bucovina, [2]),
    function(Crisana, [8]),
    function(Dobrogea, [4]),
    function(Green, [3]),
    function(Maramures, [1]),
    function(Moldova, [3]),
    function(Muntenia, [5]),
    function(Oltenia, [6]),
    function(Red, [0]),
    function(T, [0]),
    function(Yellow, [1]),
    function(color(_), [0,1,2,1,0,2,3,7,8]),
    relation(n(_,_), [0,1,1,1,0,1,1,1,1,1,0,1,0,0,0,0,0,1,1,1,0,1,0,0,0,0,0,1,0,1,0,1,1,0,0,0,0,0,0,1,0,1,0,0,0,1,0,0,1,1,0,1,0,0,1,0,0,0,0,1,0,1,0,1,0,0,0,0,0,1,0,1,1,1,0,0,0,0,0,1,0])]).
interpretation( 9, [number = 80,seconds = 0], [
    function(Banat, [7]),
    function(Blue, [2]),
    function(Bucovina, [2]),
    function(Crisana, [8]),
    function(Dobrogea, [4]),
    function(Green, [3]),
    function(Maramures, [1]),
    function(Moldova, [3]),
    function(Muntenia, [5]),
    function(Oltenia, [6]),
    function(Red, [0]),
    function(T, [0]),
    function(Yellow, [1]),
    function(color(_), [0,1,2,1,0,2,3,8,2]),
    relation(n(_,_), [0,1,1,1,0,1,1,1,1,1,0,1,0,0,0,0,0,1,1,1,0,1,0,0,0,0,0,1,0,1,0,1,1,0,0,0,0,0,0,1,0,1,0,0,0,1,0,0,1,1,0,1,0,0,1,0,0,0,0,1,0,1,0,1,0,0,0,0,0,1,0,1,1,1,0,0,0,0,0,1,0])]).
interpretation( 9, [number = 81,seconds = 0], [
    function(Banat, [7]),
    function(Blue, [2]),
    function(Bucovina, [2]),
    function(Crisana, [8]),
    function(Dobrogea, [4]),
    function(Green, [3]),
    function(Maramures, [1]),
    function(Moldova, [3]),
    function(Muntenia, [5]),
    function(Oltenia, [6]),
    function(Red, [0]),
    function(T, [0]),
    function(Yellow, [1]),
    function(color(_), [0,1,2,1,0,2,3,8,3]),
    relation(n(_,_), [0,1,1,1,0,1,1,1,1,1,0,1,0,0,0,0,0,1,1,1,0,1,0,0,0,0,0,1,0,1,0,1,1,0,0,0,0,0,0,1,0,1,0,0,0,1,0,0,1,1,0,1,0,0,1,0,0,0,0,1,0,1,0,1,0,0,0,0,0,1,0,1,1,1,0,0,0,0,0,1,0])]).
interpretation( 9, [number = 82,seconds = 0], [
    function(Banat, [7]),
    function(Blue, [2]),
    function(Bucovina, [2]),
    function(Crisana, [8]),
    function(Dobrogea, [4]),
    function(Green, [3]),
    function(Maramures, [1]),
    function(Moldova, [3]),
    function(Muntenia, [5]),
    function(Oltenia, [6]),
    function(Red, [0]),
    function(T, [0]),
    function(Yellow, [1]),
    function(color(_), [0,1,2,1,0,2,3,8,4]),
    relation(n(_,_), [0,1,1,1,0,1,1,1,1,1,0,1,0,0,0,0,0,1,1,1,0,1,0,0,0,0,0,1,0,1,0,1,1,0,0,0,0,0,0,1,0,1,0,0,0,1,0,0,1,1,0,1,0,0,1,0,0,0,0,1,0,1,0,1,0,0,0,0,0,1,0,1,1,1,0,0,0,0,0,1,0])]).
interpretation( 9, [number = 83,seconds = 0], [
    function(Banat, [7]),
    function(Blue, [2]),
    function(Bucovina, [2]),
    function(Crisana, [8]),
    function(Dobrogea, [4]),
    function(Green, [3]),
    function(Maramures, [1]),
    function(Moldova, [3]),
    function(Muntenia, [5]),
    function(Oltenia, [6]),
    function(Red, [0]),
    function(T, [0]),
    function(Yellow, [1]),
    function(color(_), [0,1,2,1,0,2,3,8,5]),
    relation(n(_,_), [0,1,1,1,0,1,1,1,1,1,0,1,0,0,0,0,0,1,1,1,0,1,0,0,0,0,0,1,0,1,0,1,1,0,0,0,0,0,0,1,0,1,0,0,0,1,0,0,1,1,0,1,0,0,1,0,0,0,0,1,0,1,0,1,0,0,0,0,0,1,0,1,1,1,0,0,0,0,0,1,0])]).
interpretation( 9, [number = 84,seconds = 0], [
    function(Banat, [7]),
    function(Blue, [2]),
    function(Bucovina, [2]),
    function(Crisana, [8]),
    function(Dobrogea, [4]),
    function(Green, [3]),
    function(Maramures, [1]),
    function(Moldova, [3]),
    function(Muntenia, [5]),
    function(Oltenia, [6]),
    function(Red, [0]),
    function(T, [0]),
    function(Yellow, [1]),
    function(color(_), [0,1,2,1,0,2,3,8,6]),
    relation(n(_,_), [0,1,1,1,0,1,1,1,1,1,0,1,0,0,0,0,0,1,1,1,0,1,0,0,0,0,0,1,0,1,0,1,1,0,0,0,0,0,0,1,0,1,0,0,0,1,0,0,1,1,0,1,0,0,1,0,0,0,0,1,0,1,0,1,0,0,0,0,0,1,0,1,1,1,0,0,0,0,0,1,0])]).
interpretation( 9, [number = 85,seconds = 0], [
    function(Banat, [7]),
    function(Blue, [2]),
    function(Bucovina, [2]),
    function(Crisana, [8]),
    function(Dobrogea, [4]),
    function(Green, [3]),
    function(Maramures, [1]),
    function(Moldova, [3]),
    function(Muntenia, [5]),
    function(Oltenia, [6]),
    function(Red, [0]),
    function(T, [0]),
    function(Yellow, [1]),
    function(color(_), [0,1,2,1,0,2,3,8,7]),
    relation(n(_,_), [0,1,1,1,0,1,1,1,1,1,0,1,0,0,0,0,0,1,1,1,0,1,0,0,0,0,0,1,0,1,0,1,1,0,0,0,0,0,0,1,0,1,0,0,0,1,0,0,1,1,0,1,0,0,1,0,0,0,0,1,0,1,0,1,0,0,0,0,0,1,0,1,1,1,0,0,0,0,0,1,0])]).
interpretation( 9, [number = 86,seconds = 0], [
    function(Banat, [7]),
    function(Blue, [2]),
    function(Bucovina, [2]),
    function(Crisana, [8]),
    function(Dobrogea, [4]),
    function(Green, [3]),
    function(Maramures, [1]),
    function(Moldova, [3]),
    function(Muntenia, [5]),
    function(Oltenia, [6]),
    function(Red, [0]),
    function(T, [0]),
    function(Yellow, [1]),
    function(color(_), [0,1,2,1,0,2,4,1,2]),
    relation(n(_,_), [0,1,1,1,0,1,1,1,1,1,0,1,0,0,0,0,0,1,1,1,0,1,0,0,0,0,0,1,0,1,0,1,1,0,0,0,0,0,0,1,0,1,0,0,0,1,0,0,1,1,0,1,0,0,1,0,0,0,0,1,0,1,0,1,0,0,0,0,0,1,0,1,1,1,0,0,0,0,0,1,0])]).
interpretation( 9, [number = 87,seconds = 0], [
    function(Banat, [7]),
    function(Blue, [2]),
    function(Bucovina, [2]),
    function(Crisana, [8]),
    function(Dobrogea, [4]),
    function(Green, [3]),
    function(Maramures, [1]),
    function(Moldova, [3]),
    function(Muntenia, [5]),
    function(Oltenia, [6]),
    function(Red, [0]),
    function(T, [0]),
    function(Yellow, [1]),
    function(color(_), [0,1,2,1,0,2,4,1,3]),
    relation(n(_,_), [0,1,1,1,0,1,1,1,1,1,0,1,0,0,0,0,0,1,1,1,0,1,0,0,0,0,0,1,0,1,0,1,1,0,0,0,0,0,0,1,0,1,0,0,0,1,0,0,1,1,0,1,0,0,1,0,0,0,0,1,0,1,0,1,0,0,0,0,0,1,0,1,1,1,0,0,0,0,0,1,0])]).
interpretation( 9, [number = 88,seconds = 0], [
    function(Banat, [7]),
    function(Blue, [2]),
    function(Bucovina, [2]),
    function(Crisana, [8]),
    function(Dobrogea, [4]),
    function(Green, [3]),
    function(Maramures, [1]),
    function(Moldova, [3]),
    function(Muntenia, [5]),
    function(Oltenia, [6]),
    function(Red, [0]),
    function(T, [0]),
    function(Yellow, [1]),
    function(color(_), [0,1,2,1,0,2,4,1,4]),
    relation(n(_,_), [0,1,1,1,0,1,1,1,1,1,0,1,0,0,0,0,0,1,1,1,0,1,0,0,0,0,0,1,0,1,0,1,1,0,0,0,0,0,0,1,0,1,0,0,0,1,0,0,1,1,0,1,0,0,1,0,0,0,0,1,0,1,0,1,0,0,0,0,0,1,0,1,1,1,0,0,0,0,0,1,0])]).
interpretation( 9, [number = 89,seconds = 0], [
    function(Banat, [7]),
    function(Blue, [2]),
    function(Bucovina, [2]),
    function(Crisana, [8]),
    function(Dobrogea, [4]),
    function(Green, [3]),
    function(Maramures, [1]),
    function(Moldova, [3]),
    function(Muntenia, [5]),
    function(Oltenia, [6]),
    function(Red, [0]),
    function(T, [0]),
    function(Yellow, [1]),
    function(color(_), [0,1,2,1,0,2,4,1,5]),
    relation(n(_,_), [0,1,1,1,0,1,1,1,1,1,0,1,0,0,0,0,0,1,1,1,0,1,0,0,0,0,0,1,0,1,0,1,1,0,0,0,0,0,0,1,0,1,0,0,0,1,0,0,1,1,0,1,0,0,1,0,0,0,0,1,0,1,0,1,0,0,0,0,0,1,0,1,1,1,0,0,0,0,0,1,0])]).
interpretation( 9, [number = 90,seconds = 0], [
    function(Banat, [7]),
    function(Blue, [2]),
    function(Bucovina, [2]),
    function(Crisana, [8]),
    function(Dobrogea, [4]),
    function(Green, [3]),
    function(Maramures, [1]),
    function(Moldova, [3]),
    function(Muntenia, [5]),
    function(Oltenia, [6]),
    function(Red, [0]),
    function(T, [0]),
    function(Yellow, [1]),
    function(color(_), [0,1,2,1,0,2,4,1,6]),
    relation(n(_,_), [0,1,1,1,0,1,1,1,1,1,0,1,0,0,0,0,0,1,1,1,0,1,0,0,0,0,0,1,0,1,0,1,1,0,0,0,0,0,0,1,0,1,0,0,0,1,0,0,1,1,0,1,0,0,1,0,0,0,0,1,0,1,0,1,0,0,0,0,0,1,0,1,1,1,0,0,0,0,0,1,0])]).
interpretation( 9, [number = 91,seconds = 0], [
    function(Banat, [7]),
    function(Blue, [2]),
    function(Bucovina, [2]),
    function(Crisana, [8]),
    function(Dobrogea, [4]),
    function(Green, [3]),
    function(Maramures, [1]),
    function(Moldova, [3]),
    function(Muntenia, [5]),
    function(Oltenia, [6]),
    function(Red, [0]),
    function(T, [0]),
    function(Yellow, [1]),
    function(color(_), [0,1,2,1,0,2,4,1,7]),
    relation(n(_,_), [0,1,1,1,0,1,1,1,1,1,0,1,0,0,0,0,0,1,1,1,0,1,0,0,0,0,0,1,0,1,0,1,1,0,0,0,0,0,0,1,0,1,0,0,0,1,0,0,1,1,0,1,0,0,1,0,0,0,0,1,0,1,0,1,0,0,0,0,0,1,0,1,1,1,0,0,0,0,0,1,0])]).
interpretation( 9, [number = 92,seconds = 0], [
    function(Banat, [7]),
    function(Blue, [2]),
    function(Bucovina, [2]),
    function(Crisana, [8]),
    function(Dobrogea, [4]),
    function(Green, [3]),
    function(Maramures, [1]),
    function(Moldova, [3]),
    function(Muntenia, [5]),
    function(Oltenia, [6]),
    function(Red, [0]),
    function(T, [0]),
    function(Yellow, [1]),
    function(color(_), [0,1,2,1,0,2,4,1,8]),
    relation(n(_,_), [0,1,1,1,0,1,1,1,1,1,0,1,0,0,0,0,0,1,1,1,0,1,0,0,0,0,0,1,0,1,0,1,1,0,0,0,0,0,0,1,0,1,0,0,0,1,0,0,1,1,0,1,0,0,1,0,0,0,0,1,0,1,0,1,0,0,0,0,0,1,0,1,1,1,0,0,0,0,0,1,0])]).
interpretation( 9, [number = 93,seconds = 0], [
    function(Banat, [7]),
    function(Blue, [2]),
    function(Bucovina, [2]),
    function(Crisana, [8]),
    function(Dobrogea, [4]),
    function(Green, [3]),
    function(Maramures, [1]),
    function(Moldova, [3]),
    function(Muntenia, [5]),
    function(Oltenia, [6]),
    function(Red, [0]),
    function(T, [0]),
    function(Yellow, [1]),
    function(color(_), [0,1,2,1,0,2,4,2,3]),
    relation(n(_,_), [0,1,1,1,0,1,1,1,1,1,0,1,0,0,0,0,0,1,1,1,0,1,0,0,0,0,0,1,0,1,0,1,1,0,0,0,0,0,0,1,0,1,0,0,0,1,0,0,1,1,0,1,0,0,1,0,0,0,0,1,0,1,0,1,0,0,0,0,0,1,0,1,1,1,0,0,0,0,0,1,0])]).
interpretation( 9, [number = 94,seconds = 0], [
    function(Banat, [7]),
    function(Blue, [2]),
    function(Bucovina, [2]),
    function(Crisana, [8]),
    function(Dobrogea, [4]),
    function(Green, [3]),
    function(Maramures, [1]),
    function(Moldova, [3]),
    function(Muntenia, [5]),
    function(Oltenia, [6]),
    function(Red, [0]),
    function(T, [0]),
    function(Yellow, [1]),
    function(color(_), [0,1,2,1,0,2,4,2,4]),
    relation(n(_,_), [0,1,1,1,0,1,1,1,1,1,0,1,0,0,0,0,0,1,1,1,0,1,0,0,0,0,0,1,0,1,0,1,1,0,0,0,0,0,0,1,0,1,0,0,0,1,0,0,1,1,0,1,0,0,1,0,0,0,0,1,0,1,0,1,0,0,0,0,0,1,0,1,1,1,0,0,0,0,0,1,0])]).
interpretation( 9, [number = 95,seconds = 0], [
    function(Banat, [7]),
    function(Blue, [2]),
    function(Bucovina, [2]),
    function(Crisana, [8]),
    function(Dobrogea, [4]),
    function(Green, [3]),
    function(Maramures, [1]),
    function(Moldova, [3]),
    function(Muntenia, [5]),
    function(Oltenia, [6]),
    function(Red, [0]),
    function(T, [0]),
    function(Yellow, [1]),
    function(color(_), [0,1,2,1,0,2,4,2,5]),
    relation(n(_,_), [0,1,1,1,0,1,1,1,1,1,0,1,0,0,0,0,0,1,1,1,0,1,0,0,0,0,0,1,0,1,0,1,1,0,0,0,0,0,0,1,0,1,0,0,0,1,0,0,1,1,0,1,0,0,1,0,0,0,0,1,0,1,0,1,0,0,0,0,0,1,0,1,1,1,0,0,0,0,0,1,0])]).
interpretation( 9, [number = 96,seconds = 0], [
    function(Banat, [7]),
    function(Blue, [2]),
    function(Bucovina, [2]),
    function(Crisana, [8]),
    function(Dobrogea, [4]),
    function(Green, [3]),
    function(Maramures, [1]),
    function(Moldova, [3]),
    function(Muntenia, [5]),
    function(Oltenia, [6]),
    function(Red, [0]),
    function(T, [0]),
    function(Yellow, [1]),
    function(color(_), [0,1,2,1,0,2,4,2,6]),
    relation(n(_,_), [0,1,1,1,0,1,1,1,1,1,0,1,0,0,0,0,0,1,1,1,0,1,0,0,0,0,0,1,0,1,0,1,1,0,0,0,0,0,0,1,0,1,0,0,0,1,0,0,1,1,0,1,0,0,1,0,0,0,0,1,0,1,0,1,0,0,0,0,0,1,0,1,1,1,0,0,0,0,0,1,0])]).
interpretation( 9, [number = 97,seconds = 0], [
    function(Banat, [7]),
    function(Blue, [2]),
    function(Bucovina, [2]),
    function(Crisana, [8]),
    function(Dobrogea, [4]),
    function(Green, [3]),
    function(Maramures, [1]),
    function(Moldova, [3]),
    function(Muntenia, [5]),
    function(Oltenia, [6]),
    function(Red, [0]),
    function(T, [0]),
    function(Yellow, [1]),
    function(color(_), [0,1,2,1,0,2,4,2,7]),
    relation(n(_,_), [0,1,1,1,0,1,1,1,1,1,0,1,0,0,0,0,0,1,1,1,0,1,0,0,0,0,0,1,0,1,0,1,1,0,0,0,0,0,0,1,0,1,0,0,0,1,0,0,1,1,0,1,0,0,1,0,0,0,0,1,0,1,0,1,0,0,0,0,0,1,0,1,1,1,0,0,0,0,0,1,0])]).
interpretation( 9, [number = 98,seconds = 0], [
    function(Banat, [7]),
    function(Blue, [2]),
    function(Bucovina, [2]),
    function(Crisana, [8]),
    function(Dobrogea, [4]),
    function(Green, [3]),
    function(Maramures, [1]),
    function(Moldova, [3]),
    function(Muntenia, [5]),
    function(Oltenia, [6]),
    function(Red, [0]),
    function(T, [0]),
    function(Yellow, [1]),
    function(color(_), [0,1,2,1,0,2,4,2,8]),
    relation(n(_,_), [0,1,1,1,0,1,1,1,1,1,0,1,0,0,0,0,0,1,1,1,0,1,0,0,0,0,0,1,0,1,0,1,1,0,0,0,0,0,0,1,0,1,0,0,0,1,0,0,1,1,0,1,0,0,1,0,0,0,0,1,0,1,0,1,0,0,0,0,0,1,0,1,1,1,0,0,0,0,0,1,0])]).
interpretation( 9, [number = 99,seconds = 0], [
    function(Banat, [7]),
    function(Blue, [2]),
    function(Bucovina, [2]),
    function(Crisana, [8]),
    function(Dobrogea, [4]),
    function(Green, [3]),
    function(Maramures, [1]),
    function(Moldova, [3]),
    function(Muntenia, [5]),
    function(Oltenia, [6]),
    function(Red, [0]),
    function(T, [0]),
    function(Yellow, [1]),
    function(color(_), [0,1,2,1,0,2,4,3,2]),
    relation(n(_,_), [0,1,1,1,0,1,1,1,1,1,0,1,0,0,0,0,0,1,1,1,0,1,0,0,0,0,0,1,0,1,0,1,1,0,0,0,0,0,0,1,0,1,0,0,0,1,0,0,1,1,0,1,0,0,1,0,0,0,0,1,0,1,0,1,0,0,0,0,0,1,0,1,1,1,0,0,0,0,0,1,0])]).
interpretation( 9, [number = 100,seconds = 0], [
    function(Banat, [7]),
    function(Blue, [2]),
    function(Bucovina, [2]),
    function(Crisana, [8]),
    function(Dobrogea, [4]),
    function(Green, [3]),
    function(Maramures, [1]),
    function(Moldova, [3]),
    function(Muntenia, [5]),
    function(Oltenia, [6]),
    function(Red, [0]),
    function(T, [0]),
    function(Yellow, [1]),
    function(color(_), [0,1,2,1,0,2,4,3,4]),
    relation(n(_,_), [0,1,1,1,0,1,1,1,1,1,0,1,0,0,0,0,0,1,1,1,0,1,0,0,0,0,0,1,0,1,0,1,1,0,0,0,0,0,0,1,0,1,0,0,0,1,0,0,1,1,0,1,0,0,1,0,0,0,0,1,0,1,0,1,0,0,0,0,0,1,0,1,1,1,0,0,0,0,0,1,0])]).
