interpretation( 10, [number = 1,seconds = 0], [
    function(D, [2]),
    function(E, [3]),
    function(M, [1]),
    function(N, [4]),
    function(O, [0]),
    function(S, [9]),
    function(T, [5]),
    function(Y, [7])]).
interpretation( 10, [number = 2,seconds = 0], [
    function(D, [2]),
    function(E, [3]),
    function(M, [1]),
    function(N, [4]),
    function(O, [0]),
    function(S, [9]),
    function(T, [6]),
    function(Y, [8])]).
interpretation( 10, [number = 3,seconds = 0], [
    function(D, [2]),
    function(E, [4]),
    function(M, [1]),
    function(N, [5]),
    function(O, [0]),
    function(S, [9]),
    function(T, [6]),
    function(Y, [8])]).
interpretation( 10, [number = 4,seconds = 0], [
    function(D, [2]),
    function(E, [6]),
    function(M, [1]),
    function(N, [7]),
    function(O, [0]),
    function(S, [9]),
    function(T, [3]),
    function(Y, [5])]).
interpretation( 10, [number = 5,seconds = 0], [
    function(D, [2]),
    function(E, [7]),
    function(M, [1]),
    function(N, [8]),
    function(O, [0]),
    function(S, [9]),
    function(T, [3]),
    function(Y, [5])]).
interpretation( 10, [number = 6,seconds = 0], [
    function(D, [2]),
    function(E, [7]),
    function(M, [1]),
    function(N, [8]),
    function(O, [0]),
    function(S, [9]),
    function(T, [4]),
    function(Y, [6])]).
interpretation( 10, [number = 7,seconds = 0], [
    function(D, [3]),
    function(E, [5]),
    function(M, [1]),
    function(N, [6]),
    function(O, [0]),
    function(S, [9]),
    function(T, [4]),
    function(Y, [7])]).
interpretation( 10, [number = 8,seconds = 0], [
    function(D, [3]),
    function(E, [6]),
    function(M, [1]),
    function(N, [7]),
    function(O, [0]),
    function(S, [9]),
    function(T, [2]),
    function(Y, [5])]).
interpretation( 10, [number = 9,seconds = 0], [
    function(D, [3]),
    function(E, [6]),
    function(M, [1]),
    function(N, [7]),
    function(O, [0]),
    function(S, [9]),
    function(T, [5]),
    function(Y, [8])]).
interpretation( 10, [number = 10,seconds = 0], [
    function(D, [3]),
    function(E, [7]),
    function(M, [1]),
    function(N, [8]),
    function(O, [0]),
    function(S, [9]),
    function(T, [2]),
    function(Y, [5])]).
interpretation( 10, [number = 11,seconds = 0], [
    function(D, [4]),
    function(E, [5]),
    function(M, [1]),
    function(N, [6]),
    function(O, [0]),
    function(S, [9]),
    function(T, [3]),
    function(Y, [7])]).
interpretation( 10, [number = 12,seconds = 0], [
    function(D, [4]),
    function(E, [7]),
    function(M, [1]),
    function(N, [8]),
    function(O, [0]),
    function(S, [9]),
    function(T, [2]),
    function(Y, [6])]).
interpretation( 10, [number = 13,seconds = 0], [
    function(D, [5]),
    function(E, [3]),
    function(M, [1]),
    function(N, [4]),
    function(O, [0]),
    function(S, [9]),
    function(T, [2]),
    function(Y, [7])]).
interpretation( 10, [number = 14,seconds = 0], [
    function(D, [5]),
    function(E, [6]),
    function(M, [1]),
    function(N, [7]),
    function(O, [0]),
    function(S, [9]),
    function(T, [3]),
    function(Y, [8])]).
interpretation( 10, [number = 15,seconds = 0], [
    function(D, [6]),
    function(E, [3]),
    function(M, [1]),
    function(N, [4]),
    function(O, [0]),
    function(S, [9]),
    function(T, [2]),
    function(Y, [8])]).
interpretation( 10, [number = 16,seconds = 0], [
    function(D, [6]),
    function(E, [4]),
    function(M, [1]),
    function(N, [5]),
    function(O, [0]),
    function(S, [9]),
    function(T, [2]),
    function(Y, [8])]).
