============================== Mace4 =================================
Mace4 (64) version 2009-11A, November 2009.
Process 32521 was started by adrian on adrian,
Thu Jan 21 18:53:37 2021
The command was "mace4 -f 3x20.in ./12pento/all12.in 3x20help.in".
============================== end of head ===========================

============================== INPUT =================================

% Reading from file 3x20.in

assign(domain_size,60).
    % assign(domain_size, 60) -> assign(start_size, 60).
    % assign(domain_size, 60) -> assign(end_size, 60).
assign(max_models,1).
assign(max_megs,-1).
set(arithmetic).
    % set(arithmetic) -> clear(lnh).
    % set(arithmetic) -> assign(selection_order, 0).

    % Declaring Mace4 arithmetic parse types.

list(distinct).
[a0,a1,a2,a3,a4,a5,a6,a7,a8,a9,a10,a11,a12,a13,a14,a15,a16,a17,a18,a19,a20,a21,a22,a23,a24,a25,a26,a27,a28,a29,a30,a31,a32,a33,a34,a35,a36,a37,a38,a39,a40,a41,a42,a43,a44,a45,a46,a47,a48,a49,a50,a51,a52,a53,a54,a55,a56,a57,a58,a59].
end_of_list.

formulas(utils).
x < 40 -> (on(x,y) <-> y = x + 20).
x > 39 -> -on(x,y).
x != 19 & x != 39 & x != 59 -> (left(x,y) <-> y = x + 1).
-(x != 19 & x != 39 & x != 59) -> -left(x,y).
end_of_list.

% Reading from file ./12pento/all12.in


formulas(t_shape).
t <-> left(a0,a1) & left(a1,a2) & on(a1,a3) & on(a3,a4).
tr <-> on(a0,a1) & on(a1,a2) & left(a3,a1) & left(a4,a3).
trr <-> left(a1,a0) & left(a2,a1) & on(a3,a1) & on(a4,a3).
trrr <-> on(a1,a0) & on(a2,a1) & left(a1,a3) & left(a3,a4).
t | tr | trr | trrr.
t -> -tr & -trr & -trrr.
tr -> -t & -trr & -trrr.
trr -> -t & -tr & -trrr.
trrr -> -t & -tr & -trr.
end_of_list.

formulas(u_shape).
U <-> on(a5,a6) & left(a6,a7) & left(a7,a8) & on(a9,a8).
Ur <-> left(a6,a5) & on(a6,a7) & on(a7,a8) & left(a8,a9).
Urr <-> on(a6,a5) & left(a7,a6) & left(a8,a7) & on(a8,a9).
Urrr <-> left(a5,a6) & on(a7,a6) & on(a8,a7) & left(a9,a8).
U | Ur | Urr | Urrr.
U -> -Ur & -Urr & -Urrr.
Ur -> -U & -Urr & -Urrr.
Urr -> -U & -Ur & -Urrr.
Urrr -> -U & -Ur & -Urr.
end_of_list.

formulas(v_shape).
V <-> on(a10,a11) & on(a11,a12) & left(a12,a13) & left(a13,a14).
Vr <-> left(a11,a10) & left(a12,a11) & on(a12,a13) & on(a13,a14).
Vrr <-> on(a11,a10) & on(a12,a11) & left(a13,a12) & left(a14,a13).
Vrrr <-> left(a10,a11) & left(a11,a12) & on(a13,a12) & on(a14,a13).
V | Vr | Vrr | Vrrr.
V -> -Vr & -Vrr & -Vrrr.
Vr -> -V & -Vrr & -Vrrr.
Vrr -> -V & -Vr & -Vrrr.
Vrrr -> -V & -Vr & -Vrr.
end_of_list.

formulas(w_shape).
W <-> on(a15,a16) & left(a16,a17) & on(a17,a18) & left(a18,a19).
Wr <-> left(a16,a15) & on(a16,a17) & left(a18,a17) & on(a18,a19).
Wrr <-> on(a16,a15) & left(a17,a16) & on(a18,a17) & left(a19,a18).
Wrrr <-> left(a15,a16) & on(a17,a16) & left(a17,a18) & on(a19,a18).
W | Wr | Wrr | Wrrr.
W -> -Wr & -Wrr & -Wrrr.
Wr -> -W & -Wrr & -Wrrr.
Wrr -> -W & -Wr & -Wrrr.
Wrrr -> -W & -Wr & -Wrr.
end_of_list.

formulas(x_shape).
X <-> on(a20,a22) & on(a22,a24) & left(a21,a22) & left(a22,a23).
X.
end_of_list.

formulas(y_shape).
Y <-> on(a26,a27) & on(a27,a28) & on(a28,a29) & left(a25,a27).
Yr <-> left(a27,a26) & left(a28,a27) & left(a29,a28) & on(a25,a27).
Yrr <-> on(a27,a26) & on(a28,a27) & on(a29,a28) & left(a27,a25).
Yrrr <-> left(a26,a27) & left(a27,a28) & left(a28,a29) & on(a27,a25).
Yu <-> on(a26,a27) & on(a27,a28) & on(a28,a29) & left(a27,a25).
Yur <-> left(a27,a26) & left(a28,a27) & left(a29,a28) & on(a27,a25).
Yurr <-> on(a27,a26) & on(a28,a27) & on(a29,a28) & left(a25,a27).
Yurrr <-> left(a26,a27) & left(a27,a28) & left(a28,a29) & on(a25,a27).
Y | Yr | Yrr | Yrrr | Yu | Yur | Yurr | Yurrr.
Y -> -Yr & -Yrr & -Yrrr & -Yu & -Yur & -Yurr & -Yurrr.
Yr -> -Y & -Yrr & -Yrrr & -Yu & -Yur & -Yurr & -Yurrr.
Yrr -> -Y & -Yr & -Yrrr & -Yu & -Yur & -Yurr & -Yurrr.
Yrrr -> -Y & -Yr & -Yrr & -Yu & -Yur & -Yurr & -Yurrr.
Yu -> -Y & -Yr & -Yrr & -Yrrr & -Yur & -Yurr & -Yurrr.
Yur -> -Y & -Yr & -Yrr & -Yrrr & -Yu & -Yurr & -Yurrr.
Yurr -> -Y & -Yr & -Yrr & -Yrrr & -Yu & -Yur & -Yurrr.
Yurrr -> -Y & -Yr & -Yrr & -Yrrr & -Yu & -Yur & -Yurr.
end_of_list.

formulas(z_shape).
Z <-> left(a30,a31) & on(a31,a32) & on(a32,a33) & left(a33,a34).
Zr <-> on(a30,a31) & left(a32,a31) & left(a33,a32) & on(a33,a34).
Zu <-> left(a31,a30) & on(a31,a32) & on(a32,a33) & left(a34,a33).
Zur <-> on(a31,a30) & left(a32,a31) & left(a33,a32) & on(a34,a33).
Z | Zr | Zu | Zur.
Z -> -Zr & -Zu & -Zur.
Zr -> -Z & -Zu & -Zur.
Zu -> -Z & -Zr & -Zur.
Zur -> -Z & -Zr & -Zu.
end_of_list.

formulas(f_shape).
f <-> left(a35,a37) & on(a36,a37) & on(a37,a38) & left(a36,a39).
fr <-> on(a35,a37) & left(a37,a36) & left(a38,a37) & on(a36,a39).
frr <-> left(a37,a35) & on(a37,a36) & on(a38,a37) & left(a39,a36).
frrr <-> on(a37,a35) & left(a36,a37) & left(a37,a38) & on(a39,a36).
fu <-> left(a37,a35) & on(a36,a37) & on(a37,a38) & left(a39,a36).
fur <-> on(a37,a35) & left(a37,a36) & left(a38,a37) & on(a39,a36).
furr <-> left(a35,a37) & on(a37,a36) & on(a38,a37) & left(a36,a39).
furrr <-> on(a35,a37) & left(a36,a37) & left(a37,a38) & on(a36,a39).
f | fr | frr | frrr | fu | fur | furr | furrr.
f -> -fr & -frr & -frrr & -fu & -fur & -furr & -furrr.
fr -> -f & -frr & -frrr & -fu & -fur & -furr & -furrr.
frr -> -f & -fr & -frrr & -fu & -fur & -furr & -furrr.
frrr -> -f & -fr & -frr & -fu & -fur & -furr & -furrr.
fu -> -f & -fr & -frr & -frrr & -fur & -furr & -furrr.
fur -> -f & -fr & -frr & -frrr & -fu & -furr & -furrr.
furr -> -f & -fr & -frr & -frrr & -fu & -fur & -furrr.
furrr -> -f & -fr & -frr & -frrr & -fu & -fur & -furr.
end_of_list.

formulas(i_shape).
i <-> on(a40,a41) & on(a41,a42) & on(a42,a43) & on(a43,a44).
ir <-> left(a41,a40) & left(a42,a41) & left(a43,a42) & left(a44,a43).
i | ir.
i -> -ir.
end_of_list.

formulas(l_shape).
l <-> on(a45,a46) & on(a46,a47) & on(a47,a48) & left(a48,a49).
lr <-> left(a46,a45) & left(a47,a46) & left(a48,a47) & on(a48,a49).
lrr <-> on(a46,a45) & on(a47,a46) & on(a48,a47) & left(a49,a48).
lrrr <-> left(a45,a46) & left(a46,a47) & left(a47,a48) & on(a49,a48).
lu <-> on(a45,a46) & on(a46,a47) & on(a47,a48) & left(a49,a48).
lur <-> left(a46,a45) & left(a47,a46) & left(a48,a47) & on(a49,a48).
lurr <-> on(a46,a45) & on(a47,a46) & on(a48,a47) & left(a48,a49).
lurrr <-> left(a45,a46) & left(a46,a47) & left(a47,a48) & on(a48,a49).
l | lr | lrr | lrrr | lu | lur | lurr | lurrr.
l -> -lr & -lrr & -lrrr & -lu & -lur & -lurr & -lurrr.
lr -> -l & -lrr & -lrrr & -lu & -lur & -lurr & -lurrr.
lrr -> -l & -lr & -lrrr & -lu & -lur & -lurr & -lurrr.
lrrr -> -l & -lr & -lrr & -lu & -lur & -lurr & -lurrr.
lu -> -l & -lr & -lrr & -lrrr & -lur & -lurr & -lurrr.
lur -> -l & -lr & -lrr & -lrrr & -lu & -lurr & -lurrr.
lurr -> -l & -lr & -lrr & -lrrr & -lu & -lur & -lurrr.
lurrr -> -l & -lr & -lrr & -lrrr & -lu & -lur & -lurr.
end_of_list.

formulas(p_shape).
p <-> on(a50,a51) & on(a52,a53) & on(a53,a54) & left(a51,a54).
pr <-> left(a51,a50) & left(a53,a52) & left(a54,a53) & on(a51,a54).
prr <-> on(a51,a50) & on(a53,a52) & on(a54,a53) & left(a54,a51).
prrr <-> left(a50,a51) & left(a52,a53) & left(a53,a54) & on(a54,a51).
pu <-> on(a50,a51) & on(a52,a53) & on(a53,a54) & left(a54,a51).
pur <-> left(a51,a50) & left(a53,a52) & left(a54,a53) & on(a54,a51).
purr <-> on(a51,a50) & on(a53,a52) & on(a54,a53) & left(a51,a54).
purrr <-> left(a50,a51) & left(a52,a53) & left(a53,a54) & on(a51,a54).
p | pr | prr | prrr | pu | pur | purr | purrr.
p -> -pr & -prr & -prrr & -pu & -pur & -purr & -purrr.
pr -> -p & -prr & -prrr & -pu & -pur & -purr & -purrr.
prr -> -p & -pr & -prrr & -pu & -pur & -purr & -purrr.
prrr -> -p & -pr & -prr & -pu & -pur & -purr & -purrr.
pu -> -p & -pr & -prr & -prrr & -pur & -purr & -purrr.
pur -> -p & -pr & -prr & -prrr & -pu & -purr & -purrr.
purr -> -p & -pr & -prr & -prrr & -pu & -pur & -purrr.
purrr -> -p & -pr & -prr & -prrr & -pu & -pur & -purr.
end_of_list.

formulas(n_shape).
n <-> on(a55,a56) & on(a56,a57) & left(a58,a57) & on(a58,a59).
nr <-> left(a56,a55) & left(a57,a56) & on(a58,a57) & left(a59,a58).
nrr <-> on(a56,a55) & on(a57,a56) & left(a57,a58) & on(a59,a58).
nrrr <-> left(a55,a56) & left(a56,a57) & on(a57,a58) & left(a58,a59).
nu <-> on(a55,a56) & on(a56,a57) & left(a57,a58) & on(a58,a59).
nur <-> left(a56,a55) & left(a57,a56) & on(a57,a58) & left(a59,a58).
nurr <-> on(a56,a55) & on(a57,a56) & left(a58,a57) & on(a59,a58).
nurrr <-> left(a55,a56) & left(a56,a57) & on(a58,a57) & left(a58,a59).
n | nr | nrr | nrrr | nu | nur | nurr | nurrr.
n -> -nr & -nrr & -nrrr & -nu & -nur & -nurr & -nurrr.
nr -> -n & -nrr & -nrrr & -nu & -nur & -nurr & -nurrr.
nrr -> -n & -nr & -nrrr & -nu & -nur & -nurr & -nurrr.
nrrr -> -n & -nr & -nrr & -nu & -nur & -nurr & -nurrr.
nu -> -n & -nr & -nrr & -nrrr & -nur & -nurr & -nurrr.
nur -> -n & -nr & -nrr & -nrrr & -nu & -nurr & -nurrr.
nurr -> -n & -nr & -nrr & -nrrr & -nu & -nur & -nurrr.
nurrr -> -n & -nr & -nrr & -nrrr & -nu & -nur & -nurr.
end_of_list.

% Reading from file 3x20help.in


formulas(help).
a6 = 0.
a5 = 1.
a20 = 2.
a44 = 3.
a43 = 4.
a42 = 5.
a41 = 6.
a40 = 7.
a30 = 8.
a19 = 9.
end_of_list.

============================== end of input ==========================

============================== PROCESS NON-CLAUSAL FORMULAS ==========

% Formulas that are not ordinary clauses:
1 x < 40 -> (on(x,y) <-> y = x + 20) # label(non_clause).  [assumption].
2 x > 39 -> -on(x,y) # label(non_clause).  [assumption].
3 x != 19 & x != 39 & x != 59 -> (left(x,y) <-> y = x + 1) # label(non_clause).  [assumption].
4 -(x != 19 & x != 39 & x != 59) -> -left(x,y) # label(non_clause).  [assumption].
5 t <-> left(a0,a1) & left(a1,a2) & on(a1,a3) & on(a3,a4) # label(non_clause).  [assumption].
6 tr <-> on(a0,a1) & on(a1,a2) & left(a3,a1) & left(a4,a3) # label(non_clause).  [assumption].
7 trr <-> left(a1,a0) & left(a2,a1) & on(a3,a1) & on(a4,a3) # label(non_clause).  [assumption].
8 trrr <-> on(a1,a0) & on(a2,a1) & left(a1,a3) & left(a3,a4) # label(non_clause).  [assumption].
9 t -> -tr & -trr & -trrr # label(non_clause).  [assumption].
10 tr -> -t & -trr & -trrr # label(non_clause).  [assumption].
11 trr -> -t & -tr & -trrr # label(non_clause).  [assumption].
12 trrr -> -t & -tr & -trr # label(non_clause).  [assumption].
13 U <-> on(a5,a6) & left(a6,a7) & left(a7,a8) & on(a9,a8) # label(non_clause).  [assumption].
14 Ur <-> left(a6,a5) & on(a6,a7) & on(a7,a8) & left(a8,a9) # label(non_clause).  [assumption].
15 Urr <-> on(a6,a5) & left(a7,a6) & left(a8,a7) & on(a8,a9) # label(non_clause).  [assumption].
16 Urrr <-> left(a5,a6) & on(a7,a6) & on(a8,a7) & left(a9,a8) # label(non_clause).  [assumption].
17 U -> -Ur & -Urr & -Urrr # label(non_clause).  [assumption].
18 Ur -> -U & -Urr & -Urrr # label(non_clause).  [assumption].
19 Urr -> -U & -Ur & -Urrr # label(non_clause).  [assumption].
20 Urrr -> -U & -Ur & -Urr # label(non_clause).  [assumption].
21 V <-> on(a10,a11) & on(a11,a12) & left(a12,a13) & left(a13,a14) # label(non_clause).  [assumption].
22 Vr <-> left(a11,a10) & left(a12,a11) & on(a12,a13) & on(a13,a14) # label(non_clause).  [assumption].
23 Vrr <-> on(a11,a10) & on(a12,a11) & left(a13,a12) & left(a14,a13) # label(non_clause).  [assumption].
24 Vrrr <-> left(a10,a11) & left(a11,a12) & on(a13,a12) & on(a14,a13) # label(non_clause).  [assumption].
25 V -> -Vr & -Vrr & -Vrrr # label(non_clause).  [assumption].
26 Vr -> -V & -Vrr & -Vrrr # label(non_clause).  [assumption].
27 Vrr -> -V & -Vr & -Vrrr # label(non_clause).  [assumption].
28 Vrrr -> -V & -Vr & -Vrr # label(non_clause).  [assumption].
29 W <-> on(a15,a16) & left(a16,a17) & on(a17,a18) & left(a18,a19) # label(non_clause).  [assumption].
30 Wr <-> left(a16,a15) & on(a16,a17) & left(a18,a17) & on(a18,a19) # label(non_clause).  [assumption].
31 Wrr <-> on(a16,a15) & left(a17,a16) & on(a18,a17) & left(a19,a18) # label(non_clause).  [assumption].
32 Wrrr <-> left(a15,a16) & on(a17,a16) & left(a17,a18) & on(a19,a18) # label(non_clause).  [assumption].
33 W -> -Wr & -Wrr & -Wrrr # label(non_clause).  [assumption].
34 Wr -> -W & -Wrr & -Wrrr # label(non_clause).  [assumption].
35 Wrr -> -W & -Wr & -Wrrr # label(non_clause).  [assumption].
36 Wrrr -> -W & -Wr & -Wrr # label(non_clause).  [assumption].
37 X <-> on(a20,a22) & on(a22,a24) & left(a21,a22) & left(a22,a23) # label(non_clause).  [assumption].
38 Y <-> on(a26,a27) & on(a27,a28) & on(a28,a29) & left(a25,a27) # label(non_clause).  [assumption].
39 Yr <-> left(a27,a26) & left(a28,a27) & left(a29,a28) & on(a25,a27) # label(non_clause).  [assumption].
40 Yrr <-> on(a27,a26) & on(a28,a27) & on(a29,a28) & left(a27,a25) # label(non_clause).  [assumption].
41 Yrrr <-> left(a26,a27) & left(a27,a28) & left(a28,a29) & on(a27,a25) # label(non_clause).  [assumption].
42 Yu <-> on(a26,a27) & on(a27,a28) & on(a28,a29) & left(a27,a25) # label(non_clause).  [assumption].
43 Yur <-> left(a27,a26) & left(a28,a27) & left(a29,a28) & on(a27,a25) # label(non_clause).  [assumption].
44 Yurr <-> on(a27,a26) & on(a28,a27) & on(a29,a28) & left(a25,a27) # label(non_clause).  [assumption].
45 Yurrr <-> left(a26,a27) & left(a27,a28) & left(a28,a29) & on(a25,a27) # label(non_clause).  [assumption].
46 Y -> -Yr & -Yrr & -Yrrr & -Yu & -Yur & -Yurr & -Yurrr # label(non_clause).  [assumption].
47 Yr -> -Y & -Yrr & -Yrrr & -Yu & -Yur & -Yurr & -Yurrr # label(non_clause).  [assumption].
48 Yrr -> -Y & -Yr & -Yrrr & -Yu & -Yur & -Yurr & -Yurrr # label(non_clause).  [assumption].
49 Yrrr -> -Y & -Yr & -Yrr & -Yu & -Yur & -Yurr & -Yurrr # label(non_clause).  [assumption].
50 Yu -> -Y & -Yr & -Yrr & -Yrrr & -Yur & -Yurr & -Yurrr # label(non_clause).  [assumption].
51 Yur -> -Y & -Yr & -Yrr & -Yrrr & -Yu & -Yurr & -Yurrr # label(non_clause).  [assumption].
52 Yurr -> -Y & -Yr & -Yrr & -Yrrr & -Yu & -Yur & -Yurrr # label(non_clause).  [assumption].
53 Yurrr -> -Y & -Yr & -Yrr & -Yrrr & -Yu & -Yur & -Yurr # label(non_clause).  [assumption].
54 Z <-> left(a30,a31) & on(a31,a32) & on(a32,a33) & left(a33,a34) # label(non_clause).  [assumption].
55 Zr <-> on(a30,a31) & left(a32,a31) & left(a33,a32) & on(a33,a34) # label(non_clause).  [assumption].
56 Zu <-> left(a31,a30) & on(a31,a32) & on(a32,a33) & left(a34,a33) # label(non_clause).  [assumption].
57 Zur <-> on(a31,a30) & left(a32,a31) & left(a33,a32) & on(a34,a33) # label(non_clause).  [assumption].
58 Z -> -Zr & -Zu & -Zur # label(non_clause).  [assumption].
59 Zr -> -Z & -Zu & -Zur # label(non_clause).  [assumption].
60 Zu -> -Z & -Zr & -Zur # label(non_clause).  [assumption].
61 Zur -> -Z & -Zr & -Zu # label(non_clause).  [assumption].
62 f <-> left(a35,a37) & on(a36,a37) & on(a37,a38) & left(a36,a39) # label(non_clause).  [assumption].
63 fr <-> on(a35,a37) & left(a37,a36) & left(a38,a37) & on(a36,a39) # label(non_clause).  [assumption].
64 frr <-> left(a37,a35) & on(a37,a36) & on(a38,a37) & left(a39,a36) # label(non_clause).  [assumption].
65 frrr <-> on(a37,a35) & left(a36,a37) & left(a37,a38) & on(a39,a36) # label(non_clause).  [assumption].
66 fu <-> left(a37,a35) & on(a36,a37) & on(a37,a38) & left(a39,a36) # label(non_clause).  [assumption].
67 fur <-> on(a37,a35) & left(a37,a36) & left(a38,a37) & on(a39,a36) # label(non_clause).  [assumption].
68 furr <-> left(a35,a37) & on(a37,a36) & on(a38,a37) & left(a36,a39) # label(non_clause).  [assumption].
69 furrr <-> on(a35,a37) & left(a36,a37) & left(a37,a38) & on(a36,a39) # label(non_clause).  [assumption].
70 f -> -fr & -frr & -frrr & -fu & -fur & -furr & -furrr # label(non_clause).  [assumption].
71 fr -> -f & -frr & -frrr & -fu & -fur & -furr & -furrr # label(non_clause).  [assumption].
72 frr -> -f & -fr & -frrr & -fu & -fur & -furr & -furrr # label(non_clause).  [assumption].
73 frrr -> -f & -fr & -frr & -fu & -fur & -furr & -furrr # label(non_clause).  [assumption].
74 fu -> -f & -fr & -frr & -frrr & -fur & -furr & -furrr # label(non_clause).  [assumption].
75 fur -> -f & -fr & -frr & -frrr & -fu & -furr & -furrr # label(non_clause).  [assumption].
76 furr -> -f & -fr & -frr & -frrr & -fu & -fur & -furrr # label(non_clause).  [assumption].
77 furrr -> -f & -fr & -frr & -frrr & -fu & -fur & -furr # label(non_clause).  [assumption].
78 i <-> on(a40,a41) & on(a41,a42) & on(a42,a43) & on(a43,a44) # label(non_clause).  [assumption].
79 ir <-> left(a41,a40) & left(a42,a41) & left(a43,a42) & left(a44,a43) # label(non_clause).  [assumption].
80 i -> -ir # label(non_clause).  [assumption].
81 l <-> on(a45,a46) & on(a46,a47) & on(a47,a48) & left(a48,a49) # label(non_clause).  [assumption].
82 lr <-> left(a46,a45) & left(a47,a46) & left(a48,a47) & on(a48,a49) # label(non_clause).  [assumption].
83 lrr <-> on(a46,a45) & on(a47,a46) & on(a48,a47) & left(a49,a48) # label(non_clause).  [assumption].
84 lrrr <-> left(a45,a46) & left(a46,a47) & left(a47,a48) & on(a49,a48) # label(non_clause).  [assumption].
85 lu <-> on(a45,a46) & on(a46,a47) & on(a47,a48) & left(a49,a48) # label(non_clause).  [assumption].
86 lur <-> left(a46,a45) & left(a47,a46) & left(a48,a47) & on(a49,a48) # label(non_clause).  [assumption].
87 lurr <-> on(a46,a45) & on(a47,a46) & on(a48,a47) & left(a48,a49) # label(non_clause).  [assumption].
88 lurrr <-> left(a45,a46) & left(a46,a47) & left(a47,a48) & on(a48,a49) # label(non_clause).  [assumption].
89 l -> -lr & -lrr & -lrrr & -lu & -lur & -lurr & -lurrr # label(non_clause).  [assumption].
90 lr -> -l & -lrr & -lrrr & -lu & -lur & -lurr & -lurrr # label(non_clause).  [assumption].
91 lrr -> -l & -lr & -lrrr & -lu & -lur & -lurr & -lurrr # label(non_clause).  [assumption].
92 lrrr -> -l & -lr & -lrr & -lu & -lur & -lurr & -lurrr # label(non_clause).  [assumption].
93 lu -> -l & -lr & -lrr & -lrrr & -lur & -lurr & -lurrr # label(non_clause).  [assumption].
94 lur -> -l & -lr & -lrr & -lrrr & -lu & -lurr & -lurrr # label(non_clause).  [assumption].
95 lurr -> -l & -lr & -lrr & -lrrr & -lu & -lur & -lurrr # label(non_clause).  [assumption].
96 lurrr -> -l & -lr & -lrr & -lrrr & -lu & -lur & -lurr # label(non_clause).  [assumption].
97 p <-> on(a50,a51) & on(a52,a53) & on(a53,a54) & left(a51,a54) # label(non_clause).  [assumption].
98 pr <-> left(a51,a50) & left(a53,a52) & left(a54,a53) & on(a51,a54) # label(non_clause).  [assumption].
99 prr <-> on(a51,a50) & on(a53,a52) & on(a54,a53) & left(a54,a51) # label(non_clause).  [assumption].
100 prrr <-> left(a50,a51) & left(a52,a53) & left(a53,a54) & on(a54,a51) # label(non_clause).  [assumption].
101 pu <-> on(a50,a51) & on(a52,a53) & on(a53,a54) & left(a54,a51) # label(non_clause).  [assumption].
102 pur <-> left(a51,a50) & left(a53,a52) & left(a54,a53) & on(a54,a51) # label(non_clause).  [assumption].
103 purr <-> on(a51,a50) & on(a53,a52) & on(a54,a53) & left(a51,a54) # label(non_clause).  [assumption].
104 purrr <-> left(a50,a51) & left(a52,a53) & left(a53,a54) & on(a51,a54) # label(non_clause).  [assumption].
105 p -> -pr & -prr & -prrr & -pu & -pur & -purr & -purrr # label(non_clause).  [assumption].
106 pr -> -p & -prr & -prrr & -pu & -pur & -purr & -purrr # label(non_clause).  [assumption].
107 prr -> -p & -pr & -prrr & -pu & -pur & -purr & -purrr # label(non_clause).  [assumption].
108 prrr -> -p & -pr & -prr & -pu & -pur & -purr & -purrr # label(non_clause).  [assumption].
109 pu -> -p & -pr & -prr & -prrr & -pur & -purr & -purrr # label(non_clause).  [assumption].
110 pur -> -p & -pr & -prr & -prrr & -pu & -purr & -purrr # label(non_clause).  [assumption].
111 purr -> -p & -pr & -prr & -prrr & -pu & -pur & -purrr # label(non_clause).  [assumption].
112 purrr -> -p & -pr & -prr & -prrr & -pu & -pur & -purr # label(non_clause).  [assumption].
113 n <-> on(a55,a56) & on(a56,a57) & left(a58,a57) & on(a58,a59) # label(non_clause).  [assumption].
114 nr <-> left(a56,a55) & left(a57,a56) & on(a58,a57) & left(a59,a58) # label(non_clause).  [assumption].
115 nrr <-> on(a56,a55) & on(a57,a56) & left(a57,a58) & on(a59,a58) # label(non_clause).  [assumption].
116 nrrr <-> left(a55,a56) & left(a56,a57) & on(a57,a58) & left(a58,a59) # label(non_clause).  [assumption].
117 nu <-> on(a55,a56) & on(a56,a57) & left(a57,a58) & on(a58,a59) # label(non_clause).  [assumption].
118 nur <-> left(a56,a55) & left(a57,a56) & on(a57,a58) & left(a59,a58) # label(non_clause).  [assumption].
119 nurr <-> on(a56,a55) & on(a57,a56) & left(a58,a57) & on(a59,a58) # label(non_clause).  [assumption].
120 nurrr <-> left(a55,a56) & left(a56,a57) & on(a58,a57) & left(a58,a59) # label(non_clause).  [assumption].
121 n -> -nr & -nrr & -nrrr & -nu & -nur & -nurr & -nurrr # label(non_clause).  [assumption].
122 nr -> -n & -nrr & -nrrr & -nu & -nur & -nurr & -nurrr # label(non_clause).  [assumption].
123 nrr -> -n & -nr & -nrrr & -nu & -nur & -nurr & -nurrr # label(non_clause).  [assumption].
124 nrrr -> -n & -nr & -nrr & -nu & -nur & -nurr & -nurrr # label(non_clause).  [assumption].
125 nu -> -n & -nr & -nrr & -nrrr & -nur & -nurr & -nurrr # label(non_clause).  [assumption].
126 nur -> -n & -nr & -nrr & -nrrr & -nu & -nurr & -nurrr # label(non_clause).  [assumption].
127 nurr -> -n & -nr & -nrr & -nrrr & -nu & -nur & -nurrr # label(non_clause).  [assumption].
128 nurrr -> -n & -nr & -nrr & -nrrr & -nu & -nur & -nurr # label(non_clause).  [assumption].

============================== end of process non-clausal formulas ===

============================== CLAUSES FOR SEARCH ====================

formulas(mace4_clauses).
-(x < 40) | -on(x,y) | x + 20 = y.
-(x < 40) | on(x,y) | x + 20 != y.
-(x > 39) | -on(x,y).
19 = x | 39 = x | 59 = x | -left(x,y) | x + 1 = y.
19 = x | 39 = x | 59 = x | left(x,y) | x + 1 != y.
19 != x | -left(x,y).
39 != x | -left(x,y).
59 != x | -left(x,y).
-t | left(a0,a1).
-t | left(a1,a2).
-t | on(a1,a3).
-t | on(a3,a4).
t | -left(a0,a1) | -left(a1,a2) | -on(a1,a3) | -on(a3,a4).
-tr | on(a0,a1).
-tr | on(a1,a2).
-tr | left(a3,a1).
-tr | left(a4,a3).
tr | -on(a0,a1) | -on(a1,a2) | -left(a3,a1) | -left(a4,a3).
-trr | left(a1,a0).
-trr | left(a2,a1).
-trr | on(a3,a1).
-trr | on(a4,a3).
trr | -left(a1,a0) | -left(a2,a1) | -on(a3,a1) | -on(a4,a3).
-trrr | on(a1,a0).
-trrr | on(a2,a1).
-trrr | left(a1,a3).
-trrr | left(a3,a4).
trrr | -on(a1,a0) | -on(a2,a1) | -left(a1,a3) | -left(a3,a4).
t | tr | trr | trrr.
-t | -tr.
-t | -trr.
-t | -trrr.
-tr | -t.
-tr | -trr.
-tr | -trrr.
-trr | -t.
-trr | -tr.
-trr | -trrr.
-trrr | -t.
-trrr | -tr.
-trrr | -trr.
-U | on(a5,a6).
-U | left(a6,a7).
-U | left(a7,a8).
-U | on(a9,a8).
U | -on(a5,a6) | -left(a6,a7) | -left(a7,a8) | -on(a9,a8).
-Ur | left(a6,a5).
-Ur | on(a6,a7).
-Ur | on(a7,a8).
-Ur | left(a8,a9).
Ur | -left(a6,a5) | -on(a6,a7) | -on(a7,a8) | -left(a8,a9).
-Urr | on(a6,a5).
-Urr | left(a7,a6).
-Urr | left(a8,a7).
-Urr | on(a8,a9).
Urr | -on(a6,a5) | -left(a7,a6) | -left(a8,a7) | -on(a8,a9).
-Urrr | left(a5,a6).
-Urrr | on(a7,a6).
-Urrr | on(a8,a7).
-Urrr | left(a9,a8).
Urrr | -left(a5,a6) | -on(a7,a6) | -on(a8,a7) | -left(a9,a8).
U | Ur | Urr | Urrr.
-U | -Ur.
-U | -Urr.
-U | -Urrr.
-Ur | -U.
-Ur | -Urr.
-Ur | -Urrr.
-Urr | -U.
-Urr | -Ur.
-Urr | -Urrr.
-Urrr | -U.
-Urrr | -Ur.
-Urrr | -Urr.
-V | on(a10,a11).
-V | on(a11,a12).
-V | left(a12,a13).
-V | left(a13,a14).
V | -on(a10,a11) | -on(a11,a12) | -left(a12,a13) | -left(a13,a14).
-Vr | left(a11,a10).
-Vr | left(a12,a11).
-Vr | on(a12,a13).
-Vr | on(a13,a14).
Vr | -left(a11,a10) | -left(a12,a11) | -on(a12,a13) | -on(a13,a14).
-Vrr | on(a11,a10).
-Vrr | on(a12,a11).
-Vrr | left(a13,a12).
-Vrr | left(a14,a13).
Vrr | -on(a11,a10) | -on(a12,a11) | -left(a13,a12) | -left(a14,a13).
-Vrrr | left(a10,a11).
-Vrrr | left(a11,a12).
-Vrrr | on(a13,a12).
-Vrrr | on(a14,a13).
Vrrr | -left(a10,a11) | -left(a11,a12) | -on(a13,a12) | -on(a14,a13).
V | Vr | Vrr | Vrrr.
-V | -Vr.
-V | -Vrr.
-V | -Vrrr.
-Vr | -V.
-Vr | -Vrr.
-Vr | -Vrrr.
-Vrr | -V.
-Vrr | -Vr.
-Vrr | -Vrrr.
-Vrrr | -V.
-Vrrr | -Vr.
-Vrrr | -Vrr.
-W | on(a15,a16).
-W | left(a16,a17).
-W | on(a17,a18).
-W | left(a18,a19).
W | -on(a15,a16) | -left(a16,a17) | -on(a17,a18) | -left(a18,a19).
-Wr | left(a16,a15).
-Wr | on(a16,a17).
-Wr | left(a18,a17).
-Wr | on(a18,a19).
Wr | -left(a16,a15) | -on(a16,a17) | -left(a18,a17) | -on(a18,a19).
-Wrr | on(a16,a15).
-Wrr | left(a17,a16).
-Wrr | on(a18,a17).
-Wrr | left(a19,a18).
Wrr | -on(a16,a15) | -left(a17,a16) | -on(a18,a17) | -left(a19,a18).
-Wrrr | left(a15,a16).
-Wrrr | on(a17,a16).
-Wrrr | left(a17,a18).
-Wrrr | on(a19,a18).
Wrrr | -left(a15,a16) | -on(a17,a16) | -left(a17,a18) | -on(a19,a18).
W | Wr | Wrr | Wrrr.
-W | -Wr.
-W | -Wrr.
-W | -Wrrr.
-Wr | -W.
-Wr | -Wrr.
-Wr | -Wrrr.
-Wrr | -W.
-Wrr | -Wr.
-Wrr | -Wrrr.
-Wrrr | -W.
-Wrrr | -Wr.
-Wrrr | -Wrr.
-X | on(a20,a22).
-X | on(a22,a24).
-X | left(a21,a22).
-X | left(a22,a23).
X | -on(a20,a22) | -on(a22,a24) | -left(a21,a22) | -left(a22,a23).
X.
-Y | on(a26,a27).
-Y | on(a27,a28).
-Y | on(a28,a29).
-Y | left(a25,a27).
Y | -on(a26,a27) | -on(a27,a28) | -on(a28,a29) | -left(a25,a27).
-Yr | left(a27,a26).
-Yr | left(a28,a27).
-Yr | left(a29,a28).
-Yr | on(a25,a27).
Yr | -left(a27,a26) | -left(a28,a27) | -left(a29,a28) | -on(a25,a27).
-Yrr | on(a27,a26).
-Yrr | on(a28,a27).
-Yrr | on(a29,a28).
-Yrr | left(a27,a25).
Yrr | -on(a27,a26) | -on(a28,a27) | -on(a29,a28) | -left(a27,a25).
-Yrrr | left(a26,a27).
-Yrrr | left(a27,a28).
-Yrrr | left(a28,a29).
-Yrrr | on(a27,a25).
Yrrr | -left(a26,a27) | -left(a27,a28) | -left(a28,a29) | -on(a27,a25).
-Yu | on(a26,a27).
-Yu | on(a27,a28).
-Yu | on(a28,a29).
-Yu | left(a27,a25).
Yu | -on(a26,a27) | -on(a27,a28) | -on(a28,a29) | -left(a27,a25).
-Yur | left(a27,a26).
-Yur | left(a28,a27).
-Yur | left(a29,a28).
-Yur | on(a27,a25).
Yur | -left(a27,a26) | -left(a28,a27) | -left(a29,a28) | -on(a27,a25).
-Yurr | on(a27,a26).
-Yurr | on(a28,a27).
-Yurr | on(a29,a28).
-Yurr | left(a25,a27).
Yurr | -on(a27,a26) | -on(a28,a27) | -on(a29,a28) | -left(a25,a27).
-Yurrr | left(a26,a27).
-Yurrr | left(a27,a28).
-Yurrr | left(a28,a29).
-Yurrr | on(a25,a27).
Yurrr | -left(a26,a27) | -left(a27,a28) | -left(a28,a29) | -on(a25,a27).
Y | Yr | Yrr | Yrrr | Yu | Yur | Yurr | Yurrr.
-Y | -Yr.
-Y | -Yrr.
-Y | -Yrrr.
-Y | -Yu.
-Y | -Yur.
-Y | -Yurr.
-Y | -Yurrr.
-Yr | -Y.
-Yr | -Yrr.
-Yr | -Yrrr.
-Yr | -Yu.
-Yr | -Yur.
-Yr | -Yurr.
-Yr | -Yurrr.
-Yrr | -Y.
-Yrr | -Yr.
-Yrr | -Yrrr.
-Yrr | -Yu.
-Yrr | -Yur.
-Yrr | -Yurr.
-Yrr | -Yurrr.
-Yrrr | -Y.
-Yrrr | -Yr.
-Yrrr | -Yrr.
-Yrrr | -Yu.
-Yrrr | -Yur.
-Yrrr | -Yurr.
-Yrrr | -Yurrr.
-Yu | -Y.
-Yu | -Yr.
-Yu | -Yrr.
-Yu | -Yrrr.
-Yu | -Yur.
-Yu | -Yurr.
-Yu | -Yurrr.
-Yur | -Y.
-Yur | -Yr.
-Yur | -Yrr.
-Yur | -Yrrr.
-Yur | -Yu.
-Yur | -Yurr.
-Yur | -Yurrr.
-Yurr | -Y.
-Yurr | -Yr.
-Yurr | -Yrr.
-Yurr | -Yrrr.
-Yurr | -Yu.
-Yurr | -Yur.
-Yurr | -Yurrr.
-Yurrr | -Y.
-Yurrr | -Yr.
-Yurrr | -Yrr.
-Yurrr | -Yrrr.
-Yurrr | -Yu.
-Yurrr | -Yur.
-Yurrr | -Yurr.
-Z | left(a30,a31).
-Z | on(a31,a32).
-Z | on(a32,a33).
-Z | left(a33,a34).
Z | -left(a30,a31) | -on(a31,a32) | -on(a32,a33) | -left(a33,a34).
-Zr | on(a30,a31).
-Zr | left(a32,a31).
-Zr | left(a33,a32).
-Zr | on(a33,a34).
Zr | -on(a30,a31) | -left(a32,a31) | -left(a33,a32) | -on(a33,a34).
-Zu | left(a31,a30).
-Zu | on(a31,a32).
-Zu | on(a32,a33).
-Zu | left(a34,a33).
Zu | -left(a31,a30) | -on(a31,a32) | -on(a32,a33) | -left(a34,a33).
-Zur | on(a31,a30).
-Zur | left(a32,a31).
-Zur | left(a33,a32).
-Zur | on(a34,a33).
Zur | -on(a31,a30) | -left(a32,a31) | -left(a33,a32) | -on(a34,a33).
Z | Zr | Zu | Zur.
-Z | -Zr.
-Z | -Zu.
-Z | -Zur.
-Zr | -Z.
-Zr | -Zu.
-Zr | -Zur.
-Zu | -Z.
-Zu | -Zr.
-Zu | -Zur.
-Zur | -Z.
-Zur | -Zr.
-Zur | -Zu.
-f | left(a35,a37).
-f | on(a36,a37).
-f | on(a37,a38).
-f | left(a36,a39).
f | -left(a35,a37) | -on(a36,a37) | -on(a37,a38) | -left(a36,a39).
-fr | on(a35,a37).
-fr | left(a37,a36).
-fr | left(a38,a37).
-fr | on(a36,a39).
fr | -on(a35,a37) | -left(a37,a36) | -left(a38,a37) | -on(a36,a39).
-frr | left(a37,a35).
-frr | on(a37,a36).
-frr | on(a38,a37).
-frr | left(a39,a36).
frr | -left(a37,a35) | -on(a37,a36) | -on(a38,a37) | -left(a39,a36).
-frrr | on(a37,a35).
-frrr | left(a36,a37).
-frrr | left(a37,a38).
-frrr | on(a39,a36).
frrr | -on(a37,a35) | -left(a36,a37) | -left(a37,a38) | -on(a39,a36).
-fu | left(a37,a35).
-fu | on(a36,a37).
-fu | on(a37,a38).
-fu | left(a39,a36).
fu | -left(a37,a35) | -on(a36,a37) | -on(a37,a38) | -left(a39,a36).
-fur | on(a37,a35).
-fur | left(a37,a36).
-fur | left(a38,a37).
-fur | on(a39,a36).
fur | -on(a37,a35) | -left(a37,a36) | -left(a38,a37) | -on(a39,a36).
-furr | left(a35,a37).
-furr | on(a37,a36).
-furr | on(a38,a37).
-furr | left(a36,a39).
furr | -left(a35,a37) | -on(a37,a36) | -on(a38,a37) | -left(a36,a39).
-furrr | on(a35,a37).
-furrr | left(a36,a37).
-furrr | left(a37,a38).
-furrr | on(a36,a39).
furrr | -on(a35,a37) | -left(a36,a37) | -left(a37,a38) | -on(a36,a39).
f | fr | frr | frrr | fu | fur | furr | furrr.
-f | -fr.
-f | -frr.
-f | -frrr.
-f | -fu.
-f | -fur.
-f | -furr.
-f | -furrr.
-fr | -f.
-fr | -frr.
-fr | -frrr.
-fr | -fu.
-fr | -fur.
-fr | -furr.
-fr | -furrr.
-frr | -f.
-frr | -fr.
-frr | -frrr.
-frr | -fu.
-frr | -fur.
-frr | -furr.
-frr | -furrr.
-frrr | -f.
-frrr | -fr.
-frrr | -frr.
-frrr | -fu.
-frrr | -fur.
-frrr | -furr.
-frrr | -furrr.
-fu | -f.
-fu | -fr.
-fu | -frr.
-fu | -frrr.
-fu | -fur.
-fu | -furr.
-fu | -furrr.
-fur | -f.
-fur | -fr.
-fur | -frr.
-fur | -frrr.
-fur | -fu.
-fur | -furr.
-fur | -furrr.
-furr | -f.
-furr | -fr.
-furr | -frr.
-furr | -frrr.
-furr | -fu.
-furr | -fur.
-furr | -furrr.
-furrr | -f.
-furrr | -fr.
-furrr | -frr.
-furrr | -frrr.
-furrr | -fu.
-furrr | -fur.
-furrr | -furr.
-i | on(a40,a41).
-i | on(a41,a42).
-i | on(a42,a43).
-i | on(a43,a44).
i | -on(a40,a41) | -on(a41,a42) | -on(a42,a43) | -on(a43,a44).
-ir | left(a41,a40).
-ir | left(a42,a41).
-ir | left(a43,a42).
-ir | left(a44,a43).
ir | -left(a41,a40) | -left(a42,a41) | -left(a43,a42) | -left(a44,a43).
i | ir.
-i | -ir.
-l | on(a45,a46).
-l | on(a46,a47).
-l | on(a47,a48).
-l | left(a48,a49).
l | -on(a45,a46) | -on(a46,a47) | -on(a47,a48) | -left(a48,a49).
-lr | left(a46,a45).
-lr | left(a47,a46).
-lr | left(a48,a47).
-lr | on(a48,a49).
lr | -left(a46,a45) | -left(a47,a46) | -left(a48,a47) | -on(a48,a49).
-lrr | on(a46,a45).
-lrr | on(a47,a46).
-lrr | on(a48,a47).
-lrr | left(a49,a48).
lrr | -on(a46,a45) | -on(a47,a46) | -on(a48,a47) | -left(a49,a48).
-lrrr | left(a45,a46).
-lrrr | left(a46,a47).
-lrrr | left(a47,a48).
-lrrr | on(a49,a48).
lrrr | -left(a45,a46) | -left(a46,a47) | -left(a47,a48) | -on(a49,a48).
-lu | on(a45,a46).
-lu | on(a46,a47).
-lu | on(a47,a48).
-lu | left(a49,a48).
lu | -on(a45,a46) | -on(a46,a47) | -on(a47,a48) | -left(a49,a48).
-lur | left(a46,a45).
-lur | left(a47,a46).
-lur | left(a48,a47).
-lur | on(a49,a48).
lur | -left(a46,a45) | -left(a47,a46) | -left(a48,a47) | -on(a49,a48).
-lurr | on(a46,a45).
-lurr | on(a47,a46).
-lurr | on(a48,a47).
-lurr | left(a48,a49).
lurr | -on(a46,a45) | -on(a47,a46) | -on(a48,a47) | -left(a48,a49).
-lurrr | left(a45,a46).
-lurrr | left(a46,a47).
-lurrr | left(a47,a48).
-lurrr | on(a48,a49).
lurrr | -left(a45,a46) | -left(a46,a47) | -left(a47,a48) | -on(a48,a49).
l | lr | lrr | lrrr | lu | lur | lurr | lurrr.
-l | -lr.
-l | -lrr.
-l | -lrrr.
-l | -lu.
-l | -lur.
-l | -lurr.
-l | -lurrr.
-lr | -l.
-lr | -lrr.
-lr | -lrrr.
-lr | -lu.
-lr | -lur.
-lr | -lurr.
-lr | -lurrr.
-lrr | -l.
-lrr | -lr.
-lrr | -lrrr.
-lrr | -lu.
-lrr | -lur.
-lrr | -lurr.
-lrr | -lurrr.
-lrrr | -l.
-lrrr | -lr.
-lrrr | -lrr.
-lrrr | -lu.
-lrrr | -lur.
-lrrr | -lurr.
-lrrr | -lurrr.
-lu | -l.
-lu | -lr.
-lu | -lrr.
-lu | -lrrr.
-lu | -lur.
-lu | -lurr.
-lu | -lurrr.
-lur | -l.
-lur | -lr.
-lur | -lrr.
-lur | -lrrr.
-lur | -lu.
-lur | -lurr.
-lur | -lurrr.
-lurr | -l.
-lurr | -lr.
-lurr | -lrr.
-lurr | -lrrr.
-lurr | -lu.
-lurr | -lur.
-lurr | -lurrr.
-lurrr | -l.
-lurrr | -lr.
-lurrr | -lrr.
-lurrr | -lrrr.
-lurrr | -lu.
-lurrr | -lur.
-lurrr | -lurr.
-p | on(a50,a51).
-p | on(a52,a53).
-p | on(a53,a54).
-p | left(a51,a54).
p | -on(a50,a51) | -on(a52,a53) | -on(a53,a54) | -left(a51,a54).
-pr | left(a51,a50).
-pr | left(a53,a52).
-pr | left(a54,a53).
-pr | on(a51,a54).
pr | -left(a51,a50) | -left(a53,a52) | -left(a54,a53) | -on(a51,a54).
-prr | on(a51,a50).
-prr | on(a53,a52).
-prr | on(a54,a53).
-prr | left(a54,a51).
prr | -on(a51,a50) | -on(a53,a52) | -on(a54,a53) | -left(a54,a51).
-prrr | left(a50,a51).
-prrr | left(a52,a53).
-prrr | left(a53,a54).
-prrr | on(a54,a51).
prrr | -left(a50,a51) | -left(a52,a53) | -left(a53,a54) | -on(a54,a51).
-pu | on(a50,a51).
-pu | on(a52,a53).
-pu | on(a53,a54).
-pu | left(a54,a51).
pu | -on(a50,a51) | -on(a52,a53) | -on(a53,a54) | -left(a54,a51).
-pur | left(a51,a50).
-pur | left(a53,a52).
-pur | left(a54,a53).
-pur | on(a54,a51).
pur | -left(a51,a50) | -left(a53,a52) | -left(a54,a53) | -on(a54,a51).
-purr | on(a51,a50).
-purr | on(a53,a52).
-purr | on(a54,a53).
-purr | left(a51,a54).
purr | -on(a51,a50) | -on(a53,a52) | -on(a54,a53) | -left(a51,a54).
-purrr | left(a50,a51).
-purrr | left(a52,a53).
-purrr | left(a53,a54).
-purrr | on(a51,a54).
purrr | -left(a50,a51) | -left(a52,a53) | -left(a53,a54) | -on(a51,a54).
p | pr | prr | prrr | pu | pur | purr | purrr.
-p | -pr.
-p | -prr.
-p | -prrr.
-p | -pu.
-p | -pur.
-p | -purr.
-p | -purrr.
-pr | -p.
-pr | -prr.
-pr | -prrr.
-pr | -pu.
-pr | -pur.
-pr | -purr.
-pr | -purrr.
-prr | -p.
-prr | -pr.
-prr | -prrr.
-prr | -pu.
-prr | -pur.
-prr | -purr.
-prr | -purrr.
-prrr | -p.
-prrr | -pr.
-prrr | -prr.
-prrr | -pu.
-prrr | -pur.
-prrr | -purr.
-prrr | -purrr.
-pu | -p.
-pu | -pr.
-pu | -prr.
-pu | -prrr.
-pu | -pur.
-pu | -purr.
-pu | -purrr.
-pur | -p.
-pur | -pr.
-pur | -prr.
-pur | -prrr.
-pur | -pu.
-pur | -purr.
-pur | -purrr.
-purr | -p.
-purr | -pr.
-purr | -prr.
-purr | -prrr.
-purr | -pu.
-purr | -pur.
-purr | -purrr.
-purrr | -p.
-purrr | -pr.
-purrr | -prr.
-purrr | -prrr.
-purrr | -pu.
-purrr | -pur.
-purrr | -purr.
-n | on(a55,a56).
-n | on(a56,a57).
-n | left(a58,a57).
-n | on(a58,a59).
n | -on(a55,a56) | -on(a56,a57) | -left(a58,a57) | -on(a58,a59).
-nr | left(a56,a55).
-nr | left(a57,a56).
-nr | on(a58,a57).
-nr | left(a59,a58).
nr | -left(a56,a55) | -left(a57,a56) | -on(a58,a57) | -left(a59,a58).
-nrr | on(a56,a55).
-nrr | on(a57,a56).
-nrr | left(a57,a58).
-nrr | on(a59,a58).
nrr | -on(a56,a55) | -on(a57,a56) | -left(a57,a58) | -on(a59,a58).
-nrrr | left(a55,a56).
-nrrr | left(a56,a57).
-nrrr | on(a57,a58).
-nrrr | left(a58,a59).
nrrr | -left(a55,a56) | -left(a56,a57) | -on(a57,a58) | -left(a58,a59).
-nu | on(a55,a56).
-nu | on(a56,a57).
-nu | left(a57,a58).
-nu | on(a58,a59).
nu | -on(a55,a56) | -on(a56,a57) | -left(a57,a58) | -on(a58,a59).
-nur | left(a56,a55).
-nur | left(a57,a56).
-nur | on(a57,a58).
-nur | left(a59,a58).
nur | -left(a56,a55) | -left(a57,a56) | -on(a57,a58) | -left(a59,a58).
-nurr | on(a56,a55).
-nurr | on(a57,a56).
-nurr | left(a58,a57).
-nurr | on(a59,a58).
nurr | -on(a56,a55) | -on(a57,a56) | -left(a58,a57) | -on(a59,a58).
-nurrr | left(a55,a56).
-nurrr | left(a56,a57).
-nurrr | on(a58,a57).
-nurrr | left(a58,a59).
nurrr | -left(a55,a56) | -left(a56,a57) | -on(a58,a57) | -left(a58,a59).
n | nr | nrr | nrrr | nu | nur | nurr | nurrr.
-n | -nr.
-n | -nrr.
-n | -nrrr.
-n | -nu.
-n | -nur.
-n | -nurr.
-n | -nurrr.
-nr | -n.
-nr | -nrr.
-nr | -nrrr.
-nr | -nu.
-nr | -nur.
-nr | -nurr.
-nr | -nurrr.
-nrr | -n.
-nrr | -nr.
-nrr | -nrrr.
-nrr | -nu.
-nrr | -nur.
-nrr | -nurr.
-nrr | -nurrr.
-nrrr | -n.
-nrrr | -nr.
-nrrr | -nrr.
-nrrr | -nu.
-nrrr | -nur.
-nrrr | -nurr.
-nrrr | -nurrr.
-nu | -n.
-nu | -nr.
-nu | -nrr.
-nu | -nrrr.
-nu | -nur.
-nu | -nurr.
-nu | -nurrr.
-nur | -n.
-nur | -nr.
-nur | -nrr.
-nur | -nrrr.
-nur | -nu.
-nur | -nurr.
-nur | -nurrr.
-nurr | -n.
-nurr | -nr.
-nurr | -nrr.
-nurr | -nrrr.
-nurr | -nu.
-nurr | -nur.
-nurr | -nurrr.
-nurrr | -n.
-nurrr | -nr.
-nurrr | -nrr.
-nurrr | -nrrr.
-nurrr | -nu.
-nurrr | -nur.
-nurrr | -nurr.
a6 = 0.
a5 = 1.
a20 = 2.
a44 = 3.
a43 = 4.
a42 = 5.
a41 = 6.
a40 = 7.
a30 = 8.
a19 = 9.
a0 != a1.
a0 != a2.
a0 != a3.
a0 != a4.
a0 != a5.
a0 != a6.
a0 != a7.
a0 != a8.
a0 != a9.
a0 != a10.
a0 != a11.
a0 != a12.
a0 != a13.
a0 != a14.
a0 != a15.
a0 != a16.
a0 != a17.
a0 != a18.
a0 != a19.
a0 != a20.
a0 != a21.
a0 != a22.
a0 != a23.
a0 != a24.
a0 != a25.
a0 != a26.
a0 != a27.
a0 != a28.
a0 != a29.
a0 != a30.
a0 != a31.
a0 != a32.
a0 != a33.
a0 != a34.
a0 != a35.
a0 != a36.
a0 != a37.
a0 != a38.
a0 != a39.
a0 != a40.
a0 != a41.
a0 != a42.
a0 != a43.
a0 != a44.
a0 != a45.
a0 != a46.
a0 != a47.
a0 != a48.
a0 != a49.
a0 != a50.
a0 != a51.
a0 != a52.
a0 != a53.
a0 != a54.
a0 != a55.
a0 != a56.
a0 != a57.
a0 != a58.
a0 != a59.
a1 != a2.
a1 != a3.
a1 != a4.
a1 != a5.
a1 != a6.
a1 != a7.
a1 != a8.
a1 != a9.
a1 != a10.
a1 != a11.
a1 != a12.
a1 != a13.
a1 != a14.
a1 != a15.
a1 != a16.
a1 != a17.
a1 != a18.
a1 != a19.
a1 != a20.
a1 != a21.
a1 != a22.
a1 != a23.
a1 != a24.
a1 != a25.
a1 != a26.
a1 != a27.
a1 != a28.
a1 != a29.
a1 != a30.
a1 != a31.
a1 != a32.
a1 != a33.
a1 != a34.
a1 != a35.
a1 != a36.
a1 != a37.
a1 != a38.
a1 != a39.
a1 != a40.
a1 != a41.
a1 != a42.
a1 != a43.
a1 != a44.
a1 != a45.
a1 != a46.
a1 != a47.
a1 != a48.
a1 != a49.
a1 != a50.
a1 != a51.
a1 != a52.
a1 != a53.
a1 != a54.
a1 != a55.
a1 != a56.
a1 != a57.
a1 != a58.
a1 != a59.
a2 != a3.
a2 != a4.
a2 != a5.
a2 != a6.
a2 != a7.
a2 != a8.
a2 != a9.
a2 != a10.
a2 != a11.
a2 != a12.
a2 != a13.
a2 != a14.
a2 != a15.
a2 != a16.
a2 != a17.
a2 != a18.
a2 != a19.
a2 != a20.
a2 != a21.
a2 != a22.
a2 != a23.
a2 != a24.
a2 != a25.
a2 != a26.
a2 != a27.
a2 != a28.
a2 != a29.
a2 != a30.
a2 != a31.
a2 != a32.
a2 != a33.
a2 != a34.
a2 != a35.
a2 != a36.
a2 != a37.
a2 != a38.
a2 != a39.
a2 != a40.
a2 != a41.
a2 != a42.
a2 != a43.
a2 != a44.
a2 != a45.
a2 != a46.
a2 != a47.
a2 != a48.
a2 != a49.
a2 != a50.
a2 != a51.
a2 != a52.
a2 != a53.
a2 != a54.
a2 != a55.
a2 != a56.
a2 != a57.
a2 != a58.
a2 != a59.
a3 != a4.
a3 != a5.
a3 != a6.
a3 != a7.
a3 != a8.
a3 != a9.
a3 != a10.
a3 != a11.
a3 != a12.
a3 != a13.
a3 != a14.
a3 != a15.
a3 != a16.
a3 != a17.
a3 != a18.
a3 != a19.
a3 != a20.
a3 != a21.
a3 != a22.
a3 != a23.
a3 != a24.
a3 != a25.
a3 != a26.
a3 != a27.
a3 != a28.
a3 != a29.
a3 != a30.
a3 != a31.
a3 != a32.
a3 != a33.
a3 != a34.
a3 != a35.
a3 != a36.
a3 != a37.
a3 != a38.
a3 != a39.
a3 != a40.
a3 != a41.
a3 != a42.
a3 != a43.
a3 != a44.
a3 != a45.
a3 != a46.
a3 != a47.
a3 != a48.
a3 != a49.
a3 != a50.
a3 != a51.
a3 != a52.
a3 != a53.
a3 != a54.
a3 != a55.
a3 != a56.
a3 != a57.
a3 != a58.
a3 != a59.
a4 != a5.
a4 != a6.
a4 != a7.
a4 != a8.
a4 != a9.
a4 != a10.
a4 != a11.
a4 != a12.
a4 != a13.
a4 != a14.
a4 != a15.
a4 != a16.
a4 != a17.
a4 != a18.
a4 != a19.
a4 != a20.
a4 != a21.
a4 != a22.
a4 != a23.
a4 != a24.
a4 != a25.
a4 != a26.
a4 != a27.
a4 != a28.
a4 != a29.
a4 != a30.
a4 != a31.
a4 != a32.
a4 != a33.
a4 != a34.
a4 != a35.
a4 != a36.
a4 != a37.
a4 != a38.
a4 != a39.
a4 != a40.
a4 != a41.
a4 != a42.
a4 != a43.
a4 != a44.
a4 != a45.
a4 != a46.
a4 != a47.
a4 != a48.
a4 != a49.
a4 != a50.
a4 != a51.
a4 != a52.
a4 != a53.
a4 != a54.
a4 != a55.
a4 != a56.
a4 != a57.
a4 != a58.
a4 != a59.
a5 != a6.
a5 != a7.
a5 != a8.
a5 != a9.
a5 != a10.
a5 != a11.
a5 != a12.
a5 != a13.
a5 != a14.
a5 != a15.
a5 != a16.
a5 != a17.
a5 != a18.
a5 != a19.
a5 != a20.
a5 != a21.
a5 != a22.
a5 != a23.
a5 != a24.
a5 != a25.
a5 != a26.
a5 != a27.
a5 != a28.
a5 != a29.
a5 != a30.
a5 != a31.
a5 != a32.
a5 != a33.
a5 != a34.
a5 != a35.
a5 != a36.
a5 != a37.
a5 != a38.
a5 != a39.
a5 != a40.
a5 != a41.
a5 != a42.
a5 != a43.
a5 != a44.
a5 != a45.
a5 != a46.
a5 != a47.
a5 != a48.
a5 != a49.
a5 != a50.
a5 != a51.
a5 != a52.
a5 != a53.
a5 != a54.
a5 != a55.
a5 != a56.
a5 != a57.
a5 != a58.
a5 != a59.
a6 != a7.
a6 != a8.
a6 != a9.
a6 != a10.
a6 != a11.
a6 != a12.
a6 != a13.
a6 != a14.
a6 != a15.
a6 != a16.
a6 != a17.
a6 != a18.
a6 != a19.
a6 != a20.
a6 != a21.
a6 != a22.
a6 != a23.
a6 != a24.
a6 != a25.
a6 != a26.
a6 != a27.
a6 != a28.
a6 != a29.
a6 != a30.
a6 != a31.
a6 != a32.
a6 != a33.
a6 != a34.
a6 != a35.
a6 != a36.
a6 != a37.
a6 != a38.
a6 != a39.
a6 != a40.
a6 != a41.
a6 != a42.
a6 != a43.
a6 != a44.
a6 != a45.
a6 != a46.
a6 != a47.
a6 != a48.
a6 != a49.
a6 != a50.
a6 != a51.
a6 != a52.
a6 != a53.
a6 != a54.
a6 != a55.
a6 != a56.
a6 != a57.
a6 != a58.
a6 != a59.
a7 != a8.
a7 != a9.
a7 != a10.
a7 != a11.
a7 != a12.
a7 != a13.
a7 != a14.
a7 != a15.
a7 != a16.
a7 != a17.
a7 != a18.
a7 != a19.
a7 != a20.
a7 != a21.
a7 != a22.
a7 != a23.
a7 != a24.
a7 != a25.
a7 != a26.
a7 != a27.
a7 != a28.
a7 != a29.
a7 != a30.
a7 != a31.
a7 != a32.
a7 != a33.
a7 != a34.
a7 != a35.
a7 != a36.
a7 != a37.
a7 != a38.
a7 != a39.
a7 != a40.
a7 != a41.
a7 != a42.
a7 != a43.
a7 != a44.
a7 != a45.
a7 != a46.
a7 != a47.
a7 != a48.
a7 != a49.
a7 != a50.
a7 != a51.
a7 != a52.
a7 != a53.
a7 != a54.
a7 != a55.
a7 != a56.
a7 != a57.
a7 != a58.
a7 != a59.
a8 != a9.
a8 != a10.
a8 != a11.
a8 != a12.
a8 != a13.
a8 != a14.
a8 != a15.
a8 != a16.
a8 != a17.
a8 != a18.
a8 != a19.
a8 != a20.
a8 != a21.
a8 != a22.
a8 != a23.
a8 != a24.
a8 != a25.
a8 != a26.
a8 != a27.
a8 != a28.
a8 != a29.
a8 != a30.
a8 != a31.
a8 != a32.
a8 != a33.
a8 != a34.
a8 != a35.
a8 != a36.
a8 != a37.
a8 != a38.
a8 != a39.
a8 != a40.
a8 != a41.
a8 != a42.
a8 != a43.
a8 != a44.
a8 != a45.
a8 != a46.
a8 != a47.
a8 != a48.
a8 != a49.
a8 != a50.
a8 != a51.
a8 != a52.
a8 != a53.
a8 != a54.
a8 != a55.
a8 != a56.
a8 != a57.
a8 != a58.
a8 != a59.
a9 != a10.
a9 != a11.
a9 != a12.
a9 != a13.
a9 != a14.
a9 != a15.
a9 != a16.
a9 != a17.
a9 != a18.
a9 != a19.
a9 != a20.
a9 != a21.
a9 != a22.
a9 != a23.
a9 != a24.
a9 != a25.
a9 != a26.
a9 != a27.
a9 != a28.
a9 != a29.
a9 != a30.
a9 != a31.
a9 != a32.
a9 != a33.
a9 != a34.
a9 != a35.
a9 != a36.
a9 != a37.
a9 != a38.
a9 != a39.
a9 != a40.
a9 != a41.
a9 != a42.
a9 != a43.
a9 != a44.
a9 != a45.
a9 != a46.
a9 != a47.
a9 != a48.
a9 != a49.
a9 != a50.
a9 != a51.
a9 != a52.
a9 != a53.
a9 != a54.
a9 != a55.
a9 != a56.
a9 != a57.
a9 != a58.
a9 != a59.
a10 != a11.
a10 != a12.
a10 != a13.
a10 != a14.
a10 != a15.
a10 != a16.
a10 != a17.
a10 != a18.
a10 != a19.
a10 != a20.
a10 != a21.
a10 != a22.
a10 != a23.
a10 != a24.
a10 != a25.
a10 != a26.
a10 != a27.
a10 != a28.
a10 != a29.
a10 != a30.
a10 != a31.
a10 != a32.
a10 != a33.
a10 != a34.
a10 != a35.
a10 != a36.
a10 != a37.
a10 != a38.
a10 != a39.
a10 != a40.
a10 != a41.
a10 != a42.
a10 != a43.
a10 != a44.
a10 != a45.
a10 != a46.
a10 != a47.
a10 != a48.
a10 != a49.
a10 != a50.
a10 != a51.
a10 != a52.
a10 != a53.
a10 != a54.
a10 != a55.
a10 != a56.
a10 != a57.
a10 != a58.
a10 != a59.
a11 != a12.
a11 != a13.
a11 != a14.
a11 != a15.
a11 != a16.
a11 != a17.
a11 != a18.
a11 != a19.
a11 != a20.
a11 != a21.
a11 != a22.
a11 != a23.
a11 != a24.
a11 != a25.
a11 != a26.
a11 != a27.
a11 != a28.
a11 != a29.
a11 != a30.
a11 != a31.
a11 != a32.
a11 != a33.
a11 != a34.
a11 != a35.
a11 != a36.
a11 != a37.
a11 != a38.
a11 != a39.
a11 != a40.
a11 != a41.
a11 != a42.
a11 != a43.
a11 != a44.
a11 != a45.
a11 != a46.
a11 != a47.
a11 != a48.
a11 != a49.
a11 != a50.
a11 != a51.
a11 != a52.
a11 != a53.
a11 != a54.
a11 != a55.
a11 != a56.
a11 != a57.
a11 != a58.
a11 != a59.
a12 != a13.
a12 != a14.
a12 != a15.
a12 != a16.
a12 != a17.
a12 != a18.
a12 != a19.
a12 != a20.
a12 != a21.
a12 != a22.
a12 != a23.
a12 != a24.
a12 != a25.
a12 != a26.
a12 != a27.
a12 != a28.
a12 != a29.
a12 != a30.
a12 != a31.
a12 != a32.
a12 != a33.
a12 != a34.
a12 != a35.
a12 != a36.
a12 != a37.
a12 != a38.
a12 != a39.
a12 != a40.
a12 != a41.
a12 != a42.
a12 != a43.
a12 != a44.
a12 != a45.
a12 != a46.
a12 != a47.
a12 != a48.
a12 != a49.
a12 != a50.
a12 != a51.
a12 != a52.
a12 != a53.
a12 != a54.
a12 != a55.
a12 != a56.
a12 != a57.
a12 != a58.
a12 != a59.
a13 != a14.
a13 != a15.
a13 != a16.
a13 != a17.
a13 != a18.
a13 != a19.
a13 != a20.
a13 != a21.
a13 != a22.
a13 != a23.
a13 != a24.
a13 != a25.
a13 != a26.
a13 != a27.
a13 != a28.
a13 != a29.
a13 != a30.
a13 != a31.
a13 != a32.
a13 != a33.
a13 != a34.
a13 != a35.
a13 != a36.
a13 != a37.
a13 != a38.
a13 != a39.
a13 != a40.
a13 != a41.
a13 != a42.
a13 != a43.
a13 != a44.
a13 != a45.
a13 != a46.
a13 != a47.
a13 != a48.
a13 != a49.
a13 != a50.
a13 != a51.
a13 != a52.
a13 != a53.
a13 != a54.
a13 != a55.
a13 != a56.
a13 != a57.
a13 != a58.
a13 != a59.
a14 != a15.
a14 != a16.
a14 != a17.
a14 != a18.
a14 != a19.
a14 != a20.
a14 != a21.
a14 != a22.
a14 != a23.
a14 != a24.
a14 != a25.
a14 != a26.
a14 != a27.
a14 != a28.
a14 != a29.
a14 != a30.
a14 != a31.
a14 != a32.
a14 != a33.
a14 != a34.
a14 != a35.
a14 != a36.
a14 != a37.
a14 != a38.
a14 != a39.
a14 != a40.
a14 != a41.
a14 != a42.
a14 != a43.
a14 != a44.
a14 != a45.
a14 != a46.
a14 != a47.
a14 != a48.
a14 != a49.
a14 != a50.
a14 != a51.
a14 != a52.
a14 != a53.
a14 != a54.
a14 != a55.
a14 != a56.
a14 != a57.
a14 != a58.
a14 != a59.
a15 != a16.
a15 != a17.
a15 != a18.
a15 != a19.
a15 != a20.
a15 != a21.
a15 != a22.
a15 != a23.
a15 != a24.
a15 != a25.
a15 != a26.
a15 != a27.
a15 != a28.
a15 != a29.
a15 != a30.
a15 != a31.
a15 != a32.
a15 != a33.
a15 != a34.
a15 != a35.
a15 != a36.
a15 != a37.
a15 != a38.
a15 != a39.
a15 != a40.
a15 != a41.
a15 != a42.
a15 != a43.
a15 != a44.
a15 != a45.
a15 != a46.
a15 != a47.
a15 != a48.
a15 != a49.
a15 != a50.
a15 != a51.
a15 != a52.
a15 != a53.
a15 != a54.
a15 != a55.
a15 != a56.
a15 != a57.
a15 != a58.
a15 != a59.
a16 != a17.
a16 != a18.
a16 != a19.
a16 != a20.
a16 != a21.
a16 != a22.
a16 != a23.
a16 != a24.
a16 != a25.
a16 != a26.
a16 != a27.
a16 != a28.
a16 != a29.
a16 != a30.
a16 != a31.
a16 != a32.
a16 != a33.
a16 != a34.
a16 != a35.
a16 != a36.
a16 != a37.
a16 != a38.
a16 != a39.
a16 != a40.
a16 != a41.
a16 != a42.
a16 != a43.
a16 != a44.
a16 != a45.
a16 != a46.
a16 != a47.
a16 != a48.
a16 != a49.
a16 != a50.
a16 != a51.
a16 != a52.
a16 != a53.
a16 != a54.
a16 != a55.
a16 != a56.
a16 != a57.
a16 != a58.
a16 != a59.
a17 != a18.
a17 != a19.
a17 != a20.
a17 != a21.
a17 != a22.
a17 != a23.
a17 != a24.
a17 != a25.
a17 != a26.
a17 != a27.
a17 != a28.
a17 != a29.
a17 != a30.
a17 != a31.
a17 != a32.
a17 != a33.
a17 != a34.
a17 != a35.
a17 != a36.
a17 != a37.
a17 != a38.
a17 != a39.
a17 != a40.
a17 != a41.
a17 != a42.
a17 != a43.
a17 != a44.
a17 != a45.
a17 != a46.
a17 != a47.
a17 != a48.
a17 != a49.
a17 != a50.
a17 != a51.
a17 != a52.
a17 != a53.
a17 != a54.
a17 != a55.
a17 != a56.
a17 != a57.
a17 != a58.
a17 != a59.
a18 != a19.
a18 != a20.
a18 != a21.
a18 != a22.
a18 != a23.
a18 != a24.
a18 != a25.
a18 != a26.
a18 != a27.
a18 != a28.
a18 != a29.
a18 != a30.
a18 != a31.
a18 != a32.
a18 != a33.
a18 != a34.
a18 != a35.
a18 != a36.
a18 != a37.
a18 != a38.
a18 != a39.
a18 != a40.
a18 != a41.
a18 != a42.
a18 != a43.
a18 != a44.
a18 != a45.
a18 != a46.
a18 != a47.
a18 != a48.
a18 != a49.
a18 != a50.
a18 != a51.
a18 != a52.
a18 != a53.
a18 != a54.
a18 != a55.
a18 != a56.
a18 != a57.
a18 != a58.
a18 != a59.
a19 != a20.
a19 != a21.
a19 != a22.
a19 != a23.
a19 != a24.
a19 != a25.
a19 != a26.
a19 != a27.
a19 != a28.
a19 != a29.
a19 != a30.
a19 != a31.
a19 != a32.
a19 != a33.
a19 != a34.
a19 != a35.
a19 != a36.
a19 != a37.
a19 != a38.
a19 != a39.
a19 != a40.
a19 != a41.
a19 != a42.
a19 != a43.
a19 != a44.
a19 != a45.
a19 != a46.
a19 != a47.
a19 != a48.
a19 != a49.
a19 != a50.
a19 != a51.
a19 != a52.
a19 != a53.
a19 != a54.
a19 != a55.
a19 != a56.
a19 != a57.
a19 != a58.
a19 != a59.
a20 != a21.
a20 != a22.
a20 != a23.
a20 != a24.
a20 != a25.
a20 != a26.
a20 != a27.
a20 != a28.
a20 != a29.
a20 != a30.
a20 != a31.
a20 != a32.
a20 != a33.
a20 != a34.
a20 != a35.
a20 != a36.
a20 != a37.
a20 != a38.
a20 != a39.
a20 != a40.
a20 != a41.
a20 != a42.
a20 != a43.
a20 != a44.
a20 != a45.
a20 != a46.
a20 != a47.
a20 != a48.
a20 != a49.
a20 != a50.
a20 != a51.
a20 != a52.
a20 != a53.
a20 != a54.
a20 != a55.
a20 != a56.
a20 != a57.
a20 != a58.
a20 != a59.
a21 != a22.
a21 != a23.
a21 != a24.
a21 != a25.
a21 != a26.
a21 != a27.
a21 != a28.
a21 != a29.
a21 != a30.
a21 != a31.
a21 != a32.
a21 != a33.
a21 != a34.
a21 != a35.
a21 != a36.
a21 != a37.
a21 != a38.
a21 != a39.
a21 != a40.
a21 != a41.
a21 != a42.
a21 != a43.
a21 != a44.
a21 != a45.
a21 != a46.
a21 != a47.
a21 != a48.
a21 != a49.
a21 != a50.
a21 != a51.
a21 != a52.
a21 != a53.
a21 != a54.
a21 != a55.
a21 != a56.
a21 != a57.
a21 != a58.
a21 != a59.
a22 != a23.
a22 != a24.
a22 != a25.
a22 != a26.
a22 != a27.
a22 != a28.
a22 != a29.
a22 != a30.
a22 != a31.
a22 != a32.
a22 != a33.
a22 != a34.
a22 != a35.
a22 != a36.
a22 != a37.
a22 != a38.
a22 != a39.
a22 != a40.
a22 != a41.
a22 != a42.
a22 != a43.
a22 != a44.
a22 != a45.
a22 != a46.
a22 != a47.
a22 != a48.
a22 != a49.
a22 != a50.
a22 != a51.
a22 != a52.
a22 != a53.
a22 != a54.
a22 != a55.
a22 != a56.
a22 != a57.
a22 != a58.
a22 != a59.
a23 != a24.
a23 != a25.
a23 != a26.
a23 != a27.
a23 != a28.
a23 != a29.
a23 != a30.
a23 != a31.
a23 != a32.
a23 != a33.
a23 != a34.
a23 != a35.
a23 != a36.
a23 != a37.
a23 != a38.
a23 != a39.
a23 != a40.
a23 != a41.
a23 != a42.
a23 != a43.
a23 != a44.
a23 != a45.
a23 != a46.
a23 != a47.
a23 != a48.
a23 != a49.
a23 != a50.
a23 != a51.
a23 != a52.
a23 != a53.
a23 != a54.
a23 != a55.
a23 != a56.
a23 != a57.
a23 != a58.
a23 != a59.
a24 != a25.
a24 != a26.
a24 != a27.
a24 != a28.
a24 != a29.
a24 != a30.
a24 != a31.
a24 != a32.
a24 != a33.
a24 != a34.
a24 != a35.
a24 != a36.
a24 != a37.
a24 != a38.
a24 != a39.
a24 != a40.
a24 != a41.
a24 != a42.
a24 != a43.
a24 != a44.
a24 != a45.
a24 != a46.
a24 != a47.
a24 != a48.
a24 != a49.
a24 != a50.
a24 != a51.
a24 != a52.
a24 != a53.
a24 != a54.
a24 != a55.
a24 != a56.
a24 != a57.
a24 != a58.
a24 != a59.
a25 != a26.
a25 != a27.
a25 != a28.
a25 != a29.
a25 != a30.
a25 != a31.
a25 != a32.
a25 != a33.
a25 != a34.
a25 != a35.
a25 != a36.
a25 != a37.
a25 != a38.
a25 != a39.
a25 != a40.
a25 != a41.
a25 != a42.
a25 != a43.
a25 != a44.
a25 != a45.
a25 != a46.
a25 != a47.
a25 != a48.
a25 != a49.
a25 != a50.
a25 != a51.
a25 != a52.
a25 != a53.
a25 != a54.
a25 != a55.
a25 != a56.
a25 != a57.
a25 != a58.
a25 != a59.
a26 != a27.
a26 != a28.
a26 != a29.
a26 != a30.
a26 != a31.
a26 != a32.
a26 != a33.
a26 != a34.
a26 != a35.
a26 != a36.
a26 != a37.
a26 != a38.
a26 != a39.
a26 != a40.
a26 != a41.
a26 != a42.
a26 != a43.
a26 != a44.
a26 != a45.
a26 != a46.
a26 != a47.
a26 != a48.
a26 != a49.
a26 != a50.
a26 != a51.
a26 != a52.
a26 != a53.
a26 != a54.
a26 != a55.
a26 != a56.
a26 != a57.
a26 != a58.
a26 != a59.
a27 != a28.
a27 != a29.
a27 != a30.
a27 != a31.
a27 != a32.
a27 != a33.
a27 != a34.
a27 != a35.
a27 != a36.
a27 != a37.
a27 != a38.
a27 != a39.
a27 != a40.
a27 != a41.
a27 != a42.
a27 != a43.
a27 != a44.
a27 != a45.
a27 != a46.
a27 != a47.
a27 != a48.
a27 != a49.
a27 != a50.
a27 != a51.
a27 != a52.
a27 != a53.
a27 != a54.
a27 != a55.
a27 != a56.
a27 != a57.
a27 != a58.
a27 != a59.
a28 != a29.
a28 != a30.
a28 != a31.
a28 != a32.
a28 != a33.
a28 != a34.
a28 != a35.
a28 != a36.
a28 != a37.
a28 != a38.
a28 != a39.
a28 != a40.
a28 != a41.
a28 != a42.
a28 != a43.
a28 != a44.
a28 != a45.
a28 != a46.
a28 != a47.
a28 != a48.
a28 != a49.
a28 != a50.
a28 != a51.
a28 != a52.
a28 != a53.
a28 != a54.
a28 != a55.
a28 != a56.
a28 != a57.
a28 != a58.
a28 != a59.
a29 != a30.
a29 != a31.
a29 != a32.
a29 != a33.
a29 != a34.
a29 != a35.
a29 != a36.
a29 != a37.
a29 != a38.
a29 != a39.
a29 != a40.
a29 != a41.
a29 != a42.
a29 != a43.
a29 != a44.
a29 != a45.
a29 != a46.
a29 != a47.
a29 != a48.
a29 != a49.
a29 != a50.
a29 != a51.
a29 != a52.
a29 != a53.
a29 != a54.
a29 != a55.
a29 != a56.
a29 != a57.
a29 != a58.
a29 != a59.
a30 != a31.
a30 != a32.
a30 != a33.
a30 != a34.
a30 != a35.
a30 != a36.
a30 != a37.
a30 != a38.
a30 != a39.
a30 != a40.
a30 != a41.
a30 != a42.
a30 != a43.
a30 != a44.
a30 != a45.
a30 != a46.
a30 != a47.
a30 != a48.
a30 != a49.
a30 != a50.
a30 != a51.
a30 != a52.
a30 != a53.
a30 != a54.
a30 != a55.
a30 != a56.
a30 != a57.
a30 != a58.
a30 != a59.
a31 != a32.
a31 != a33.
a31 != a34.
a31 != a35.
a31 != a36.
a31 != a37.
a31 != a38.
a31 != a39.
a31 != a40.
a31 != a41.
a31 != a42.
a31 != a43.
a31 != a44.
a31 != a45.
a31 != a46.
a31 != a47.
a31 != a48.
a31 != a49.
a31 != a50.
a31 != a51.
a31 != a52.
a31 != a53.
a31 != a54.
a31 != a55.
a31 != a56.
a31 != a57.
a31 != a58.
a31 != a59.
a32 != a33.
a32 != a34.
a32 != a35.
a32 != a36.
a32 != a37.
a32 != a38.
a32 != a39.
a32 != a40.
a32 != a41.
a32 != a42.
a32 != a43.
a32 != a44.
a32 != a45.
a32 != a46.
a32 != a47.
a32 != a48.
a32 != a49.
a32 != a50.
a32 != a51.
a32 != a52.
a32 != a53.
a32 != a54.
a32 != a55.
a32 != a56.
a32 != a57.
a32 != a58.
a32 != a59.
a33 != a34.
a33 != a35.
a33 != a36.
a33 != a37.
a33 != a38.
a33 != a39.
a33 != a40.
a33 != a41.
a33 != a42.
a33 != a43.
a33 != a44.
a33 != a45.
a33 != a46.
a33 != a47.
a33 != a48.
a33 != a49.
a33 != a50.
a33 != a51.
a33 != a52.
a33 != a53.
a33 != a54.
a33 != a55.
a33 != a56.
a33 != a57.
a33 != a58.
a33 != a59.
a34 != a35.
a34 != a36.
a34 != a37.
a34 != a38.
a34 != a39.
a34 != a40.
a34 != a41.
a34 != a42.
a34 != a43.
a34 != a44.
a34 != a45.
a34 != a46.
a34 != a47.
a34 != a48.
a34 != a49.
a34 != a50.
a34 != a51.
a34 != a52.
a34 != a53.
a34 != a54.
a34 != a55.
a34 != a56.
a34 != a57.
a34 != a58.
a34 != a59.
a35 != a36.
a35 != a37.
a35 != a38.
a35 != a39.
a35 != a40.
a35 != a41.
a35 != a42.
a35 != a43.
a35 != a44.
a35 != a45.
a35 != a46.
a35 != a47.
a35 != a48.
a35 != a49.
a35 != a50.
a35 != a51.
a35 != a52.
a35 != a53.
a35 != a54.
a35 != a55.
a35 != a56.
a35 != a57.
a35 != a58.
a35 != a59.
a36 != a37.
a36 != a38.
a36 != a39.
a36 != a40.
a36 != a41.
a36 != a42.
a36 != a43.
a36 != a44.
a36 != a45.
a36 != a46.
a36 != a47.
a36 != a48.
a36 != a49.
a36 != a50.
a36 != a51.
a36 != a52.
a36 != a53.
a36 != a54.
a36 != a55.
a36 != a56.
a36 != a57.
a36 != a58.
a36 != a59.
a37 != a38.
a37 != a39.
a37 != a40.
a37 != a41.
a37 != a42.
a37 != a43.
a37 != a44.
a37 != a45.
a37 != a46.
a37 != a47.
a37 != a48.
a37 != a49.
a37 != a50.
a37 != a51.
a37 != a52.
a37 != a53.
a37 != a54.
a37 != a55.
a37 != a56.
a37 != a57.
a37 != a58.
a37 != a59.
a38 != a39.
a38 != a40.
a38 != a41.
a38 != a42.
a38 != a43.
a38 != a44.
a38 != a45.
a38 != a46.
a38 != a47.
a38 != a48.
a38 != a49.
a38 != a50.
a38 != a51.
a38 != a52.
a38 != a53.
a38 != a54.
a38 != a55.
a38 != a56.
a38 != a57.
a38 != a58.
a38 != a59.
a39 != a40.
a39 != a41.
a39 != a42.
a39 != a43.
a39 != a44.
a39 != a45.
a39 != a46.
a39 != a47.
a39 != a48.
a39 != a49.
a39 != a50.
a39 != a51.
a39 != a52.
a39 != a53.
a39 != a54.
a39 != a55.
a39 != a56.
a39 != a57.
a39 != a58.
a39 != a59.
a40 != a41.
a40 != a42.
a40 != a43.
a40 != a44.
a40 != a45.
a40 != a46.
a40 != a47.
a40 != a48.
a40 != a49.
a40 != a50.
a40 != a51.
a40 != a52.
a40 != a53.
a40 != a54.
a40 != a55.
a40 != a56.
a40 != a57.
a40 != a58.
a40 != a59.
a41 != a42.
a41 != a43.
a41 != a44.
a41 != a45.
a41 != a46.
a41 != a47.
a41 != a48.
a41 != a49.
a41 != a50.
a41 != a51.
a41 != a52.
a41 != a53.
a41 != a54.
a41 != a55.
a41 != a56.
a41 != a57.
a41 != a58.
a41 != a59.
a42 != a43.
a42 != a44.
a42 != a45.
a42 != a46.
a42 != a47.
a42 != a48.
a42 != a49.
a42 != a50.
a42 != a51.
a42 != a52.
a42 != a53.
a42 != a54.
a42 != a55.
a42 != a56.
a42 != a57.
a42 != a58.
a42 != a59.
a43 != a44.
a43 != a45.
a43 != a46.
a43 != a47.
a43 != a48.
a43 != a49.
a43 != a50.
a43 != a51.
a43 != a52.
a43 != a53.
a43 != a54.
a43 != a55.
a43 != a56.
a43 != a57.
a43 != a58.
a43 != a59.
a44 != a45.
a44 != a46.
a44 != a47.
a44 != a48.
a44 != a49.
a44 != a50.
a44 != a51.
a44 != a52.
a44 != a53.
a44 != a54.
a44 != a55.
a44 != a56.
a44 != a57.
a44 != a58.
a44 != a59.
a45 != a46.
a45 != a47.
a45 != a48.
a45 != a49.
a45 != a50.
a45 != a51.
a45 != a52.
a45 != a53.
a45 != a54.
a45 != a55.
a45 != a56.
a45 != a57.
a45 != a58.
a45 != a59.
a46 != a47.
a46 != a48.
a46 != a49.
a46 != a50.
a46 != a51.
a46 != a52.
a46 != a53.
a46 != a54.
a46 != a55.
a46 != a56.
a46 != a57.
a46 != a58.
a46 != a59.
a47 != a48.
a47 != a49.
a47 != a50.
a47 != a51.
a47 != a52.
a47 != a53.
a47 != a54.
a47 != a55.
a47 != a56.
a47 != a57.
a47 != a58.
a47 != a59.
a48 != a49.
a48 != a50.
a48 != a51.
a48 != a52.
a48 != a53.
a48 != a54.
a48 != a55.
a48 != a56.
a48 != a57.
a48 != a58.
a48 != a59.
a49 != a50.
a49 != a51.
a49 != a52.
a49 != a53.
a49 != a54.
a49 != a55.
a49 != a56.
a49 != a57.
a49 != a58.
a49 != a59.
a50 != a51.
a50 != a52.
a50 != a53.
a50 != a54.
a50 != a55.
a50 != a56.
a50 != a57.
a50 != a58.
a50 != a59.
a51 != a52.
a51 != a53.
a51 != a54.
a51 != a55.
a51 != a56.
a51 != a57.
a51 != a58.
a51 != a59.
a52 != a53.
a52 != a54.
a52 != a55.
a52 != a56.
a52 != a57.
a52 != a58.
a52 != a59.
a53 != a54.
a53 != a55.
a53 != a56.
a53 != a57.
a53 != a58.
a53 != a59.
a54 != a55.
a54 != a56.
a54 != a57.
a54 != a58.
a54 != a59.
a55 != a56.
a55 != a57.
a55 != a58.
a55 != a59.
a56 != a57.
a56 != a58.
a56 != a59.
a57 != a58.
a57 != a59.
a58 != a59.
end_of_list.

============================== end of clauses for search =============

% The largest natural number in the input is 59.

============================== DOMAIN SIZE 60 ========================

============================== MODEL =================================

interpretation( 60, [number=1, seconds=39], [

        function(a0, [11 ]),

        function(a1, [12 ]),

        function(a10, [57 ]),

        function(a11, [58 ]),

        function(a12, [59 ]),

        function(a13, [39 ]),

        function(a14, [19 ]),

        function(a15, [51 ]),

        function(a16, [31 ]),

        function(a17, [30 ]),

        function(a18, [10 ]),

        function(a19, [ 9 ]),

        function(a2, [13 ]),

        function(a20, [ 2 ]),

        function(a21, [21 ]),

        function(a22, [22 ]),

        function(a23, [23 ]),

        function(a24, [42 ]),

        function(a25, [29 ]),

        function(a26, [50 ]),

        function(a27, [49 ]),

        function(a28, [48 ]),

        function(a29, [47 ]),

        function(a3, [32 ]),

        function(a30, [ 8 ]),

        function(a31, [28 ]),

        function(a32, [27 ]),

        function(a33, [26 ]),

        function(a34, [46 ]),

        function(a35, [14 ]),

        function(a36, [33 ]),

        function(a37, [34 ]),

        function(a38, [35 ]),

        function(a39, [53 ]),

        function(a4, [52 ]),

        function(a40, [ 7 ]),

        function(a41, [ 6 ]),

        function(a42, [ 5 ]),

        function(a43, [ 4 ]),

        function(a44, [ 3 ]),

        function(a45, [15 ]),

        function(a46, [16 ]),

        function(a47, [17 ]),

        function(a48, [18 ]),

        function(a49, [38 ]),

        function(a5, [ 1 ]),

        function(a50, [24 ]),

        function(a51, [25 ]),

        function(a52, [43 ]),

        function(a53, [44 ]),

        function(a54, [45 ]),

        function(a55, [54 ]),

        function(a56, [55 ]),

        function(a57, [56 ]),

        function(a58, [36 ]),

        function(a59, [37 ]),

        function(a6, [ 0 ]),

        function(a7, [20 ]),

        function(a8, [40 ]),

        function(a9, [41 ]),

        relation(U, [ 0 ]),

        relation(Ur, [ 1 ]),

        relation(Urr, [ 0 ]),

        relation(Urrr, [ 0 ]),

        relation(V, [ 0 ]),

        relation(Vr, [ 0 ]),

        relation(Vrr, [ 0 ]),

        relation(Vrrr, [ 1 ]),

        relation(W, [ 0 ]),

        relation(Wr, [ 0 ]),

        relation(Wrr, [ 1 ]),

        relation(Wrrr, [ 0 ]),

        relation(X, [ 1 ]),

        relation(Y, [ 0 ]),

        relation(Yr, [ 1 ]),

        relation(Yrr, [ 0 ]),

        relation(Yrrr, [ 0 ]),

        relation(Yu, [ 0 ]),

        relation(Yur, [ 0 ]),

        relation(Yurr, [ 0 ]),

        relation(Yurrr, [ 0 ]),

        relation(Z, [ 0 ]),

        relation(Zr, [ 1 ]),

        relation(Zu, [ 0 ]),

        relation(Zur, [ 0 ]),

        relation(f, [ 0 ]),

        relation(fr, [ 0 ]),

        relation(frr, [ 0 ]),

        relation(frrr, [ 0 ]),

        relation(fu, [ 0 ]),

        relation(fur, [ 0 ]),

        relation(furr, [ 0 ]),

        relation(furrr, [ 1 ]),

        relation(i, [ 0 ]),

        relation(ir, [ 1 ]),

        relation(l, [ 0 ]),

        relation(lr, [ 0 ]),

        relation(lrr, [ 0 ]),

        relation(lrrr, [ 0 ]),

        relation(lu, [ 0 ]),

        relation(lur, [ 0 ]),

        relation(lurr, [ 0 ]),

        relation(lurrr, [ 1 ]),

        relation(n, [ 0 ]),

        relation(nr, [ 0 ]),

        relation(nrr, [ 0 ]),

        relation(nrrr, [ 0 ]),

        relation(nu, [ 0 ]),

        relation(nur, [ 0 ]),

        relation(nurr, [ 0 ]),

        relation(nurrr, [ 1 ]),

        relation(p, [ 0 ]),

        relation(pr, [ 0 ]),

        relation(prr, [ 0 ]),

        relation(prrr, [ 0 ]),

        relation(pu, [ 0 ]),

        relation(pur, [ 0 ]),

        relation(purr, [ 0 ]),

        relation(purrr, [ 1 ]),

        relation(t, [ 1 ]),

        relation(tr, [ 0 ]),

        relation(trr, [ 0 ]),

        relation(trrr, [ 0 ]),

        relation(left(_,_), [
			   0, 1, 0, 0, 0, 0, 0, 0, 0, 0, 0, 0, 0, 0, 0, 0, 0, 0, 0, 0, 0, 0, 0, 0, 0, 0, 0, 0, 0, 0, 0, 0, 0, 0, 0, 0, 0, 0, 0, 0, 0, 0, 0, 0, 0, 0, 0, 0, 0, 0, 0, 0, 0, 0, 0, 0, 0, 0, 0, 0,
			   0, 0, 1, 0, 0, 0, 0, 0, 0, 0, 0, 0, 0, 0, 0, 0, 0, 0, 0, 0, 0, 0, 0, 0, 0, 0, 0, 0, 0, 0, 0, 0, 0, 0, 0, 0, 0, 0, 0, 0, 0, 0, 0, 0, 0, 0, 0, 0, 0, 0, 0, 0, 0, 0, 0, 0, 0, 0, 0, 0,
			   0, 0, 0, 1, 0, 0, 0, 0, 0, 0, 0, 0, 0, 0, 0, 0, 0, 0, 0, 0, 0, 0, 0, 0, 0, 0, 0, 0, 0, 0, 0, 0, 0, 0, 0, 0, 0, 0, 0, 0, 0, 0, 0, 0, 0, 0, 0, 0, 0, 0, 0, 0, 0, 0, 0, 0, 0, 0, 0, 0,
			   0, 0, 0, 0, 1, 0, 0, 0, 0, 0, 0, 0, 0, 0, 0, 0, 0, 0, 0, 0, 0, 0, 0, 0, 0, 0, 0, 0, 0, 0, 0, 0, 0, 0, 0, 0, 0, 0, 0, 0, 0, 0, 0, 0, 0, 0, 0, 0, 0, 0, 0, 0, 0, 0, 0, 0, 0, 0, 0, 0,
			   0, 0, 0, 0, 0, 1, 0, 0, 0, 0, 0, 0, 0, 0, 0, 0, 0, 0, 0, 0, 0, 0, 0, 0, 0, 0, 0, 0, 0, 0, 0, 0, 0, 0, 0, 0, 0, 0, 0, 0, 0, 0, 0, 0, 0, 0, 0, 0, 0, 0, 0, 0, 0, 0, 0, 0, 0, 0, 0, 0,
			   0, 0, 0, 0, 0, 0, 1, 0, 0, 0, 0, 0, 0, 0, 0, 0, 0, 0, 0, 0, 0, 0, 0, 0, 0, 0, 0, 0, 0, 0, 0, 0, 0, 0, 0, 0, 0, 0, 0, 0, 0, 0, 0, 0, 0, 0, 0, 0, 0, 0, 0, 0, 0, 0, 0, 0, 0, 0, 0, 0,
			   0, 0, 0, 0, 0, 0, 0, 1, 0, 0, 0, 0, 0, 0, 0, 0, 0, 0, 0, 0, 0, 0, 0, 0, 0, 0, 0, 0, 0, 0, 0, 0, 0, 0, 0, 0, 0, 0, 0, 0, 0, 0, 0, 0, 0, 0, 0, 0, 0, 0, 0, 0, 0, 0, 0, 0, 0, 0, 0, 0,
			   0, 0, 0, 0, 0, 0, 0, 0, 1, 0, 0, 0, 0, 0, 0, 0, 0, 0, 0, 0, 0, 0, 0, 0, 0, 0, 0, 0, 0, 0, 0, 0, 0, 0, 0, 0, 0, 0, 0, 0, 0, 0, 0, 0, 0, 0, 0, 0, 0, 0, 0, 0, 0, 0, 0, 0, 0, 0, 0, 0,
			   0, 0, 0, 0, 0, 0, 0, 0, 0, 1, 0, 0, 0, 0, 0, 0, 0, 0, 0, 0, 0, 0, 0, 0, 0, 0, 0, 0, 0, 0, 0, 0, 0, 0, 0, 0, 0, 0, 0, 0, 0, 0, 0, 0, 0, 0, 0, 0, 0, 0, 0, 0, 0, 0, 0, 0, 0, 0, 0, 0,
			   0, 0, 0, 0, 0, 0, 0, 0, 0, 0, 1, 0, 0, 0, 0, 0, 0, 0, 0, 0, 0, 0, 0, 0, 0, 0, 0, 0, 0, 0, 0, 0, 0, 0, 0, 0, 0, 0, 0, 0, 0, 0, 0, 0, 0, 0, 0, 0, 0, 0, 0, 0, 0, 0, 0, 0, 0, 0, 0, 0,
			   0, 0, 0, 0, 0, 0, 0, 0, 0, 0, 0, 1, 0, 0, 0, 0, 0, 0, 0, 0, 0, 0, 0, 0, 0, 0, 0, 0, 0, 0, 0, 0, 0, 0, 0, 0, 0, 0, 0, 0, 0, 0, 0, 0, 0, 0, 0, 0, 0, 0, 0, 0, 0, 0, 0, 0, 0, 0, 0, 0,
			   0, 0, 0, 0, 0, 0, 0, 0, 0, 0, 0, 0, 1, 0, 0, 0, 0, 0, 0, 0, 0, 0, 0, 0, 0, 0, 0, 0, 0, 0, 0, 0, 0, 0, 0, 0, 0, 0, 0, 0, 0, 0, 0, 0, 0, 0, 0, 0, 0, 0, 0, 0, 0, 0, 0, 0, 0, 0, 0, 0,
			   0, 0, 0, 0, 0, 0, 0, 0, 0, 0, 0, 0, 0, 1, 0, 0, 0, 0, 0, 0, 0, 0, 0, 0, 0, 0, 0, 0, 0, 0, 0, 0, 0, 0, 0, 0, 0, 0, 0, 0, 0, 0, 0, 0, 0, 0, 0, 0, 0, 0, 0, 0, 0, 0, 0, 0, 0, 0, 0, 0,
			   0, 0, 0, 0, 0, 0, 0, 0, 0, 0, 0, 0, 0, 0, 1, 0, 0, 0, 0, 0, 0, 0, 0, 0, 0, 0, 0, 0, 0, 0, 0, 0, 0, 0, 0, 0, 0, 0, 0, 0, 0, 0, 0, 0, 0, 0, 0, 0, 0, 0, 0, 0, 0, 0, 0, 0, 0, 0, 0, 0,
			   0, 0, 0, 0, 0, 0, 0, 0, 0, 0, 0, 0, 0, 0, 0, 1, 0, 0, 0, 0, 0, 0, 0, 0, 0, 0, 0, 0, 0, 0, 0, 0, 0, 0, 0, 0, 0, 0, 0, 0, 0, 0, 0, 0, 0, 0, 0, 0, 0, 0, 0, 0, 0, 0, 0, 0, 0, 0, 0, 0,
			   0, 0, 0, 0, 0, 0, 0, 0, 0, 0, 0, 0, 0, 0, 0, 0, 1, 0, 0, 0, 0, 0, 0, 0, 0, 0, 0, 0, 0, 0, 0, 0, 0, 0, 0, 0, 0, 0, 0, 0, 0, 0, 0, 0, 0, 0, 0, 0, 0, 0, 0, 0, 0, 0, 0, 0, 0, 0, 0, 0,
			   0, 0, 0, 0, 0, 0, 0, 0, 0, 0, 0, 0, 0, 0, 0, 0, 0, 1, 0, 0, 0, 0, 0, 0, 0, 0, 0, 0, 0, 0, 0, 0, 0, 0, 0, 0, 0, 0, 0, 0, 0, 0, 0, 0, 0, 0, 0, 0, 0, 0, 0, 0, 0, 0, 0, 0, 0, 0, 0, 0,
			   0, 0, 0, 0, 0, 0, 0, 0, 0, 0, 0, 0, 0, 0, 0, 0, 0, 0, 1, 0, 0, 0, 0, 0, 0, 0, 0, 0, 0, 0, 0, 0, 0, 0, 0, 0, 0, 0, 0, 0, 0, 0, 0, 0, 0, 0, 0, 0, 0, 0, 0, 0, 0, 0, 0, 0, 0, 0, 0, 0,
			   0, 0, 0, 0, 0, 0, 0, 0, 0, 0, 0, 0, 0, 0, 0, 0, 0, 0, 0, 1, 0, 0, 0, 0, 0, 0, 0, 0, 0, 0, 0, 0, 0, 0, 0, 0, 0, 0, 0, 0, 0, 0, 0, 0, 0, 0, 0, 0, 0, 0, 0, 0, 0, 0, 0, 0, 0, 0, 0, 0,
			   0, 0, 0, 0, 0, 0, 0, 0, 0, 0, 0, 0, 0, 0, 0, 0, 0, 0, 0, 0, 0, 0, 0, 0, 0, 0, 0, 0, 0, 0, 0, 0, 0, 0, 0, 0, 0, 0, 0, 0, 0, 0, 0, 0, 0, 0, 0, 0, 0, 0, 0, 0, 0, 0, 0, 0, 0, 0, 0, 0,
			   0, 0, 0, 0, 0, 0, 0, 0, 0, 0, 0, 0, 0, 0, 0, 0, 0, 0, 0, 0, 0, 1, 0, 0, 0, 0, 0, 0, 0, 0, 0, 0, 0, 0, 0, 0, 0, 0, 0, 0, 0, 0, 0, 0, 0, 0, 0, 0, 0, 0, 0, 0, 0, 0, 0, 0, 0, 0, 0, 0,
			   0, 0, 0, 0, 0, 0, 0, 0, 0, 0, 0, 0, 0, 0, 0, 0, 0, 0, 0, 0, 0, 0, 1, 0, 0, 0, 0, 0, 0, 0, 0, 0, 0, 0, 0, 0, 0, 0, 0, 0, 0, 0, 0, 0, 0, 0, 0, 0, 0, 0, 0, 0, 0, 0, 0, 0, 0, 0, 0, 0,
			   0, 0, 0, 0, 0, 0, 0, 0, 0, 0, 0, 0, 0, 0, 0, 0, 0, 0, 0, 0, 0, 0, 0, 1, 0, 0, 0, 0, 0, 0, 0, 0, 0, 0, 0, 0, 0, 0, 0, 0, 0, 0, 0, 0, 0, 0, 0, 0, 0, 0, 0, 0, 0, 0, 0, 0, 0, 0, 0, 0,
			   0, 0, 0, 0, 0, 0, 0, 0, 0, 0, 0, 0, 0, 0, 0, 0, 0, 0, 0, 0, 0, 0, 0, 0, 1, 0, 0, 0, 0, 0, 0, 0, 0, 0, 0, 0, 0, 0, 0, 0, 0, 0, 0, 0, 0, 0, 0, 0, 0, 0, 0, 0, 0, 0, 0, 0, 0, 0, 0, 0,
			   0, 0, 0, 0, 0, 0, 0, 0, 0, 0, 0, 0, 0, 0, 0, 0, 0, 0, 0, 0, 0, 0, 0, 0, 0, 1, 0, 0, 0, 0, 0, 0, 0, 0, 0, 0, 0, 0, 0, 0, 0, 0, 0, 0, 0, 0, 0, 0, 0, 0, 0, 0, 0, 0, 0, 0, 0, 0, 0, 0,
			   0, 0, 0, 0, 0, 0, 0, 0, 0, 0, 0, 0, 0, 0, 0, 0, 0, 0, 0, 0, 0, 0, 0, 0, 0, 0, 1, 0, 0, 0, 0, 0, 0, 0, 0, 0, 0, 0, 0, 0, 0, 0, 0, 0, 0, 0, 0, 0, 0, 0, 0, 0, 0, 0, 0, 0, 0, 0, 0, 0,
			   0, 0, 0, 0, 0, 0, 0, 0, 0, 0, 0, 0, 0, 0, 0, 0, 0, 0, 0, 0, 0, 0, 0, 0, 0, 0, 0, 1, 0, 0, 0, 0, 0, 0, 0, 0, 0, 0, 0, 0, 0, 0, 0, 0, 0, 0, 0, 0, 0, 0, 0, 0, 0, 0, 0, 0, 0, 0, 0, 0,
			   0, 0, 0, 0, 0, 0, 0, 0, 0, 0, 0, 0, 0, 0, 0, 0, 0, 0, 0, 0, 0, 0, 0, 0, 0, 0, 0, 0, 1, 0, 0, 0, 0, 0, 0, 0, 0, 0, 0, 0, 0, 0, 0, 0, 0, 0, 0, 0, 0, 0, 0, 0, 0, 0, 0, 0, 0, 0, 0, 0,
			   0, 0, 0, 0, 0, 0, 0, 0, 0, 0, 0, 0, 0, 0, 0, 0, 0, 0, 0, 0, 0, 0, 0, 0, 0, 0, 0, 0, 0, 1, 0, 0, 0, 0, 0, 0, 0, 0, 0, 0, 0, 0, 0, 0, 0, 0, 0, 0, 0, 0, 0, 0, 0, 0, 0, 0, 0, 0, 0, 0,
			   0, 0, 0, 0, 0, 0, 0, 0, 0, 0, 0, 0, 0, 0, 0, 0, 0, 0, 0, 0, 0, 0, 0, 0, 0, 0, 0, 0, 0, 0, 1, 0, 0, 0, 0, 0, 0, 0, 0, 0, 0, 0, 0, 0, 0, 0, 0, 0, 0, 0, 0, 0, 0, 0, 0, 0, 0, 0, 0, 0,
			   0, 0, 0, 0, 0, 0, 0, 0, 0, 0, 0, 0, 0, 0, 0, 0, 0, 0, 0, 0, 0, 0, 0, 0, 0, 0, 0, 0, 0, 0, 0, 1, 0, 0, 0, 0, 0, 0, 0, 0, 0, 0, 0, 0, 0, 0, 0, 0, 0, 0, 0, 0, 0, 0, 0, 0, 0, 0, 0, 0,
			   0, 0, 0, 0, 0, 0, 0, 0, 0, 0, 0, 0, 0, 0, 0, 0, 0, 0, 0, 0, 0, 0, 0, 0, 0, 0, 0, 0, 0, 0, 0, 0, 1, 0, 0, 0, 0, 0, 0, 0, 0, 0, 0, 0, 0, 0, 0, 0, 0, 0, 0, 0, 0, 0, 0, 0, 0, 0, 0, 0,
			   0, 0, 0, 0, 0, 0, 0, 0, 0, 0, 0, 0, 0, 0, 0, 0, 0, 0, 0, 0, 0, 0, 0, 0, 0, 0, 0, 0, 0, 0, 0, 0, 0, 1, 0, 0, 0, 0, 0, 0, 0, 0, 0, 0, 0, 0, 0, 0, 0, 0, 0, 0, 0, 0, 0, 0, 0, 0, 0, 0,
			   0, 0, 0, 0, 0, 0, 0, 0, 0, 0, 0, 0, 0, 0, 0, 0, 0, 0, 0, 0, 0, 0, 0, 0, 0, 0, 0, 0, 0, 0, 0, 0, 0, 0, 1, 0, 0, 0, 0, 0, 0, 0, 0, 0, 0, 0, 0, 0, 0, 0, 0, 0, 0, 0, 0, 0, 0, 0, 0, 0,
			   0, 0, 0, 0, 0, 0, 0, 0, 0, 0, 0, 0, 0, 0, 0, 0, 0, 0, 0, 0, 0, 0, 0, 0, 0, 0, 0, 0, 0, 0, 0, 0, 0, 0, 0, 1, 0, 0, 0, 0, 0, 0, 0, 0, 0, 0, 0, 0, 0, 0, 0, 0, 0, 0, 0, 0, 0, 0, 0, 0,
			   0, 0, 0, 0, 0, 0, 0, 0, 0, 0, 0, 0, 0, 0, 0, 0, 0, 0, 0, 0, 0, 0, 0, 0, 0, 0, 0, 0, 0, 0, 0, 0, 0, 0, 0, 0, 1, 0, 0, 0, 0, 0, 0, 0, 0, 0, 0, 0, 0, 0, 0, 0, 0, 0, 0, 0, 0, 0, 0, 0,
			   0, 0, 0, 0, 0, 0, 0, 0, 0, 0, 0, 0, 0, 0, 0, 0, 0, 0, 0, 0, 0, 0, 0, 0, 0, 0, 0, 0, 0, 0, 0, 0, 0, 0, 0, 0, 0, 1, 0, 0, 0, 0, 0, 0, 0, 0, 0, 0, 0, 0, 0, 0, 0, 0, 0, 0, 0, 0, 0, 0,
			   0, 0, 0, 0, 0, 0, 0, 0, 0, 0, 0, 0, 0, 0, 0, 0, 0, 0, 0, 0, 0, 0, 0, 0, 0, 0, 0, 0, 0, 0, 0, 0, 0, 0, 0, 0, 0, 0, 1, 0, 0, 0, 0, 0, 0, 0, 0, 0, 0, 0, 0, 0, 0, 0, 0, 0, 0, 0, 0, 0,
			   0, 0, 0, 0, 0, 0, 0, 0, 0, 0, 0, 0, 0, 0, 0, 0, 0, 0, 0, 0, 0, 0, 0, 0, 0, 0, 0, 0, 0, 0, 0, 0, 0, 0, 0, 0, 0, 0, 0, 1, 0, 0, 0, 0, 0, 0, 0, 0, 0, 0, 0, 0, 0, 0, 0, 0, 0, 0, 0, 0,
			   0, 0, 0, 0, 0, 0, 0, 0, 0, 0, 0, 0, 0, 0, 0, 0, 0, 0, 0, 0, 0, 0, 0, 0, 0, 0, 0, 0, 0, 0, 0, 0, 0, 0, 0, 0, 0, 0, 0, 0, 0, 0, 0, 0, 0, 0, 0, 0, 0, 0, 0, 0, 0, 0, 0, 0, 0, 0, 0, 0,
			   0, 0, 0, 0, 0, 0, 0, 0, 0, 0, 0, 0, 0, 0, 0, 0, 0, 0, 0, 0, 0, 0, 0, 0, 0, 0, 0, 0, 0, 0, 0, 0, 0, 0, 0, 0, 0, 0, 0, 0, 0, 1, 0, 0, 0, 0, 0, 0, 0, 0, 0, 0, 0, 0, 0, 0, 0, 0, 0, 0,
			   0, 0, 0, 0, 0, 0, 0, 0, 0, 0, 0, 0, 0, 0, 0, 0, 0, 0, 0, 0, 0, 0, 0, 0, 0, 0, 0, 0, 0, 0, 0, 0, 0, 0, 0, 0, 0, 0, 0, 0, 0, 0, 1, 0, 0, 0, 0, 0, 0, 0, 0, 0, 0, 0, 0, 0, 0, 0, 0, 0,
			   0, 0, 0, 0, 0, 0, 0, 0, 0, 0, 0, 0, 0, 0, 0, 0, 0, 0, 0, 0, 0, 0, 0, 0, 0, 0, 0, 0, 0, 0, 0, 0, 0, 0, 0, 0, 0, 0, 0, 0, 0, 0, 0, 1, 0, 0, 0, 0, 0, 0, 0, 0, 0, 0, 0, 0, 0, 0, 0, 0,
			   0, 0, 0, 0, 0, 0, 0, 0, 0, 0, 0, 0, 0, 0, 0, 0, 0, 0, 0, 0, 0, 0, 0, 0, 0, 0, 0, 0, 0, 0, 0, 0, 0, 0, 0, 0, 0, 0, 0, 0, 0, 0, 0, 0, 1, 0, 0, 0, 0, 0, 0, 0, 0, 0, 0, 0, 0, 0, 0, 0,
			   0, 0, 0, 0, 0, 0, 0, 0, 0, 0, 0, 0, 0, 0, 0, 0, 0, 0, 0, 0, 0, 0, 0, 0, 0, 0, 0, 0, 0, 0, 0, 0, 0, 0, 0, 0, 0, 0, 0, 0, 0, 0, 0, 0, 0, 1, 0, 0, 0, 0, 0, 0, 0, 0, 0, 0, 0, 0, 0, 0,
			   0, 0, 0, 0, 0, 0, 0, 0, 0, 0, 0, 0, 0, 0, 0, 0, 0, 0, 0, 0, 0, 0, 0, 0, 0, 0, 0, 0, 0, 0, 0, 0, 0, 0, 0, 0, 0, 0, 0, 0, 0, 0, 0, 0, 0, 0, 1, 0, 0, 0, 0, 0, 0, 0, 0, 0, 0, 0, 0, 0,
			   0, 0, 0, 0, 0, 0, 0, 0, 0, 0, 0, 0, 0, 0, 0, 0, 0, 0, 0, 0, 0, 0, 0, 0, 0, 0, 0, 0, 0, 0, 0, 0, 0, 0, 0, 0, 0, 0, 0, 0, 0, 0, 0, 0, 0, 0, 0, 1, 0, 0, 0, 0, 0, 0, 0, 0, 0, 0, 0, 0,
			   0, 0, 0, 0, 0, 0, 0, 0, 0, 0, 0, 0, 0, 0, 0, 0, 0, 0, 0, 0, 0, 0, 0, 0, 0, 0, 0, 0, 0, 0, 0, 0, 0, 0, 0, 0, 0, 0, 0, 0, 0, 0, 0, 0, 0, 0, 0, 0, 1, 0, 0, 0, 0, 0, 0, 0, 0, 0, 0, 0,
			   0, 0, 0, 0, 0, 0, 0, 0, 0, 0, 0, 0, 0, 0, 0, 0, 0, 0, 0, 0, 0, 0, 0, 0, 0, 0, 0, 0, 0, 0, 0, 0, 0, 0, 0, 0, 0, 0, 0, 0, 0, 0, 0, 0, 0, 0, 0, 0, 0, 1, 0, 0, 0, 0, 0, 0, 0, 0, 0, 0,
			   0, 0, 0, 0, 0, 0, 0, 0, 0, 0, 0, 0, 0, 0, 0, 0, 0, 0, 0, 0, 0, 0, 0, 0, 0, 0, 0, 0, 0, 0, 0, 0, 0, 0, 0, 0, 0, 0, 0, 0, 0, 0, 0, 0, 0, 0, 0, 0, 0, 0, 1, 0, 0, 0, 0, 0, 0, 0, 0, 0,
			   0, 0, 0, 0, 0, 0, 0, 0, 0, 0, 0, 0, 0, 0, 0, 0, 0, 0, 0, 0, 0, 0, 0, 0, 0, 0, 0, 0, 0, 0, 0, 0, 0, 0, 0, 0, 0, 0, 0, 0, 0, 0, 0, 0, 0, 0, 0, 0, 0, 0, 0, 1, 0, 0, 0, 0, 0, 0, 0, 0,
			   0, 0, 0, 0, 0, 0, 0, 0, 0, 0, 0, 0, 0, 0, 0, 0, 0, 0, 0, 0, 0, 0, 0, 0, 0, 0, 0, 0, 0, 0, 0, 0, 0, 0, 0, 0, 0, 0, 0, 0, 0, 0, 0, 0, 0, 0, 0, 0, 0, 0, 0, 0, 1, 0, 0, 0, 0, 0, 0, 0,
			   0, 0, 0, 0, 0, 0, 0, 0, 0, 0, 0, 0, 0, 0, 0, 0, 0, 0, 0, 0, 0, 0, 0, 0, 0, 0, 0, 0, 0, 0, 0, 0, 0, 0, 0, 0, 0, 0, 0, 0, 0, 0, 0, 0, 0, 0, 0, 0, 0, 0, 0, 0, 0, 1, 0, 0, 0, 0, 0, 0,
			   0, 0, 0, 0, 0, 0, 0, 0, 0, 0, 0, 0, 0, 0, 0, 0, 0, 0, 0, 0, 0, 0, 0, 0, 0, 0, 0, 0, 0, 0, 0, 0, 0, 0, 0, 0, 0, 0, 0, 0, 0, 0, 0, 0, 0, 0, 0, 0, 0, 0, 0, 0, 0, 0, 1, 0, 0, 0, 0, 0,
			   0, 0, 0, 0, 0, 0, 0, 0, 0, 0, 0, 0, 0, 0, 0, 0, 0, 0, 0, 0, 0, 0, 0, 0, 0, 0, 0, 0, 0, 0, 0, 0, 0, 0, 0, 0, 0, 0, 0, 0, 0, 0, 0, 0, 0, 0, 0, 0, 0, 0, 0, 0, 0, 0, 0, 1, 0, 0, 0, 0,
			   0, 0, 0, 0, 0, 0, 0, 0, 0, 0, 0, 0, 0, 0, 0, 0, 0, 0, 0, 0, 0, 0, 0, 0, 0, 0, 0, 0, 0, 0, 0, 0, 0, 0, 0, 0, 0, 0, 0, 0, 0, 0, 0, 0, 0, 0, 0, 0, 0, 0, 0, 0, 0, 0, 0, 0, 1, 0, 0, 0,
			   0, 0, 0, 0, 0, 0, 0, 0, 0, 0, 0, 0, 0, 0, 0, 0, 0, 0, 0, 0, 0, 0, 0, 0, 0, 0, 0, 0, 0, 0, 0, 0, 0, 0, 0, 0, 0, 0, 0, 0, 0, 0, 0, 0, 0, 0, 0, 0, 0, 0, 0, 0, 0, 0, 0, 0, 0, 1, 0, 0,
			   0, 0, 0, 0, 0, 0, 0, 0, 0, 0, 0, 0, 0, 0, 0, 0, 0, 0, 0, 0, 0, 0, 0, 0, 0, 0, 0, 0, 0, 0, 0, 0, 0, 0, 0, 0, 0, 0, 0, 0, 0, 0, 0, 0, 0, 0, 0, 0, 0, 0, 0, 0, 0, 0, 0, 0, 0, 0, 1, 0,
			   0, 0, 0, 0, 0, 0, 0, 0, 0, 0, 0, 0, 0, 0, 0, 0, 0, 0, 0, 0, 0, 0, 0, 0, 0, 0, 0, 0, 0, 0, 0, 0, 0, 0, 0, 0, 0, 0, 0, 0, 0, 0, 0, 0, 0, 0, 0, 0, 0, 0, 0, 0, 0, 0, 0, 0, 0, 0, 0, 1,
			   0, 0, 0, 0, 0, 0, 0, 0, 0, 0, 0, 0, 0, 0, 0, 0, 0, 0, 0, 0, 0, 0, 0, 0, 0, 0, 0, 0, 0, 0, 0, 0, 0, 0, 0, 0, 0, 0, 0, 0, 0, 0, 0, 0, 0, 0, 0, 0, 0, 0, 0, 0, 0, 0, 0, 0, 0, 0, 0, 0 ]),

        relation(on(_,_), [
			   0, 0, 0, 0, 0, 0, 0, 0, 0, 0, 0, 0, 0, 0, 0, 0, 0, 0, 0, 0, 1, 0, 0, 0, 0, 0, 0, 0, 0, 0, 0, 0, 0, 0, 0, 0, 0, 0, 0, 0, 0, 0, 0, 0, 0, 0, 0, 0, 0, 0, 0, 0, 0, 0, 0, 0, 0, 0, 0, 0,
			   0, 0, 0, 0, 0, 0, 0, 0, 0, 0, 0, 0, 0, 0, 0, 0, 0, 0, 0, 0, 0, 1, 0, 0, 0, 0, 0, 0, 0, 0, 0, 0, 0, 0, 0, 0, 0, 0, 0, 0, 0, 0, 0, 0, 0, 0, 0, 0, 0, 0, 0, 0, 0, 0, 0, 0, 0, 0, 0, 0,
			   0, 0, 0, 0, 0, 0, 0, 0, 0, 0, 0, 0, 0, 0, 0, 0, 0, 0, 0, 0, 0, 0, 1, 0, 0, 0, 0, 0, 0, 0, 0, 0, 0, 0, 0, 0, 0, 0, 0, 0, 0, 0, 0, 0, 0, 0, 0, 0, 0, 0, 0, 0, 0, 0, 0, 0, 0, 0, 0, 0,
			   0, 0, 0, 0, 0, 0, 0, 0, 0, 0, 0, 0, 0, 0, 0, 0, 0, 0, 0, 0, 0, 0, 0, 1, 0, 0, 0, 0, 0, 0, 0, 0, 0, 0, 0, 0, 0, 0, 0, 0, 0, 0, 0, 0, 0, 0, 0, 0, 0, 0, 0, 0, 0, 0, 0, 0, 0, 0, 0, 0,
			   0, 0, 0, 0, 0, 0, 0, 0, 0, 0, 0, 0, 0, 0, 0, 0, 0, 0, 0, 0, 0, 0, 0, 0, 1, 0, 0, 0, 0, 0, 0, 0, 0, 0, 0, 0, 0, 0, 0, 0, 0, 0, 0, 0, 0, 0, 0, 0, 0, 0, 0, 0, 0, 0, 0, 0, 0, 0, 0, 0,
			   0, 0, 0, 0, 0, 0, 0, 0, 0, 0, 0, 0, 0, 0, 0, 0, 0, 0, 0, 0, 0, 0, 0, 0, 0, 1, 0, 0, 0, 0, 0, 0, 0, 0, 0, 0, 0, 0, 0, 0, 0, 0, 0, 0, 0, 0, 0, 0, 0, 0, 0, 0, 0, 0, 0, 0, 0, 0, 0, 0,
			   0, 0, 0, 0, 0, 0, 0, 0, 0, 0, 0, 0, 0, 0, 0, 0, 0, 0, 0, 0, 0, 0, 0, 0, 0, 0, 1, 0, 0, 0, 0, 0, 0, 0, 0, 0, 0, 0, 0, 0, 0, 0, 0, 0, 0, 0, 0, 0, 0, 0, 0, 0, 0, 0, 0, 0, 0, 0, 0, 0,
			   0, 0, 0, 0, 0, 0, 0, 0, 0, 0, 0, 0, 0, 0, 0, 0, 0, 0, 0, 0, 0, 0, 0, 0, 0, 0, 0, 1, 0, 0, 0, 0, 0, 0, 0, 0, 0, 0, 0, 0, 0, 0, 0, 0, 0, 0, 0, 0, 0, 0, 0, 0, 0, 0, 0, 0, 0, 0, 0, 0,
			   0, 0, 0, 0, 0, 0, 0, 0, 0, 0, 0, 0, 0, 0, 0, 0, 0, 0, 0, 0, 0, 0, 0, 0, 0, 0, 0, 0, 1, 0, 0, 0, 0, 0, 0, 0, 0, 0, 0, 0, 0, 0, 0, 0, 0, 0, 0, 0, 0, 0, 0, 0, 0, 0, 0, 0, 0, 0, 0, 0,
			   0, 0, 0, 0, 0, 0, 0, 0, 0, 0, 0, 0, 0, 0, 0, 0, 0, 0, 0, 0, 0, 0, 0, 0, 0, 0, 0, 0, 0, 1, 0, 0, 0, 0, 0, 0, 0, 0, 0, 0, 0, 0, 0, 0, 0, 0, 0, 0, 0, 0, 0, 0, 0, 0, 0, 0, 0, 0, 0, 0,
			   0, 0, 0, 0, 0, 0, 0, 0, 0, 0, 0, 0, 0, 0, 0, 0, 0, 0, 0, 0, 0, 0, 0, 0, 0, 0, 0, 0, 0, 0, 1, 0, 0, 0, 0, 0, 0, 0, 0, 0, 0, 0, 0, 0, 0, 0, 0, 0, 0, 0, 0, 0, 0, 0, 0, 0, 0, 0, 0, 0,
			   0, 0, 0, 0, 0, 0, 0, 0, 0, 0, 0, 0, 0, 0, 0, 0, 0, 0, 0, 0, 0, 0, 0, 0, 0, 0, 0, 0, 0, 0, 0, 1, 0, 0, 0, 0, 0, 0, 0, 0, 0, 0, 0, 0, 0, 0, 0, 0, 0, 0, 0, 0, 0, 0, 0, 0, 0, 0, 0, 0,
			   0, 0, 0, 0, 0, 0, 0, 0, 0, 0, 0, 0, 0, 0, 0, 0, 0, 0, 0, 0, 0, 0, 0, 0, 0, 0, 0, 0, 0, 0, 0, 0, 1, 0, 0, 0, 0, 0, 0, 0, 0, 0, 0, 0, 0, 0, 0, 0, 0, 0, 0, 0, 0, 0, 0, 0, 0, 0, 0, 0,
			   0, 0, 0, 0, 0, 0, 0, 0, 0, 0, 0, 0, 0, 0, 0, 0, 0, 0, 0, 0, 0, 0, 0, 0, 0, 0, 0, 0, 0, 0, 0, 0, 0, 1, 0, 0, 0, 0, 0, 0, 0, 0, 0, 0, 0, 0, 0, 0, 0, 0, 0, 0, 0, 0, 0, 0, 0, 0, 0, 0,
			   0, 0, 0, 0, 0, 0, 0, 0, 0, 0, 0, 0, 0, 0, 0, 0, 0, 0, 0, 0, 0, 0, 0, 0, 0, 0, 0, 0, 0, 0, 0, 0, 0, 0, 1, 0, 0, 0, 0, 0, 0, 0, 0, 0, 0, 0, 0, 0, 0, 0, 0, 0, 0, 0, 0, 0, 0, 0, 0, 0,
			   0, 0, 0, 0, 0, 0, 0, 0, 0, 0, 0, 0, 0, 0, 0, 0, 0, 0, 0, 0, 0, 0, 0, 0, 0, 0, 0, 0, 0, 0, 0, 0, 0, 0, 0, 1, 0, 0, 0, 0, 0, 0, 0, 0, 0, 0, 0, 0, 0, 0, 0, 0, 0, 0, 0, 0, 0, 0, 0, 0,
			   0, 0, 0, 0, 0, 0, 0, 0, 0, 0, 0, 0, 0, 0, 0, 0, 0, 0, 0, 0, 0, 0, 0, 0, 0, 0, 0, 0, 0, 0, 0, 0, 0, 0, 0, 0, 1, 0, 0, 0, 0, 0, 0, 0, 0, 0, 0, 0, 0, 0, 0, 0, 0, 0, 0, 0, 0, 0, 0, 0,
			   0, 0, 0, 0, 0, 0, 0, 0, 0, 0, 0, 0, 0, 0, 0, 0, 0, 0, 0, 0, 0, 0, 0, 0, 0, 0, 0, 0, 0, 0, 0, 0, 0, 0, 0, 0, 0, 1, 0, 0, 0, 0, 0, 0, 0, 0, 0, 0, 0, 0, 0, 0, 0, 0, 0, 0, 0, 0, 0, 0,
			   0, 0, 0, 0, 0, 0, 0, 0, 0, 0, 0, 0, 0, 0, 0, 0, 0, 0, 0, 0, 0, 0, 0, 0, 0, 0, 0, 0, 0, 0, 0, 0, 0, 0, 0, 0, 0, 0, 1, 0, 0, 0, 0, 0, 0, 0, 0, 0, 0, 0, 0, 0, 0, 0, 0, 0, 0, 0, 0, 0,
			   0, 0, 0, 0, 0, 0, 0, 0, 0, 0, 0, 0, 0, 0, 0, 0, 0, 0, 0, 0, 0, 0, 0, 0, 0, 0, 0, 0, 0, 0, 0, 0, 0, 0, 0, 0, 0, 0, 0, 1, 0, 0, 0, 0, 0, 0, 0, 0, 0, 0, 0, 0, 0, 0, 0, 0, 0, 0, 0, 0,
			   0, 0, 0, 0, 0, 0, 0, 0, 0, 0, 0, 0, 0, 0, 0, 0, 0, 0, 0, 0, 0, 0, 0, 0, 0, 0, 0, 0, 0, 0, 0, 0, 0, 0, 0, 0, 0, 0, 0, 0, 1, 0, 0, 0, 0, 0, 0, 0, 0, 0, 0, 0, 0, 0, 0, 0, 0, 0, 0, 0,
			   0, 0, 0, 0, 0, 0, 0, 0, 0, 0, 0, 0, 0, 0, 0, 0, 0, 0, 0, 0, 0, 0, 0, 0, 0, 0, 0, 0, 0, 0, 0, 0, 0, 0, 0, 0, 0, 0, 0, 0, 0, 1, 0, 0, 0, 0, 0, 0, 0, 0, 0, 0, 0, 0, 0, 0, 0, 0, 0, 0,
			   0, 0, 0, 0, 0, 0, 0, 0, 0, 0, 0, 0, 0, 0, 0, 0, 0, 0, 0, 0, 0, 0, 0, 0, 0, 0, 0, 0, 0, 0, 0, 0, 0, 0, 0, 0, 0, 0, 0, 0, 0, 0, 1, 0, 0, 0, 0, 0, 0, 0, 0, 0, 0, 0, 0, 0, 0, 0, 0, 0,
			   0, 0, 0, 0, 0, 0, 0, 0, 0, 0, 0, 0, 0, 0, 0, 0, 0, 0, 0, 0, 0, 0, 0, 0, 0, 0, 0, 0, 0, 0, 0, 0, 0, 0, 0, 0, 0, 0, 0, 0, 0, 0, 0, 1, 0, 0, 0, 0, 0, 0, 0, 0, 0, 0, 0, 0, 0, 0, 0, 0,
			   0, 0, 0, 0, 0, 0, 0, 0, 0, 0, 0, 0, 0, 0, 0, 0, 0, 0, 0, 0, 0, 0, 0, 0, 0, 0, 0, 0, 0, 0, 0, 0, 0, 0, 0, 0, 0, 0, 0, 0, 0, 0, 0, 0, 1, 0, 0, 0, 0, 0, 0, 0, 0, 0, 0, 0, 0, 0, 0, 0,
			   0, 0, 0, 0, 0, 0, 0, 0, 0, 0, 0, 0, 0, 0, 0, 0, 0, 0, 0, 0, 0, 0, 0, 0, 0, 0, 0, 0, 0, 0, 0, 0, 0, 0, 0, 0, 0, 0, 0, 0, 0, 0, 0, 0, 0, 1, 0, 0, 0, 0, 0, 0, 0, 0, 0, 0, 0, 0, 0, 0,
			   0, 0, 0, 0, 0, 0, 0, 0, 0, 0, 0, 0, 0, 0, 0, 0, 0, 0, 0, 0, 0, 0, 0, 0, 0, 0, 0, 0, 0, 0, 0, 0, 0, 0, 0, 0, 0, 0, 0, 0, 0, 0, 0, 0, 0, 0, 1, 0, 0, 0, 0, 0, 0, 0, 0, 0, 0, 0, 0, 0,
			   0, 0, 0, 0, 0, 0, 0, 0, 0, 0, 0, 0, 0, 0, 0, 0, 0, 0, 0, 0, 0, 0, 0, 0, 0, 0, 0, 0, 0, 0, 0, 0, 0, 0, 0, 0, 0, 0, 0, 0, 0, 0, 0, 0, 0, 0, 0, 1, 0, 0, 0, 0, 0, 0, 0, 0, 0, 0, 0, 0,
			   0, 0, 0, 0, 0, 0, 0, 0, 0, 0, 0, 0, 0, 0, 0, 0, 0, 0, 0, 0, 0, 0, 0, 0, 0, 0, 0, 0, 0, 0, 0, 0, 0, 0, 0, 0, 0, 0, 0, 0, 0, 0, 0, 0, 0, 0, 0, 0, 1, 0, 0, 0, 0, 0, 0, 0, 0, 0, 0, 0,
			   0, 0, 0, 0, 0, 0, 0, 0, 0, 0, 0, 0, 0, 0, 0, 0, 0, 0, 0, 0, 0, 0, 0, 0, 0, 0, 0, 0, 0, 0, 0, 0, 0, 0, 0, 0, 0, 0, 0, 0, 0, 0, 0, 0, 0, 0, 0, 0, 0, 1, 0, 0, 0, 0, 0, 0, 0, 0, 0, 0,
			   0, 0, 0, 0, 0, 0, 0, 0, 0, 0, 0, 0, 0, 0, 0, 0, 0, 0, 0, 0, 0, 0, 0, 0, 0, 0, 0, 0, 0, 0, 0, 0, 0, 0, 0, 0, 0, 0, 0, 0, 0, 0, 0, 0, 0, 0, 0, 0, 0, 0, 1, 0, 0, 0, 0, 0, 0, 0, 0, 0,
			   0, 0, 0, 0, 0, 0, 0, 0, 0, 0, 0, 0, 0, 0, 0, 0, 0, 0, 0, 0, 0, 0, 0, 0, 0, 0, 0, 0, 0, 0, 0, 0, 0, 0, 0, 0, 0, 0, 0, 0, 0, 0, 0, 0, 0, 0, 0, 0, 0, 0, 0, 1, 0, 0, 0, 0, 0, 0, 0, 0,
			   0, 0, 0, 0, 0, 0, 0, 0, 0, 0, 0, 0, 0, 0, 0, 0, 0, 0, 0, 0, 0, 0, 0, 0, 0, 0, 0, 0, 0, 0, 0, 0, 0, 0, 0, 0, 0, 0, 0, 0, 0, 0, 0, 0, 0, 0, 0, 0, 0, 0, 0, 0, 1, 0, 0, 0, 0, 0, 0, 0,
			   0, 0, 0, 0, 0, 0, 0, 0, 0, 0, 0, 0, 0, 0, 0, 0, 0, 0, 0, 0, 0, 0, 0, 0, 0, 0, 0, 0, 0, 0, 0, 0, 0, 0, 0, 0, 0, 0, 0, 0, 0, 0, 0, 0, 0, 0, 0, 0, 0, 0, 0, 0, 0, 1, 0, 0, 0, 0, 0, 0,
			   0, 0, 0, 0, 0, 0, 0, 0, 0, 0, 0, 0, 0, 0, 0, 0, 0, 0, 0, 0, 0, 0, 0, 0, 0, 0, 0, 0, 0, 0, 0, 0, 0, 0, 0, 0, 0, 0, 0, 0, 0, 0, 0, 0, 0, 0, 0, 0, 0, 0, 0, 0, 0, 0, 1, 0, 0, 0, 0, 0,
			   0, 0, 0, 0, 0, 0, 0, 0, 0, 0, 0, 0, 0, 0, 0, 0, 0, 0, 0, 0, 0, 0, 0, 0, 0, 0, 0, 0, 0, 0, 0, 0, 0, 0, 0, 0, 0, 0, 0, 0, 0, 0, 0, 0, 0, 0, 0, 0, 0, 0, 0, 0, 0, 0, 0, 1, 0, 0, 0, 0,
			   0, 0, 0, 0, 0, 0, 0, 0, 0, 0, 0, 0, 0, 0, 0, 0, 0, 0, 0, 0, 0, 0, 0, 0, 0, 0, 0, 0, 0, 0, 0, 0, 0, 0, 0, 0, 0, 0, 0, 0, 0, 0, 0, 0, 0, 0, 0, 0, 0, 0, 0, 0, 0, 0, 0, 0, 1, 0, 0, 0,
			   0, 0, 0, 0, 0, 0, 0, 0, 0, 0, 0, 0, 0, 0, 0, 0, 0, 0, 0, 0, 0, 0, 0, 0, 0, 0, 0, 0, 0, 0, 0, 0, 0, 0, 0, 0, 0, 0, 0, 0, 0, 0, 0, 0, 0, 0, 0, 0, 0, 0, 0, 0, 0, 0, 0, 0, 0, 1, 0, 0,
			   0, 0, 0, 0, 0, 0, 0, 0, 0, 0, 0, 0, 0, 0, 0, 0, 0, 0, 0, 0, 0, 0, 0, 0, 0, 0, 0, 0, 0, 0, 0, 0, 0, 0, 0, 0, 0, 0, 0, 0, 0, 0, 0, 0, 0, 0, 0, 0, 0, 0, 0, 0, 0, 0, 0, 0, 0, 0, 1, 0,
			   0, 0, 0, 0, 0, 0, 0, 0, 0, 0, 0, 0, 0, 0, 0, 0, 0, 0, 0, 0, 0, 0, 0, 0, 0, 0, 0, 0, 0, 0, 0, 0, 0, 0, 0, 0, 0, 0, 0, 0, 0, 0, 0, 0, 0, 0, 0, 0, 0, 0, 0, 0, 0, 0, 0, 0, 0, 0, 0, 1,
			   0, 0, 0, 0, 0, 0, 0, 0, 0, 0, 0, 0, 0, 0, 0, 0, 0, 0, 0, 0, 0, 0, 0, 0, 0, 0, 0, 0, 0, 0, 0, 0, 0, 0, 0, 0, 0, 0, 0, 0, 0, 0, 0, 0, 0, 0, 0, 0, 0, 0, 0, 0, 0, 0, 0, 0, 0, 0, 0, 0,
			   0, 0, 0, 0, 0, 0, 0, 0, 0, 0, 0, 0, 0, 0, 0, 0, 0, 0, 0, 0, 0, 0, 0, 0, 0, 0, 0, 0, 0, 0, 0, 0, 0, 0, 0, 0, 0, 0, 0, 0, 0, 0, 0, 0, 0, 0, 0, 0, 0, 0, 0, 0, 0, 0, 0, 0, 0, 0, 0, 0,
			   0, 0, 0, 0, 0, 0, 0, 0, 0, 0, 0, 0, 0, 0, 0, 0, 0, 0, 0, 0, 0, 0, 0, 0, 0, 0, 0, 0, 0, 0, 0, 0, 0, 0, 0, 0, 0, 0, 0, 0, 0, 0, 0, 0, 0, 0, 0, 0, 0, 0, 0, 0, 0, 0, 0, 0, 0, 0, 0, 0,
			   0, 0, 0, 0, 0, 0, 0, 0, 0, 0, 0, 0, 0, 0, 0, 0, 0, 0, 0, 0, 0, 0, 0, 0, 0, 0, 0, 0, 0, 0, 0, 0, 0, 0, 0, 0, 0, 0, 0, 0, 0, 0, 0, 0, 0, 0, 0, 0, 0, 0, 0, 0, 0, 0, 0, 0, 0, 0, 0, 0,
			   0, 0, 0, 0, 0, 0, 0, 0, 0, 0, 0, 0, 0, 0, 0, 0, 0, 0, 0, 0, 0, 0, 0, 0, 0, 0, 0, 0, 0, 0, 0, 0, 0, 0, 0, 0, 0, 0, 0, 0, 0, 0, 0, 0, 0, 0, 0, 0, 0, 0, 0, 0, 0, 0, 0, 0, 0, 0, 0, 0,
			   0, 0, 0, 0, 0, 0, 0, 0, 0, 0, 0, 0, 0, 0, 0, 0, 0, 0, 0, 0, 0, 0, 0, 0, 0, 0, 0, 0, 0, 0, 0, 0, 0, 0, 0, 0, 0, 0, 0, 0, 0, 0, 0, 0, 0, 0, 0, 0, 0, 0, 0, 0, 0, 0, 0, 0, 0, 0, 0, 0,
			   0, 0, 0, 0, 0, 0, 0, 0, 0, 0, 0, 0, 0, 0, 0, 0, 0, 0, 0, 0, 0, 0, 0, 0, 0, 0, 0, 0, 0, 0, 0, 0, 0, 0, 0, 0, 0, 0, 0, 0, 0, 0, 0, 0, 0, 0, 0, 0, 0, 0, 0, 0, 0, 0, 0, 0, 0, 0, 0, 0,
			   0, 0, 0, 0, 0, 0, 0, 0, 0, 0, 0, 0, 0, 0, 0, 0, 0, 0, 0, 0, 0, 0, 0, 0, 0, 0, 0, 0, 0, 0, 0, 0, 0, 0, 0, 0, 0, 0, 0, 0, 0, 0, 0, 0, 0, 0, 0, 0, 0, 0, 0, 0, 0, 0, 0, 0, 0, 0, 0, 0,
			   0, 0, 0, 0, 0, 0, 0, 0, 0, 0, 0, 0, 0, 0, 0, 0, 0, 0, 0, 0, 0, 0, 0, 0, 0, 0, 0, 0, 0, 0, 0, 0, 0, 0, 0, 0, 0, 0, 0, 0, 0, 0, 0, 0, 0, 0, 0, 0, 0, 0, 0, 0, 0, 0, 0, 0, 0, 0, 0, 0,
			   0, 0, 0, 0, 0, 0, 0, 0, 0, 0, 0, 0, 0, 0, 0, 0, 0, 0, 0, 0, 0, 0, 0, 0, 0, 0, 0, 0, 0, 0, 0, 0, 0, 0, 0, 0, 0, 0, 0, 0, 0, 0, 0, 0, 0, 0, 0, 0, 0, 0, 0, 0, 0, 0, 0, 0, 0, 0, 0, 0,
			   0, 0, 0, 0, 0, 0, 0, 0, 0, 0, 0, 0, 0, 0, 0, 0, 0, 0, 0, 0, 0, 0, 0, 0, 0, 0, 0, 0, 0, 0, 0, 0, 0, 0, 0, 0, 0, 0, 0, 0, 0, 0, 0, 0, 0, 0, 0, 0, 0, 0, 0, 0, 0, 0, 0, 0, 0, 0, 0, 0,
			   0, 0, 0, 0, 0, 0, 0, 0, 0, 0, 0, 0, 0, 0, 0, 0, 0, 0, 0, 0, 0, 0, 0, 0, 0, 0, 0, 0, 0, 0, 0, 0, 0, 0, 0, 0, 0, 0, 0, 0, 0, 0, 0, 0, 0, 0, 0, 0, 0, 0, 0, 0, 0, 0, 0, 0, 0, 0, 0, 0,
			   0, 0, 0, 0, 0, 0, 0, 0, 0, 0, 0, 0, 0, 0, 0, 0, 0, 0, 0, 0, 0, 0, 0, 0, 0, 0, 0, 0, 0, 0, 0, 0, 0, 0, 0, 0, 0, 0, 0, 0, 0, 0, 0, 0, 0, 0, 0, 0, 0, 0, 0, 0, 0, 0, 0, 0, 0, 0, 0, 0,
			   0, 0, 0, 0, 0, 0, 0, 0, 0, 0, 0, 0, 0, 0, 0, 0, 0, 0, 0, 0, 0, 0, 0, 0, 0, 0, 0, 0, 0, 0, 0, 0, 0, 0, 0, 0, 0, 0, 0, 0, 0, 0, 0, 0, 0, 0, 0, 0, 0, 0, 0, 0, 0, 0, 0, 0, 0, 0, 0, 0,
			   0, 0, 0, 0, 0, 0, 0, 0, 0, 0, 0, 0, 0, 0, 0, 0, 0, 0, 0, 0, 0, 0, 0, 0, 0, 0, 0, 0, 0, 0, 0, 0, 0, 0, 0, 0, 0, 0, 0, 0, 0, 0, 0, 0, 0, 0, 0, 0, 0, 0, 0, 0, 0, 0, 0, 0, 0, 0, 0, 0,
			   0, 0, 0, 0, 0, 0, 0, 0, 0, 0, 0, 0, 0, 0, 0, 0, 0, 0, 0, 0, 0, 0, 0, 0, 0, 0, 0, 0, 0, 0, 0, 0, 0, 0, 0, 0, 0, 0, 0, 0, 0, 0, 0, 0, 0, 0, 0, 0, 0, 0, 0, 0, 0, 0, 0, 0, 0, 0, 0, 0,
			   0, 0, 0, 0, 0, 0, 0, 0, 0, 0, 0, 0, 0, 0, 0, 0, 0, 0, 0, 0, 0, 0, 0, 0, 0, 0, 0, 0, 0, 0, 0, 0, 0, 0, 0, 0, 0, 0, 0, 0, 0, 0, 0, 0, 0, 0, 0, 0, 0, 0, 0, 0, 0, 0, 0, 0, 0, 0, 0, 0,
			   0, 0, 0, 0, 0, 0, 0, 0, 0, 0, 0, 0, 0, 0, 0, 0, 0, 0, 0, 0, 0, 0, 0, 0, 0, 0, 0, 0, 0, 0, 0, 0, 0, 0, 0, 0, 0, 0, 0, 0, 0, 0, 0, 0, 0, 0, 0, 0, 0, 0, 0, 0, 0, 0, 0, 0, 0, 0, 0, 0,
			   0, 0, 0, 0, 0, 0, 0, 0, 0, 0, 0, 0, 0, 0, 0, 0, 0, 0, 0, 0, 0, 0, 0, 0, 0, 0, 0, 0, 0, 0, 0, 0, 0, 0, 0, 0, 0, 0, 0, 0, 0, 0, 0, 0, 0, 0, 0, 0, 0, 0, 0, 0, 0, 0, 0, 0, 0, 0, 0, 0,
			   0, 0, 0, 0, 0, 0, 0, 0, 0, 0, 0, 0, 0, 0, 0, 0, 0, 0, 0, 0, 0, 0, 0, 0, 0, 0, 0, 0, 0, 0, 0, 0, 0, 0, 0, 0, 0, 0, 0, 0, 0, 0, 0, 0, 0, 0, 0, 0, 0, 0, 0, 0, 0, 0, 0, 0, 0, 0, 0, 0 ])
]).

============================== end of model ==========================

============================== STATISTICS ============================

For domain size 60.

Current CPU time: 0.00 seconds (total CPU time: 39.92 seconds).
Ground clauses: seen=31248, kept=9509.
Selections=88373, assignments=5301730, propagations=14459335, current_models=1.
Rewrite_terms=336847953, rewrite_bools=334285868, indexes=0.
Rules_from_neg_clauses=20015, cross_offs=45549344.

============================== end of statistics =====================

User_CPU=39.92, System_CPU=0.22, Wall_clock=40.

Exiting with 1 model.

Process 32521 exit (max_models) Thu Jan 21 18:54:17 2021
The process finished Thu Jan 21 18:54:17 2021
