============================== Mace4 =================================
Mace4 (64) version 2009-11A, November 2009.
Process 382 was started by adrian on adrian,
Thu Jan 21 19:07:14 2021
The command was "mace4 -f brokenchess2.in".
============================== end of head ===========================

============================== INPUT =================================

% Reading from file brokenchess2.in

assign(domain_size,64).
    % assign(domain_size, 64) -> assign(start_size, 64).
    % assign(domain_size, 64) -> assign(end_size, 64).
assign(max_models,1).
set(arithmetic).
    % set(arithmetic) -> clear(lnh).
    % set(arithmetic) -> assign(selection_order, 0).

    % Declaring Mace4 arithmetic parse types.

list(distinct).
[a0,a1,a2,a3,a4,a5,a6,a7,a8,a9,a10,a11,a12,a13,a14,a15,a16,a17,a18,a19,a20,a21,a22,a23,a24,a25,a26,a27,a28,a29,a30,a31,b0,b1,b2,b3,b4,b5,b6,b7,b8,b9,b10,b11,b12,b13,b14,b15,b16,b17,b18,b19,b20,b21,b22,b23,b24,b25,b26,b27,b28,b29,b30,b31].
end_of_list.

formulas(utils).
left(x,y) <-> x mod 8 != 7 & y = x + 1.
on(x,y) <-> x < 56 & y = x + 8.
end_of_list.

formulas(black_white).
left(x,y) & w(x) -> b(y).
left(x,y) & b(x) -> w(y).
on(x,y) & b(x) -> w(y).
on(x,y) & w(x) -> b(y).
w(x) <-> x = 0 | x = 2 | x = 4 | x = 6 | x = 9 | x = 11 | x = 13 | x = 15 | x = 16 | x = 18 | x = 20 | x = 22 | x = 25 | x = 27 | x = 29 | x = 31 | x = 32 | x = 34 | x = 36 | x = 38 | x = 41 | x = 43 | x = 45 | x = 47 | x = 48 | x = 50 | x = 52 | x = 54 | x = 57 | x = 59 | x = 61 | x = 63.
w(x) <-> -b(x).
w(a0).
w(a1).
w(a2).
w(a3).
w(a4).
w(a5).
w(a6).
w(a7).
w(a8).
w(a9).
w(a10).
w(a11).
w(a12).
w(a13).
w(a14).
w(a15).
w(a16).
w(a17).
w(a18).
w(a19).
w(a20).
w(a21).
w(a22).
w(a23).
w(a24).
w(a25).
w(a26).
w(a27).
w(a28).
w(a29).
w(a30).
w(a31).
b(b0).
b(b1).
b(b2).
b(b3).
b(b4).
b(b5).
b(b6).
b(b7).
b(b8).
b(b9).
b(b10).
b(b11).
b(b12).
b(b13).
b(b14).
b(b15).
b(b16).
b(b17).
b(b18).
b(b19).
b(b20).
b(b21).
b(b22).
b(b23).
b(b24).
b(b25).
b(b26).
b(b27).
b(b28).
b(b29).
b(b30).
b(b31).
end_of_list.

formulas(shapes).
p1 -> left(b0,a0) & on(b1,a0).
p2 -> left(b2,a1) & on(b3,a1).
p3 -> left(a3,b4) & on(b4,a2).
p4 -> left(b5,a5) & on(b5,a4) & on(b6,a5).
p5 -> left(b7,a7) & on(b7,a6) & on(b8,a7).
p6 -> left(b9,a9) & on(b9,a8) & on(b10,a9) & on(a10,b10).
p7 -> left(a12,b12) & on(b12,a11) & on(a11,b11).
p8 -> left(b13,a13) & on(b14,a13) & left(b14,a14).
p9 -> left(a16,b16) & on(b16,a15) & left(a15,b15).
p10 -> left(a19,b19) & on(b19,a18) & on(a18,b17) & on(b18,a17) & left(a18,b18).
p11 -> left(b21,a21) & on(a22,b21) & on(b21,a20) & on(a20,b20).
p12 -> left(b22,a25) & on(b22,a23) & on(b24,a25) & left(a25,b23) & left(b23,a26) & on(b23,a24) & on(b25,a26).
p13 -> left(b28,a29) & on(b29,a29) & on(a29,b27) & left(b27,a28) & left(b26,a27) & on(b27,a27).
p14 -> left(a31,b31) & on(a31,b30) & on(b30,a30).
p1.
p2.
p3.
p4.
p5.
p6.
p7.
p8.
p9.
p10.
p11.
p12.
p13.
p14.
end_of_list.

formulas(help).
on(a2,b23) | on(a4,b23) | on(a6,b23) | on(a8,b23) | on(a30,b23).
on(a25,b3) | on(a25,b6) | on(a25,b8) | on(a25,b29).
on(b28,a14) | on(b28,a21).
a31 = 0.
b31 = 1.
b30 = 8.
a30 = 16.
a0 = 63.
b0 = 62.
b1 = 55.
a3 mod 8 != 0.
a12 mod 8 != 0.
a16 mod 8 != 0.
a19 mod 8 != 0.
end_of_list.

============================== end of input ==========================

============================== PROCESS NON-CLAUSAL FORMULAS ==========

% Formulas that are not ordinary clauses:
1 left(x,y) <-> x mod 8 != 7 & y = x + 1 # label(non_clause).  [assumption].
2 on(x,y) <-> x < 56 & y = x + 8 # label(non_clause).  [assumption].
3 left(x,y) & w(x) -> b(y) # label(non_clause).  [assumption].
4 left(x,y) & b(x) -> w(y) # label(non_clause).  [assumption].
5 on(x,y) & b(x) -> w(y) # label(non_clause).  [assumption].
6 on(x,y) & w(x) -> b(y) # label(non_clause).  [assumption].
7 w(x) <-> x = 0 | x = 2 | x = 4 | x = 6 | x = 9 | x = 11 | x = 13 | x = 15 | x = 16 | x = 18 | x = 20 | x = 22 | x = 25 | x = 27 | x = 29 | x = 31 | x = 32 | x = 34 | x = 36 | x = 38 | x = 41 | x = 43 | x = 45 | x = 47 | x = 48 | x = 50 | x = 52 | x = 54 | x = 57 | x = 59 | x = 61 | x = 63 # label(non_clause).  [assumption].
8 w(x) <-> -b(x) # label(non_clause).  [assumption].
9 p1 -> left(b0,a0) & on(b1,a0) # label(non_clause).  [assumption].
10 p2 -> left(b2,a1) & on(b3,a1) # label(non_clause).  [assumption].
11 p3 -> left(a3,b4) & on(b4,a2) # label(non_clause).  [assumption].
12 p4 -> left(b5,a5) & on(b5,a4) & on(b6,a5) # label(non_clause).  [assumption].
13 p5 -> left(b7,a7) & on(b7,a6) & on(b8,a7) # label(non_clause).  [assumption].
14 p6 -> left(b9,a9) & on(b9,a8) & on(b10,a9) & on(a10,b10) # label(non_clause).  [assumption].
15 p7 -> left(a12,b12) & on(b12,a11) & on(a11,b11) # label(non_clause).  [assumption].
16 p8 -> left(b13,a13) & on(b14,a13) & left(b14,a14) # label(non_clause).  [assumption].
17 p9 -> left(a16,b16) & on(b16,a15) & left(a15,b15) # label(non_clause).  [assumption].
18 p10 -> left(a19,b19) & on(b19,a18) & on(a18,b17) & on(b18,a17) & left(a18,b18) # label(non_clause).  [assumption].
19 p11 -> left(b21,a21) & on(a22,b21) & on(b21,a20) & on(a20,b20) # label(non_clause).  [assumption].
20 p12 -> left(b22,a25) & on(b22,a23) & on(b24,a25) & left(a25,b23) & left(b23,a26) & on(b23,a24) & on(b25,a26) # label(non_clause).  [assumption].
21 p13 -> left(b28,a29) & on(b29,a29) & on(a29,b27) & left(b27,a28) & left(b26,a27) & on(b27,a27) # label(non_clause).  [assumption].
22 p14 -> left(a31,b31) & on(a31,b30) & on(b30,a30) # label(non_clause).  [assumption].

============================== end of process non-clausal formulas ===

============================== CLAUSES FOR SEARCH ====================

formulas(mace4_clauses).
-left(x,y) | x mod 8 != 7.
-left(x,y) | x + 1 = y.
left(x,y) | x mod 8 = 7 | x + 1 != y.
-on(x,y) | x < 56.
-on(x,y) | x + 8 = y.
on(x,y) | -(x < 56) | x + 8 != y.
-left(x,y) | -w(x) | b(y).
-left(x,y) | -b(x) | w(y).
-on(x,y) | -b(x) | w(y).
-on(x,y) | -w(x) | b(y).
-w(x) | 0 = x | 2 = x | 4 = x | 6 = x | 9 = x | 11 = x | 13 = x | 15 = x | 16 = x | 18 = x | 20 = x | 22 = x | 25 = x | 27 = x | 29 = x | 31 = x | 32 = x | 34 = x | 36 = x | 38 = x | 41 = x | 43 = x | 45 = x | 47 = x | 48 = x | 50 = x | 52 = x | 54 = x | 57 = x | 59 = x | 61 = x | 63 = x.
w(x) | 0 != x.
w(x) | 2 != x.
w(x) | 4 != x.
w(x) | 6 != x.
w(x) | 9 != x.
w(x) | 11 != x.
w(x) | 13 != x.
w(x) | 15 != x.
w(x) | 16 != x.
w(x) | 18 != x.
w(x) | 20 != x.
w(x) | 22 != x.
w(x) | 25 != x.
w(x) | 27 != x.
w(x) | 29 != x.
w(x) | 31 != x.
w(x) | 32 != x.
w(x) | 34 != x.
w(x) | 36 != x.
w(x) | 38 != x.
w(x) | 41 != x.
w(x) | 43 != x.
w(x) | 45 != x.
w(x) | 47 != x.
w(x) | 48 != x.
w(x) | 50 != x.
w(x) | 52 != x.
w(x) | 54 != x.
w(x) | 57 != x.
w(x) | 59 != x.
w(x) | 61 != x.
w(x) | 63 != x.
-w(x) | -b(x).
w(x) | b(x).
w(a0).
w(a1).
w(a2).
w(a3).
w(a4).
w(a5).
w(a6).
w(a7).
w(a8).
w(a9).
w(a10).
w(a11).
w(a12).
w(a13).
w(a14).
w(a15).
w(a16).
w(a17).
w(a18).
w(a19).
w(a20).
w(a21).
w(a22).
w(a23).
w(a24).
w(a25).
w(a26).
w(a27).
w(a28).
w(a29).
w(a30).
w(a31).
b(b0).
b(b1).
b(b2).
b(b3).
b(b4).
b(b5).
b(b6).
b(b7).
b(b8).
b(b9).
b(b10).
b(b11).
b(b12).
b(b13).
b(b14).
b(b15).
b(b16).
b(b17).
b(b18).
b(b19).
b(b20).
b(b21).
b(b22).
b(b23).
b(b24).
b(b25).
b(b26).
b(b27).
b(b28).
b(b29).
b(b30).
b(b31).
-p1 | left(b0,a0).
-p1 | on(b1,a0).
-p2 | left(b2,a1).
-p2 | on(b3,a1).
-p3 | left(a3,b4).
-p3 | on(b4,a2).
-p4 | left(b5,a5).
-p4 | on(b5,a4).
-p4 | on(b6,a5).
-p5 | left(b7,a7).
-p5 | on(b7,a6).
-p5 | on(b8,a7).
-p6 | left(b9,a9).
-p6 | on(b9,a8).
-p6 | on(b10,a9).
-p6 | on(a10,b10).
-p7 | left(a12,b12).
-p7 | on(b12,a11).
-p7 | on(a11,b11).
-p8 | left(b13,a13).
-p8 | on(b14,a13).
-p8 | left(b14,a14).
-p9 | left(a16,b16).
-p9 | on(b16,a15).
-p9 | left(a15,b15).
-p10 | left(a19,b19).
-p10 | on(b19,a18).
-p10 | on(a18,b17).
-p10 | on(b18,a17).
-p10 | left(a18,b18).
-p11 | left(b21,a21).
-p11 | on(a22,b21).
-p11 | on(b21,a20).
-p11 | on(a20,b20).
-p12 | left(b22,a25).
-p12 | on(b22,a23).
-p12 | on(b24,a25).
-p12 | left(a25,b23).
-p12 | left(b23,a26).
-p12 | on(b23,a24).
-p12 | on(b25,a26).
-p13 | left(b28,a29).
-p13 | on(b29,a29).
-p13 | on(a29,b27).
-p13 | left(b27,a28).
-p13 | left(b26,a27).
-p13 | on(b27,a27).
-p14 | left(a31,b31).
-p14 | on(a31,b30).
-p14 | on(b30,a30).
p1.
p2.
p3.
p4.
p5.
p6.
p7.
p8.
p9.
p10.
p11.
p12.
p13.
p14.
on(a2,b23) | on(a4,b23) | on(a6,b23) | on(a8,b23) | on(a30,b23).
on(a25,b3) | on(a25,b6) | on(a25,b8) | on(a25,b29).
on(b28,a14) | on(b28,a21).
a31 = 0.
b31 = 1.
b30 = 8.
a30 = 16.
a0 = 63.
b0 = 62.
b1 = 55.
a3 mod 8 != 0.
a12 mod 8 != 0.
a16 mod 8 != 0.
a19 mod 8 != 0.
a0 != a1.
a0 != a2.
a0 != a3.
a0 != a4.
a0 != a5.
a0 != a6.
a0 != a7.
a0 != a8.
a0 != a9.
a0 != a10.
a0 != a11.
a0 != a12.
a0 != a13.
a0 != a14.
a0 != a15.
a0 != a16.
a0 != a17.
a0 != a18.
a0 != a19.
a0 != a20.
a0 != a21.
a0 != a22.
a0 != a23.
a0 != a24.
a0 != a25.
a0 != a26.
a0 != a27.
a0 != a28.
a0 != a29.
a0 != a30.
a0 != a31.
a0 != b0.
a0 != b1.
a0 != b2.
a0 != b3.
a0 != b4.
a0 != b5.
a0 != b6.
a0 != b7.
a0 != b8.
a0 != b9.
a0 != b10.
a0 != b11.
a0 != b12.
a0 != b13.
a0 != b14.
a0 != b15.
a0 != b16.
a0 != b17.
a0 != b18.
a0 != b19.
a0 != b20.
a0 != b21.
a0 != b22.
a0 != b23.
a0 != b24.
a0 != b25.
a0 != b26.
a0 != b27.
a0 != b28.
a0 != b29.
a0 != b30.
a0 != b31.
a1 != a2.
a1 != a3.
a1 != a4.
a1 != a5.
a1 != a6.
a1 != a7.
a1 != a8.
a1 != a9.
a1 != a10.
a1 != a11.
a1 != a12.
a1 != a13.
a1 != a14.
a1 != a15.
a1 != a16.
a1 != a17.
a1 != a18.
a1 != a19.
a1 != a20.
a1 != a21.
a1 != a22.
a1 != a23.
a1 != a24.
a1 != a25.
a1 != a26.
a1 != a27.
a1 != a28.
a1 != a29.
a1 != a30.
a1 != a31.
a1 != b0.
a1 != b1.
a1 != b2.
a1 != b3.
a1 != b4.
a1 != b5.
a1 != b6.
a1 != b7.
a1 != b8.
a1 != b9.
a1 != b10.
a1 != b11.
a1 != b12.
a1 != b13.
a1 != b14.
a1 != b15.
a1 != b16.
a1 != b17.
a1 != b18.
a1 != b19.
a1 != b20.
a1 != b21.
a1 != b22.
a1 != b23.
a1 != b24.
a1 != b25.
a1 != b26.
a1 != b27.
a1 != b28.
a1 != b29.
a1 != b30.
a1 != b31.
a2 != a3.
a2 != a4.
a2 != a5.
a2 != a6.
a2 != a7.
a2 != a8.
a2 != a9.
a2 != a10.
a2 != a11.
a2 != a12.
a2 != a13.
a2 != a14.
a2 != a15.
a2 != a16.
a2 != a17.
a2 != a18.
a2 != a19.
a2 != a20.
a2 != a21.
a2 != a22.
a2 != a23.
a2 != a24.
a2 != a25.
a2 != a26.
a2 != a27.
a2 != a28.
a2 != a29.
a2 != a30.
a2 != a31.
a2 != b0.
a2 != b1.
a2 != b2.
a2 != b3.
a2 != b4.
a2 != b5.
a2 != b6.
a2 != b7.
a2 != b8.
a2 != b9.
a2 != b10.
a2 != b11.
a2 != b12.
a2 != b13.
a2 != b14.
a2 != b15.
a2 != b16.
a2 != b17.
a2 != b18.
a2 != b19.
a2 != b20.
a2 != b21.
a2 != b22.
a2 != b23.
a2 != b24.
a2 != b25.
a2 != b26.
a2 != b27.
a2 != b28.
a2 != b29.
a2 != b30.
a2 != b31.
a3 != a4.
a3 != a5.
a3 != a6.
a3 != a7.
a3 != a8.
a3 != a9.
a3 != a10.
a3 != a11.
a3 != a12.
a3 != a13.
a3 != a14.
a3 != a15.
a3 != a16.
a3 != a17.
a3 != a18.
a3 != a19.
a3 != a20.
a3 != a21.
a3 != a22.
a3 != a23.
a3 != a24.
a3 != a25.
a3 != a26.
a3 != a27.
a3 != a28.
a3 != a29.
a3 != a30.
a3 != a31.
a3 != b0.
a3 != b1.
a3 != b2.
a3 != b3.
a3 != b4.
a3 != b5.
a3 != b6.
a3 != b7.
a3 != b8.
a3 != b9.
a3 != b10.
a3 != b11.
a3 != b12.
a3 != b13.
a3 != b14.
a3 != b15.
a3 != b16.
a3 != b17.
a3 != b18.
a3 != b19.
a3 != b20.
a3 != b21.
a3 != b22.
a3 != b23.
a3 != b24.
a3 != b25.
a3 != b26.
a3 != b27.
a3 != b28.
a3 != b29.
a3 != b30.
a3 != b31.
a4 != a5.
a4 != a6.
a4 != a7.
a4 != a8.
a4 != a9.
a4 != a10.
a4 != a11.
a4 != a12.
a4 != a13.
a4 != a14.
a4 != a15.
a4 != a16.
a4 != a17.
a4 != a18.
a4 != a19.
a4 != a20.
a4 != a21.
a4 != a22.
a4 != a23.
a4 != a24.
a4 != a25.
a4 != a26.
a4 != a27.
a4 != a28.
a4 != a29.
a4 != a30.
a4 != a31.
a4 != b0.
a4 != b1.
a4 != b2.
a4 != b3.
a4 != b4.
a4 != b5.
a4 != b6.
a4 != b7.
a4 != b8.
a4 != b9.
a4 != b10.
a4 != b11.
a4 != b12.
a4 != b13.
a4 != b14.
a4 != b15.
a4 != b16.
a4 != b17.
a4 != b18.
a4 != b19.
a4 != b20.
a4 != b21.
a4 != b22.
a4 != b23.
a4 != b24.
a4 != b25.
a4 != b26.
a4 != b27.
a4 != b28.
a4 != b29.
a4 != b30.
a4 != b31.
a5 != a6.
a5 != a7.
a5 != a8.
a5 != a9.
a5 != a10.
a5 != a11.
a5 != a12.
a5 != a13.
a5 != a14.
a5 != a15.
a5 != a16.
a5 != a17.
a5 != a18.
a5 != a19.
a5 != a20.
a5 != a21.
a5 != a22.
a5 != a23.
a5 != a24.
a5 != a25.
a5 != a26.
a5 != a27.
a5 != a28.
a5 != a29.
a5 != a30.
a5 != a31.
a5 != b0.
a5 != b1.
a5 != b2.
a5 != b3.
a5 != b4.
a5 != b5.
a5 != b6.
a5 != b7.
a5 != b8.
a5 != b9.
a5 != b10.
a5 != b11.
a5 != b12.
a5 != b13.
a5 != b14.
a5 != b15.
a5 != b16.
a5 != b17.
a5 != b18.
a5 != b19.
a5 != b20.
a5 != b21.
a5 != b22.
a5 != b23.
a5 != b24.
a5 != b25.
a5 != b26.
a5 != b27.
a5 != b28.
a5 != b29.
a5 != b30.
a5 != b31.
a6 != a7.
a6 != a8.
a6 != a9.
a6 != a10.
a6 != a11.
a6 != a12.
a6 != a13.
a6 != a14.
a6 != a15.
a6 != a16.
a6 != a17.
a6 != a18.
a6 != a19.
a6 != a20.
a6 != a21.
a6 != a22.
a6 != a23.
a6 != a24.
a6 != a25.
a6 != a26.
a6 != a27.
a6 != a28.
a6 != a29.
a6 != a30.
a6 != a31.
a6 != b0.
a6 != b1.
a6 != b2.
a6 != b3.
a6 != b4.
a6 != b5.
a6 != b6.
a6 != b7.
a6 != b8.
a6 != b9.
a6 != b10.
a6 != b11.
a6 != b12.
a6 != b13.
a6 != b14.
a6 != b15.
a6 != b16.
a6 != b17.
a6 != b18.
a6 != b19.
a6 != b20.
a6 != b21.
a6 != b22.
a6 != b23.
a6 != b24.
a6 != b25.
a6 != b26.
a6 != b27.
a6 != b28.
a6 != b29.
a6 != b30.
a6 != b31.
a7 != a8.
a7 != a9.
a7 != a10.
a7 != a11.
a7 != a12.
a7 != a13.
a7 != a14.
a7 != a15.
a7 != a16.
a7 != a17.
a7 != a18.
a7 != a19.
a7 != a20.
a7 != a21.
a7 != a22.
a7 != a23.
a7 != a24.
a7 != a25.
a7 != a26.
a7 != a27.
a7 != a28.
a7 != a29.
a7 != a30.
a7 != a31.
a7 != b0.
a7 != b1.
a7 != b2.
a7 != b3.
a7 != b4.
a7 != b5.
a7 != b6.
a7 != b7.
a7 != b8.
a7 != b9.
a7 != b10.
a7 != b11.
a7 != b12.
a7 != b13.
a7 != b14.
a7 != b15.
a7 != b16.
a7 != b17.
a7 != b18.
a7 != b19.
a7 != b20.
a7 != b21.
a7 != b22.
a7 != b23.
a7 != b24.
a7 != b25.
a7 != b26.
a7 != b27.
a7 != b28.
a7 != b29.
a7 != b30.
a7 != b31.
a8 != a9.
a8 != a10.
a8 != a11.
a8 != a12.
a8 != a13.
a8 != a14.
a8 != a15.
a8 != a16.
a8 != a17.
a8 != a18.
a8 != a19.
a8 != a20.
a8 != a21.
a8 != a22.
a8 != a23.
a8 != a24.
a8 != a25.
a8 != a26.
a8 != a27.
a8 != a28.
a8 != a29.
a8 != a30.
a8 != a31.
a8 != b0.
a8 != b1.
a8 != b2.
a8 != b3.
a8 != b4.
a8 != b5.
a8 != b6.
a8 != b7.
a8 != b8.
a8 != b9.
a8 != b10.
a8 != b11.
a8 != b12.
a8 != b13.
a8 != b14.
a8 != b15.
a8 != b16.
a8 != b17.
a8 != b18.
a8 != b19.
a8 != b20.
a8 != b21.
a8 != b22.
a8 != b23.
a8 != b24.
a8 != b25.
a8 != b26.
a8 != b27.
a8 != b28.
a8 != b29.
a8 != b30.
a8 != b31.
a9 != a10.
a9 != a11.
a9 != a12.
a9 != a13.
a9 != a14.
a9 != a15.
a9 != a16.
a9 != a17.
a9 != a18.
a9 != a19.
a9 != a20.
a9 != a21.
a9 != a22.
a9 != a23.
a9 != a24.
a9 != a25.
a9 != a26.
a9 != a27.
a9 != a28.
a9 != a29.
a9 != a30.
a9 != a31.
a9 != b0.
a9 != b1.
a9 != b2.
a9 != b3.
a9 != b4.
a9 != b5.
a9 != b6.
a9 != b7.
a9 != b8.
a9 != b9.
a9 != b10.
a9 != b11.
a9 != b12.
a9 != b13.
a9 != b14.
a9 != b15.
a9 != b16.
a9 != b17.
a9 != b18.
a9 != b19.
a9 != b20.
a9 != b21.
a9 != b22.
a9 != b23.
a9 != b24.
a9 != b25.
a9 != b26.
a9 != b27.
a9 != b28.
a9 != b29.
a9 != b30.
a9 != b31.
a10 != a11.
a10 != a12.
a10 != a13.
a10 != a14.
a10 != a15.
a10 != a16.
a10 != a17.
a10 != a18.
a10 != a19.
a10 != a20.
a10 != a21.
a10 != a22.
a10 != a23.
a10 != a24.
a10 != a25.
a10 != a26.
a10 != a27.
a10 != a28.
a10 != a29.
a10 != a30.
a10 != a31.
a10 != b0.
a10 != b1.
a10 != b2.
a10 != b3.
a10 != b4.
a10 != b5.
a10 != b6.
a10 != b7.
a10 != b8.
a10 != b9.
a10 != b10.
a10 != b11.
a10 != b12.
a10 != b13.
a10 != b14.
a10 != b15.
a10 != b16.
a10 != b17.
a10 != b18.
a10 != b19.
a10 != b20.
a10 != b21.
a10 != b22.
a10 != b23.
a10 != b24.
a10 != b25.
a10 != b26.
a10 != b27.
a10 != b28.
a10 != b29.
a10 != b30.
a10 != b31.
a11 != a12.
a11 != a13.
a11 != a14.
a11 != a15.
a11 != a16.
a11 != a17.
a11 != a18.
a11 != a19.
a11 != a20.
a11 != a21.
a11 != a22.
a11 != a23.
a11 != a24.
a11 != a25.
a11 != a26.
a11 != a27.
a11 != a28.
a11 != a29.
a11 != a30.
a11 != a31.
a11 != b0.
a11 != b1.
a11 != b2.
a11 != b3.
a11 != b4.
a11 != b5.
a11 != b6.
a11 != b7.
a11 != b8.
a11 != b9.
a11 != b10.
a11 != b11.
a11 != b12.
a11 != b13.
a11 != b14.
a11 != b15.
a11 != b16.
a11 != b17.
a11 != b18.
a11 != b19.
a11 != b20.
a11 != b21.
a11 != b22.
a11 != b23.
a11 != b24.
a11 != b25.
a11 != b26.
a11 != b27.
a11 != b28.
a11 != b29.
a11 != b30.
a11 != b31.
a12 != a13.
a12 != a14.
a12 != a15.
a12 != a16.
a12 != a17.
a12 != a18.
a12 != a19.
a12 != a20.
a12 != a21.
a12 != a22.
a12 != a23.
a12 != a24.
a12 != a25.
a12 != a26.
a12 != a27.
a12 != a28.
a12 != a29.
a12 != a30.
a12 != a31.
a12 != b0.
a12 != b1.
a12 != b2.
a12 != b3.
a12 != b4.
a12 != b5.
a12 != b6.
a12 != b7.
a12 != b8.
a12 != b9.
a12 != b10.
a12 != b11.
a12 != b12.
a12 != b13.
a12 != b14.
a12 != b15.
a12 != b16.
a12 != b17.
a12 != b18.
a12 != b19.
a12 != b20.
a12 != b21.
a12 != b22.
a12 != b23.
a12 != b24.
a12 != b25.
a12 != b26.
a12 != b27.
a12 != b28.
a12 != b29.
a12 != b30.
a12 != b31.
a13 != a14.
a13 != a15.
a13 != a16.
a13 != a17.
a13 != a18.
a13 != a19.
a13 != a20.
a13 != a21.
a13 != a22.
a13 != a23.
a13 != a24.
a13 != a25.
a13 != a26.
a13 != a27.
a13 != a28.
a13 != a29.
a13 != a30.
a13 != a31.
a13 != b0.
a13 != b1.
a13 != b2.
a13 != b3.
a13 != b4.
a13 != b5.
a13 != b6.
a13 != b7.
a13 != b8.
a13 != b9.
a13 != b10.
a13 != b11.
a13 != b12.
a13 != b13.
a13 != b14.
a13 != b15.
a13 != b16.
a13 != b17.
a13 != b18.
a13 != b19.
a13 != b20.
a13 != b21.
a13 != b22.
a13 != b23.
a13 != b24.
a13 != b25.
a13 != b26.
a13 != b27.
a13 != b28.
a13 != b29.
a13 != b30.
a13 != b31.
a14 != a15.
a14 != a16.
a14 != a17.
a14 != a18.
a14 != a19.
a14 != a20.
a14 != a21.
a14 != a22.
a14 != a23.
a14 != a24.
a14 != a25.
a14 != a26.
a14 != a27.
a14 != a28.
a14 != a29.
a14 != a30.
a14 != a31.
a14 != b0.
a14 != b1.
a14 != b2.
a14 != b3.
a14 != b4.
a14 != b5.
a14 != b6.
a14 != b7.
a14 != b8.
a14 != b9.
a14 != b10.
a14 != b11.
a14 != b12.
a14 != b13.
a14 != b14.
a14 != b15.
a14 != b16.
a14 != b17.
a14 != b18.
a14 != b19.
a14 != b20.
a14 != b21.
a14 != b22.
a14 != b23.
a14 != b24.
a14 != b25.
a14 != b26.
a14 != b27.
a14 != b28.
a14 != b29.
a14 != b30.
a14 != b31.
a15 != a16.
a15 != a17.
a15 != a18.
a15 != a19.
a15 != a20.
a15 != a21.
a15 != a22.
a15 != a23.
a15 != a24.
a15 != a25.
a15 != a26.
a15 != a27.
a15 != a28.
a15 != a29.
a15 != a30.
a15 != a31.
a15 != b0.
a15 != b1.
a15 != b2.
a15 != b3.
a15 != b4.
a15 != b5.
a15 != b6.
a15 != b7.
a15 != b8.
a15 != b9.
a15 != b10.
a15 != b11.
a15 != b12.
a15 != b13.
a15 != b14.
a15 != b15.
a15 != b16.
a15 != b17.
a15 != b18.
a15 != b19.
a15 != b20.
a15 != b21.
a15 != b22.
a15 != b23.
a15 != b24.
a15 != b25.
a15 != b26.
a15 != b27.
a15 != b28.
a15 != b29.
a15 != b30.
a15 != b31.
a16 != a17.
a16 != a18.
a16 != a19.
a16 != a20.
a16 != a21.
a16 != a22.
a16 != a23.
a16 != a24.
a16 != a25.
a16 != a26.
a16 != a27.
a16 != a28.
a16 != a29.
a16 != a30.
a16 != a31.
a16 != b0.
a16 != b1.
a16 != b2.
a16 != b3.
a16 != b4.
a16 != b5.
a16 != b6.
a16 != b7.
a16 != b8.
a16 != b9.
a16 != b10.
a16 != b11.
a16 != b12.
a16 != b13.
a16 != b14.
a16 != b15.
a16 != b16.
a16 != b17.
a16 != b18.
a16 != b19.
a16 != b20.
a16 != b21.
a16 != b22.
a16 != b23.
a16 != b24.
a16 != b25.
a16 != b26.
a16 != b27.
a16 != b28.
a16 != b29.
a16 != b30.
a16 != b31.
a17 != a18.
a17 != a19.
a17 != a20.
a17 != a21.
a17 != a22.
a17 != a23.
a17 != a24.
a17 != a25.
a17 != a26.
a17 != a27.
a17 != a28.
a17 != a29.
a17 != a30.
a17 != a31.
a17 != b0.
a17 != b1.
a17 != b2.
a17 != b3.
a17 != b4.
a17 != b5.
a17 != b6.
a17 != b7.
a17 != b8.
a17 != b9.
a17 != b10.
a17 != b11.
a17 != b12.
a17 != b13.
a17 != b14.
a17 != b15.
a17 != b16.
a17 != b17.
a17 != b18.
a17 != b19.
a17 != b20.
a17 != b21.
a17 != b22.
a17 != b23.
a17 != b24.
a17 != b25.
a17 != b26.
a17 != b27.
a17 != b28.
a17 != b29.
a17 != b30.
a17 != b31.
a18 != a19.
a18 != a20.
a18 != a21.
a18 != a22.
a18 != a23.
a18 != a24.
a18 != a25.
a18 != a26.
a18 != a27.
a18 != a28.
a18 != a29.
a18 != a30.
a18 != a31.
a18 != b0.
a18 != b1.
a18 != b2.
a18 != b3.
a18 != b4.
a18 != b5.
a18 != b6.
a18 != b7.
a18 != b8.
a18 != b9.
a18 != b10.
a18 != b11.
a18 != b12.
a18 != b13.
a18 != b14.
a18 != b15.
a18 != b16.
a18 != b17.
a18 != b18.
a18 != b19.
a18 != b20.
a18 != b21.
a18 != b22.
a18 != b23.
a18 != b24.
a18 != b25.
a18 != b26.
a18 != b27.
a18 != b28.
a18 != b29.
a18 != b30.
a18 != b31.
a19 != a20.
a19 != a21.
a19 != a22.
a19 != a23.
a19 != a24.
a19 != a25.
a19 != a26.
a19 != a27.
a19 != a28.
a19 != a29.
a19 != a30.
a19 != a31.
a19 != b0.
a19 != b1.
a19 != b2.
a19 != b3.
a19 != b4.
a19 != b5.
a19 != b6.
a19 != b7.
a19 != b8.
a19 != b9.
a19 != b10.
a19 != b11.
a19 != b12.
a19 != b13.
a19 != b14.
a19 != b15.
a19 != b16.
a19 != b17.
a19 != b18.
a19 != b19.
a19 != b20.
a19 != b21.
a19 != b22.
a19 != b23.
a19 != b24.
a19 != b25.
a19 != b26.
a19 != b27.
a19 != b28.
a19 != b29.
a19 != b30.
a19 != b31.
a20 != a21.
a20 != a22.
a20 != a23.
a20 != a24.
a20 != a25.
a20 != a26.
a20 != a27.
a20 != a28.
a20 != a29.
a20 != a30.
a20 != a31.
a20 != b0.
a20 != b1.
a20 != b2.
a20 != b3.
a20 != b4.
a20 != b5.
a20 != b6.
a20 != b7.
a20 != b8.
a20 != b9.
a20 != b10.
a20 != b11.
a20 != b12.
a20 != b13.
a20 != b14.
a20 != b15.
a20 != b16.
a20 != b17.
a20 != b18.
a20 != b19.
a20 != b20.
a20 != b21.
a20 != b22.
a20 != b23.
a20 != b24.
a20 != b25.
a20 != b26.
a20 != b27.
a20 != b28.
a20 != b29.
a20 != b30.
a20 != b31.
a21 != a22.
a21 != a23.
a21 != a24.
a21 != a25.
a21 != a26.
a21 != a27.
a21 != a28.
a21 != a29.
a21 != a30.
a21 != a31.
a21 != b0.
a21 != b1.
a21 != b2.
a21 != b3.
a21 != b4.
a21 != b5.
a21 != b6.
a21 != b7.
a21 != b8.
a21 != b9.
a21 != b10.
a21 != b11.
a21 != b12.
a21 != b13.
a21 != b14.
a21 != b15.
a21 != b16.
a21 != b17.
a21 != b18.
a21 != b19.
a21 != b20.
a21 != b21.
a21 != b22.
a21 != b23.
a21 != b24.
a21 != b25.
a21 != b26.
a21 != b27.
a21 != b28.
a21 != b29.
a21 != b30.
a21 != b31.
a22 != a23.
a22 != a24.
a22 != a25.
a22 != a26.
a22 != a27.
a22 != a28.
a22 != a29.
a22 != a30.
a22 != a31.
a22 != b0.
a22 != b1.
a22 != b2.
a22 != b3.
a22 != b4.
a22 != b5.
a22 != b6.
a22 != b7.
a22 != b8.
a22 != b9.
a22 != b10.
a22 != b11.
a22 != b12.
a22 != b13.
a22 != b14.
a22 != b15.
a22 != b16.
a22 != b17.
a22 != b18.
a22 != b19.
a22 != b20.
a22 != b21.
a22 != b22.
a22 != b23.
a22 != b24.
a22 != b25.
a22 != b26.
a22 != b27.
a22 != b28.
a22 != b29.
a22 != b30.
a22 != b31.
a23 != a24.
a23 != a25.
a23 != a26.
a23 != a27.
a23 != a28.
a23 != a29.
a23 != a30.
a23 != a31.
a23 != b0.
a23 != b1.
a23 != b2.
a23 != b3.
a23 != b4.
a23 != b5.
a23 != b6.
a23 != b7.
a23 != b8.
a23 != b9.
a23 != b10.
a23 != b11.
a23 != b12.
a23 != b13.
a23 != b14.
a23 != b15.
a23 != b16.
a23 != b17.
a23 != b18.
a23 != b19.
a23 != b20.
a23 != b21.
a23 != b22.
a23 != b23.
a23 != b24.
a23 != b25.
a23 != b26.
a23 != b27.
a23 != b28.
a23 != b29.
a23 != b30.
a23 != b31.
a24 != a25.
a24 != a26.
a24 != a27.
a24 != a28.
a24 != a29.
a24 != a30.
a24 != a31.
a24 != b0.
a24 != b1.
a24 != b2.
a24 != b3.
a24 != b4.
a24 != b5.
a24 != b6.
a24 != b7.
a24 != b8.
a24 != b9.
a24 != b10.
a24 != b11.
a24 != b12.
a24 != b13.
a24 != b14.
a24 != b15.
a24 != b16.
a24 != b17.
a24 != b18.
a24 != b19.
a24 != b20.
a24 != b21.
a24 != b22.
a24 != b23.
a24 != b24.
a24 != b25.
a24 != b26.
a24 != b27.
a24 != b28.
a24 != b29.
a24 != b30.
a24 != b31.
a25 != a26.
a25 != a27.
a25 != a28.
a25 != a29.
a25 != a30.
a25 != a31.
a25 != b0.
a25 != b1.
a25 != b2.
a25 != b3.
a25 != b4.
a25 != b5.
a25 != b6.
a25 != b7.
a25 != b8.
a25 != b9.
a25 != b10.
a25 != b11.
a25 != b12.
a25 != b13.
a25 != b14.
a25 != b15.
a25 != b16.
a25 != b17.
a25 != b18.
a25 != b19.
a25 != b20.
a25 != b21.
a25 != b22.
a25 != b23.
a25 != b24.
a25 != b25.
a25 != b26.
a25 != b27.
a25 != b28.
a25 != b29.
a25 != b30.
a25 != b31.
a26 != a27.
a26 != a28.
a26 != a29.
a26 != a30.
a26 != a31.
a26 != b0.
a26 != b1.
a26 != b2.
a26 != b3.
a26 != b4.
a26 != b5.
a26 != b6.
a26 != b7.
a26 != b8.
a26 != b9.
a26 != b10.
a26 != b11.
a26 != b12.
a26 != b13.
a26 != b14.
a26 != b15.
a26 != b16.
a26 != b17.
a26 != b18.
a26 != b19.
a26 != b20.
a26 != b21.
a26 != b22.
a26 != b23.
a26 != b24.
a26 != b25.
a26 != b26.
a26 != b27.
a26 != b28.
a26 != b29.
a26 != b30.
a26 != b31.
a27 != a28.
a27 != a29.
a27 != a30.
a27 != a31.
a27 != b0.
a27 != b1.
a27 != b2.
a27 != b3.
a27 != b4.
a27 != b5.
a27 != b6.
a27 != b7.
a27 != b8.
a27 != b9.
a27 != b10.
a27 != b11.
a27 != b12.
a27 != b13.
a27 != b14.
a27 != b15.
a27 != b16.
a27 != b17.
a27 != b18.
a27 != b19.
a27 != b20.
a27 != b21.
a27 != b22.
a27 != b23.
a27 != b24.
a27 != b25.
a27 != b26.
a27 != b27.
a27 != b28.
a27 != b29.
a27 != b30.
a27 != b31.
a28 != a29.
a28 != a30.
a28 != a31.
a28 != b0.
a28 != b1.
a28 != b2.
a28 != b3.
a28 != b4.
a28 != b5.
a28 != b6.
a28 != b7.
a28 != b8.
a28 != b9.
a28 != b10.
a28 != b11.
a28 != b12.
a28 != b13.
a28 != b14.
a28 != b15.
a28 != b16.
a28 != b17.
a28 != b18.
a28 != b19.
a28 != b20.
a28 != b21.
a28 != b22.
a28 != b23.
a28 != b24.
a28 != b25.
a28 != b26.
a28 != b27.
a28 != b28.
a28 != b29.
a28 != b30.
a28 != b31.
a29 != a30.
a29 != a31.
a29 != b0.
a29 != b1.
a29 != b2.
a29 != b3.
a29 != b4.
a29 != b5.
a29 != b6.
a29 != b7.
a29 != b8.
a29 != b9.
a29 != b10.
a29 != b11.
a29 != b12.
a29 != b13.
a29 != b14.
a29 != b15.
a29 != b16.
a29 != b17.
a29 != b18.
a29 != b19.
a29 != b20.
a29 != b21.
a29 != b22.
a29 != b23.
a29 != b24.
a29 != b25.
a29 != b26.
a29 != b27.
a29 != b28.
a29 != b29.
a29 != b30.
a29 != b31.
a30 != a31.
a30 != b0.
a30 != b1.
a30 != b2.
a30 != b3.
a30 != b4.
a30 != b5.
a30 != b6.
a30 != b7.
a30 != b8.
a30 != b9.
a30 != b10.
a30 != b11.
a30 != b12.
a30 != b13.
a30 != b14.
a30 != b15.
a30 != b16.
a30 != b17.
a30 != b18.
a30 != b19.
a30 != b20.
a30 != b21.
a30 != b22.
a30 != b23.
a30 != b24.
a30 != b25.
a30 != b26.
a30 != b27.
a30 != b28.
a30 != b29.
a30 != b30.
a30 != b31.
a31 != b0.
a31 != b1.
a31 != b2.
a31 != b3.
a31 != b4.
a31 != b5.
a31 != b6.
a31 != b7.
a31 != b8.
a31 != b9.
a31 != b10.
a31 != b11.
a31 != b12.
a31 != b13.
a31 != b14.
a31 != b15.
a31 != b16.
a31 != b17.
a31 != b18.
a31 != b19.
a31 != b20.
a31 != b21.
a31 != b22.
a31 != b23.
a31 != b24.
a31 != b25.
a31 != b26.
a31 != b27.
a31 != b28.
a31 != b29.
a31 != b30.
a31 != b31.
b0 != b1.
b0 != b2.
b0 != b3.
b0 != b4.
b0 != b5.
b0 != b6.
b0 != b7.
b0 != b8.
b0 != b9.
b0 != b10.
b0 != b11.
b0 != b12.
b0 != b13.
b0 != b14.
b0 != b15.
b0 != b16.
b0 != b17.
b0 != b18.
b0 != b19.
b0 != b20.
b0 != b21.
b0 != b22.
b0 != b23.
b0 != b24.
b0 != b25.
b0 != b26.
b0 != b27.
b0 != b28.
b0 != b29.
b0 != b30.
b0 != b31.
b1 != b2.
b1 != b3.
b1 != b4.
b1 != b5.
b1 != b6.
b1 != b7.
b1 != b8.
b1 != b9.
b1 != b10.
b1 != b11.
b1 != b12.
b1 != b13.
b1 != b14.
b1 != b15.
b1 != b16.
b1 != b17.
b1 != b18.
b1 != b19.
b1 != b20.
b1 != b21.
b1 != b22.
b1 != b23.
b1 != b24.
b1 != b25.
b1 != b26.
b1 != b27.
b1 != b28.
b1 != b29.
b1 != b30.
b1 != b31.
b2 != b3.
b2 != b4.
b2 != b5.
b2 != b6.
b2 != b7.
b2 != b8.
b2 != b9.
b2 != b10.
b2 != b11.
b2 != b12.
b2 != b13.
b2 != b14.
b2 != b15.
b2 != b16.
b2 != b17.
b2 != b18.
b2 != b19.
b2 != b20.
b2 != b21.
b2 != b22.
b2 != b23.
b2 != b24.
b2 != b25.
b2 != b26.
b2 != b27.
b2 != b28.
b2 != b29.
b2 != b30.
b2 != b31.
b3 != b4.
b3 != b5.
b3 != b6.
b3 != b7.
b3 != b8.
b3 != b9.
b3 != b10.
b3 != b11.
b3 != b12.
b3 != b13.
b3 != b14.
b3 != b15.
b3 != b16.
b3 != b17.
b3 != b18.
b3 != b19.
b3 != b20.
b3 != b21.
b3 != b22.
b3 != b23.
b3 != b24.
b3 != b25.
b3 != b26.
b3 != b27.
b3 != b28.
b3 != b29.
b3 != b30.
b3 != b31.
b4 != b5.
b4 != b6.
b4 != b7.
b4 != b8.
b4 != b9.
b4 != b10.
b4 != b11.
b4 != b12.
b4 != b13.
b4 != b14.
b4 != b15.
b4 != b16.
b4 != b17.
b4 != b18.
b4 != b19.
b4 != b20.
b4 != b21.
b4 != b22.
b4 != b23.
b4 != b24.
b4 != b25.
b4 != b26.
b4 != b27.
b4 != b28.
b4 != b29.
b4 != b30.
b4 != b31.
b5 != b6.
b5 != b7.
b5 != b8.
b5 != b9.
b5 != b10.
b5 != b11.
b5 != b12.
b5 != b13.
b5 != b14.
b5 != b15.
b5 != b16.
b5 != b17.
b5 != b18.
b5 != b19.
b5 != b20.
b5 != b21.
b5 != b22.
b5 != b23.
b5 != b24.
b5 != b25.
b5 != b26.
b5 != b27.
b5 != b28.
b5 != b29.
b5 != b30.
b5 != b31.
b6 != b7.
b6 != b8.
b6 != b9.
b6 != b10.
b6 != b11.
b6 != b12.
b6 != b13.
b6 != b14.
b6 != b15.
b6 != b16.
b6 != b17.
b6 != b18.
b6 != b19.
b6 != b20.
b6 != b21.
b6 != b22.
b6 != b23.
b6 != b24.
b6 != b25.
b6 != b26.
b6 != b27.
b6 != b28.
b6 != b29.
b6 != b30.
b6 != b31.
b7 != b8.
b7 != b9.
b7 != b10.
b7 != b11.
b7 != b12.
b7 != b13.
b7 != b14.
b7 != b15.
b7 != b16.
b7 != b17.
b7 != b18.
b7 != b19.
b7 != b20.
b7 != b21.
b7 != b22.
b7 != b23.
b7 != b24.
b7 != b25.
b7 != b26.
b7 != b27.
b7 != b28.
b7 != b29.
b7 != b30.
b7 != b31.
b8 != b9.
b8 != b10.
b8 != b11.
b8 != b12.
b8 != b13.
b8 != b14.
b8 != b15.
b8 != b16.
b8 != b17.
b8 != b18.
b8 != b19.
b8 != b20.
b8 != b21.
b8 != b22.
b8 != b23.
b8 != b24.
b8 != b25.
b8 != b26.
b8 != b27.
b8 != b28.
b8 != b29.
b8 != b30.
b8 != b31.
b9 != b10.
b9 != b11.
b9 != b12.
b9 != b13.
b9 != b14.
b9 != b15.
b9 != b16.
b9 != b17.
b9 != b18.
b9 != b19.
b9 != b20.
b9 != b21.
b9 != b22.
b9 != b23.
b9 != b24.
b9 != b25.
b9 != b26.
b9 != b27.
b9 != b28.
b9 != b29.
b9 != b30.
b9 != b31.
b10 != b11.
b10 != b12.
b10 != b13.
b10 != b14.
b10 != b15.
b10 != b16.
b10 != b17.
b10 != b18.
b10 != b19.
b10 != b20.
b10 != b21.
b10 != b22.
b10 != b23.
b10 != b24.
b10 != b25.
b10 != b26.
b10 != b27.
b10 != b28.
b10 != b29.
b10 != b30.
b10 != b31.
b11 != b12.
b11 != b13.
b11 != b14.
b11 != b15.
b11 != b16.
b11 != b17.
b11 != b18.
b11 != b19.
b11 != b20.
b11 != b21.
b11 != b22.
b11 != b23.
b11 != b24.
b11 != b25.
b11 != b26.
b11 != b27.
b11 != b28.
b11 != b29.
b11 != b30.
b11 != b31.
b12 != b13.
b12 != b14.
b12 != b15.
b12 != b16.
b12 != b17.
b12 != b18.
b12 != b19.
b12 != b20.
b12 != b21.
b12 != b22.
b12 != b23.
b12 != b24.
b12 != b25.
b12 != b26.
b12 != b27.
b12 != b28.
b12 != b29.
b12 != b30.
b12 != b31.
b13 != b14.
b13 != b15.
b13 != b16.
b13 != b17.
b13 != b18.
b13 != b19.
b13 != b20.
b13 != b21.
b13 != b22.
b13 != b23.
b13 != b24.
b13 != b25.
b13 != b26.
b13 != b27.
b13 != b28.
b13 != b29.
b13 != b30.
b13 != b31.
b14 != b15.
b14 != b16.
b14 != b17.
b14 != b18.
b14 != b19.
b14 != b20.
b14 != b21.
b14 != b22.
b14 != b23.
b14 != b24.
b14 != b25.
b14 != b26.
b14 != b27.
b14 != b28.
b14 != b29.
b14 != b30.
b14 != b31.
b15 != b16.
b15 != b17.
b15 != b18.
b15 != b19.
b15 != b20.
b15 != b21.
b15 != b22.
b15 != b23.
b15 != b24.
b15 != b25.
b15 != b26.
b15 != b27.
b15 != b28.
b15 != b29.
b15 != b30.
b15 != b31.
b16 != b17.
b16 != b18.
b16 != b19.
b16 != b20.
b16 != b21.
b16 != b22.
b16 != b23.
b16 != b24.
b16 != b25.
b16 != b26.
b16 != b27.
b16 != b28.
b16 != b29.
b16 != b30.
b16 != b31.
b17 != b18.
b17 != b19.
b17 != b20.
b17 != b21.
b17 != b22.
b17 != b23.
b17 != b24.
b17 != b25.
b17 != b26.
b17 != b27.
b17 != b28.
b17 != b29.
b17 != b30.
b17 != b31.
b18 != b19.
b18 != b20.
b18 != b21.
b18 != b22.
b18 != b23.
b18 != b24.
b18 != b25.
b18 != b26.
b18 != b27.
b18 != b28.
b18 != b29.
b18 != b30.
b18 != b31.
b19 != b20.
b19 != b21.
b19 != b22.
b19 != b23.
b19 != b24.
b19 != b25.
b19 != b26.
b19 != b27.
b19 != b28.
b19 != b29.
b19 != b30.
b19 != b31.
b20 != b21.
b20 != b22.
b20 != b23.
b20 != b24.
b20 != b25.
b20 != b26.
b20 != b27.
b20 != b28.
b20 != b29.
b20 != b30.
b20 != b31.
b21 != b22.
b21 != b23.
b21 != b24.
b21 != b25.
b21 != b26.
b21 != b27.
b21 != b28.
b21 != b29.
b21 != b30.
b21 != b31.
b22 != b23.
b22 != b24.
b22 != b25.
b22 != b26.
b22 != b27.
b22 != b28.
b22 != b29.
b22 != b30.
b22 != b31.
b23 != b24.
b23 != b25.
b23 != b26.
b23 != b27.
b23 != b28.
b23 != b29.
b23 != b30.
b23 != b31.
b24 != b25.
b24 != b26.
b24 != b27.
b24 != b28.
b24 != b29.
b24 != b30.
b24 != b31.
b25 != b26.
b25 != b27.
b25 != b28.
b25 != b29.
b25 != b30.
b25 != b31.
b26 != b27.
b26 != b28.
b26 != b29.
b26 != b30.
b26 != b31.
b27 != b28.
b27 != b29.
b27 != b30.
b27 != b31.
b28 != b29.
b28 != b30.
b28 != b31.
b29 != b30.
b29 != b31.
b30 != b31.
end_of_list.

============================== end of clauses for search =============

% The largest natural number in the input is 63.

============================== DOMAIN SIZE 64 ========================

============================== MODEL =================================

interpretation( 64, [number=1, seconds=320], [

        function(a0, [63 ]),

        function(a1, [61 ]),

        function(a10, [31 ]),

        function(a11, [15 ]),

        function(a12, [ 6 ]),

        function(a13, [57 ]),

        function(a14, [50 ]),

        function(a15, [11 ]),

        function(a16, [ 2 ]),

        function(a17, [22 ]),

        function(a18, [13 ]),

        function(a19, [ 4 ]),

        function(a2, [18 ]),

        function(a20, [36 ]),

        function(a21, [29 ]),

        function(a22, [20 ]),

        function(a23, [32 ]),

        function(a24, [34 ]),

        function(a25, [25 ]),

        function(a26, [27 ]),

        function(a27, [59 ]),

        function(a28, [52 ]),

        function(a29, [43 ]),

        function(a3, [ 9 ]),

        function(a30, [16 ]),

        function(a31, [ 0 ]),

        function(a4, [45 ]),

        function(a5, [38 ]),

        function(a6, [48 ]),

        function(a7, [41 ]),

        function(a8, [54 ]),

        function(a9, [47 ]),

        function(b0, [62 ]),

        function(b1, [55 ]),

        function(b10, [39 ]),

        function(b11, [23 ]),

        function(b12, [ 7 ]),

        function(b13, [56 ]),

        function(b14, [49 ]),

        function(b15, [12 ]),

        function(b16, [ 3 ]),

        function(b17, [21 ]),

        function(b18, [14 ]),

        function(b19, [ 5 ]),

        function(b2, [60 ]),

        function(b20, [44 ]),

        function(b21, [28 ]),

        function(b22, [24 ]),

        function(b23, [26 ]),

        function(b24, [17 ]),

        function(b25, [19 ]),

        function(b26, [58 ]),

        function(b27, [51 ]),

        function(b28, [42 ]),

        function(b29, [35 ]),

        function(b3, [53 ]),

        function(b30, [ 8 ]),

        function(b31, [ 1 ]),

        function(b4, [10 ]),

        function(b5, [37 ]),

        function(b6, [30 ]),

        function(b7, [40 ]),

        function(b8, [33 ]),

        function(b9, [46 ]),

        relation(p1, [ 1 ]),

        relation(p10, [ 1 ]),

        relation(p11, [ 1 ]),

        relation(p12, [ 1 ]),

        relation(p13, [ 1 ]),

        relation(p14, [ 1 ]),

        relation(p2, [ 1 ]),

        relation(p3, [ 1 ]),

        relation(p4, [ 1 ]),

        relation(p5, [ 1 ]),

        relation(p6, [ 1 ]),

        relation(p7, [ 1 ]),

        relation(p8, [ 1 ]),

        relation(p9, [ 1 ]),

        relation(b(_), [ 0, 1, 0, 1, 0, 1, 0, 1, 1, 0, 1, 0, 1, 0, 1, 0, 0, 1, 0, 1, 0, 1, 0, 1, 1, 0, 1, 0, 1, 0, 1, 0, 0, 1, 0, 1, 0, 1, 0, 1, 1, 0, 1, 0, 1, 0, 1, 0, 0, 1, 0, 1, 0, 1, 0, 1, 1, 0, 1, 0, 1, 0, 1, 0 ]),

        relation(w(_), [ 1, 0, 1, 0, 1, 0, 1, 0, 0, 1, 0, 1, 0, 1, 0, 1, 1, 0, 1, 0, 1, 0, 1, 0, 0, 1, 0, 1, 0, 1, 0, 1, 1, 0, 1, 0, 1, 0, 1, 0, 0, 1, 0, 1, 0, 1, 0, 1, 1, 0, 1, 0, 1, 0, 1, 0, 0, 1, 0, 1, 0, 1, 0, 1 ]),

        relation(left(_,_), [
			   0, 1, 0, 0, 0, 0, 0, 0, 0, 0, 0, 0, 0, 0, 0, 0, 0, 0, 0, 0, 0, 0, 0, 0, 0, 0, 0, 0, 0, 0, 0, 0, 0, 0, 0, 0, 0, 0, 0, 0, 0, 0, 0, 0, 0, 0, 0, 0, 0, 0, 0, 0, 0, 0, 0, 0, 0, 0, 0, 0, 0, 0, 0, 0,
			   0, 0, 1, 0, 0, 0, 0, 0, 0, 0, 0, 0, 0, 0, 0, 0, 0, 0, 0, 0, 0, 0, 0, 0, 0, 0, 0, 0, 0, 0, 0, 0, 0, 0, 0, 0, 0, 0, 0, 0, 0, 0, 0, 0, 0, 0, 0, 0, 0, 0, 0, 0, 0, 0, 0, 0, 0, 0, 0, 0, 0, 0, 0, 0,
			   0, 0, 0, 1, 0, 0, 0, 0, 0, 0, 0, 0, 0, 0, 0, 0, 0, 0, 0, 0, 0, 0, 0, 0, 0, 0, 0, 0, 0, 0, 0, 0, 0, 0, 0, 0, 0, 0, 0, 0, 0, 0, 0, 0, 0, 0, 0, 0, 0, 0, 0, 0, 0, 0, 0, 0, 0, 0, 0, 0, 0, 0, 0, 0,
			   0, 0, 0, 0, 1, 0, 0, 0, 0, 0, 0, 0, 0, 0, 0, 0, 0, 0, 0, 0, 0, 0, 0, 0, 0, 0, 0, 0, 0, 0, 0, 0, 0, 0, 0, 0, 0, 0, 0, 0, 0, 0, 0, 0, 0, 0, 0, 0, 0, 0, 0, 0, 0, 0, 0, 0, 0, 0, 0, 0, 0, 0, 0, 0,
			   0, 0, 0, 0, 0, 1, 0, 0, 0, 0, 0, 0, 0, 0, 0, 0, 0, 0, 0, 0, 0, 0, 0, 0, 0, 0, 0, 0, 0, 0, 0, 0, 0, 0, 0, 0, 0, 0, 0, 0, 0, 0, 0, 0, 0, 0, 0, 0, 0, 0, 0, 0, 0, 0, 0, 0, 0, 0, 0, 0, 0, 0, 0, 0,
			   0, 0, 0, 0, 0, 0, 1, 0, 0, 0, 0, 0, 0, 0, 0, 0, 0, 0, 0, 0, 0, 0, 0, 0, 0, 0, 0, 0, 0, 0, 0, 0, 0, 0, 0, 0, 0, 0, 0, 0, 0, 0, 0, 0, 0, 0, 0, 0, 0, 0, 0, 0, 0, 0, 0, 0, 0, 0, 0, 0, 0, 0, 0, 0,
			   0, 0, 0, 0, 0, 0, 0, 1, 0, 0, 0, 0, 0, 0, 0, 0, 0, 0, 0, 0, 0, 0, 0, 0, 0, 0, 0, 0, 0, 0, 0, 0, 0, 0, 0, 0, 0, 0, 0, 0, 0, 0, 0, 0, 0, 0, 0, 0, 0, 0, 0, 0, 0, 0, 0, 0, 0, 0, 0, 0, 0, 0, 0, 0,
			   0, 0, 0, 0, 0, 0, 0, 0, 0, 0, 0, 0, 0, 0, 0, 0, 0, 0, 0, 0, 0, 0, 0, 0, 0, 0, 0, 0, 0, 0, 0, 0, 0, 0, 0, 0, 0, 0, 0, 0, 0, 0, 0, 0, 0, 0, 0, 0, 0, 0, 0, 0, 0, 0, 0, 0, 0, 0, 0, 0, 0, 0, 0, 0,
			   0, 0, 0, 0, 0, 0, 0, 0, 0, 1, 0, 0, 0, 0, 0, 0, 0, 0, 0, 0, 0, 0, 0, 0, 0, 0, 0, 0, 0, 0, 0, 0, 0, 0, 0, 0, 0, 0, 0, 0, 0, 0, 0, 0, 0, 0, 0, 0, 0, 0, 0, 0, 0, 0, 0, 0, 0, 0, 0, 0, 0, 0, 0, 0,
			   0, 0, 0, 0, 0, 0, 0, 0, 0, 0, 1, 0, 0, 0, 0, 0, 0, 0, 0, 0, 0, 0, 0, 0, 0, 0, 0, 0, 0, 0, 0, 0, 0, 0, 0, 0, 0, 0, 0, 0, 0, 0, 0, 0, 0, 0, 0, 0, 0, 0, 0, 0, 0, 0, 0, 0, 0, 0, 0, 0, 0, 0, 0, 0,
			   0, 0, 0, 0, 0, 0, 0, 0, 0, 0, 0, 1, 0, 0, 0, 0, 0, 0, 0, 0, 0, 0, 0, 0, 0, 0, 0, 0, 0, 0, 0, 0, 0, 0, 0, 0, 0, 0, 0, 0, 0, 0, 0, 0, 0, 0, 0, 0, 0, 0, 0, 0, 0, 0, 0, 0, 0, 0, 0, 0, 0, 0, 0, 0,
			   0, 0, 0, 0, 0, 0, 0, 0, 0, 0, 0, 0, 1, 0, 0, 0, 0, 0, 0, 0, 0, 0, 0, 0, 0, 0, 0, 0, 0, 0, 0, 0, 0, 0, 0, 0, 0, 0, 0, 0, 0, 0, 0, 0, 0, 0, 0, 0, 0, 0, 0, 0, 0, 0, 0, 0, 0, 0, 0, 0, 0, 0, 0, 0,
			   0, 0, 0, 0, 0, 0, 0, 0, 0, 0, 0, 0, 0, 1, 0, 0, 0, 0, 0, 0, 0, 0, 0, 0, 0, 0, 0, 0, 0, 0, 0, 0, 0, 0, 0, 0, 0, 0, 0, 0, 0, 0, 0, 0, 0, 0, 0, 0, 0, 0, 0, 0, 0, 0, 0, 0, 0, 0, 0, 0, 0, 0, 0, 0,
			   0, 0, 0, 0, 0, 0, 0, 0, 0, 0, 0, 0, 0, 0, 1, 0, 0, 0, 0, 0, 0, 0, 0, 0, 0, 0, 0, 0, 0, 0, 0, 0, 0, 0, 0, 0, 0, 0, 0, 0, 0, 0, 0, 0, 0, 0, 0, 0, 0, 0, 0, 0, 0, 0, 0, 0, 0, 0, 0, 0, 0, 0, 0, 0,
			   0, 0, 0, 0, 0, 0, 0, 0, 0, 0, 0, 0, 0, 0, 0, 1, 0, 0, 0, 0, 0, 0, 0, 0, 0, 0, 0, 0, 0, 0, 0, 0, 0, 0, 0, 0, 0, 0, 0, 0, 0, 0, 0, 0, 0, 0, 0, 0, 0, 0, 0, 0, 0, 0, 0, 0, 0, 0, 0, 0, 0, 0, 0, 0,
			   0, 0, 0, 0, 0, 0, 0, 0, 0, 0, 0, 0, 0, 0, 0, 0, 0, 0, 0, 0, 0, 0, 0, 0, 0, 0, 0, 0, 0, 0, 0, 0, 0, 0, 0, 0, 0, 0, 0, 0, 0, 0, 0, 0, 0, 0, 0, 0, 0, 0, 0, 0, 0, 0, 0, 0, 0, 0, 0, 0, 0, 0, 0, 0,
			   0, 0, 0, 0, 0, 0, 0, 0, 0, 0, 0, 0, 0, 0, 0, 0, 0, 1, 0, 0, 0, 0, 0, 0, 0, 0, 0, 0, 0, 0, 0, 0, 0, 0, 0, 0, 0, 0, 0, 0, 0, 0, 0, 0, 0, 0, 0, 0, 0, 0, 0, 0, 0, 0, 0, 0, 0, 0, 0, 0, 0, 0, 0, 0,
			   0, 0, 0, 0, 0, 0, 0, 0, 0, 0, 0, 0, 0, 0, 0, 0, 0, 0, 1, 0, 0, 0, 0, 0, 0, 0, 0, 0, 0, 0, 0, 0, 0, 0, 0, 0, 0, 0, 0, 0, 0, 0, 0, 0, 0, 0, 0, 0, 0, 0, 0, 0, 0, 0, 0, 0, 0, 0, 0, 0, 0, 0, 0, 0,
			   0, 0, 0, 0, 0, 0, 0, 0, 0, 0, 0, 0, 0, 0, 0, 0, 0, 0, 0, 1, 0, 0, 0, 0, 0, 0, 0, 0, 0, 0, 0, 0, 0, 0, 0, 0, 0, 0, 0, 0, 0, 0, 0, 0, 0, 0, 0, 0, 0, 0, 0, 0, 0, 0, 0, 0, 0, 0, 0, 0, 0, 0, 0, 0,
			   0, 0, 0, 0, 0, 0, 0, 0, 0, 0, 0, 0, 0, 0, 0, 0, 0, 0, 0, 0, 1, 0, 0, 0, 0, 0, 0, 0, 0, 0, 0, 0, 0, 0, 0, 0, 0, 0, 0, 0, 0, 0, 0, 0, 0, 0, 0, 0, 0, 0, 0, 0, 0, 0, 0, 0, 0, 0, 0, 0, 0, 0, 0, 0,
			   0, 0, 0, 0, 0, 0, 0, 0, 0, 0, 0, 0, 0, 0, 0, 0, 0, 0, 0, 0, 0, 1, 0, 0, 0, 0, 0, 0, 0, 0, 0, 0, 0, 0, 0, 0, 0, 0, 0, 0, 0, 0, 0, 0, 0, 0, 0, 0, 0, 0, 0, 0, 0, 0, 0, 0, 0, 0, 0, 0, 0, 0, 0, 0,
			   0, 0, 0, 0, 0, 0, 0, 0, 0, 0, 0, 0, 0, 0, 0, 0, 0, 0, 0, 0, 0, 0, 1, 0, 0, 0, 0, 0, 0, 0, 0, 0, 0, 0, 0, 0, 0, 0, 0, 0, 0, 0, 0, 0, 0, 0, 0, 0, 0, 0, 0, 0, 0, 0, 0, 0, 0, 0, 0, 0, 0, 0, 0, 0,
			   0, 0, 0, 0, 0, 0, 0, 0, 0, 0, 0, 0, 0, 0, 0, 0, 0, 0, 0, 0, 0, 0, 0, 1, 0, 0, 0, 0, 0, 0, 0, 0, 0, 0, 0, 0, 0, 0, 0, 0, 0, 0, 0, 0, 0, 0, 0, 0, 0, 0, 0, 0, 0, 0, 0, 0, 0, 0, 0, 0, 0, 0, 0, 0,
			   0, 0, 0, 0, 0, 0, 0, 0, 0, 0, 0, 0, 0, 0, 0, 0, 0, 0, 0, 0, 0, 0, 0, 0, 0, 0, 0, 0, 0, 0, 0, 0, 0, 0, 0, 0, 0, 0, 0, 0, 0, 0, 0, 0, 0, 0, 0, 0, 0, 0, 0, 0, 0, 0, 0, 0, 0, 0, 0, 0, 0, 0, 0, 0,
			   0, 0, 0, 0, 0, 0, 0, 0, 0, 0, 0, 0, 0, 0, 0, 0, 0, 0, 0, 0, 0, 0, 0, 0, 0, 1, 0, 0, 0, 0, 0, 0, 0, 0, 0, 0, 0, 0, 0, 0, 0, 0, 0, 0, 0, 0, 0, 0, 0, 0, 0, 0, 0, 0, 0, 0, 0, 0, 0, 0, 0, 0, 0, 0,
			   0, 0, 0, 0, 0, 0, 0, 0, 0, 0, 0, 0, 0, 0, 0, 0, 0, 0, 0, 0, 0, 0, 0, 0, 0, 0, 1, 0, 0, 0, 0, 0, 0, 0, 0, 0, 0, 0, 0, 0, 0, 0, 0, 0, 0, 0, 0, 0, 0, 0, 0, 0, 0, 0, 0, 0, 0, 0, 0, 0, 0, 0, 0, 0,
			   0, 0, 0, 0, 0, 0, 0, 0, 0, 0, 0, 0, 0, 0, 0, 0, 0, 0, 0, 0, 0, 0, 0, 0, 0, 0, 0, 1, 0, 0, 0, 0, 0, 0, 0, 0, 0, 0, 0, 0, 0, 0, 0, 0, 0, 0, 0, 0, 0, 0, 0, 0, 0, 0, 0, 0, 0, 0, 0, 0, 0, 0, 0, 0,
			   0, 0, 0, 0, 0, 0, 0, 0, 0, 0, 0, 0, 0, 0, 0, 0, 0, 0, 0, 0, 0, 0, 0, 0, 0, 0, 0, 0, 1, 0, 0, 0, 0, 0, 0, 0, 0, 0, 0, 0, 0, 0, 0, 0, 0, 0, 0, 0, 0, 0, 0, 0, 0, 0, 0, 0, 0, 0, 0, 0, 0, 0, 0, 0,
			   0, 0, 0, 0, 0, 0, 0, 0, 0, 0, 0, 0, 0, 0, 0, 0, 0, 0, 0, 0, 0, 0, 0, 0, 0, 0, 0, 0, 0, 1, 0, 0, 0, 0, 0, 0, 0, 0, 0, 0, 0, 0, 0, 0, 0, 0, 0, 0, 0, 0, 0, 0, 0, 0, 0, 0, 0, 0, 0, 0, 0, 0, 0, 0,
			   0, 0, 0, 0, 0, 0, 0, 0, 0, 0, 0, 0, 0, 0, 0, 0, 0, 0, 0, 0, 0, 0, 0, 0, 0, 0, 0, 0, 0, 0, 1, 0, 0, 0, 0, 0, 0, 0, 0, 0, 0, 0, 0, 0, 0, 0, 0, 0, 0, 0, 0, 0, 0, 0, 0, 0, 0, 0, 0, 0, 0, 0, 0, 0,
			   0, 0, 0, 0, 0, 0, 0, 0, 0, 0, 0, 0, 0, 0, 0, 0, 0, 0, 0, 0, 0, 0, 0, 0, 0, 0, 0, 0, 0, 0, 0, 1, 0, 0, 0, 0, 0, 0, 0, 0, 0, 0, 0, 0, 0, 0, 0, 0, 0, 0, 0, 0, 0, 0, 0, 0, 0, 0, 0, 0, 0, 0, 0, 0,
			   0, 0, 0, 0, 0, 0, 0, 0, 0, 0, 0, 0, 0, 0, 0, 0, 0, 0, 0, 0, 0, 0, 0, 0, 0, 0, 0, 0, 0, 0, 0, 0, 0, 0, 0, 0, 0, 0, 0, 0, 0, 0, 0, 0, 0, 0, 0, 0, 0, 0, 0, 0, 0, 0, 0, 0, 0, 0, 0, 0, 0, 0, 0, 0,
			   0, 0, 0, 0, 0, 0, 0, 0, 0, 0, 0, 0, 0, 0, 0, 0, 0, 0, 0, 0, 0, 0, 0, 0, 0, 0, 0, 0, 0, 0, 0, 0, 0, 1, 0, 0, 0, 0, 0, 0, 0, 0, 0, 0, 0, 0, 0, 0, 0, 0, 0, 0, 0, 0, 0, 0, 0, 0, 0, 0, 0, 0, 0, 0,
			   0, 0, 0, 0, 0, 0, 0, 0, 0, 0, 0, 0, 0, 0, 0, 0, 0, 0, 0, 0, 0, 0, 0, 0, 0, 0, 0, 0, 0, 0, 0, 0, 0, 0, 1, 0, 0, 0, 0, 0, 0, 0, 0, 0, 0, 0, 0, 0, 0, 0, 0, 0, 0, 0, 0, 0, 0, 0, 0, 0, 0, 0, 0, 0,
			   0, 0, 0, 0, 0, 0, 0, 0, 0, 0, 0, 0, 0, 0, 0, 0, 0, 0, 0, 0, 0, 0, 0, 0, 0, 0, 0, 0, 0, 0, 0, 0, 0, 0, 0, 1, 0, 0, 0, 0, 0, 0, 0, 0, 0, 0, 0, 0, 0, 0, 0, 0, 0, 0, 0, 0, 0, 0, 0, 0, 0, 0, 0, 0,
			   0, 0, 0, 0, 0, 0, 0, 0, 0, 0, 0, 0, 0, 0, 0, 0, 0, 0, 0, 0, 0, 0, 0, 0, 0, 0, 0, 0, 0, 0, 0, 0, 0, 0, 0, 0, 1, 0, 0, 0, 0, 0, 0, 0, 0, 0, 0, 0, 0, 0, 0, 0, 0, 0, 0, 0, 0, 0, 0, 0, 0, 0, 0, 0,
			   0, 0, 0, 0, 0, 0, 0, 0, 0, 0, 0, 0, 0, 0, 0, 0, 0, 0, 0, 0, 0, 0, 0, 0, 0, 0, 0, 0, 0, 0, 0, 0, 0, 0, 0, 0, 0, 1, 0, 0, 0, 0, 0, 0, 0, 0, 0, 0, 0, 0, 0, 0, 0, 0, 0, 0, 0, 0, 0, 0, 0, 0, 0, 0,
			   0, 0, 0, 0, 0, 0, 0, 0, 0, 0, 0, 0, 0, 0, 0, 0, 0, 0, 0, 0, 0, 0, 0, 0, 0, 0, 0, 0, 0, 0, 0, 0, 0, 0, 0, 0, 0, 0, 1, 0, 0, 0, 0, 0, 0, 0, 0, 0, 0, 0, 0, 0, 0, 0, 0, 0, 0, 0, 0, 0, 0, 0, 0, 0,
			   0, 0, 0, 0, 0, 0, 0, 0, 0, 0, 0, 0, 0, 0, 0, 0, 0, 0, 0, 0, 0, 0, 0, 0, 0, 0, 0, 0, 0, 0, 0, 0, 0, 0, 0, 0, 0, 0, 0, 1, 0, 0, 0, 0, 0, 0, 0, 0, 0, 0, 0, 0, 0, 0, 0, 0, 0, 0, 0, 0, 0, 0, 0, 0,
			   0, 0, 0, 0, 0, 0, 0, 0, 0, 0, 0, 0, 0, 0, 0, 0, 0, 0, 0, 0, 0, 0, 0, 0, 0, 0, 0, 0, 0, 0, 0, 0, 0, 0, 0, 0, 0, 0, 0, 0, 0, 0, 0, 0, 0, 0, 0, 0, 0, 0, 0, 0, 0, 0, 0, 0, 0, 0, 0, 0, 0, 0, 0, 0,
			   0, 0, 0, 0, 0, 0, 0, 0, 0, 0, 0, 0, 0, 0, 0, 0, 0, 0, 0, 0, 0, 0, 0, 0, 0, 0, 0, 0, 0, 0, 0, 0, 0, 0, 0, 0, 0, 0, 0, 0, 0, 1, 0, 0, 0, 0, 0, 0, 0, 0, 0, 0, 0, 0, 0, 0, 0, 0, 0, 0, 0, 0, 0, 0,
			   0, 0, 0, 0, 0, 0, 0, 0, 0, 0, 0, 0, 0, 0, 0, 0, 0, 0, 0, 0, 0, 0, 0, 0, 0, 0, 0, 0, 0, 0, 0, 0, 0, 0, 0, 0, 0, 0, 0, 0, 0, 0, 1, 0, 0, 0, 0, 0, 0, 0, 0, 0, 0, 0, 0, 0, 0, 0, 0, 0, 0, 0, 0, 0,
			   0, 0, 0, 0, 0, 0, 0, 0, 0, 0, 0, 0, 0, 0, 0, 0, 0, 0, 0, 0, 0, 0, 0, 0, 0, 0, 0, 0, 0, 0, 0, 0, 0, 0, 0, 0, 0, 0, 0, 0, 0, 0, 0, 1, 0, 0, 0, 0, 0, 0, 0, 0, 0, 0, 0, 0, 0, 0, 0, 0, 0, 0, 0, 0,
			   0, 0, 0, 0, 0, 0, 0, 0, 0, 0, 0, 0, 0, 0, 0, 0, 0, 0, 0, 0, 0, 0, 0, 0, 0, 0, 0, 0, 0, 0, 0, 0, 0, 0, 0, 0, 0, 0, 0, 0, 0, 0, 0, 0, 1, 0, 0, 0, 0, 0, 0, 0, 0, 0, 0, 0, 0, 0, 0, 0, 0, 0, 0, 0,
			   0, 0, 0, 0, 0, 0, 0, 0, 0, 0, 0, 0, 0, 0, 0, 0, 0, 0, 0, 0, 0, 0, 0, 0, 0, 0, 0, 0, 0, 0, 0, 0, 0, 0, 0, 0, 0, 0, 0, 0, 0, 0, 0, 0, 0, 1, 0, 0, 0, 0, 0, 0, 0, 0, 0, 0, 0, 0, 0, 0, 0, 0, 0, 0,
			   0, 0, 0, 0, 0, 0, 0, 0, 0, 0, 0, 0, 0, 0, 0, 0, 0, 0, 0, 0, 0, 0, 0, 0, 0, 0, 0, 0, 0, 0, 0, 0, 0, 0, 0, 0, 0, 0, 0, 0, 0, 0, 0, 0, 0, 0, 1, 0, 0, 0, 0, 0, 0, 0, 0, 0, 0, 0, 0, 0, 0, 0, 0, 0,
			   0, 0, 0, 0, 0, 0, 0, 0, 0, 0, 0, 0, 0, 0, 0, 0, 0, 0, 0, 0, 0, 0, 0, 0, 0, 0, 0, 0, 0, 0, 0, 0, 0, 0, 0, 0, 0, 0, 0, 0, 0, 0, 0, 0, 0, 0, 0, 1, 0, 0, 0, 0, 0, 0, 0, 0, 0, 0, 0, 0, 0, 0, 0, 0,
			   0, 0, 0, 0, 0, 0, 0, 0, 0, 0, 0, 0, 0, 0, 0, 0, 0, 0, 0, 0, 0, 0, 0, 0, 0, 0, 0, 0, 0, 0, 0, 0, 0, 0, 0, 0, 0, 0, 0, 0, 0, 0, 0, 0, 0, 0, 0, 0, 0, 0, 0, 0, 0, 0, 0, 0, 0, 0, 0, 0, 0, 0, 0, 0,
			   0, 0, 0, 0, 0, 0, 0, 0, 0, 0, 0, 0, 0, 0, 0, 0, 0, 0, 0, 0, 0, 0, 0, 0, 0, 0, 0, 0, 0, 0, 0, 0, 0, 0, 0, 0, 0, 0, 0, 0, 0, 0, 0, 0, 0, 0, 0, 0, 0, 1, 0, 0, 0, 0, 0, 0, 0, 0, 0, 0, 0, 0, 0, 0,
			   0, 0, 0, 0, 0, 0, 0, 0, 0, 0, 0, 0, 0, 0, 0, 0, 0, 0, 0, 0, 0, 0, 0, 0, 0, 0, 0, 0, 0, 0, 0, 0, 0, 0, 0, 0, 0, 0, 0, 0, 0, 0, 0, 0, 0, 0, 0, 0, 0, 0, 1, 0, 0, 0, 0, 0, 0, 0, 0, 0, 0, 0, 0, 0,
			   0, 0, 0, 0, 0, 0, 0, 0, 0, 0, 0, 0, 0, 0, 0, 0, 0, 0, 0, 0, 0, 0, 0, 0, 0, 0, 0, 0, 0, 0, 0, 0, 0, 0, 0, 0, 0, 0, 0, 0, 0, 0, 0, 0, 0, 0, 0, 0, 0, 0, 0, 1, 0, 0, 0, 0, 0, 0, 0, 0, 0, 0, 0, 0,
			   0, 0, 0, 0, 0, 0, 0, 0, 0, 0, 0, 0, 0, 0, 0, 0, 0, 0, 0, 0, 0, 0, 0, 0, 0, 0, 0, 0, 0, 0, 0, 0, 0, 0, 0, 0, 0, 0, 0, 0, 0, 0, 0, 0, 0, 0, 0, 0, 0, 0, 0, 0, 1, 0, 0, 0, 0, 0, 0, 0, 0, 0, 0, 0,
			   0, 0, 0, 0, 0, 0, 0, 0, 0, 0, 0, 0, 0, 0, 0, 0, 0, 0, 0, 0, 0, 0, 0, 0, 0, 0, 0, 0, 0, 0, 0, 0, 0, 0, 0, 0, 0, 0, 0, 0, 0, 0, 0, 0, 0, 0, 0, 0, 0, 0, 0, 0, 0, 1, 0, 0, 0, 0, 0, 0, 0, 0, 0, 0,
			   0, 0, 0, 0, 0, 0, 0, 0, 0, 0, 0, 0, 0, 0, 0, 0, 0, 0, 0, 0, 0, 0, 0, 0, 0, 0, 0, 0, 0, 0, 0, 0, 0, 0, 0, 0, 0, 0, 0, 0, 0, 0, 0, 0, 0, 0, 0, 0, 0, 0, 0, 0, 0, 0, 1, 0, 0, 0, 0, 0, 0, 0, 0, 0,
			   0, 0, 0, 0, 0, 0, 0, 0, 0, 0, 0, 0, 0, 0, 0, 0, 0, 0, 0, 0, 0, 0, 0, 0, 0, 0, 0, 0, 0, 0, 0, 0, 0, 0, 0, 0, 0, 0, 0, 0, 0, 0, 0, 0, 0, 0, 0, 0, 0, 0, 0, 0, 0, 0, 0, 1, 0, 0, 0, 0, 0, 0, 0, 0,
			   0, 0, 0, 0, 0, 0, 0, 0, 0, 0, 0, 0, 0, 0, 0, 0, 0, 0, 0, 0, 0, 0, 0, 0, 0, 0, 0, 0, 0, 0, 0, 0, 0, 0, 0, 0, 0, 0, 0, 0, 0, 0, 0, 0, 0, 0, 0, 0, 0, 0, 0, 0, 0, 0, 0, 0, 0, 0, 0, 0, 0, 0, 0, 0,
			   0, 0, 0, 0, 0, 0, 0, 0, 0, 0, 0, 0, 0, 0, 0, 0, 0, 0, 0, 0, 0, 0, 0, 0, 0, 0, 0, 0, 0, 0, 0, 0, 0, 0, 0, 0, 0, 0, 0, 0, 0, 0, 0, 0, 0, 0, 0, 0, 0, 0, 0, 0, 0, 0, 0, 0, 0, 1, 0, 0, 0, 0, 0, 0,
			   0, 0, 0, 0, 0, 0, 0, 0, 0, 0, 0, 0, 0, 0, 0, 0, 0, 0, 0, 0, 0, 0, 0, 0, 0, 0, 0, 0, 0, 0, 0, 0, 0, 0, 0, 0, 0, 0, 0, 0, 0, 0, 0, 0, 0, 0, 0, 0, 0, 0, 0, 0, 0, 0, 0, 0, 0, 0, 1, 0, 0, 0, 0, 0,
			   0, 0, 0, 0, 0, 0, 0, 0, 0, 0, 0, 0, 0, 0, 0, 0, 0, 0, 0, 0, 0, 0, 0, 0, 0, 0, 0, 0, 0, 0, 0, 0, 0, 0, 0, 0, 0, 0, 0, 0, 0, 0, 0, 0, 0, 0, 0, 0, 0, 0, 0, 0, 0, 0, 0, 0, 0, 0, 0, 1, 0, 0, 0, 0,
			   0, 0, 0, 0, 0, 0, 0, 0, 0, 0, 0, 0, 0, 0, 0, 0, 0, 0, 0, 0, 0, 0, 0, 0, 0, 0, 0, 0, 0, 0, 0, 0, 0, 0, 0, 0, 0, 0, 0, 0, 0, 0, 0, 0, 0, 0, 0, 0, 0, 0, 0, 0, 0, 0, 0, 0, 0, 0, 0, 0, 1, 0, 0, 0,
			   0, 0, 0, 0, 0, 0, 0, 0, 0, 0, 0, 0, 0, 0, 0, 0, 0, 0, 0, 0, 0, 0, 0, 0, 0, 0, 0, 0, 0, 0, 0, 0, 0, 0, 0, 0, 0, 0, 0, 0, 0, 0, 0, 0, 0, 0, 0, 0, 0, 0, 0, 0, 0, 0, 0, 0, 0, 0, 0, 0, 0, 1, 0, 0,
			   0, 0, 0, 0, 0, 0, 0, 0, 0, 0, 0, 0, 0, 0, 0, 0, 0, 0, 0, 0, 0, 0, 0, 0, 0, 0, 0, 0, 0, 0, 0, 0, 0, 0, 0, 0, 0, 0, 0, 0, 0, 0, 0, 0, 0, 0, 0, 0, 0, 0, 0, 0, 0, 0, 0, 0, 0, 0, 0, 0, 0, 0, 1, 0,
			   0, 0, 0, 0, 0, 0, 0, 0, 0, 0, 0, 0, 0, 0, 0, 0, 0, 0, 0, 0, 0, 0, 0, 0, 0, 0, 0, 0, 0, 0, 0, 0, 0, 0, 0, 0, 0, 0, 0, 0, 0, 0, 0, 0, 0, 0, 0, 0, 0, 0, 0, 0, 0, 0, 0, 0, 0, 0, 0, 0, 0, 0, 0, 1,
			   0, 0, 0, 0, 0, 0, 0, 0, 0, 0, 0, 0, 0, 0, 0, 0, 0, 0, 0, 0, 0, 0, 0, 0, 0, 0, 0, 0, 0, 0, 0, 0, 0, 0, 0, 0, 0, 0, 0, 0, 0, 0, 0, 0, 0, 0, 0, 0, 0, 0, 0, 0, 0, 0, 0, 0, 0, 0, 0, 0, 0, 0, 0, 0 ]),

        relation(on(_,_), [
			   0, 0, 0, 0, 0, 0, 0, 0, 1, 0, 0, 0, 0, 0, 0, 0, 0, 0, 0, 0, 0, 0, 0, 0, 0, 0, 0, 0, 0, 0, 0, 0, 0, 0, 0, 0, 0, 0, 0, 0, 0, 0, 0, 0, 0, 0, 0, 0, 0, 0, 0, 0, 0, 0, 0, 0, 0, 0, 0, 0, 0, 0, 0, 0,
			   0, 0, 0, 0, 0, 0, 0, 0, 0, 1, 0, 0, 0, 0, 0, 0, 0, 0, 0, 0, 0, 0, 0, 0, 0, 0, 0, 0, 0, 0, 0, 0, 0, 0, 0, 0, 0, 0, 0, 0, 0, 0, 0, 0, 0, 0, 0, 0, 0, 0, 0, 0, 0, 0, 0, 0, 0, 0, 0, 0, 0, 0, 0, 0,
			   0, 0, 0, 0, 0, 0, 0, 0, 0, 0, 1, 0, 0, 0, 0, 0, 0, 0, 0, 0, 0, 0, 0, 0, 0, 0, 0, 0, 0, 0, 0, 0, 0, 0, 0, 0, 0, 0, 0, 0, 0, 0, 0, 0, 0, 0, 0, 0, 0, 0, 0, 0, 0, 0, 0, 0, 0, 0, 0, 0, 0, 0, 0, 0,
			   0, 0, 0, 0, 0, 0, 0, 0, 0, 0, 0, 1, 0, 0, 0, 0, 0, 0, 0, 0, 0, 0, 0, 0, 0, 0, 0, 0, 0, 0, 0, 0, 0, 0, 0, 0, 0, 0, 0, 0, 0, 0, 0, 0, 0, 0, 0, 0, 0, 0, 0, 0, 0, 0, 0, 0, 0, 0, 0, 0, 0, 0, 0, 0,
			   0, 0, 0, 0, 0, 0, 0, 0, 0, 0, 0, 0, 1, 0, 0, 0, 0, 0, 0, 0, 0, 0, 0, 0, 0, 0, 0, 0, 0, 0, 0, 0, 0, 0, 0, 0, 0, 0, 0, 0, 0, 0, 0, 0, 0, 0, 0, 0, 0, 0, 0, 0, 0, 0, 0, 0, 0, 0, 0, 0, 0, 0, 0, 0,
			   0, 0, 0, 0, 0, 0, 0, 0, 0, 0, 0, 0, 0, 1, 0, 0, 0, 0, 0, 0, 0, 0, 0, 0, 0, 0, 0, 0, 0, 0, 0, 0, 0, 0, 0, 0, 0, 0, 0, 0, 0, 0, 0, 0, 0, 0, 0, 0, 0, 0, 0, 0, 0, 0, 0, 0, 0, 0, 0, 0, 0, 0, 0, 0,
			   0, 0, 0, 0, 0, 0, 0, 0, 0, 0, 0, 0, 0, 0, 1, 0, 0, 0, 0, 0, 0, 0, 0, 0, 0, 0, 0, 0, 0, 0, 0, 0, 0, 0, 0, 0, 0, 0, 0, 0, 0, 0, 0, 0, 0, 0, 0, 0, 0, 0, 0, 0, 0, 0, 0, 0, 0, 0, 0, 0, 0, 0, 0, 0,
			   0, 0, 0, 0, 0, 0, 0, 0, 0, 0, 0, 0, 0, 0, 0, 1, 0, 0, 0, 0, 0, 0, 0, 0, 0, 0, 0, 0, 0, 0, 0, 0, 0, 0, 0, 0, 0, 0, 0, 0, 0, 0, 0, 0, 0, 0, 0, 0, 0, 0, 0, 0, 0, 0, 0, 0, 0, 0, 0, 0, 0, 0, 0, 0,
			   0, 0, 0, 0, 0, 0, 0, 0, 0, 0, 0, 0, 0, 0, 0, 0, 1, 0, 0, 0, 0, 0, 0, 0, 0, 0, 0, 0, 0, 0, 0, 0, 0, 0, 0, 0, 0, 0, 0, 0, 0, 0, 0, 0, 0, 0, 0, 0, 0, 0, 0, 0, 0, 0, 0, 0, 0, 0, 0, 0, 0, 0, 0, 0,
			   0, 0, 0, 0, 0, 0, 0, 0, 0, 0, 0, 0, 0, 0, 0, 0, 0, 1, 0, 0, 0, 0, 0, 0, 0, 0, 0, 0, 0, 0, 0, 0, 0, 0, 0, 0, 0, 0, 0, 0, 0, 0, 0, 0, 0, 0, 0, 0, 0, 0, 0, 0, 0, 0, 0, 0, 0, 0, 0, 0, 0, 0, 0, 0,
			   0, 0, 0, 0, 0, 0, 0, 0, 0, 0, 0, 0, 0, 0, 0, 0, 0, 0, 1, 0, 0, 0, 0, 0, 0, 0, 0, 0, 0, 0, 0, 0, 0, 0, 0, 0, 0, 0, 0, 0, 0, 0, 0, 0, 0, 0, 0, 0, 0, 0, 0, 0, 0, 0, 0, 0, 0, 0, 0, 0, 0, 0, 0, 0,
			   0, 0, 0, 0, 0, 0, 0, 0, 0, 0, 0, 0, 0, 0, 0, 0, 0, 0, 0, 1, 0, 0, 0, 0, 0, 0, 0, 0, 0, 0, 0, 0, 0, 0, 0, 0, 0, 0, 0, 0, 0, 0, 0, 0, 0, 0, 0, 0, 0, 0, 0, 0, 0, 0, 0, 0, 0, 0, 0, 0, 0, 0, 0, 0,
			   0, 0, 0, 0, 0, 0, 0, 0, 0, 0, 0, 0, 0, 0, 0, 0, 0, 0, 0, 0, 1, 0, 0, 0, 0, 0, 0, 0, 0, 0, 0, 0, 0, 0, 0, 0, 0, 0, 0, 0, 0, 0, 0, 0, 0, 0, 0, 0, 0, 0, 0, 0, 0, 0, 0, 0, 0, 0, 0, 0, 0, 0, 0, 0,
			   0, 0, 0, 0, 0, 0, 0, 0, 0, 0, 0, 0, 0, 0, 0, 0, 0, 0, 0, 0, 0, 1, 0, 0, 0, 0, 0, 0, 0, 0, 0, 0, 0, 0, 0, 0, 0, 0, 0, 0, 0, 0, 0, 0, 0, 0, 0, 0, 0, 0, 0, 0, 0, 0, 0, 0, 0, 0, 0, 0, 0, 0, 0, 0,
			   0, 0, 0, 0, 0, 0, 0, 0, 0, 0, 0, 0, 0, 0, 0, 0, 0, 0, 0, 0, 0, 0, 1, 0, 0, 0, 0, 0, 0, 0, 0, 0, 0, 0, 0, 0, 0, 0, 0, 0, 0, 0, 0, 0, 0, 0, 0, 0, 0, 0, 0, 0, 0, 0, 0, 0, 0, 0, 0, 0, 0, 0, 0, 0,
			   0, 0, 0, 0, 0, 0, 0, 0, 0, 0, 0, 0, 0, 0, 0, 0, 0, 0, 0, 0, 0, 0, 0, 1, 0, 0, 0, 0, 0, 0, 0, 0, 0, 0, 0, 0, 0, 0, 0, 0, 0, 0, 0, 0, 0, 0, 0, 0, 0, 0, 0, 0, 0, 0, 0, 0, 0, 0, 0, 0, 0, 0, 0, 0,
			   0, 0, 0, 0, 0, 0, 0, 0, 0, 0, 0, 0, 0, 0, 0, 0, 0, 0, 0, 0, 0, 0, 0, 0, 1, 0, 0, 0, 0, 0, 0, 0, 0, 0, 0, 0, 0, 0, 0, 0, 0, 0, 0, 0, 0, 0, 0, 0, 0, 0, 0, 0, 0, 0, 0, 0, 0, 0, 0, 0, 0, 0, 0, 0,
			   0, 0, 0, 0, 0, 0, 0, 0, 0, 0, 0, 0, 0, 0, 0, 0, 0, 0, 0, 0, 0, 0, 0, 0, 0, 1, 0, 0, 0, 0, 0, 0, 0, 0, 0, 0, 0, 0, 0, 0, 0, 0, 0, 0, 0, 0, 0, 0, 0, 0, 0, 0, 0, 0, 0, 0, 0, 0, 0, 0, 0, 0, 0, 0,
			   0, 0, 0, 0, 0, 0, 0, 0, 0, 0, 0, 0, 0, 0, 0, 0, 0, 0, 0, 0, 0, 0, 0, 0, 0, 0, 1, 0, 0, 0, 0, 0, 0, 0, 0, 0, 0, 0, 0, 0, 0, 0, 0, 0, 0, 0, 0, 0, 0, 0, 0, 0, 0, 0, 0, 0, 0, 0, 0, 0, 0, 0, 0, 0,
			   0, 0, 0, 0, 0, 0, 0, 0, 0, 0, 0, 0, 0, 0, 0, 0, 0, 0, 0, 0, 0, 0, 0, 0, 0, 0, 0, 1, 0, 0, 0, 0, 0, 0, 0, 0, 0, 0, 0, 0, 0, 0, 0, 0, 0, 0, 0, 0, 0, 0, 0, 0, 0, 0, 0, 0, 0, 0, 0, 0, 0, 0, 0, 0,
			   0, 0, 0, 0, 0, 0, 0, 0, 0, 0, 0, 0, 0, 0, 0, 0, 0, 0, 0, 0, 0, 0, 0, 0, 0, 0, 0, 0, 1, 0, 0, 0, 0, 0, 0, 0, 0, 0, 0, 0, 0, 0, 0, 0, 0, 0, 0, 0, 0, 0, 0, 0, 0, 0, 0, 0, 0, 0, 0, 0, 0, 0, 0, 0,
			   0, 0, 0, 0, 0, 0, 0, 0, 0, 0, 0, 0, 0, 0, 0, 0, 0, 0, 0, 0, 0, 0, 0, 0, 0, 0, 0, 0, 0, 1, 0, 0, 0, 0, 0, 0, 0, 0, 0, 0, 0, 0, 0, 0, 0, 0, 0, 0, 0, 0, 0, 0, 0, 0, 0, 0, 0, 0, 0, 0, 0, 0, 0, 0,
			   0, 0, 0, 0, 0, 0, 0, 0, 0, 0, 0, 0, 0, 0, 0, 0, 0, 0, 0, 0, 0, 0, 0, 0, 0, 0, 0, 0, 0, 0, 1, 0, 0, 0, 0, 0, 0, 0, 0, 0, 0, 0, 0, 0, 0, 0, 0, 0, 0, 0, 0, 0, 0, 0, 0, 0, 0, 0, 0, 0, 0, 0, 0, 0,
			   0, 0, 0, 0, 0, 0, 0, 0, 0, 0, 0, 0, 0, 0, 0, 0, 0, 0, 0, 0, 0, 0, 0, 0, 0, 0, 0, 0, 0, 0, 0, 1, 0, 0, 0, 0, 0, 0, 0, 0, 0, 0, 0, 0, 0, 0, 0, 0, 0, 0, 0, 0, 0, 0, 0, 0, 0, 0, 0, 0, 0, 0, 0, 0,
			   0, 0, 0, 0, 0, 0, 0, 0, 0, 0, 0, 0, 0, 0, 0, 0, 0, 0, 0, 0, 0, 0, 0, 0, 0, 0, 0, 0, 0, 0, 0, 0, 1, 0, 0, 0, 0, 0, 0, 0, 0, 0, 0, 0, 0, 0, 0, 0, 0, 0, 0, 0, 0, 0, 0, 0, 0, 0, 0, 0, 0, 0, 0, 0,
			   0, 0, 0, 0, 0, 0, 0, 0, 0, 0, 0, 0, 0, 0, 0, 0, 0, 0, 0, 0, 0, 0, 0, 0, 0, 0, 0, 0, 0, 0, 0, 0, 0, 1, 0, 0, 0, 0, 0, 0, 0, 0, 0, 0, 0, 0, 0, 0, 0, 0, 0, 0, 0, 0, 0, 0, 0, 0, 0, 0, 0, 0, 0, 0,
			   0, 0, 0, 0, 0, 0, 0, 0, 0, 0, 0, 0, 0, 0, 0, 0, 0, 0, 0, 0, 0, 0, 0, 0, 0, 0, 0, 0, 0, 0, 0, 0, 0, 0, 1, 0, 0, 0, 0, 0, 0, 0, 0, 0, 0, 0, 0, 0, 0, 0, 0, 0, 0, 0, 0, 0, 0, 0, 0, 0, 0, 0, 0, 0,
			   0, 0, 0, 0, 0, 0, 0, 0, 0, 0, 0, 0, 0, 0, 0, 0, 0, 0, 0, 0, 0, 0, 0, 0, 0, 0, 0, 0, 0, 0, 0, 0, 0, 0, 0, 1, 0, 0, 0, 0, 0, 0, 0, 0, 0, 0, 0, 0, 0, 0, 0, 0, 0, 0, 0, 0, 0, 0, 0, 0, 0, 0, 0, 0,
			   0, 0, 0, 0, 0, 0, 0, 0, 0, 0, 0, 0, 0, 0, 0, 0, 0, 0, 0, 0, 0, 0, 0, 0, 0, 0, 0, 0, 0, 0, 0, 0, 0, 0, 0, 0, 1, 0, 0, 0, 0, 0, 0, 0, 0, 0, 0, 0, 0, 0, 0, 0, 0, 0, 0, 0, 0, 0, 0, 0, 0, 0, 0, 0,
			   0, 0, 0, 0, 0, 0, 0, 0, 0, 0, 0, 0, 0, 0, 0, 0, 0, 0, 0, 0, 0, 0, 0, 0, 0, 0, 0, 0, 0, 0, 0, 0, 0, 0, 0, 0, 0, 1, 0, 0, 0, 0, 0, 0, 0, 0, 0, 0, 0, 0, 0, 0, 0, 0, 0, 0, 0, 0, 0, 0, 0, 0, 0, 0,
			   0, 0, 0, 0, 0, 0, 0, 0, 0, 0, 0, 0, 0, 0, 0, 0, 0, 0, 0, 0, 0, 0, 0, 0, 0, 0, 0, 0, 0, 0, 0, 0, 0, 0, 0, 0, 0, 0, 1, 0, 0, 0, 0, 0, 0, 0, 0, 0, 0, 0, 0, 0, 0, 0, 0, 0, 0, 0, 0, 0, 0, 0, 0, 0,
			   0, 0, 0, 0, 0, 0, 0, 0, 0, 0, 0, 0, 0, 0, 0, 0, 0, 0, 0, 0, 0, 0, 0, 0, 0, 0, 0, 0, 0, 0, 0, 0, 0, 0, 0, 0, 0, 0, 0, 1, 0, 0, 0, 0, 0, 0, 0, 0, 0, 0, 0, 0, 0, 0, 0, 0, 0, 0, 0, 0, 0, 0, 0, 0,
			   0, 0, 0, 0, 0, 0, 0, 0, 0, 0, 0, 0, 0, 0, 0, 0, 0, 0, 0, 0, 0, 0, 0, 0, 0, 0, 0, 0, 0, 0, 0, 0, 0, 0, 0, 0, 0, 0, 0, 0, 1, 0, 0, 0, 0, 0, 0, 0, 0, 0, 0, 0, 0, 0, 0, 0, 0, 0, 0, 0, 0, 0, 0, 0,
			   0, 0, 0, 0, 0, 0, 0, 0, 0, 0, 0, 0, 0, 0, 0, 0, 0, 0, 0, 0, 0, 0, 0, 0, 0, 0, 0, 0, 0, 0, 0, 0, 0, 0, 0, 0, 0, 0, 0, 0, 0, 1, 0, 0, 0, 0, 0, 0, 0, 0, 0, 0, 0, 0, 0, 0, 0, 0, 0, 0, 0, 0, 0, 0,
			   0, 0, 0, 0, 0, 0, 0, 0, 0, 0, 0, 0, 0, 0, 0, 0, 0, 0, 0, 0, 0, 0, 0, 0, 0, 0, 0, 0, 0, 0, 0, 0, 0, 0, 0, 0, 0, 0, 0, 0, 0, 0, 1, 0, 0, 0, 0, 0, 0, 0, 0, 0, 0, 0, 0, 0, 0, 0, 0, 0, 0, 0, 0, 0,
			   0, 0, 0, 0, 0, 0, 0, 0, 0, 0, 0, 0, 0, 0, 0, 0, 0, 0, 0, 0, 0, 0, 0, 0, 0, 0, 0, 0, 0, 0, 0, 0, 0, 0, 0, 0, 0, 0, 0, 0, 0, 0, 0, 1, 0, 0, 0, 0, 0, 0, 0, 0, 0, 0, 0, 0, 0, 0, 0, 0, 0, 0, 0, 0,
			   0, 0, 0, 0, 0, 0, 0, 0, 0, 0, 0, 0, 0, 0, 0, 0, 0, 0, 0, 0, 0, 0, 0, 0, 0, 0, 0, 0, 0, 0, 0, 0, 0, 0, 0, 0, 0, 0, 0, 0, 0, 0, 0, 0, 1, 0, 0, 0, 0, 0, 0, 0, 0, 0, 0, 0, 0, 0, 0, 0, 0, 0, 0, 0,
			   0, 0, 0, 0, 0, 0, 0, 0, 0, 0, 0, 0, 0, 0, 0, 0, 0, 0, 0, 0, 0, 0, 0, 0, 0, 0, 0, 0, 0, 0, 0, 0, 0, 0, 0, 0, 0, 0, 0, 0, 0, 0, 0, 0, 0, 1, 0, 0, 0, 0, 0, 0, 0, 0, 0, 0, 0, 0, 0, 0, 0, 0, 0, 0,
			   0, 0, 0, 0, 0, 0, 0, 0, 0, 0, 0, 0, 0, 0, 0, 0, 0, 0, 0, 0, 0, 0, 0, 0, 0, 0, 0, 0, 0, 0, 0, 0, 0, 0, 0, 0, 0, 0, 0, 0, 0, 0, 0, 0, 0, 0, 1, 0, 0, 0, 0, 0, 0, 0, 0, 0, 0, 0, 0, 0, 0, 0, 0, 0,
			   0, 0, 0, 0, 0, 0, 0, 0, 0, 0, 0, 0, 0, 0, 0, 0, 0, 0, 0, 0, 0, 0, 0, 0, 0, 0, 0, 0, 0, 0, 0, 0, 0, 0, 0, 0, 0, 0, 0, 0, 0, 0, 0, 0, 0, 0, 0, 1, 0, 0, 0, 0, 0, 0, 0, 0, 0, 0, 0, 0, 0, 0, 0, 0,
			   0, 0, 0, 0, 0, 0, 0, 0, 0, 0, 0, 0, 0, 0, 0, 0, 0, 0, 0, 0, 0, 0, 0, 0, 0, 0, 0, 0, 0, 0, 0, 0, 0, 0, 0, 0, 0, 0, 0, 0, 0, 0, 0, 0, 0, 0, 0, 0, 1, 0, 0, 0, 0, 0, 0, 0, 0, 0, 0, 0, 0, 0, 0, 0,
			   0, 0, 0, 0, 0, 0, 0, 0, 0, 0, 0, 0, 0, 0, 0, 0, 0, 0, 0, 0, 0, 0, 0, 0, 0, 0, 0, 0, 0, 0, 0, 0, 0, 0, 0, 0, 0, 0, 0, 0, 0, 0, 0, 0, 0, 0, 0, 0, 0, 1, 0, 0, 0, 0, 0, 0, 0, 0, 0, 0, 0, 0, 0, 0,
			   0, 0, 0, 0, 0, 0, 0, 0, 0, 0, 0, 0, 0, 0, 0, 0, 0, 0, 0, 0, 0, 0, 0, 0, 0, 0, 0, 0, 0, 0, 0, 0, 0, 0, 0, 0, 0, 0, 0, 0, 0, 0, 0, 0, 0, 0, 0, 0, 0, 0, 1, 0, 0, 0, 0, 0, 0, 0, 0, 0, 0, 0, 0, 0,
			   0, 0, 0, 0, 0, 0, 0, 0, 0, 0, 0, 0, 0, 0, 0, 0, 0, 0, 0, 0, 0, 0, 0, 0, 0, 0, 0, 0, 0, 0, 0, 0, 0, 0, 0, 0, 0, 0, 0, 0, 0, 0, 0, 0, 0, 0, 0, 0, 0, 0, 0, 1, 0, 0, 0, 0, 0, 0, 0, 0, 0, 0, 0, 0,
			   0, 0, 0, 0, 0, 0, 0, 0, 0, 0, 0, 0, 0, 0, 0, 0, 0, 0, 0, 0, 0, 0, 0, 0, 0, 0, 0, 0, 0, 0, 0, 0, 0, 0, 0, 0, 0, 0, 0, 0, 0, 0, 0, 0, 0, 0, 0, 0, 0, 0, 0, 0, 1, 0, 0, 0, 0, 0, 0, 0, 0, 0, 0, 0,
			   0, 0, 0, 0, 0, 0, 0, 0, 0, 0, 0, 0, 0, 0, 0, 0, 0, 0, 0, 0, 0, 0, 0, 0, 0, 0, 0, 0, 0, 0, 0, 0, 0, 0, 0, 0, 0, 0, 0, 0, 0, 0, 0, 0, 0, 0, 0, 0, 0, 0, 0, 0, 0, 1, 0, 0, 0, 0, 0, 0, 0, 0, 0, 0,
			   0, 0, 0, 0, 0, 0, 0, 0, 0, 0, 0, 0, 0, 0, 0, 0, 0, 0, 0, 0, 0, 0, 0, 0, 0, 0, 0, 0, 0, 0, 0, 0, 0, 0, 0, 0, 0, 0, 0, 0, 0, 0, 0, 0, 0, 0, 0, 0, 0, 0, 0, 0, 0, 0, 1, 0, 0, 0, 0, 0, 0, 0, 0, 0,
			   0, 0, 0, 0, 0, 0, 0, 0, 0, 0, 0, 0, 0, 0, 0, 0, 0, 0, 0, 0, 0, 0, 0, 0, 0, 0, 0, 0, 0, 0, 0, 0, 0, 0, 0, 0, 0, 0, 0, 0, 0, 0, 0, 0, 0, 0, 0, 0, 0, 0, 0, 0, 0, 0, 0, 1, 0, 0, 0, 0, 0, 0, 0, 0,
			   0, 0, 0, 0, 0, 0, 0, 0, 0, 0, 0, 0, 0, 0, 0, 0, 0, 0, 0, 0, 0, 0, 0, 0, 0, 0, 0, 0, 0, 0, 0, 0, 0, 0, 0, 0, 0, 0, 0, 0, 0, 0, 0, 0, 0, 0, 0, 0, 0, 0, 0, 0, 0, 0, 0, 0, 1, 0, 0, 0, 0, 0, 0, 0,
			   0, 0, 0, 0, 0, 0, 0, 0, 0, 0, 0, 0, 0, 0, 0, 0, 0, 0, 0, 0, 0, 0, 0, 0, 0, 0, 0, 0, 0, 0, 0, 0, 0, 0, 0, 0, 0, 0, 0, 0, 0, 0, 0, 0, 0, 0, 0, 0, 0, 0, 0, 0, 0, 0, 0, 0, 0, 1, 0, 0, 0, 0, 0, 0,
			   0, 0, 0, 0, 0, 0, 0, 0, 0, 0, 0, 0, 0, 0, 0, 0, 0, 0, 0, 0, 0, 0, 0, 0, 0, 0, 0, 0, 0, 0, 0, 0, 0, 0, 0, 0, 0, 0, 0, 0, 0, 0, 0, 0, 0, 0, 0, 0, 0, 0, 0, 0, 0, 0, 0, 0, 0, 0, 1, 0, 0, 0, 0, 0,
			   0, 0, 0, 0, 0, 0, 0, 0, 0, 0, 0, 0, 0, 0, 0, 0, 0, 0, 0, 0, 0, 0, 0, 0, 0, 0, 0, 0, 0, 0, 0, 0, 0, 0, 0, 0, 0, 0, 0, 0, 0, 0, 0, 0, 0, 0, 0, 0, 0, 0, 0, 0, 0, 0, 0, 0, 0, 0, 0, 1, 0, 0, 0, 0,
			   0, 0, 0, 0, 0, 0, 0, 0, 0, 0, 0, 0, 0, 0, 0, 0, 0, 0, 0, 0, 0, 0, 0, 0, 0, 0, 0, 0, 0, 0, 0, 0, 0, 0, 0, 0, 0, 0, 0, 0, 0, 0, 0, 0, 0, 0, 0, 0, 0, 0, 0, 0, 0, 0, 0, 0, 0, 0, 0, 0, 1, 0, 0, 0,
			   0, 0, 0, 0, 0, 0, 0, 0, 0, 0, 0, 0, 0, 0, 0, 0, 0, 0, 0, 0, 0, 0, 0, 0, 0, 0, 0, 0, 0, 0, 0, 0, 0, 0, 0, 0, 0, 0, 0, 0, 0, 0, 0, 0, 0, 0, 0, 0, 0, 0, 0, 0, 0, 0, 0, 0, 0, 0, 0, 0, 0, 1, 0, 0,
			   0, 0, 0, 0, 0, 0, 0, 0, 0, 0, 0, 0, 0, 0, 0, 0, 0, 0, 0, 0, 0, 0, 0, 0, 0, 0, 0, 0, 0, 0, 0, 0, 0, 0, 0, 0, 0, 0, 0, 0, 0, 0, 0, 0, 0, 0, 0, 0, 0, 0, 0, 0, 0, 0, 0, 0, 0, 0, 0, 0, 0, 0, 1, 0,
			   0, 0, 0, 0, 0, 0, 0, 0, 0, 0, 0, 0, 0, 0, 0, 0, 0, 0, 0, 0, 0, 0, 0, 0, 0, 0, 0, 0, 0, 0, 0, 0, 0, 0, 0, 0, 0, 0, 0, 0, 0, 0, 0, 0, 0, 0, 0, 0, 0, 0, 0, 0, 0, 0, 0, 0, 0, 0, 0, 0, 0, 0, 0, 1,
			   0, 0, 0, 0, 0, 0, 0, 0, 0, 0, 0, 0, 0, 0, 0, 0, 0, 0, 0, 0, 0, 0, 0, 0, 0, 0, 0, 0, 0, 0, 0, 0, 0, 0, 0, 0, 0, 0, 0, 0, 0, 0, 0, 0, 0, 0, 0, 0, 0, 0, 0, 0, 0, 0, 0, 0, 0, 0, 0, 0, 0, 0, 0, 0,
			   0, 0, 0, 0, 0, 0, 0, 0, 0, 0, 0, 0, 0, 0, 0, 0, 0, 0, 0, 0, 0, 0, 0, 0, 0, 0, 0, 0, 0, 0, 0, 0, 0, 0, 0, 0, 0, 0, 0, 0, 0, 0, 0, 0, 0, 0, 0, 0, 0, 0, 0, 0, 0, 0, 0, 0, 0, 0, 0, 0, 0, 0, 0, 0,
			   0, 0, 0, 0, 0, 0, 0, 0, 0, 0, 0, 0, 0, 0, 0, 0, 0, 0, 0, 0, 0, 0, 0, 0, 0, 0, 0, 0, 0, 0, 0, 0, 0, 0, 0, 0, 0, 0, 0, 0, 0, 0, 0, 0, 0, 0, 0, 0, 0, 0, 0, 0, 0, 0, 0, 0, 0, 0, 0, 0, 0, 0, 0, 0,
			   0, 0, 0, 0, 0, 0, 0, 0, 0, 0, 0, 0, 0, 0, 0, 0, 0, 0, 0, 0, 0, 0, 0, 0, 0, 0, 0, 0, 0, 0, 0, 0, 0, 0, 0, 0, 0, 0, 0, 0, 0, 0, 0, 0, 0, 0, 0, 0, 0, 0, 0, 0, 0, 0, 0, 0, 0, 0, 0, 0, 0, 0, 0, 0,
			   0, 0, 0, 0, 0, 0, 0, 0, 0, 0, 0, 0, 0, 0, 0, 0, 0, 0, 0, 0, 0, 0, 0, 0, 0, 0, 0, 0, 0, 0, 0, 0, 0, 0, 0, 0, 0, 0, 0, 0, 0, 0, 0, 0, 0, 0, 0, 0, 0, 0, 0, 0, 0, 0, 0, 0, 0, 0, 0, 0, 0, 0, 0, 0,
			   0, 0, 0, 0, 0, 0, 0, 0, 0, 0, 0, 0, 0, 0, 0, 0, 0, 0, 0, 0, 0, 0, 0, 0, 0, 0, 0, 0, 0, 0, 0, 0, 0, 0, 0, 0, 0, 0, 0, 0, 0, 0, 0, 0, 0, 0, 0, 0, 0, 0, 0, 0, 0, 0, 0, 0, 0, 0, 0, 0, 0, 0, 0, 0,
			   0, 0, 0, 0, 0, 0, 0, 0, 0, 0, 0, 0, 0, 0, 0, 0, 0, 0, 0, 0, 0, 0, 0, 0, 0, 0, 0, 0, 0, 0, 0, 0, 0, 0, 0, 0, 0, 0, 0, 0, 0, 0, 0, 0, 0, 0, 0, 0, 0, 0, 0, 0, 0, 0, 0, 0, 0, 0, 0, 0, 0, 0, 0, 0,
			   0, 0, 0, 0, 0, 0, 0, 0, 0, 0, 0, 0, 0, 0, 0, 0, 0, 0, 0, 0, 0, 0, 0, 0, 0, 0, 0, 0, 0, 0, 0, 0, 0, 0, 0, 0, 0, 0, 0, 0, 0, 0, 0, 0, 0, 0, 0, 0, 0, 0, 0, 0, 0, 0, 0, 0, 0, 0, 0, 0, 0, 0, 0, 0 ])
]).

============================== end of model ==========================

============================== STATISTICS ============================

For domain size 64.

Current CPU time: 0.00 seconds (total CPU time: 320.71 seconds).
Ground clauses: seen=45358, kept=10582.
Selections=721506, assignments=46176101, propagations=18160298, current_models=1.
Rewrite_terms=2808505511, rewrite_bools=1596189328, indexes=0.
Rules_from_neg_clauses=18151962, cross_offs=631386654.

============================== end of statistics =====================

User_CPU=320.71, System_CPU=1.07, Wall_clock=322.

Exiting with 1 model.

Process 382 exit (max_models) Thu Jan 21 19:12:36 2021
The process finished Thu Jan 21 19:12:36 2021
