============================== Mace4 =================================
Mace4 (64) version 2009-11A, November 2009.
Process 28331 was started by adrian on adrian,
Thu Jan 21 14:56:32 2021
The command was "mace4 -f one-to-three_rotate.in".
============================== end of head ===========================

============================== INPUT =================================

% Reading from file one-to-three_rotate.in

assign(domain_size,9).
    % assign(domain_size, 9) -> assign(start_size, 9).
    % assign(domain_size, 9) -> assign(end_size, 9).
assign(max_models,-1).
set(arithmetic).
    % set(arithmetic) -> clear(lnh).
    % set(arithmetic) -> assign(selection_order, 0).

    % Declaring Mace4 arithmetic parse types.

list(distinct).
[a0,a1,a2,a3,a4,a5,a6,a7,a8].
end_of_list.

formulas(utils).
x != 6 & x != 7 & x != 8 -> (on(x,y) <-> y = x + 3).
-(x != 6 & x != 7 & x != 8) -> -on(x,y).
x != 2 & x != 5 & x != 8 -> (left(x,y) <-> y = x + 1).
-(x != 2 & x != 5 & x != 8) -> -left(x,y).
end_of_list.

formulas(polyominoes).
s1 <-> on(a0,a3) & on(a3,a6).
s1r <-> left(a0,a3) & left(a3,a6).
-(s1 -> s1r) | -(s1r -> s1).
s2 <-> on(a2,a5).
s2r <-> left(a5,a2).
-(s2 -> s2r) | -(s2r -> s2).
s3 <-> on(a4,a7) & left(a7,a8).
s3r <-> on(a7,a8) & left(a7,a4).
s3rr <-> on(a7,a4) & left(a8,a7).
s3rrr <-> on(a8,a7) & left(a4,a7).
s3 | s3r | s3rr | s3rrr.
s3 -> -s3r & -s3rr & -s3rrr.
s3r -> -s3 & -s3rr & -s3rrr.
s3rr -> -s3 & -s3r & -s3rrr.
s3rrr -> -s3 & -s3r & -s3rr.
end_of_list.

formulas(pretty_print).
c(a0) = 0.
c(a3) = 0.
c(a6) = 0.
c(a4) = 1.
c(a7) = 1.
c(a8) = 1.
c(a2) = 2.
c(a5) = 2.
c(a1) = 3.
end_of_list.

============================== end of input ==========================

============================== PROCESS NON-CLAUSAL FORMULAS ==========

% Formulas that are not ordinary clauses:
1 x != 6 & x != 7 & x != 8 -> (on(x,y) <-> y = x + 3) # label(non_clause).  [assumption].
2 -(x != 6 & x != 7 & x != 8) -> -on(x,y) # label(non_clause).  [assumption].
3 x != 2 & x != 5 & x != 8 -> (left(x,y) <-> y = x + 1) # label(non_clause).  [assumption].
4 -(x != 2 & x != 5 & x != 8) -> -left(x,y) # label(non_clause).  [assumption].
5 s1 <-> on(a0,a3) & on(a3,a6) # label(non_clause).  [assumption].
6 s1r <-> left(a0,a3) & left(a3,a6) # label(non_clause).  [assumption].
7 -(s1 -> s1r) | -(s1r -> s1) # label(non_clause).  [assumption].
8 s2 <-> on(a2,a5) # label(non_clause).  [assumption].
9 s2r <-> left(a5,a2) # label(non_clause).  [assumption].
10 -(s2 -> s2r) | -(s2r -> s2) # label(non_clause).  [assumption].
11 s3 <-> on(a4,a7) & left(a7,a8) # label(non_clause).  [assumption].
12 s3r <-> on(a7,a8) & left(a7,a4) # label(non_clause).  [assumption].
13 s3rr <-> on(a7,a4) & left(a8,a7) # label(non_clause).  [assumption].
14 s3rrr <-> on(a8,a7) & left(a4,a7) # label(non_clause).  [assumption].
15 s3 -> -s3r & -s3rr & -s3rrr # label(non_clause).  [assumption].
16 s3r -> -s3 & -s3rr & -s3rrr # label(non_clause).  [assumption].
17 s3rr -> -s3 & -s3r & -s3rrr # label(non_clause).  [assumption].
18 s3rrr -> -s3 & -s3r & -s3rr # label(non_clause).  [assumption].

============================== end of process non-clausal formulas ===

============================== CLAUSES FOR SEARCH ====================

formulas(mace4_clauses).
6 = x | 7 = x | 8 = x | -on(x,y) | x + 3 = y.
6 = x | 7 = x | 8 = x | on(x,y) | x + 3 != y.
6 != x | -on(x,y).
7 != x | -on(x,y).
8 != x | -on(x,y).
2 = x | 5 = x | 8 = x | -left(x,y) | x + 1 = y.
2 = x | 5 = x | 8 = x | left(x,y) | x + 1 != y.
2 != x | -left(x,y).
5 != x | -left(x,y).
8 != x | -left(x,y).
-s1 | on(a0,a3).
-s1 | on(a3,a6).
s1 | -on(a0,a3) | -on(a3,a6).
-s1r | left(a0,a3).
-s1r | left(a3,a6).
s1r | -left(a0,a3) | -left(a3,a6).
s1 | s1r.
-s1r | -s1.
-s2 | on(a2,a5).
s2 | -on(a2,a5).
-s2r | left(a5,a2).
s2r | -left(a5,a2).
s2 | s2r.
-s2r | -s2.
-s3 | on(a4,a7).
-s3 | left(a7,a8).
s3 | -on(a4,a7) | -left(a7,a8).
-s3r | on(a7,a8).
-s3r | left(a7,a4).
s3r | -on(a7,a8) | -left(a7,a4).
-s3rr | on(a7,a4).
-s3rr | left(a8,a7).
s3rr | -on(a7,a4) | -left(a8,a7).
-s3rrr | on(a8,a7).
-s3rrr | left(a4,a7).
s3rrr | -on(a8,a7) | -left(a4,a7).
s3 | s3r | s3rr | s3rrr.
-s3 | -s3r.
-s3 | -s3rr.
-s3 | -s3rrr.
-s3r | -s3.
-s3r | -s3rr.
-s3r | -s3rrr.
-s3rr | -s3.
-s3rr | -s3r.
-s3rr | -s3rrr.
-s3rrr | -s3.
-s3rrr | -s3r.
-s3rrr | -s3rr.
c(a0) = 0.
c(a3) = 0.
c(a6) = 0.
c(a4) = 1.
c(a7) = 1.
c(a8) = 1.
c(a2) = 2.
c(a5) = 2.
c(a1) = 3.
a0 != a1.
a0 != a2.
a0 != a3.
a0 != a4.
a0 != a5.
a0 != a6.
a0 != a7.
a0 != a8.
a1 != a2.
a1 != a3.
a1 != a4.
a1 != a5.
a1 != a6.
a1 != a7.
a1 != a8.
a2 != a3.
a2 != a4.
a2 != a5.
a2 != a6.
a2 != a7.
a2 != a8.
a3 != a4.
a3 != a5.
a3 != a6.
a3 != a7.
a3 != a8.
a4 != a5.
a4 != a6.
a4 != a7.
a4 != a8.
a5 != a6.
a5 != a7.
a5 != a8.
a6 != a7.
a6 != a8.
a7 != a8.
end_of_list.

============================== end of clauses for search =============

% The largest natural number in the input is 8.

============================== DOMAIN SIZE 9 =========================

============================== MODEL =================================

interpretation( 9, [number=1, seconds=0], [

        function(a0, [ 0 ]),

        function(a1, [ 1 ]),

        function(a2, [ 2 ]),

        function(a3, [ 3 ]),

        function(a4, [ 4 ]),

        function(a5, [ 5 ]),

        function(a6, [ 6 ]),

        function(a7, [ 7 ]),

        function(a8, [ 8 ]),

        function(c(_), [ 0, 3, 2, 0, 1, 2, 0, 1, 1 ]),

        relation(s1, [ 1 ]),

        relation(s1r, [ 0 ]),

        relation(s2, [ 1 ]),

        relation(s2r, [ 0 ]),

        relation(s3, [ 1 ]),

        relation(s3r, [ 0 ]),

        relation(s3rr, [ 0 ]),

        relation(s3rrr, [ 0 ]),

        relation(left(_,_), [
			   0, 1, 0, 0, 0, 0, 0, 0, 0,
			   0, 0, 1, 0, 0, 0, 0, 0, 0,
			   0, 0, 0, 0, 0, 0, 0, 0, 0,
			   0, 0, 0, 0, 1, 0, 0, 0, 0,
			   0, 0, 0, 0, 0, 1, 0, 0, 0,
			   0, 0, 0, 0, 0, 0, 0, 0, 0,
			   0, 0, 0, 0, 0, 0, 0, 1, 0,
			   0, 0, 0, 0, 0, 0, 0, 0, 1,
			   0, 0, 0, 0, 0, 0, 0, 0, 0 ]),

        relation(on(_,_), [
			   0, 0, 0, 1, 0, 0, 0, 0, 0,
			   0, 0, 0, 0, 1, 0, 0, 0, 0,
			   0, 0, 0, 0, 0, 1, 0, 0, 0,
			   0, 0, 0, 0, 0, 0, 1, 0, 0,
			   0, 0, 0, 0, 0, 0, 0, 1, 0,
			   0, 0, 0, 0, 0, 0, 0, 0, 1,
			   0, 0, 0, 0, 0, 0, 0, 0, 0,
			   0, 0, 0, 0, 0, 0, 0, 0, 0,
			   0, 0, 0, 0, 0, 0, 0, 0, 0 ])
]).

============================== end of model ==========================

============================== MODEL =================================

interpretation( 9, [number=2, seconds=0], [

        function(a0, [ 0 ]),

        function(a1, [ 1 ]),

        function(a2, [ 8 ]),

        function(a3, [ 3 ]),

        function(a4, [ 4 ]),

        function(a5, [ 7 ]),

        function(a6, [ 6 ]),

        function(a7, [ 5 ]),

        function(a8, [ 2 ]),

        function(c(_), [ 0, 3, 1, 0, 1, 1, 0, 2, 2 ]),

        relation(s1, [ 1 ]),

        relation(s1r, [ 0 ]),

        relation(s2, [ 0 ]),

        relation(s2r, [ 1 ]),

        relation(s3, [ 0 ]),

        relation(s3r, [ 0 ]),

        relation(s3rr, [ 0 ]),

        relation(s3rrr, [ 1 ]),

        relation(left(_,_), [
			   0, 1, 0, 0, 0, 0, 0, 0, 0,
			   0, 0, 1, 0, 0, 0, 0, 0, 0,
			   0, 0, 0, 0, 0, 0, 0, 0, 0,
			   0, 0, 0, 0, 1, 0, 0, 0, 0,
			   0, 0, 0, 0, 0, 1, 0, 0, 0,
			   0, 0, 0, 0, 0, 0, 0, 0, 0,
			   0, 0, 0, 0, 0, 0, 0, 1, 0,
			   0, 0, 0, 0, 0, 0, 0, 0, 1,
			   0, 0, 0, 0, 0, 0, 0, 0, 0 ]),

        relation(on(_,_), [
			   0, 0, 0, 1, 0, 0, 0, 0, 0,
			   0, 0, 0, 0, 1, 0, 0, 0, 0,
			   0, 0, 0, 0, 0, 1, 0, 0, 0,
			   0, 0, 0, 0, 0, 0, 1, 0, 0,
			   0, 0, 0, 0, 0, 0, 0, 1, 0,
			   0, 0, 0, 0, 0, 0, 0, 0, 1,
			   0, 0, 0, 0, 0, 0, 0, 0, 0,
			   0, 0, 0, 0, 0, 0, 0, 0, 0,
			   0, 0, 0, 0, 0, 0, 0, 0, 0 ])
]).

============================== end of model ==========================

============================== MODEL =================================

interpretation( 9, [number=3, seconds=0], [

        function(a0, [ 0 ]),

        function(a1, [ 2 ]),

        function(a2, [ 1 ]),

        function(a3, [ 3 ]),

        function(a4, [ 7 ]),

        function(a5, [ 4 ]),

        function(a6, [ 6 ]),

        function(a7, [ 8 ]),

        function(a8, [ 5 ]),

        function(c(_), [ 0, 2, 3, 0, 2, 1, 0, 1, 1 ]),

        relation(s1, [ 1 ]),

        relation(s1r, [ 0 ]),

        relation(s2, [ 1 ]),

        relation(s2r, [ 0 ]),

        relation(s3, [ 0 ]),

        relation(s3r, [ 0 ]),

        relation(s3rr, [ 0 ]),

        relation(s3rrr, [ 1 ]),

        relation(left(_,_), [
			   0, 1, 0, 0, 0, 0, 0, 0, 0,
			   0, 0, 1, 0, 0, 0, 0, 0, 0,
			   0, 0, 0, 0, 0, 0, 0, 0, 0,
			   0, 0, 0, 0, 1, 0, 0, 0, 0,
			   0, 0, 0, 0, 0, 1, 0, 0, 0,
			   0, 0, 0, 0, 0, 0, 0, 0, 0,
			   0, 0, 0, 0, 0, 0, 0, 1, 0,
			   0, 0, 0, 0, 0, 0, 0, 0, 1,
			   0, 0, 0, 0, 0, 0, 0, 0, 0 ]),

        relation(on(_,_), [
			   0, 0, 0, 1, 0, 0, 0, 0, 0,
			   0, 0, 0, 0, 1, 0, 0, 0, 0,
			   0, 0, 0, 0, 0, 1, 0, 0, 0,
			   0, 0, 0, 0, 0, 0, 1, 0, 0,
			   0, 0, 0, 0, 0, 0, 0, 1, 0,
			   0, 0, 0, 0, 0, 0, 0, 0, 1,
			   0, 0, 0, 0, 0, 0, 0, 0, 0,
			   0, 0, 0, 0, 0, 0, 0, 0, 0,
			   0, 0, 0, 0, 0, 0, 0, 0, 0 ])
]).

============================== end of model ==========================

============================== MODEL =================================

interpretation( 9, [number=4, seconds=0], [

        function(a0, [ 0 ]),

        function(a1, [ 2 ]),

        function(a2, [ 8 ]),

        function(a3, [ 3 ]),

        function(a4, [ 1 ]),

        function(a5, [ 7 ]),

        function(a6, [ 6 ]),

        function(a7, [ 4 ]),

        function(a8, [ 5 ]),

        function(c(_), [ 0, 1, 3, 0, 1, 1, 0, 2, 2 ]),

        relation(s1, [ 1 ]),

        relation(s1r, [ 0 ]),

        relation(s2, [ 0 ]),

        relation(s2r, [ 1 ]),

        relation(s3, [ 1 ]),

        relation(s3r, [ 0 ]),

        relation(s3rr, [ 0 ]),

        relation(s3rrr, [ 0 ]),

        relation(left(_,_), [
			   0, 1, 0, 0, 0, 0, 0, 0, 0,
			   0, 0, 1, 0, 0, 0, 0, 0, 0,
			   0, 0, 0, 0, 0, 0, 0, 0, 0,
			   0, 0, 0, 0, 1, 0, 0, 0, 0,
			   0, 0, 0, 0, 0, 1, 0, 0, 0,
			   0, 0, 0, 0, 0, 0, 0, 0, 0,
			   0, 0, 0, 0, 0, 0, 0, 1, 0,
			   0, 0, 0, 0, 0, 0, 0, 0, 1,
			   0, 0, 0, 0, 0, 0, 0, 0, 0 ]),

        relation(on(_,_), [
			   0, 0, 0, 1, 0, 0, 0, 0, 0,
			   0, 0, 0, 0, 1, 0, 0, 0, 0,
			   0, 0, 0, 0, 0, 1, 0, 0, 0,
			   0, 0, 0, 0, 0, 0, 1, 0, 0,
			   0, 0, 0, 0, 0, 0, 0, 1, 0,
			   0, 0, 0, 0, 0, 0, 0, 0, 1,
			   0, 0, 0, 0, 0, 0, 0, 0, 0,
			   0, 0, 0, 0, 0, 0, 0, 0, 0,
			   0, 0, 0, 0, 0, 0, 0, 0, 0 ])
]).

============================== end of model ==========================

============================== MODEL =================================

interpretation( 9, [number=5, seconds=0], [

        function(a0, [ 0 ]),

        function(a1, [ 3 ]),

        function(a2, [ 5 ]),

        function(a3, [ 1 ]),

        function(a4, [ 6 ]),

        function(a5, [ 8 ]),

        function(a6, [ 2 ]),

        function(a7, [ 7 ]),

        function(a8, [ 4 ]),

        function(c(_), [ 0, 0, 0, 3, 1, 2, 1, 1, 2 ]),

        relation(s1, [ 0 ]),

        relation(s1r, [ 1 ]),

        relation(s2, [ 1 ]),

        relation(s2r, [ 0 ]),

        relation(s3, [ 0 ]),

        relation(s3r, [ 0 ]),

        relation(s3rr, [ 0 ]),

        relation(s3rrr, [ 1 ]),

        relation(left(_,_), [
			   0, 1, 0, 0, 0, 0, 0, 0, 0,
			   0, 0, 1, 0, 0, 0, 0, 0, 0,
			   0, 0, 0, 0, 0, 0, 0, 0, 0,
			   0, 0, 0, 0, 1, 0, 0, 0, 0,
			   0, 0, 0, 0, 0, 1, 0, 0, 0,
			   0, 0, 0, 0, 0, 0, 0, 0, 0,
			   0, 0, 0, 0, 0, 0, 0, 1, 0,
			   0, 0, 0, 0, 0, 0, 0, 0, 1,
			   0, 0, 0, 0, 0, 0, 0, 0, 0 ]),

        relation(on(_,_), [
			   0, 0, 0, 1, 0, 0, 0, 0, 0,
			   0, 0, 0, 0, 1, 0, 0, 0, 0,
			   0, 0, 0, 0, 0, 1, 0, 0, 0,
			   0, 0, 0, 0, 0, 0, 1, 0, 0,
			   0, 0, 0, 0, 0, 0, 0, 1, 0,
			   0, 0, 0, 0, 0, 0, 0, 0, 1,
			   0, 0, 0, 0, 0, 0, 0, 0, 0,
			   0, 0, 0, 0, 0, 0, 0, 0, 0,
			   0, 0, 0, 0, 0, 0, 0, 0, 0 ])
]).

============================== end of model ==========================

============================== MODEL =================================

interpretation( 9, [number=6, seconds=0], [

        function(a0, [ 0 ]),

        function(a1, [ 3 ]),

        function(a2, [ 7 ]),

        function(a3, [ 1 ]),

        function(a4, [ 8 ]),

        function(a5, [ 6 ]),

        function(a6, [ 2 ]),

        function(a7, [ 5 ]),

        function(a8, [ 4 ]),

        function(c(_), [ 0, 0, 0, 3, 1, 1, 2, 2, 1 ]),

        relation(s1, [ 0 ]),

        relation(s1r, [ 1 ]),

        relation(s2, [ 0 ]),

        relation(s2r, [ 1 ]),

        relation(s3, [ 0 ]),

        relation(s3r, [ 0 ]),

        relation(s3rr, [ 1 ]),

        relation(s3rrr, [ 0 ]),

        relation(left(_,_), [
			   0, 1, 0, 0, 0, 0, 0, 0, 0,
			   0, 0, 1, 0, 0, 0, 0, 0, 0,
			   0, 0, 0, 0, 0, 0, 0, 0, 0,
			   0, 0, 0, 0, 1, 0, 0, 0, 0,
			   0, 0, 0, 0, 0, 1, 0, 0, 0,
			   0, 0, 0, 0, 0, 0, 0, 0, 0,
			   0, 0, 0, 0, 0, 0, 0, 1, 0,
			   0, 0, 0, 0, 0, 0, 0, 0, 1,
			   0, 0, 0, 0, 0, 0, 0, 0, 0 ]),

        relation(on(_,_), [
			   0, 0, 0, 1, 0, 0, 0, 0, 0,
			   0, 0, 0, 0, 1, 0, 0, 0, 0,
			   0, 0, 0, 0, 0, 1, 0, 0, 0,
			   0, 0, 0, 0, 0, 0, 1, 0, 0,
			   0, 0, 0, 0, 0, 0, 0, 1, 0,
			   0, 0, 0, 0, 0, 0, 0, 0, 1,
			   0, 0, 0, 0, 0, 0, 0, 0, 0,
			   0, 0, 0, 0, 0, 0, 0, 0, 0,
			   0, 0, 0, 0, 0, 0, 0, 0, 0 ])
]).

============================== end of model ==========================

============================== MODEL =================================

interpretation( 9, [number=7, seconds=0], [

        function(a0, [ 0 ]),

        function(a1, [ 4 ]),

        function(a2, [ 2 ]),

        function(a3, [ 3 ]),

        function(a4, [ 7 ]),

        function(a5, [ 1 ]),

        function(a6, [ 6 ]),

        function(a7, [ 8 ]),

        function(a8, [ 5 ]),

        function(c(_), [ 0, 2, 2, 0, 3, 1, 0, 1, 1 ]),

        relation(s1, [ 1 ]),

        relation(s1r, [ 0 ]),

        relation(s2, [ 0 ]),

        relation(s2r, [ 1 ]),

        relation(s3, [ 0 ]),

        relation(s3r, [ 0 ]),

        relation(s3rr, [ 0 ]),

        relation(s3rrr, [ 1 ]),

        relation(left(_,_), [
			   0, 1, 0, 0, 0, 0, 0, 0, 0,
			   0, 0, 1, 0, 0, 0, 0, 0, 0,
			   0, 0, 0, 0, 0, 0, 0, 0, 0,
			   0, 0, 0, 0, 1, 0, 0, 0, 0,
			   0, 0, 0, 0, 0, 1, 0, 0, 0,
			   0, 0, 0, 0, 0, 0, 0, 0, 0,
			   0, 0, 0, 0, 0, 0, 0, 1, 0,
			   0, 0, 0, 0, 0, 0, 0, 0, 1,
			   0, 0, 0, 0, 0, 0, 0, 0, 0 ]),

        relation(on(_,_), [
			   0, 0, 0, 1, 0, 0, 0, 0, 0,
			   0, 0, 0, 0, 1, 0, 0, 0, 0,
			   0, 0, 0, 0, 0, 1, 0, 0, 0,
			   0, 0, 0, 0, 0, 0, 1, 0, 0,
			   0, 0, 0, 0, 0, 0, 0, 1, 0,
			   0, 0, 0, 0, 0, 0, 0, 0, 1,
			   0, 0, 0, 0, 0, 0, 0, 0, 0,
			   0, 0, 0, 0, 0, 0, 0, 0, 0,
			   0, 0, 0, 0, 0, 0, 0, 0, 0 ])
]).

============================== end of model ==========================

============================== MODEL =================================

interpretation( 9, [number=8, seconds=0], [

        function(a0, [ 0 ]),

        function(a1, [ 4 ]),

        function(a2, [ 3 ]),

        function(a3, [ 1 ]),

        function(a4, [ 7 ]),

        function(a5, [ 6 ]),

        function(a6, [ 2 ]),

        function(a7, [ 8 ]),

        function(a8, [ 5 ]),

        function(c(_), [ 0, 0, 0, 2, 3, 1, 2, 1, 1 ]),

        relation(s1, [ 0 ]),

        relation(s1r, [ 1 ]),

        relation(s2, [ 1 ]),

        relation(s2r, [ 0 ]),

        relation(s3, [ 0 ]),

        relation(s3r, [ 0 ]),

        relation(s3rr, [ 0 ]),

        relation(s3rrr, [ 1 ]),

        relation(left(_,_), [
			   0, 1, 0, 0, 0, 0, 0, 0, 0,
			   0, 0, 1, 0, 0, 0, 0, 0, 0,
			   0, 0, 0, 0, 0, 0, 0, 0, 0,
			   0, 0, 0, 0, 1, 0, 0, 0, 0,
			   0, 0, 0, 0, 0, 1, 0, 0, 0,
			   0, 0, 0, 0, 0, 0, 0, 0, 0,
			   0, 0, 0, 0, 0, 0, 0, 1, 0,
			   0, 0, 0, 0, 0, 0, 0, 0, 1,
			   0, 0, 0, 0, 0, 0, 0, 0, 0 ]),

        relation(on(_,_), [
			   0, 0, 0, 1, 0, 0, 0, 0, 0,
			   0, 0, 0, 0, 1, 0, 0, 0, 0,
			   0, 0, 0, 0, 0, 1, 0, 0, 0,
			   0, 0, 0, 0, 0, 0, 1, 0, 0,
			   0, 0, 0, 0, 0, 0, 0, 1, 0,
			   0, 0, 0, 0, 0, 0, 0, 0, 1,
			   0, 0, 0, 0, 0, 0, 0, 0, 0,
			   0, 0, 0, 0, 0, 0, 0, 0, 0,
			   0, 0, 0, 0, 0, 0, 0, 0, 0 ])
]).

============================== end of model ==========================

============================== MODEL =================================

interpretation( 9, [number=9, seconds=0], [

        function(a0, [ 0 ]),

        function(a1, [ 4 ]),

        function(a2, [ 5 ]),

        function(a3, [ 1 ]),

        function(a4, [ 3 ]),

        function(a5, [ 8 ]),

        function(a6, [ 2 ]),

        function(a7, [ 6 ]),

        function(a8, [ 7 ]),

        function(c(_), [ 0, 0, 0, 1, 3, 2, 1, 1, 2 ]),

        relation(s1, [ 0 ]),

        relation(s1r, [ 1 ]),

        relation(s2, [ 1 ]),

        relation(s2r, [ 0 ]),

        relation(s3, [ 1 ]),

        relation(s3r, [ 0 ]),

        relation(s3rr, [ 0 ]),

        relation(s3rrr, [ 0 ]),

        relation(left(_,_), [
			   0, 1, 0, 0, 0, 0, 0, 0, 0,
			   0, 0, 1, 0, 0, 0, 0, 0, 0,
			   0, 0, 0, 0, 0, 0, 0, 0, 0,
			   0, 0, 0, 0, 1, 0, 0, 0, 0,
			   0, 0, 0, 0, 0, 1, 0, 0, 0,
			   0, 0, 0, 0, 0, 0, 0, 0, 0,
			   0, 0, 0, 0, 0, 0, 0, 1, 0,
			   0, 0, 0, 0, 0, 0, 0, 0, 1,
			   0, 0, 0, 0, 0, 0, 0, 0, 0 ]),

        relation(on(_,_), [
			   0, 0, 0, 1, 0, 0, 0, 0, 0,
			   0, 0, 0, 0, 1, 0, 0, 0, 0,
			   0, 0, 0, 0, 0, 1, 0, 0, 0,
			   0, 0, 0, 0, 0, 0, 1, 0, 0,
			   0, 0, 0, 0, 0, 0, 0, 1, 0,
			   0, 0, 0, 0, 0, 0, 0, 0, 1,
			   0, 0, 0, 0, 0, 0, 0, 0, 0,
			   0, 0, 0, 0, 0, 0, 0, 0, 0,
			   0, 0, 0, 0, 0, 0, 0, 0, 0 ])
]).

============================== end of model ==========================

============================== MODEL =================================

interpretation( 9, [number=10, seconds=0], [

        function(a0, [ 0 ]),

        function(a1, [ 4 ]),

        function(a2, [ 8 ]),

        function(a3, [ 3 ]),

        function(a4, [ 5 ]),

        function(a5, [ 7 ]),

        function(a6, [ 6 ]),

        function(a7, [ 2 ]),

        function(a8, [ 1 ]),

        function(c(_), [ 0, 1, 1, 0, 3, 1, 0, 2, 2 ]),

        relation(s1, [ 1 ]),

        relation(s1r, [ 0 ]),

        relation(s2, [ 0 ]),

        relation(s2r, [ 1 ]),

        relation(s3, [ 0 ]),

        relation(s3r, [ 0 ]),

        relation(s3rr, [ 1 ]),

        relation(s3rrr, [ 0 ]),

        relation(left(_,_), [
			   0, 1, 0, 0, 0, 0, 0, 0, 0,
			   0, 0, 1, 0, 0, 0, 0, 0, 0,
			   0, 0, 0, 0, 0, 0, 0, 0, 0,
			   0, 0, 0, 0, 1, 0, 0, 0, 0,
			   0, 0, 0, 0, 0, 1, 0, 0, 0,
			   0, 0, 0, 0, 0, 0, 0, 0, 0,
			   0, 0, 0, 0, 0, 0, 0, 1, 0,
			   0, 0, 0, 0, 0, 0, 0, 0, 1,
			   0, 0, 0, 0, 0, 0, 0, 0, 0 ]),

        relation(on(_,_), [
			   0, 0, 0, 1, 0, 0, 0, 0, 0,
			   0, 0, 0, 0, 1, 0, 0, 0, 0,
			   0, 0, 0, 0, 0, 1, 0, 0, 0,
			   0, 0, 0, 0, 0, 0, 1, 0, 0,
			   0, 0, 0, 0, 0, 0, 0, 1, 0,
			   0, 0, 0, 0, 0, 0, 0, 0, 1,
			   0, 0, 0, 0, 0, 0, 0, 0, 0,
			   0, 0, 0, 0, 0, 0, 0, 0, 0,
			   0, 0, 0, 0, 0, 0, 0, 0, 0 ])
]).

============================== end of model ==========================

============================== MODEL =================================

interpretation( 9, [number=11, seconds=0], [

        function(a0, [ 0 ]),

        function(a1, [ 5 ]),

        function(a2, [ 2 ]),

        function(a3, [ 3 ]),

        function(a4, [ 4 ]),

        function(a5, [ 1 ]),

        function(a6, [ 6 ]),

        function(a7, [ 7 ]),

        function(a8, [ 8 ]),

        function(c(_), [ 0, 2, 2, 0, 1, 3, 0, 1, 1 ]),

        relation(s1, [ 1 ]),

        relation(s1r, [ 0 ]),

        relation(s2, [ 0 ]),

        relation(s2r, [ 1 ]),

        relation(s3, [ 1 ]),

        relation(s3r, [ 0 ]),

        relation(s3rr, [ 0 ]),

        relation(s3rrr, [ 0 ]),

        relation(left(_,_), [
			   0, 1, 0, 0, 0, 0, 0, 0, 0,
			   0, 0, 1, 0, 0, 0, 0, 0, 0,
			   0, 0, 0, 0, 0, 0, 0, 0, 0,
			   0, 0, 0, 0, 1, 0, 0, 0, 0,
			   0, 0, 0, 0, 0, 1, 0, 0, 0,
			   0, 0, 0, 0, 0, 0, 0, 0, 0,
			   0, 0, 0, 0, 0, 0, 0, 1, 0,
			   0, 0, 0, 0, 0, 0, 0, 0, 1,
			   0, 0, 0, 0, 0, 0, 0, 0, 0 ]),

        relation(on(_,_), [
			   0, 0, 0, 1, 0, 0, 0, 0, 0,
			   0, 0, 0, 0, 1, 0, 0, 0, 0,
			   0, 0, 0, 0, 0, 1, 0, 0, 0,
			   0, 0, 0, 0, 0, 0, 1, 0, 0,
			   0, 0, 0, 0, 0, 0, 0, 1, 0,
			   0, 0, 0, 0, 0, 0, 0, 0, 1,
			   0, 0, 0, 0, 0, 0, 0, 0, 0,
			   0, 0, 0, 0, 0, 0, 0, 0, 0,
			   0, 0, 0, 0, 0, 0, 0, 0, 0 ])
]).

============================== end of model ==========================

============================== MODEL =================================

interpretation( 9, [number=12, seconds=0], [

        function(a0, [ 0 ]),

        function(a1, [ 5 ]),

        function(a2, [ 3 ]),

        function(a3, [ 1 ]),

        function(a4, [ 4 ]),

        function(a5, [ 6 ]),

        function(a6, [ 2 ]),

        function(a7, [ 7 ]),

        function(a8, [ 8 ]),

        function(c(_), [ 0, 0, 0, 2, 1, 3, 2, 1, 1 ]),

        relation(s1, [ 0 ]),

        relation(s1r, [ 1 ]),

        relation(s2, [ 1 ]),

        relation(s2r, [ 0 ]),

        relation(s3, [ 1 ]),

        relation(s3r, [ 0 ]),

        relation(s3rr, [ 0 ]),

        relation(s3rrr, [ 0 ]),

        relation(left(_,_), [
			   0, 1, 0, 0, 0, 0, 0, 0, 0,
			   0, 0, 1, 0, 0, 0, 0, 0, 0,
			   0, 0, 0, 0, 0, 0, 0, 0, 0,
			   0, 0, 0, 0, 1, 0, 0, 0, 0,
			   0, 0, 0, 0, 0, 1, 0, 0, 0,
			   0, 0, 0, 0, 0, 0, 0, 0, 0,
			   0, 0, 0, 0, 0, 0, 0, 1, 0,
			   0, 0, 0, 0, 0, 0, 0, 0, 1,
			   0, 0, 0, 0, 0, 0, 0, 0, 0 ]),

        relation(on(_,_), [
			   0, 0, 0, 1, 0, 0, 0, 0, 0,
			   0, 0, 0, 0, 1, 0, 0, 0, 0,
			   0, 0, 0, 0, 0, 1, 0, 0, 0,
			   0, 0, 0, 0, 0, 0, 1, 0, 0,
			   0, 0, 0, 0, 0, 0, 0, 1, 0,
			   0, 0, 0, 0, 0, 0, 0, 0, 1,
			   0, 0, 0, 0, 0, 0, 0, 0, 0,
			   0, 0, 0, 0, 0, 0, 0, 0, 0,
			   0, 0, 0, 0, 0, 0, 0, 0, 0 ])
]).

============================== end of model ==========================

============================== MODEL =================================

interpretation( 9, [number=13, seconds=0], [

        function(a0, [ 0 ]),

        function(a1, [ 5 ]),

        function(a2, [ 8 ]),

        function(a3, [ 1 ]),

        function(a4, [ 4 ]),

        function(a5, [ 7 ]),

        function(a6, [ 2 ]),

        function(a7, [ 3 ]),

        function(a8, [ 6 ]),

        function(c(_), [ 0, 0, 0, 1, 1, 3, 1, 2, 2 ]),

        relation(s1, [ 0 ]),

        relation(s1r, [ 1 ]),

        relation(s2, [ 0 ]),

        relation(s2r, [ 1 ]),

        relation(s3, [ 0 ]),

        relation(s3r, [ 1 ]),

        relation(s3rr, [ 0 ]),

        relation(s3rrr, [ 0 ]),

        relation(left(_,_), [
			   0, 1, 0, 0, 0, 0, 0, 0, 0,
			   0, 0, 1, 0, 0, 0, 0, 0, 0,
			   0, 0, 0, 0, 0, 0, 0, 0, 0,
			   0, 0, 0, 0, 1, 0, 0, 0, 0,
			   0, 0, 0, 0, 0, 1, 0, 0, 0,
			   0, 0, 0, 0, 0, 0, 0, 0, 0,
			   0, 0, 0, 0, 0, 0, 0, 1, 0,
			   0, 0, 0, 0, 0, 0, 0, 0, 1,
			   0, 0, 0, 0, 0, 0, 0, 0, 0 ]),

        relation(on(_,_), [
			   0, 0, 0, 1, 0, 0, 0, 0, 0,
			   0, 0, 0, 0, 1, 0, 0, 0, 0,
			   0, 0, 0, 0, 0, 1, 0, 0, 0,
			   0, 0, 0, 0, 0, 0, 1, 0, 0,
			   0, 0, 0, 0, 0, 0, 0, 1, 0,
			   0, 0, 0, 0, 0, 0, 0, 0, 1,
			   0, 0, 0, 0, 0, 0, 0, 0, 0,
			   0, 0, 0, 0, 0, 0, 0, 0, 0,
			   0, 0, 0, 0, 0, 0, 0, 0, 0 ])
]).

============================== end of model ==========================

============================== MODEL =================================

interpretation( 9, [number=14, seconds=0], [

        function(a0, [ 0 ]),

        function(a1, [ 5 ]),

        function(a2, [ 8 ]),

        function(a3, [ 3 ]),

        function(a4, [ 2 ]),

        function(a5, [ 7 ]),

        function(a6, [ 6 ]),

        function(a7, [ 1 ]),

        function(a8, [ 4 ]),

        function(c(_), [ 0, 1, 1, 0, 1, 3, 0, 2, 2 ]),

        relation(s1, [ 1 ]),

        relation(s1r, [ 0 ]),

        relation(s2, [ 0 ]),

        relation(s2r, [ 1 ]),

        relation(s3, [ 0 ]),

        relation(s3r, [ 1 ]),

        relation(s3rr, [ 0 ]),

        relation(s3rrr, [ 0 ]),

        relation(left(_,_), [
			   0, 1, 0, 0, 0, 0, 0, 0, 0,
			   0, 0, 1, 0, 0, 0, 0, 0, 0,
			   0, 0, 0, 0, 0, 0, 0, 0, 0,
			   0, 0, 0, 0, 1, 0, 0, 0, 0,
			   0, 0, 0, 0, 0, 1, 0, 0, 0,
			   0, 0, 0, 0, 0, 0, 0, 0, 0,
			   0, 0, 0, 0, 0, 0, 0, 1, 0,
			   0, 0, 0, 0, 0, 0, 0, 0, 1,
			   0, 0, 0, 0, 0, 0, 0, 0, 0 ]),

        relation(on(_,_), [
			   0, 0, 0, 1, 0, 0, 0, 0, 0,
			   0, 0, 0, 0, 1, 0, 0, 0, 0,
			   0, 0, 0, 0, 0, 1, 0, 0, 0,
			   0, 0, 0, 0, 0, 0, 1, 0, 0,
			   0, 0, 0, 0, 0, 0, 0, 1, 0,
			   0, 0, 0, 0, 0, 0, 0, 0, 1,
			   0, 0, 0, 0, 0, 0, 0, 0, 0,
			   0, 0, 0, 0, 0, 0, 0, 0, 0,
			   0, 0, 0, 0, 0, 0, 0, 0, 0 ])
]).

============================== end of model ==========================

============================== MODEL =================================

interpretation( 9, [number=15, seconds=0], [

        function(a0, [ 0 ]),

        function(a1, [ 6 ]),

        function(a2, [ 4 ]),

        function(a3, [ 1 ]),

        function(a4, [ 7 ]),

        function(a5, [ 3 ]),

        function(a6, [ 2 ]),

        function(a7, [ 8 ]),

        function(a8, [ 5 ]),

        function(c(_), [ 0, 0, 0, 2, 2, 1, 3, 1, 1 ]),

        relation(s1, [ 0 ]),

        relation(s1r, [ 1 ]),

        relation(s2, [ 0 ]),

        relation(s2r, [ 1 ]),

        relation(s3, [ 0 ]),

        relation(s3r, [ 0 ]),

        relation(s3rr, [ 0 ]),

        relation(s3rrr, [ 1 ]),

        relation(left(_,_), [
			   0, 1, 0, 0, 0, 0, 0, 0, 0,
			   0, 0, 1, 0, 0, 0, 0, 0, 0,
			   0, 0, 0, 0, 0, 0, 0, 0, 0,
			   0, 0, 0, 0, 1, 0, 0, 0, 0,
			   0, 0, 0, 0, 0, 1, 0, 0, 0,
			   0, 0, 0, 0, 0, 0, 0, 0, 0,
			   0, 0, 0, 0, 0, 0, 0, 1, 0,
			   0, 0, 0, 0, 0, 0, 0, 0, 1,
			   0, 0, 0, 0, 0, 0, 0, 0, 0 ]),

        relation(on(_,_), [
			   0, 0, 0, 1, 0, 0, 0, 0, 0,
			   0, 0, 0, 0, 1, 0, 0, 0, 0,
			   0, 0, 0, 0, 0, 1, 0, 0, 0,
			   0, 0, 0, 0, 0, 0, 1, 0, 0,
			   0, 0, 0, 0, 0, 0, 0, 1, 0,
			   0, 0, 0, 0, 0, 0, 0, 0, 1,
			   0, 0, 0, 0, 0, 0, 0, 0, 0,
			   0, 0, 0, 0, 0, 0, 0, 0, 0,
			   0, 0, 0, 0, 0, 0, 0, 0, 0 ])
]).

============================== end of model ==========================

============================== MODEL =================================

interpretation( 9, [number=16, seconds=0], [

        function(a0, [ 0 ]),

        function(a1, [ 6 ]),

        function(a2, [ 5 ]),

        function(a3, [ 1 ]),

        function(a4, [ 7 ]),

        function(a5, [ 8 ]),

        function(a6, [ 2 ]),

        function(a7, [ 4 ]),

        function(a8, [ 3 ]),

        function(c(_), [ 0, 0, 0, 1, 1, 2, 3, 1, 2 ]),

        relation(s1, [ 0 ]),

        relation(s1r, [ 1 ]),

        relation(s2, [ 1 ]),

        relation(s2r, [ 0 ]),

        relation(s3, [ 0 ]),

        relation(s3r, [ 0 ]),

        relation(s3rr, [ 1 ]),

        relation(s3rrr, [ 0 ]),

        relation(left(_,_), [
			   0, 1, 0, 0, 0, 0, 0, 0, 0,
			   0, 0, 1, 0, 0, 0, 0, 0, 0,
			   0, 0, 0, 0, 0, 0, 0, 0, 0,
			   0, 0, 0, 0, 1, 0, 0, 0, 0,
			   0, 0, 0, 0, 0, 1, 0, 0, 0,
			   0, 0, 0, 0, 0, 0, 0, 0, 0,
			   0, 0, 0, 0, 0, 0, 0, 1, 0,
			   0, 0, 0, 0, 0, 0, 0, 0, 1,
			   0, 0, 0, 0, 0, 0, 0, 0, 0 ]),

        relation(on(_,_), [
			   0, 0, 0, 1, 0, 0, 0, 0, 0,
			   0, 0, 0, 0, 1, 0, 0, 0, 0,
			   0, 0, 0, 0, 0, 1, 0, 0, 0,
			   0, 0, 0, 0, 0, 0, 1, 0, 0,
			   0, 0, 0, 0, 0, 0, 0, 1, 0,
			   0, 0, 0, 0, 0, 0, 0, 0, 1,
			   0, 0, 0, 0, 0, 0, 0, 0, 0,
			   0, 0, 0, 0, 0, 0, 0, 0, 0,
			   0, 0, 0, 0, 0, 0, 0, 0, 0 ])
]).

============================== end of model ==========================

============================== MODEL =================================

interpretation( 9, [number=17, seconds=0], [

        function(a0, [ 0 ]),

        function(a1, [ 7 ]),

        function(a2, [ 2 ]),

        function(a3, [ 3 ]),

        function(a4, [ 8 ]),

        function(a5, [ 1 ]),

        function(a6, [ 6 ]),

        function(a7, [ 5 ]),

        function(a8, [ 4 ]),

        function(c(_), [ 0, 2, 2, 0, 1, 1, 0, 3, 1 ]),

        relation(s1, [ 1 ]),

        relation(s1r, [ 0 ]),

        relation(s2, [ 0 ]),

        relation(s2r, [ 1 ]),

        relation(s3, [ 0 ]),

        relation(s3r, [ 0 ]),

        relation(s3rr, [ 1 ]),

        relation(s3rrr, [ 0 ]),

        relation(left(_,_), [
			   0, 1, 0, 0, 0, 0, 0, 0, 0,
			   0, 0, 1, 0, 0, 0, 0, 0, 0,
			   0, 0, 0, 0, 0, 0, 0, 0, 0,
			   0, 0, 0, 0, 1, 0, 0, 0, 0,
			   0, 0, 0, 0, 0, 1, 0, 0, 0,
			   0, 0, 0, 0, 0, 0, 0, 0, 0,
			   0, 0, 0, 0, 0, 0, 0, 1, 0,
			   0, 0, 0, 0, 0, 0, 0, 0, 1,
			   0, 0, 0, 0, 0, 0, 0, 0, 0 ]),

        relation(on(_,_), [
			   0, 0, 0, 1, 0, 0, 0, 0, 0,
			   0, 0, 0, 0, 1, 0, 0, 0, 0,
			   0, 0, 0, 0, 0, 1, 0, 0, 0,
			   0, 0, 0, 0, 0, 0, 1, 0, 0,
			   0, 0, 0, 0, 0, 0, 0, 1, 0,
			   0, 0, 0, 0, 0, 0, 0, 0, 1,
			   0, 0, 0, 0, 0, 0, 0, 0, 0,
			   0, 0, 0, 0, 0, 0, 0, 0, 0,
			   0, 0, 0, 0, 0, 0, 0, 0, 0 ])
]).

============================== end of model ==========================

============================== MODEL =================================

interpretation( 9, [number=18, seconds=0], [

        function(a0, [ 0 ]),

        function(a1, [ 7 ]),

        function(a2, [ 3 ]),

        function(a3, [ 1 ]),

        function(a4, [ 8 ]),

        function(a5, [ 6 ]),

        function(a6, [ 2 ]),

        function(a7, [ 5 ]),

        function(a8, [ 4 ]),

        function(c(_), [ 0, 0, 0, 2, 1, 1, 2, 3, 1 ]),

        relation(s1, [ 0 ]),

        relation(s1r, [ 1 ]),

        relation(s2, [ 1 ]),

        relation(s2r, [ 0 ]),

        relation(s3, [ 0 ]),

        relation(s3r, [ 0 ]),

        relation(s3rr, [ 1 ]),

        relation(s3rrr, [ 0 ]),

        relation(left(_,_), [
			   0, 1, 0, 0, 0, 0, 0, 0, 0,
			   0, 0, 1, 0, 0, 0, 0, 0, 0,
			   0, 0, 0, 0, 0, 0, 0, 0, 0,
			   0, 0, 0, 0, 1, 0, 0, 0, 0,
			   0, 0, 0, 0, 0, 1, 0, 0, 0,
			   0, 0, 0, 0, 0, 0, 0, 0, 0,
			   0, 0, 0, 0, 0, 0, 0, 1, 0,
			   0, 0, 0, 0, 0, 0, 0, 0, 1,
			   0, 0, 0, 0, 0, 0, 0, 0, 0 ]),

        relation(on(_,_), [
			   0, 0, 0, 1, 0, 0, 0, 0, 0,
			   0, 0, 0, 0, 1, 0, 0, 0, 0,
			   0, 0, 0, 0, 0, 1, 0, 0, 0,
			   0, 0, 0, 0, 0, 0, 1, 0, 0,
			   0, 0, 0, 0, 0, 0, 0, 1, 0,
			   0, 0, 0, 0, 0, 0, 0, 0, 1,
			   0, 0, 0, 0, 0, 0, 0, 0, 0,
			   0, 0, 0, 0, 0, 0, 0, 0, 0,
			   0, 0, 0, 0, 0, 0, 0, 0, 0 ])
]).

============================== end of model ==========================

============================== MODEL =================================

interpretation( 9, [number=19, seconds=0], [

        function(a0, [ 0 ]),

        function(a1, [ 7 ]),

        function(a2, [ 5 ]),

        function(a3, [ 1 ]),

        function(a4, [ 4 ]),

        function(a5, [ 8 ]),

        function(a6, [ 2 ]),

        function(a7, [ 3 ]),

        function(a8, [ 6 ]),

        function(c(_), [ 0, 0, 0, 1, 1, 2, 1, 3, 2 ]),

        relation(s1, [ 0 ]),

        relation(s1r, [ 1 ]),

        relation(s2, [ 1 ]),

        relation(s2r, [ 0 ]),

        relation(s3, [ 0 ]),

        relation(s3r, [ 1 ]),

        relation(s3rr, [ 0 ]),

        relation(s3rrr, [ 0 ]),

        relation(left(_,_), [
			   0, 1, 0, 0, 0, 0, 0, 0, 0,
			   0, 0, 1, 0, 0, 0, 0, 0, 0,
			   0, 0, 0, 0, 0, 0, 0, 0, 0,
			   0, 0, 0, 0, 1, 0, 0, 0, 0,
			   0, 0, 0, 0, 0, 1, 0, 0, 0,
			   0, 0, 0, 0, 0, 0, 0, 0, 0,
			   0, 0, 0, 0, 0, 0, 0, 1, 0,
			   0, 0, 0, 0, 0, 0, 0, 0, 1,
			   0, 0, 0, 0, 0, 0, 0, 0, 0 ]),

        relation(on(_,_), [
			   0, 0, 0, 1, 0, 0, 0, 0, 0,
			   0, 0, 0, 0, 1, 0, 0, 0, 0,
			   0, 0, 0, 0, 0, 1, 0, 0, 0,
			   0, 0, 0, 0, 0, 0, 1, 0, 0,
			   0, 0, 0, 0, 0, 0, 0, 1, 0,
			   0, 0, 0, 0, 0, 0, 0, 0, 1,
			   0, 0, 0, 0, 0, 0, 0, 0, 0,
			   0, 0, 0, 0, 0, 0, 0, 0, 0,
			   0, 0, 0, 0, 0, 0, 0, 0, 0 ])
]).

============================== end of model ==========================

============================== MODEL =================================

interpretation( 9, [number=20, seconds=0], [

        function(a0, [ 0 ]),

        function(a1, [ 7 ]),

        function(a2, [ 5 ]),

        function(a3, [ 3 ]),

        function(a4, [ 2 ]),

        function(a5, [ 8 ]),

        function(a6, [ 6 ]),

        function(a7, [ 1 ]),

        function(a8, [ 4 ]),

        function(c(_), [ 0, 1, 1, 0, 1, 2, 0, 3, 2 ]),

        relation(s1, [ 1 ]),

        relation(s1r, [ 0 ]),

        relation(s2, [ 1 ]),

        relation(s2r, [ 0 ]),

        relation(s3, [ 0 ]),

        relation(s3r, [ 1 ]),

        relation(s3rr, [ 0 ]),

        relation(s3rrr, [ 0 ]),

        relation(left(_,_), [
			   0, 1, 0, 0, 0, 0, 0, 0, 0,
			   0, 0, 1, 0, 0, 0, 0, 0, 0,
			   0, 0, 0, 0, 0, 0, 0, 0, 0,
			   0, 0, 0, 0, 1, 0, 0, 0, 0,
			   0, 0, 0, 0, 0, 1, 0, 0, 0,
			   0, 0, 0, 0, 0, 0, 0, 0, 0,
			   0, 0, 0, 0, 0, 0, 0, 1, 0,
			   0, 0, 0, 0, 0, 0, 0, 0, 1,
			   0, 0, 0, 0, 0, 0, 0, 0, 0 ]),

        relation(on(_,_), [
			   0, 0, 0, 1, 0, 0, 0, 0, 0,
			   0, 0, 0, 0, 1, 0, 0, 0, 0,
			   0, 0, 0, 0, 0, 1, 0, 0, 0,
			   0, 0, 0, 0, 0, 0, 1, 0, 0,
			   0, 0, 0, 0, 0, 0, 0, 1, 0,
			   0, 0, 0, 0, 0, 0, 0, 0, 1,
			   0, 0, 0, 0, 0, 0, 0, 0, 0,
			   0, 0, 0, 0, 0, 0, 0, 0, 0,
			   0, 0, 0, 0, 0, 0, 0, 0, 0 ])
]).

============================== end of model ==========================

============================== MODEL =================================

interpretation( 9, [number=21, seconds=0], [

        function(a0, [ 0 ]),

        function(a1, [ 8 ]),

        function(a2, [ 2 ]),

        function(a3, [ 3 ]),

        function(a4, [ 5 ]),

        function(a5, [ 1 ]),

        function(a6, [ 6 ]),

        function(a7, [ 4 ]),

        function(a8, [ 7 ]),

        function(c(_), [ 0, 2, 2, 0, 1, 1, 0, 1, 3 ]),

        relation(s1, [ 1 ]),

        relation(s1r, [ 0 ]),

        relation(s2, [ 0 ]),

        relation(s2r, [ 1 ]),

        relation(s3, [ 0 ]),

        relation(s3r, [ 1 ]),

        relation(s3rr, [ 0 ]),

        relation(s3rrr, [ 0 ]),

        relation(left(_,_), [
			   0, 1, 0, 0, 0, 0, 0, 0, 0,
			   0, 0, 1, 0, 0, 0, 0, 0, 0,
			   0, 0, 0, 0, 0, 0, 0, 0, 0,
			   0, 0, 0, 0, 1, 0, 0, 0, 0,
			   0, 0, 0, 0, 0, 1, 0, 0, 0,
			   0, 0, 0, 0, 0, 0, 0, 0, 0,
			   0, 0, 0, 0, 0, 0, 0, 1, 0,
			   0, 0, 0, 0, 0, 0, 0, 0, 1,
			   0, 0, 0, 0, 0, 0, 0, 0, 0 ]),

        relation(on(_,_), [
			   0, 0, 0, 1, 0, 0, 0, 0, 0,
			   0, 0, 0, 0, 1, 0, 0, 0, 0,
			   0, 0, 0, 0, 0, 1, 0, 0, 0,
			   0, 0, 0, 0, 0, 0, 1, 0, 0,
			   0, 0, 0, 0, 0, 0, 0, 1, 0,
			   0, 0, 0, 0, 0, 0, 0, 0, 1,
			   0, 0, 0, 0, 0, 0, 0, 0, 0,
			   0, 0, 0, 0, 0, 0, 0, 0, 0,
			   0, 0, 0, 0, 0, 0, 0, 0, 0 ])
]).

============================== end of model ==========================

============================== MODEL =================================

interpretation( 9, [number=22, seconds=0], [

        function(a0, [ 0 ]),

        function(a1, [ 8 ]),

        function(a2, [ 3 ]),

        function(a3, [ 1 ]),

        function(a4, [ 5 ]),

        function(a5, [ 6 ]),

        function(a6, [ 2 ]),

        function(a7, [ 4 ]),

        function(a8, [ 7 ]),

        function(c(_), [ 0, 0, 0, 2, 1, 1, 2, 1, 3 ]),

        relation(s1, [ 0 ]),

        relation(s1r, [ 1 ]),

        relation(s2, [ 1 ]),

        relation(s2r, [ 0 ]),

        relation(s3, [ 0 ]),

        relation(s3r, [ 1 ]),

        relation(s3rr, [ 0 ]),

        relation(s3rrr, [ 0 ]),

        relation(left(_,_), [
			   0, 1, 0, 0, 0, 0, 0, 0, 0,
			   0, 0, 1, 0, 0, 0, 0, 0, 0,
			   0, 0, 0, 0, 0, 0, 0, 0, 0,
			   0, 0, 0, 0, 1, 0, 0, 0, 0,
			   0, 0, 0, 0, 0, 1, 0, 0, 0,
			   0, 0, 0, 0, 0, 0, 0, 0, 0,
			   0, 0, 0, 0, 0, 0, 0, 1, 0,
			   0, 0, 0, 0, 0, 0, 0, 0, 1,
			   0, 0, 0, 0, 0, 0, 0, 0, 0 ]),

        relation(on(_,_), [
			   0, 0, 0, 1, 0, 0, 0, 0, 0,
			   0, 0, 0, 0, 1, 0, 0, 0, 0,
			   0, 0, 0, 0, 0, 1, 0, 0, 0,
			   0, 0, 0, 0, 0, 0, 1, 0, 0,
			   0, 0, 0, 0, 0, 0, 0, 1, 0,
			   0, 0, 0, 0, 0, 0, 0, 0, 1,
			   0, 0, 0, 0, 0, 0, 0, 0, 0,
			   0, 0, 0, 0, 0, 0, 0, 0, 0,
			   0, 0, 0, 0, 0, 0, 0, 0, 0 ])
]).

============================== end of model ==========================

============================== MODEL =================================

interpretation( 9, [number=23, seconds=0], [

        function(a0, [ 0 ]),

        function(a1, [ 8 ]),

        function(a2, [ 4 ]),

        function(a3, [ 3 ]),

        function(a4, [ 5 ]),

        function(a5, [ 7 ]),

        function(a6, [ 6 ]),

        function(a7, [ 2 ]),

        function(a8, [ 1 ]),

        function(c(_), [ 0, 1, 1, 0, 2, 1, 0, 2, 3 ]),

        relation(s1, [ 1 ]),

        relation(s1r, [ 0 ]),

        relation(s2, [ 1 ]),

        relation(s2r, [ 0 ]),

        relation(s3, [ 0 ]),

        relation(s3r, [ 0 ]),

        relation(s3rr, [ 1 ]),

        relation(s3rrr, [ 0 ]),

        relation(left(_,_), [
			   0, 1, 0, 0, 0, 0, 0, 0, 0,
			   0, 0, 1, 0, 0, 0, 0, 0, 0,
			   0, 0, 0, 0, 0, 0, 0, 0, 0,
			   0, 0, 0, 0, 1, 0, 0, 0, 0,
			   0, 0, 0, 0, 0, 1, 0, 0, 0,
			   0, 0, 0, 0, 0, 0, 0, 0, 0,
			   0, 0, 0, 0, 0, 0, 0, 1, 0,
			   0, 0, 0, 0, 0, 0, 0, 0, 1,
			   0, 0, 0, 0, 0, 0, 0, 0, 0 ]),

        relation(on(_,_), [
			   0, 0, 0, 1, 0, 0, 0, 0, 0,
			   0, 0, 0, 0, 1, 0, 0, 0, 0,
			   0, 0, 0, 0, 0, 1, 0, 0, 0,
			   0, 0, 0, 0, 0, 0, 1, 0, 0,
			   0, 0, 0, 0, 0, 0, 0, 1, 0,
			   0, 0, 0, 0, 0, 0, 0, 0, 1,
			   0, 0, 0, 0, 0, 0, 0, 0, 0,
			   0, 0, 0, 0, 0, 0, 0, 0, 0,
			   0, 0, 0, 0, 0, 0, 0, 0, 0 ])
]).

============================== end of model ==========================

============================== MODEL =================================

interpretation( 9, [number=24, seconds=0], [

        function(a0, [ 0 ]),

        function(a1, [ 8 ]),

        function(a2, [ 5 ]),

        function(a3, [ 1 ]),

        function(a4, [ 3 ]),

        function(a5, [ 4 ]),

        function(a6, [ 2 ]),

        function(a7, [ 6 ]),

        function(a8, [ 7 ]),

        function(c(_), [ 0, 0, 0, 1, 2, 2, 1, 1, 3 ]),

        relation(s1, [ 0 ]),

        relation(s1r, [ 1 ]),

        relation(s2, [ 0 ]),

        relation(s2r, [ 1 ]),

        relation(s3, [ 1 ]),

        relation(s3r, [ 0 ]),

        relation(s3rr, [ 0 ]),

        relation(s3rrr, [ 0 ]),

        relation(left(_,_), [
			   0, 1, 0, 0, 0, 0, 0, 0, 0,
			   0, 0, 1, 0, 0, 0, 0, 0, 0,
			   0, 0, 0, 0, 0, 0, 0, 0, 0,
			   0, 0, 0, 0, 1, 0, 0, 0, 0,
			   0, 0, 0, 0, 0, 1, 0, 0, 0,
			   0, 0, 0, 0, 0, 0, 0, 0, 0,
			   0, 0, 0, 0, 0, 0, 0, 1, 0,
			   0, 0, 0, 0, 0, 0, 0, 0, 1,
			   0, 0, 0, 0, 0, 0, 0, 0, 0 ]),

        relation(on(_,_), [
			   0, 0, 0, 1, 0, 0, 0, 0, 0,
			   0, 0, 0, 0, 1, 0, 0, 0, 0,
			   0, 0, 0, 0, 0, 1, 0, 0, 0,
			   0, 0, 0, 0, 0, 0, 1, 0, 0,
			   0, 0, 0, 0, 0, 0, 0, 1, 0,
			   0, 0, 0, 0, 0, 0, 0, 0, 1,
			   0, 0, 0, 0, 0, 0, 0, 0, 0,
			   0, 0, 0, 0, 0, 0, 0, 0, 0,
			   0, 0, 0, 0, 0, 0, 0, 0, 0 ])
]).

============================== end of model ==========================

============================== MODEL =================================

interpretation( 9, [number=25, seconds=0], [

        function(a0, [ 2 ]),

        function(a1, [ 0 ]),

        function(a2, [ 1 ]),

        function(a3, [ 5 ]),

        function(a4, [ 3 ]),

        function(a5, [ 4 ]),

        function(a6, [ 8 ]),

        function(a7, [ 6 ]),

        function(a8, [ 7 ]),

        function(c(_), [ 3, 2, 0, 1, 2, 0, 1, 1, 0 ]),

        relation(s1, [ 1 ]),

        relation(s1r, [ 0 ]),

        relation(s2, [ 1 ]),

        relation(s2r, [ 0 ]),

        relation(s3, [ 1 ]),

        relation(s3r, [ 0 ]),

        relation(s3rr, [ 0 ]),

        relation(s3rrr, [ 0 ]),

        relation(left(_,_), [
			   0, 1, 0, 0, 0, 0, 0, 0, 0,
			   0, 0, 1, 0, 0, 0, 0, 0, 0,
			   0, 0, 0, 0, 0, 0, 0, 0, 0,
			   0, 0, 0, 0, 1, 0, 0, 0, 0,
			   0, 0, 0, 0, 0, 1, 0, 0, 0,
			   0, 0, 0, 0, 0, 0, 0, 0, 0,
			   0, 0, 0, 0, 0, 0, 0, 1, 0,
			   0, 0, 0, 0, 0, 0, 0, 0, 1,
			   0, 0, 0, 0, 0, 0, 0, 0, 0 ]),

        relation(on(_,_), [
			   0, 0, 0, 1, 0, 0, 0, 0, 0,
			   0, 0, 0, 0, 1, 0, 0, 0, 0,
			   0, 0, 0, 0, 0, 1, 0, 0, 0,
			   0, 0, 0, 0, 0, 0, 1, 0, 0,
			   0, 0, 0, 0, 0, 0, 0, 1, 0,
			   0, 0, 0, 0, 0, 0, 0, 0, 1,
			   0, 0, 0, 0, 0, 0, 0, 0, 0,
			   0, 0, 0, 0, 0, 0, 0, 0, 0,
			   0, 0, 0, 0, 0, 0, 0, 0, 0 ])
]).

============================== end of model ==========================

============================== MODEL =================================

interpretation( 9, [number=26, seconds=0], [

        function(a0, [ 2 ]),

        function(a1, [ 0 ]),

        function(a2, [ 7 ]),

        function(a3, [ 5 ]),

        function(a4, [ 3 ]),

        function(a5, [ 6 ]),

        function(a6, [ 8 ]),

        function(a7, [ 4 ]),

        function(a8, [ 1 ]),

        function(c(_), [ 3, 1, 0, 1, 1, 0, 2, 2, 0 ]),

        relation(s1, [ 1 ]),

        relation(s1r, [ 0 ]),

        relation(s2, [ 0 ]),

        relation(s2r, [ 1 ]),

        relation(s3, [ 0 ]),

        relation(s3r, [ 0 ]),

        relation(s3rr, [ 0 ]),

        relation(s3rrr, [ 1 ]),

        relation(left(_,_), [
			   0, 1, 0, 0, 0, 0, 0, 0, 0,
			   0, 0, 1, 0, 0, 0, 0, 0, 0,
			   0, 0, 0, 0, 0, 0, 0, 0, 0,
			   0, 0, 0, 0, 1, 0, 0, 0, 0,
			   0, 0, 0, 0, 0, 1, 0, 0, 0,
			   0, 0, 0, 0, 0, 0, 0, 0, 0,
			   0, 0, 0, 0, 0, 0, 0, 1, 0,
			   0, 0, 0, 0, 0, 0, 0, 0, 1,
			   0, 0, 0, 0, 0, 0, 0, 0, 0 ]),

        relation(on(_,_), [
			   0, 0, 0, 1, 0, 0, 0, 0, 0,
			   0, 0, 0, 0, 1, 0, 0, 0, 0,
			   0, 0, 0, 0, 0, 1, 0, 0, 0,
			   0, 0, 0, 0, 0, 0, 1, 0, 0,
			   0, 0, 0, 0, 0, 0, 0, 1, 0,
			   0, 0, 0, 0, 0, 0, 0, 0, 1,
			   0, 0, 0, 0, 0, 0, 0, 0, 0,
			   0, 0, 0, 0, 0, 0, 0, 0, 0,
			   0, 0, 0, 0, 0, 0, 0, 0, 0 ])
]).

============================== end of model ==========================

============================== MODEL =================================

interpretation( 9, [number=27, seconds=0], [

        function(a0, [ 2 ]),

        function(a1, [ 1 ]),

        function(a2, [ 0 ]),

        function(a3, [ 5 ]),

        function(a4, [ 6 ]),

        function(a5, [ 3 ]),

        function(a6, [ 8 ]),

        function(a7, [ 7 ]),

        function(a8, [ 4 ]),

        function(c(_), [ 2, 3, 0, 2, 1, 0, 1, 1, 0 ]),

        relation(s1, [ 1 ]),

        relation(s1r, [ 0 ]),

        relation(s2, [ 1 ]),

        relation(s2r, [ 0 ]),

        relation(s3, [ 0 ]),

        relation(s3r, [ 0 ]),

        relation(s3rr, [ 0 ]),

        relation(s3rrr, [ 1 ]),

        relation(left(_,_), [
			   0, 1, 0, 0, 0, 0, 0, 0, 0,
			   0, 0, 1, 0, 0, 0, 0, 0, 0,
			   0, 0, 0, 0, 0, 0, 0, 0, 0,
			   0, 0, 0, 0, 1, 0, 0, 0, 0,
			   0, 0, 0, 0, 0, 1, 0, 0, 0,
			   0, 0, 0, 0, 0, 0, 0, 0, 0,
			   0, 0, 0, 0, 0, 0, 0, 1, 0,
			   0, 0, 0, 0, 0, 0, 0, 0, 1,
			   0, 0, 0, 0, 0, 0, 0, 0, 0 ]),

        relation(on(_,_), [
			   0, 0, 0, 1, 0, 0, 0, 0, 0,
			   0, 0, 0, 0, 1, 0, 0, 0, 0,
			   0, 0, 0, 0, 0, 1, 0, 0, 0,
			   0, 0, 0, 0, 0, 0, 1, 0, 0,
			   0, 0, 0, 0, 0, 0, 0, 1, 0,
			   0, 0, 0, 0, 0, 0, 0, 0, 1,
			   0, 0, 0, 0, 0, 0, 0, 0, 0,
			   0, 0, 0, 0, 0, 0, 0, 0, 0,
			   0, 0, 0, 0, 0, 0, 0, 0, 0 ])
]).

============================== end of model ==========================

============================== MODEL =================================

interpretation( 9, [number=28, seconds=0], [

        function(a0, [ 2 ]),

        function(a1, [ 1 ]),

        function(a2, [ 7 ]),

        function(a3, [ 5 ]),

        function(a4, [ 0 ]),

        function(a5, [ 6 ]),

        function(a6, [ 8 ]),

        function(a7, [ 3 ]),

        function(a8, [ 4 ]),

        function(c(_), [ 1, 3, 0, 1, 1, 0, 2, 2, 0 ]),

        relation(s1, [ 1 ]),

        relation(s1r, [ 0 ]),

        relation(s2, [ 0 ]),

        relation(s2r, [ 1 ]),

        relation(s3, [ 1 ]),

        relation(s3r, [ 0 ]),

        relation(s3rr, [ 0 ]),

        relation(s3rrr, [ 0 ]),

        relation(left(_,_), [
			   0, 1, 0, 0, 0, 0, 0, 0, 0,
			   0, 0, 1, 0, 0, 0, 0, 0, 0,
			   0, 0, 0, 0, 0, 0, 0, 0, 0,
			   0, 0, 0, 0, 1, 0, 0, 0, 0,
			   0, 0, 0, 0, 0, 1, 0, 0, 0,
			   0, 0, 0, 0, 0, 0, 0, 0, 0,
			   0, 0, 0, 0, 0, 0, 0, 1, 0,
			   0, 0, 0, 0, 0, 0, 0, 0, 1,
			   0, 0, 0, 0, 0, 0, 0, 0, 0 ]),

        relation(on(_,_), [
			   0, 0, 0, 1, 0, 0, 0, 0, 0,
			   0, 0, 0, 0, 1, 0, 0, 0, 0,
			   0, 0, 0, 0, 0, 1, 0, 0, 0,
			   0, 0, 0, 0, 0, 0, 1, 0, 0,
			   0, 0, 0, 0, 0, 0, 0, 1, 0,
			   0, 0, 0, 0, 0, 0, 0, 0, 1,
			   0, 0, 0, 0, 0, 0, 0, 0, 0,
			   0, 0, 0, 0, 0, 0, 0, 0, 0,
			   0, 0, 0, 0, 0, 0, 0, 0, 0 ])
]).

============================== end of model ==========================

============================== MODEL =================================

interpretation( 9, [number=29, seconds=0], [

        function(a0, [ 2 ]),

        function(a1, [ 3 ]),

        function(a2, [ 1 ]),

        function(a3, [ 5 ]),

        function(a4, [ 6 ]),

        function(a5, [ 0 ]),

        function(a6, [ 8 ]),

        function(a7, [ 7 ]),

        function(a8, [ 4 ]),

        function(c(_), [ 2, 2, 0, 3, 1, 0, 1, 1, 0 ]),

        relation(s1, [ 1 ]),

        relation(s1r, [ 0 ]),

        relation(s2, [ 0 ]),

        relation(s2r, [ 1 ]),

        relation(s3, [ 0 ]),

        relation(s3r, [ 0 ]),

        relation(s3rr, [ 0 ]),

        relation(s3rrr, [ 1 ]),

        relation(left(_,_), [
			   0, 1, 0, 0, 0, 0, 0, 0, 0,
			   0, 0, 1, 0, 0, 0, 0, 0, 0,
			   0, 0, 0, 0, 0, 0, 0, 0, 0,
			   0, 0, 0, 0, 1, 0, 0, 0, 0,
			   0, 0, 0, 0, 0, 1, 0, 0, 0,
			   0, 0, 0, 0, 0, 0, 0, 0, 0,
			   0, 0, 0, 0, 0, 0, 0, 1, 0,
			   0, 0, 0, 0, 0, 0, 0, 0, 1,
			   0, 0, 0, 0, 0, 0, 0, 0, 0 ]),

        relation(on(_,_), [
			   0, 0, 0, 1, 0, 0, 0, 0, 0,
			   0, 0, 0, 0, 1, 0, 0, 0, 0,
			   0, 0, 0, 0, 0, 1, 0, 0, 0,
			   0, 0, 0, 0, 0, 0, 1, 0, 0,
			   0, 0, 0, 0, 0, 0, 0, 1, 0,
			   0, 0, 0, 0, 0, 0, 0, 0, 1,
			   0, 0, 0, 0, 0, 0, 0, 0, 0,
			   0, 0, 0, 0, 0, 0, 0, 0, 0,
			   0, 0, 0, 0, 0, 0, 0, 0, 0 ])
]).

============================== end of model ==========================

============================== MODEL =================================

interpretation( 9, [number=30, seconds=0], [

        function(a0, [ 2 ]),

        function(a1, [ 3 ]),

        function(a2, [ 7 ]),

        function(a3, [ 5 ]),

        function(a4, [ 4 ]),

        function(a5, [ 6 ]),

        function(a6, [ 8 ]),

        function(a7, [ 1 ]),

        function(a8, [ 0 ]),

        function(c(_), [ 1, 1, 0, 3, 1, 0, 2, 2, 0 ]),

        relation(s1, [ 1 ]),

        relation(s1r, [ 0 ]),

        relation(s2, [ 0 ]),

        relation(s2r, [ 1 ]),

        relation(s3, [ 0 ]),

        relation(s3r, [ 0 ]),

        relation(s3rr, [ 1 ]),

        relation(s3rrr, [ 0 ]),

        relation(left(_,_), [
			   0, 1, 0, 0, 0, 0, 0, 0, 0,
			   0, 0, 1, 0, 0, 0, 0, 0, 0,
			   0, 0, 0, 0, 0, 0, 0, 0, 0,
			   0, 0, 0, 0, 1, 0, 0, 0, 0,
			   0, 0, 0, 0, 0, 1, 0, 0, 0,
			   0, 0, 0, 0, 0, 0, 0, 0, 0,
			   0, 0, 0, 0, 0, 0, 0, 1, 0,
			   0, 0, 0, 0, 0, 0, 0, 0, 1,
			   0, 0, 0, 0, 0, 0, 0, 0, 0 ]),

        relation(on(_,_), [
			   0, 0, 0, 1, 0, 0, 0, 0, 0,
			   0, 0, 0, 0, 1, 0, 0, 0, 0,
			   0, 0, 0, 0, 0, 1, 0, 0, 0,
			   0, 0, 0, 0, 0, 0, 1, 0, 0,
			   0, 0, 0, 0, 0, 0, 0, 1, 0,
			   0, 0, 0, 0, 0, 0, 0, 0, 1,
			   0, 0, 0, 0, 0, 0, 0, 0, 0,
			   0, 0, 0, 0, 0, 0, 0, 0, 0,
			   0, 0, 0, 0, 0, 0, 0, 0, 0 ])
]).

============================== end of model ==========================

============================== MODEL =================================

interpretation( 9, [number=31, seconds=0], [

        function(a0, [ 2 ]),

        function(a1, [ 4 ]),

        function(a2, [ 1 ]),

        function(a3, [ 5 ]),

        function(a4, [ 3 ]),

        function(a5, [ 0 ]),

        function(a6, [ 8 ]),

        function(a7, [ 6 ]),

        function(a8, [ 7 ]),

        function(c(_), [ 2, 2, 0, 1, 3, 0, 1, 1, 0 ]),

        relation(s1, [ 1 ]),

        relation(s1r, [ 0 ]),

        relation(s2, [ 0 ]),

        relation(s2r, [ 1 ]),

        relation(s3, [ 1 ]),

        relation(s3r, [ 0 ]),

        relation(s3rr, [ 0 ]),

        relation(s3rrr, [ 0 ]),

        relation(left(_,_), [
			   0, 1, 0, 0, 0, 0, 0, 0, 0,
			   0, 0, 1, 0, 0, 0, 0, 0, 0,
			   0, 0, 0, 0, 0, 0, 0, 0, 0,
			   0, 0, 0, 0, 1, 0, 0, 0, 0,
			   0, 0, 0, 0, 0, 1, 0, 0, 0,
			   0, 0, 0, 0, 0, 0, 0, 0, 0,
			   0, 0, 0, 0, 0, 0, 0, 1, 0,
			   0, 0, 0, 0, 0, 0, 0, 0, 1,
			   0, 0, 0, 0, 0, 0, 0, 0, 0 ]),

        relation(on(_,_), [
			   0, 0, 0, 1, 0, 0, 0, 0, 0,
			   0, 0, 0, 0, 1, 0, 0, 0, 0,
			   0, 0, 0, 0, 0, 1, 0, 0, 0,
			   0, 0, 0, 0, 0, 0, 1, 0, 0,
			   0, 0, 0, 0, 0, 0, 0, 1, 0,
			   0, 0, 0, 0, 0, 0, 0, 0, 1,
			   0, 0, 0, 0, 0, 0, 0, 0, 0,
			   0, 0, 0, 0, 0, 0, 0, 0, 0,
			   0, 0, 0, 0, 0, 0, 0, 0, 0 ])
]).

============================== end of model ==========================

============================== MODEL =================================

interpretation( 9, [number=32, seconds=0], [

        function(a0, [ 2 ]),

        function(a1, [ 4 ]),

        function(a2, [ 7 ]),

        function(a3, [ 5 ]),

        function(a4, [ 1 ]),

        function(a5, [ 6 ]),

        function(a6, [ 8 ]),

        function(a7, [ 0 ]),

        function(a8, [ 3 ]),

        function(c(_), [ 1, 1, 0, 1, 3, 0, 2, 2, 0 ]),

        relation(s1, [ 1 ]),

        relation(s1r, [ 0 ]),

        relation(s2, [ 0 ]),

        relation(s2r, [ 1 ]),

        relation(s3, [ 0 ]),

        relation(s3r, [ 1 ]),

        relation(s3rr, [ 0 ]),

        relation(s3rrr, [ 0 ]),

        relation(left(_,_), [
			   0, 1, 0, 0, 0, 0, 0, 0, 0,
			   0, 0, 1, 0, 0, 0, 0, 0, 0,
			   0, 0, 0, 0, 0, 0, 0, 0, 0,
			   0, 0, 0, 0, 1, 0, 0, 0, 0,
			   0, 0, 0, 0, 0, 1, 0, 0, 0,
			   0, 0, 0, 0, 0, 0, 0, 0, 0,
			   0, 0, 0, 0, 0, 0, 0, 1, 0,
			   0, 0, 0, 0, 0, 0, 0, 0, 1,
			   0, 0, 0, 0, 0, 0, 0, 0, 0 ]),

        relation(on(_,_), [
			   0, 0, 0, 1, 0, 0, 0, 0, 0,
			   0, 0, 0, 0, 1, 0, 0, 0, 0,
			   0, 0, 0, 0, 0, 1, 0, 0, 0,
			   0, 0, 0, 0, 0, 0, 1, 0, 0,
			   0, 0, 0, 0, 0, 0, 0, 1, 0,
			   0, 0, 0, 0, 0, 0, 0, 0, 1,
			   0, 0, 0, 0, 0, 0, 0, 0, 0,
			   0, 0, 0, 0, 0, 0, 0, 0, 0,
			   0, 0, 0, 0, 0, 0, 0, 0, 0 ])
]).

============================== end of model ==========================

============================== MODEL =================================

interpretation( 9, [number=33, seconds=0], [

        function(a0, [ 2 ]),

        function(a1, [ 6 ]),

        function(a2, [ 1 ]),

        function(a3, [ 5 ]),

        function(a4, [ 7 ]),

        function(a5, [ 0 ]),

        function(a6, [ 8 ]),

        function(a7, [ 4 ]),

        function(a8, [ 3 ]),

        function(c(_), [ 2, 2, 0, 1, 1, 0, 3, 1, 0 ]),

        relation(s1, [ 1 ]),

        relation(s1r, [ 0 ]),

        relation(s2, [ 0 ]),

        relation(s2r, [ 1 ]),

        relation(s3, [ 0 ]),

        relation(s3r, [ 0 ]),

        relation(s3rr, [ 1 ]),

        relation(s3rrr, [ 0 ]),

        relation(left(_,_), [
			   0, 1, 0, 0, 0, 0, 0, 0, 0,
			   0, 0, 1, 0, 0, 0, 0, 0, 0,
			   0, 0, 0, 0, 0, 0, 0, 0, 0,
			   0, 0, 0, 0, 1, 0, 0, 0, 0,
			   0, 0, 0, 0, 0, 1, 0, 0, 0,
			   0, 0, 0, 0, 0, 0, 0, 0, 0,
			   0, 0, 0, 0, 0, 0, 0, 1, 0,
			   0, 0, 0, 0, 0, 0, 0, 0, 1,
			   0, 0, 0, 0, 0, 0, 0, 0, 0 ]),

        relation(on(_,_), [
			   0, 0, 0, 1, 0, 0, 0, 0, 0,
			   0, 0, 0, 0, 1, 0, 0, 0, 0,
			   0, 0, 0, 0, 0, 1, 0, 0, 0,
			   0, 0, 0, 0, 0, 0, 1, 0, 0,
			   0, 0, 0, 0, 0, 0, 0, 1, 0,
			   0, 0, 0, 0, 0, 0, 0, 0, 1,
			   0, 0, 0, 0, 0, 0, 0, 0, 0,
			   0, 0, 0, 0, 0, 0, 0, 0, 0,
			   0, 0, 0, 0, 0, 0, 0, 0, 0 ])
]).

============================== end of model ==========================

============================== MODEL =================================

interpretation( 9, [number=34, seconds=0], [

        function(a0, [ 2 ]),

        function(a1, [ 6 ]),

        function(a2, [ 4 ]),

        function(a3, [ 5 ]),

        function(a4, [ 1 ]),

        function(a5, [ 7 ]),

        function(a6, [ 8 ]),

        function(a7, [ 0 ]),

        function(a8, [ 3 ]),

        function(c(_), [ 1, 1, 0, 1, 2, 0, 3, 2, 0 ]),

        relation(s1, [ 1 ]),

        relation(s1r, [ 0 ]),

        relation(s2, [ 1 ]),

        relation(s2r, [ 0 ]),

        relation(s3, [ 0 ]),

        relation(s3r, [ 1 ]),

        relation(s3rr, [ 0 ]),

        relation(s3rrr, [ 0 ]),

        relation(left(_,_), [
			   0, 1, 0, 0, 0, 0, 0, 0, 0,
			   0, 0, 1, 0, 0, 0, 0, 0, 0,
			   0, 0, 0, 0, 0, 0, 0, 0, 0,
			   0, 0, 0, 0, 1, 0, 0, 0, 0,
			   0, 0, 0, 0, 0, 1, 0, 0, 0,
			   0, 0, 0, 0, 0, 0, 0, 0, 0,
			   0, 0, 0, 0, 0, 0, 0, 1, 0,
			   0, 0, 0, 0, 0, 0, 0, 0, 1,
			   0, 0, 0, 0, 0, 0, 0, 0, 0 ]),

        relation(on(_,_), [
			   0, 0, 0, 1, 0, 0, 0, 0, 0,
			   0, 0, 0, 0, 1, 0, 0, 0, 0,
			   0, 0, 0, 0, 0, 1, 0, 0, 0,
			   0, 0, 0, 0, 0, 0, 1, 0, 0,
			   0, 0, 0, 0, 0, 0, 0, 1, 0,
			   0, 0, 0, 0, 0, 0, 0, 0, 1,
			   0, 0, 0, 0, 0, 0, 0, 0, 0,
			   0, 0, 0, 0, 0, 0, 0, 0, 0,
			   0, 0, 0, 0, 0, 0, 0, 0, 0 ])
]).

============================== end of model ==========================

============================== MODEL =================================

interpretation( 9, [number=35, seconds=0], [

        function(a0, [ 2 ]),

        function(a1, [ 7 ]),

        function(a2, [ 1 ]),

        function(a3, [ 5 ]),

        function(a4, [ 4 ]),

        function(a5, [ 0 ]),

        function(a6, [ 8 ]),

        function(a7, [ 3 ]),

        function(a8, [ 6 ]),

        function(c(_), [ 2, 2, 0, 1, 1, 0, 1, 3, 0 ]),

        relation(s1, [ 1 ]),

        relation(s1r, [ 0 ]),

        relation(s2, [ 0 ]),

        relation(s2r, [ 1 ]),

        relation(s3, [ 0 ]),

        relation(s3r, [ 1 ]),

        relation(s3rr, [ 0 ]),

        relation(s3rrr, [ 0 ]),

        relation(left(_,_), [
			   0, 1, 0, 0, 0, 0, 0, 0, 0,
			   0, 0, 1, 0, 0, 0, 0, 0, 0,
			   0, 0, 0, 0, 0, 0, 0, 0, 0,
			   0, 0, 0, 0, 1, 0, 0, 0, 0,
			   0, 0, 0, 0, 0, 1, 0, 0, 0,
			   0, 0, 0, 0, 0, 0, 0, 0, 0,
			   0, 0, 0, 0, 0, 0, 0, 1, 0,
			   0, 0, 0, 0, 0, 0, 0, 0, 1,
			   0, 0, 0, 0, 0, 0, 0, 0, 0 ]),

        relation(on(_,_), [
			   0, 0, 0, 1, 0, 0, 0, 0, 0,
			   0, 0, 0, 0, 1, 0, 0, 0, 0,
			   0, 0, 0, 0, 0, 1, 0, 0, 0,
			   0, 0, 0, 0, 0, 0, 1, 0, 0,
			   0, 0, 0, 0, 0, 0, 0, 1, 0,
			   0, 0, 0, 0, 0, 0, 0, 0, 1,
			   0, 0, 0, 0, 0, 0, 0, 0, 0,
			   0, 0, 0, 0, 0, 0, 0, 0, 0,
			   0, 0, 0, 0, 0, 0, 0, 0, 0 ])
]).

============================== end of model ==========================

============================== MODEL =================================

interpretation( 9, [number=36, seconds=0], [

        function(a0, [ 2 ]),

        function(a1, [ 7 ]),

        function(a2, [ 3 ]),

        function(a3, [ 5 ]),

        function(a4, [ 4 ]),

        function(a5, [ 6 ]),

        function(a6, [ 8 ]),

        function(a7, [ 1 ]),

        function(a8, [ 0 ]),

        function(c(_), [ 1, 1, 0, 2, 1, 0, 2, 3, 0 ]),

        relation(s1, [ 1 ]),

        relation(s1r, [ 0 ]),

        relation(s2, [ 1 ]),

        relation(s2r, [ 0 ]),

        relation(s3, [ 0 ]),

        relation(s3r, [ 0 ]),

        relation(s3rr, [ 1 ]),

        relation(s3rrr, [ 0 ]),

        relation(left(_,_), [
			   0, 1, 0, 0, 0, 0, 0, 0, 0,
			   0, 0, 1, 0, 0, 0, 0, 0, 0,
			   0, 0, 0, 0, 0, 0, 0, 0, 0,
			   0, 0, 0, 0, 1, 0, 0, 0, 0,
			   0, 0, 0, 0, 0, 1, 0, 0, 0,
			   0, 0, 0, 0, 0, 0, 0, 0, 0,
			   0, 0, 0, 0, 0, 0, 0, 1, 0,
			   0, 0, 0, 0, 0, 0, 0, 0, 1,
			   0, 0, 0, 0, 0, 0, 0, 0, 0 ]),

        relation(on(_,_), [
			   0, 0, 0, 1, 0, 0, 0, 0, 0,
			   0, 0, 0, 0, 1, 0, 0, 0, 0,
			   0, 0, 0, 0, 0, 1, 0, 0, 0,
			   0, 0, 0, 0, 0, 0, 1, 0, 0,
			   0, 0, 0, 0, 0, 0, 0, 1, 0,
			   0, 0, 0, 0, 0, 0, 0, 0, 1,
			   0, 0, 0, 0, 0, 0, 0, 0, 0,
			   0, 0, 0, 0, 0, 0, 0, 0, 0,
			   0, 0, 0, 0, 0, 0, 0, 0, 0 ])
]).

============================== end of model ==========================

============================== MODEL =================================

interpretation( 9, [number=37, seconds=0], [

        function(a0, [ 6 ]),

        function(a1, [ 0 ]),

        function(a2, [ 2 ]),

        function(a3, [ 7 ]),

        function(a4, [ 3 ]),

        function(a5, [ 5 ]),

        function(a6, [ 8 ]),

        function(a7, [ 4 ]),

        function(a8, [ 1 ]),

        function(c(_), [ 3, 1, 2, 1, 1, 2, 0, 0, 0 ]),

        relation(s1, [ 0 ]),

        relation(s1r, [ 1 ]),

        relation(s2, [ 1 ]),

        relation(s2r, [ 0 ]),

        relation(s3, [ 0 ]),

        relation(s3r, [ 0 ]),

        relation(s3rr, [ 0 ]),

        relation(s3rrr, [ 1 ]),

        relation(left(_,_), [
			   0, 1, 0, 0, 0, 0, 0, 0, 0,
			   0, 0, 1, 0, 0, 0, 0, 0, 0,
			   0, 0, 0, 0, 0, 0, 0, 0, 0,
			   0, 0, 0, 0, 1, 0, 0, 0, 0,
			   0, 0, 0, 0, 0, 1, 0, 0, 0,
			   0, 0, 0, 0, 0, 0, 0, 0, 0,
			   0, 0, 0, 0, 0, 0, 0, 1, 0,
			   0, 0, 0, 0, 0, 0, 0, 0, 1,
			   0, 0, 0, 0, 0, 0, 0, 0, 0 ]),

        relation(on(_,_), [
			   0, 0, 0, 1, 0, 0, 0, 0, 0,
			   0, 0, 0, 0, 1, 0, 0, 0, 0,
			   0, 0, 0, 0, 0, 1, 0, 0, 0,
			   0, 0, 0, 0, 0, 0, 1, 0, 0,
			   0, 0, 0, 0, 0, 0, 0, 1, 0,
			   0, 0, 0, 0, 0, 0, 0, 0, 1,
			   0, 0, 0, 0, 0, 0, 0, 0, 0,
			   0, 0, 0, 0, 0, 0, 0, 0, 0,
			   0, 0, 0, 0, 0, 0, 0, 0, 0 ])
]).

============================== end of model ==========================

============================== MODEL =================================

interpretation( 9, [number=38, seconds=0], [

        function(a0, [ 6 ]),

        function(a1, [ 0 ]),

        function(a2, [ 4 ]),

        function(a3, [ 7 ]),

        function(a4, [ 5 ]),

        function(a5, [ 3 ]),

        function(a6, [ 8 ]),

        function(a7, [ 2 ]),

        function(a8, [ 1 ]),

        function(c(_), [ 3, 1, 1, 2, 2, 1, 0, 0, 0 ]),

        relation(s1, [ 0 ]),

        relation(s1r, [ 1 ]),

        relation(s2, [ 0 ]),

        relation(s2r, [ 1 ]),

        relation(s3, [ 0 ]),

        relation(s3r, [ 0 ]),

        relation(s3rr, [ 1 ]),

        relation(s3rrr, [ 0 ]),

        relation(left(_,_), [
			   0, 1, 0, 0, 0, 0, 0, 0, 0,
			   0, 0, 1, 0, 0, 0, 0, 0, 0,
			   0, 0, 0, 0, 0, 0, 0, 0, 0,
			   0, 0, 0, 0, 1, 0, 0, 0, 0,
			   0, 0, 0, 0, 0, 1, 0, 0, 0,
			   0, 0, 0, 0, 0, 0, 0, 0, 0,
			   0, 0, 0, 0, 0, 0, 0, 1, 0,
			   0, 0, 0, 0, 0, 0, 0, 0, 1,
			   0, 0, 0, 0, 0, 0, 0, 0, 0 ]),

        relation(on(_,_), [
			   0, 0, 0, 1, 0, 0, 0, 0, 0,
			   0, 0, 0, 0, 1, 0, 0, 0, 0,
			   0, 0, 0, 0, 0, 1, 0, 0, 0,
			   0, 0, 0, 0, 0, 0, 1, 0, 0,
			   0, 0, 0, 0, 0, 0, 0, 1, 0,
			   0, 0, 0, 0, 0, 0, 0, 0, 1,
			   0, 0, 0, 0, 0, 0, 0, 0, 0,
			   0, 0, 0, 0, 0, 0, 0, 0, 0,
			   0, 0, 0, 0, 0, 0, 0, 0, 0 ])
]).

============================== end of model ==========================

============================== MODEL =================================

interpretation( 9, [number=39, seconds=0], [

        function(a0, [ 6 ]),

        function(a1, [ 1 ]),

        function(a2, [ 0 ]),

        function(a3, [ 7 ]),

        function(a4, [ 4 ]),

        function(a5, [ 3 ]),

        function(a6, [ 8 ]),

        function(a7, [ 5 ]),

        function(a8, [ 2 ]),

        function(c(_), [ 2, 3, 1, 2, 1, 1, 0, 0, 0 ]),

        relation(s1, [ 0 ]),

        relation(s1r, [ 1 ]),

        relation(s2, [ 1 ]),

        relation(s2r, [ 0 ]),

        relation(s3, [ 0 ]),

        relation(s3r, [ 0 ]),

        relation(s3rr, [ 0 ]),

        relation(s3rrr, [ 1 ]),

        relation(left(_,_), [
			   0, 1, 0, 0, 0, 0, 0, 0, 0,
			   0, 0, 1, 0, 0, 0, 0, 0, 0,
			   0, 0, 0, 0, 0, 0, 0, 0, 0,
			   0, 0, 0, 0, 1, 0, 0, 0, 0,
			   0, 0, 0, 0, 0, 1, 0, 0, 0,
			   0, 0, 0, 0, 0, 0, 0, 0, 0,
			   0, 0, 0, 0, 0, 0, 0, 1, 0,
			   0, 0, 0, 0, 0, 0, 0, 0, 1,
			   0, 0, 0, 0, 0, 0, 0, 0, 0 ]),

        relation(on(_,_), [
			   0, 0, 0, 1, 0, 0, 0, 0, 0,
			   0, 0, 0, 0, 1, 0, 0, 0, 0,
			   0, 0, 0, 0, 0, 1, 0, 0, 0,
			   0, 0, 0, 0, 0, 0, 1, 0, 0,
			   0, 0, 0, 0, 0, 0, 0, 1, 0,
			   0, 0, 0, 0, 0, 0, 0, 0, 1,
			   0, 0, 0, 0, 0, 0, 0, 0, 0,
			   0, 0, 0, 0, 0, 0, 0, 0, 0,
			   0, 0, 0, 0, 0, 0, 0, 0, 0 ])
]).

============================== end of model ==========================

============================== MODEL =================================

interpretation( 9, [number=40, seconds=0], [

        function(a0, [ 6 ]),

        function(a1, [ 1 ]),

        function(a2, [ 2 ]),

        function(a3, [ 7 ]),

        function(a4, [ 0 ]),

        function(a5, [ 5 ]),

        function(a6, [ 8 ]),

        function(a7, [ 3 ]),

        function(a8, [ 4 ]),

        function(c(_), [ 1, 3, 2, 1, 1, 2, 0, 0, 0 ]),

        relation(s1, [ 0 ]),

        relation(s1r, [ 1 ]),

        relation(s2, [ 1 ]),

        relation(s2r, [ 0 ]),

        relation(s3, [ 1 ]),

        relation(s3r, [ 0 ]),

        relation(s3rr, [ 0 ]),

        relation(s3rrr, [ 0 ]),

        relation(left(_,_), [
			   0, 1, 0, 0, 0, 0, 0, 0, 0,
			   0, 0, 1, 0, 0, 0, 0, 0, 0,
			   0, 0, 0, 0, 0, 0, 0, 0, 0,
			   0, 0, 0, 0, 1, 0, 0, 0, 0,
			   0, 0, 0, 0, 0, 1, 0, 0, 0,
			   0, 0, 0, 0, 0, 0, 0, 0, 0,
			   0, 0, 0, 0, 0, 0, 0, 1, 0,
			   0, 0, 0, 0, 0, 0, 0, 0, 1,
			   0, 0, 0, 0, 0, 0, 0, 0, 0 ]),

        relation(on(_,_), [
			   0, 0, 0, 1, 0, 0, 0, 0, 0,
			   0, 0, 0, 0, 1, 0, 0, 0, 0,
			   0, 0, 0, 0, 0, 1, 0, 0, 0,
			   0, 0, 0, 0, 0, 0, 1, 0, 0,
			   0, 0, 0, 0, 0, 0, 0, 1, 0,
			   0, 0, 0, 0, 0, 0, 0, 0, 1,
			   0, 0, 0, 0, 0, 0, 0, 0, 0,
			   0, 0, 0, 0, 0, 0, 0, 0, 0,
			   0, 0, 0, 0, 0, 0, 0, 0, 0 ])
]).

============================== end of model ==========================

============================== MODEL =================================

interpretation( 9, [number=41, seconds=0], [

        function(a0, [ 6 ]),

        function(a1, [ 2 ]),

        function(a2, [ 0 ]),

        function(a3, [ 7 ]),

        function(a4, [ 1 ]),

        function(a5, [ 3 ]),

        function(a6, [ 8 ]),

        function(a7, [ 4 ]),

        function(a8, [ 5 ]),

        function(c(_), [ 2, 1, 3, 2, 1, 1, 0, 0, 0 ]),

        relation(s1, [ 0 ]),

        relation(s1r, [ 1 ]),

        relation(s2, [ 1 ]),

        relation(s2r, [ 0 ]),

        relation(s3, [ 1 ]),

        relation(s3r, [ 0 ]),

        relation(s3rr, [ 0 ]),

        relation(s3rrr, [ 0 ]),

        relation(left(_,_), [
			   0, 1, 0, 0, 0, 0, 0, 0, 0,
			   0, 0, 1, 0, 0, 0, 0, 0, 0,
			   0, 0, 0, 0, 0, 0, 0, 0, 0,
			   0, 0, 0, 0, 1, 0, 0, 0, 0,
			   0, 0, 0, 0, 0, 1, 0, 0, 0,
			   0, 0, 0, 0, 0, 0, 0, 0, 0,
			   0, 0, 0, 0, 0, 0, 0, 1, 0,
			   0, 0, 0, 0, 0, 0, 0, 0, 1,
			   0, 0, 0, 0, 0, 0, 0, 0, 0 ]),

        relation(on(_,_), [
			   0, 0, 0, 1, 0, 0, 0, 0, 0,
			   0, 0, 0, 0, 1, 0, 0, 0, 0,
			   0, 0, 0, 0, 0, 1, 0, 0, 0,
			   0, 0, 0, 0, 0, 0, 1, 0, 0,
			   0, 0, 0, 0, 0, 0, 0, 1, 0,
			   0, 0, 0, 0, 0, 0, 0, 0, 1,
			   0, 0, 0, 0, 0, 0, 0, 0, 0,
			   0, 0, 0, 0, 0, 0, 0, 0, 0,
			   0, 0, 0, 0, 0, 0, 0, 0, 0 ])
]).

============================== end of model ==========================

============================== MODEL =================================

interpretation( 9, [number=42, seconds=0], [

        function(a0, [ 6 ]),

        function(a1, [ 2 ]),

        function(a2, [ 5 ]),

        function(a3, [ 7 ]),

        function(a4, [ 1 ]),

        function(a5, [ 4 ]),

        function(a6, [ 8 ]),

        function(a7, [ 0 ]),

        function(a8, [ 3 ]),

        function(c(_), [ 1, 1, 3, 1, 2, 2, 0, 0, 0 ]),

        relation(s1, [ 0 ]),

        relation(s1r, [ 1 ]),

        relation(s2, [ 0 ]),

        relation(s2r, [ 1 ]),

        relation(s3, [ 0 ]),

        relation(s3r, [ 1 ]),

        relation(s3rr, [ 0 ]),

        relation(s3rrr, [ 0 ]),

        relation(left(_,_), [
			   0, 1, 0, 0, 0, 0, 0, 0, 0,
			   0, 0, 1, 0, 0, 0, 0, 0, 0,
			   0, 0, 0, 0, 0, 0, 0, 0, 0,
			   0, 0, 0, 0, 1, 0, 0, 0, 0,
			   0, 0, 0, 0, 0, 1, 0, 0, 0,
			   0, 0, 0, 0, 0, 0, 0, 0, 0,
			   0, 0, 0, 0, 0, 0, 0, 1, 0,
			   0, 0, 0, 0, 0, 0, 0, 0, 1,
			   0, 0, 0, 0, 0, 0, 0, 0, 0 ]),

        relation(on(_,_), [
			   0, 0, 0, 1, 0, 0, 0, 0, 0,
			   0, 0, 0, 0, 1, 0, 0, 0, 0,
			   0, 0, 0, 0, 0, 1, 0, 0, 0,
			   0, 0, 0, 0, 0, 0, 1, 0, 0,
			   0, 0, 0, 0, 0, 0, 0, 1, 0,
			   0, 0, 0, 0, 0, 0, 0, 0, 1,
			   0, 0, 0, 0, 0, 0, 0, 0, 0,
			   0, 0, 0, 0, 0, 0, 0, 0, 0,
			   0, 0, 0, 0, 0, 0, 0, 0, 0 ])
]).

============================== end of model ==========================

============================== MODEL =================================

interpretation( 9, [number=43, seconds=0], [

        function(a0, [ 6 ]),

        function(a1, [ 3 ]),

        function(a2, [ 1 ]),

        function(a3, [ 7 ]),

        function(a4, [ 4 ]),

        function(a5, [ 0 ]),

        function(a6, [ 8 ]),

        function(a7, [ 5 ]),

        function(a8, [ 2 ]),

        function(c(_), [ 2, 2, 1, 3, 1, 1, 0, 0, 0 ]),

        relation(s1, [ 0 ]),

        relation(s1r, [ 1 ]),

        relation(s2, [ 0 ]),

        relation(s2r, [ 1 ]),

        relation(s3, [ 0 ]),

        relation(s3r, [ 0 ]),

        relation(s3rr, [ 0 ]),

        relation(s3rrr, [ 1 ]),

        relation(left(_,_), [
			   0, 1, 0, 0, 0, 0, 0, 0, 0,
			   0, 0, 1, 0, 0, 0, 0, 0, 0,
			   0, 0, 0, 0, 0, 0, 0, 0, 0,
			   0, 0, 0, 0, 1, 0, 0, 0, 0,
			   0, 0, 0, 0, 0, 1, 0, 0, 0,
			   0, 0, 0, 0, 0, 0, 0, 0, 0,
			   0, 0, 0, 0, 0, 0, 0, 1, 0,
			   0, 0, 0, 0, 0, 0, 0, 0, 1,
			   0, 0, 0, 0, 0, 0, 0, 0, 0 ]),

        relation(on(_,_), [
			   0, 0, 0, 1, 0, 0, 0, 0, 0,
			   0, 0, 0, 0, 1, 0, 0, 0, 0,
			   0, 0, 0, 0, 0, 1, 0, 0, 0,
			   0, 0, 0, 0, 0, 0, 1, 0, 0,
			   0, 0, 0, 0, 0, 0, 0, 1, 0,
			   0, 0, 0, 0, 0, 0, 0, 0, 1,
			   0, 0, 0, 0, 0, 0, 0, 0, 0,
			   0, 0, 0, 0, 0, 0, 0, 0, 0,
			   0, 0, 0, 0, 0, 0, 0, 0, 0 ])
]).

============================== end of model ==========================

============================== MODEL =================================

interpretation( 9, [number=44, seconds=0], [

        function(a0, [ 6 ]),

        function(a1, [ 3 ]),

        function(a2, [ 2 ]),

        function(a3, [ 7 ]),

        function(a4, [ 4 ]),

        function(a5, [ 5 ]),

        function(a6, [ 8 ]),

        function(a7, [ 1 ]),

        function(a8, [ 0 ]),

        function(c(_), [ 1, 1, 2, 3, 1, 2, 0, 0, 0 ]),

        relation(s1, [ 0 ]),

        relation(s1r, [ 1 ]),

        relation(s2, [ 1 ]),

        relation(s2r, [ 0 ]),

        relation(s3, [ 0 ]),

        relation(s3r, [ 0 ]),

        relation(s3rr, [ 1 ]),

        relation(s3rrr, [ 0 ]),

        relation(left(_,_), [
			   0, 1, 0, 0, 0, 0, 0, 0, 0,
			   0, 0, 1, 0, 0, 0, 0, 0, 0,
			   0, 0, 0, 0, 0, 0, 0, 0, 0,
			   0, 0, 0, 0, 1, 0, 0, 0, 0,
			   0, 0, 0, 0, 0, 1, 0, 0, 0,
			   0, 0, 0, 0, 0, 0, 0, 0, 0,
			   0, 0, 0, 0, 0, 0, 0, 1, 0,
			   0, 0, 0, 0, 0, 0, 0, 0, 1,
			   0, 0, 0, 0, 0, 0, 0, 0, 0 ]),

        relation(on(_,_), [
			   0, 0, 0, 1, 0, 0, 0, 0, 0,
			   0, 0, 0, 0, 1, 0, 0, 0, 0,
			   0, 0, 0, 0, 0, 1, 0, 0, 0,
			   0, 0, 0, 0, 0, 0, 1, 0, 0,
			   0, 0, 0, 0, 0, 0, 0, 1, 0,
			   0, 0, 0, 0, 0, 0, 0, 0, 1,
			   0, 0, 0, 0, 0, 0, 0, 0, 0,
			   0, 0, 0, 0, 0, 0, 0, 0, 0,
			   0, 0, 0, 0, 0, 0, 0, 0, 0 ])
]).

============================== end of model ==========================

============================== MODEL =================================

interpretation( 9, [number=45, seconds=0], [

        function(a0, [ 6 ]),

        function(a1, [ 4 ]),

        function(a2, [ 0 ]),

        function(a3, [ 7 ]),

        function(a4, [ 5 ]),

        function(a5, [ 3 ]),

        function(a6, [ 8 ]),

        function(a7, [ 2 ]),

        function(a8, [ 1 ]),

        function(c(_), [ 2, 1, 1, 2, 3, 1, 0, 0, 0 ]),

        relation(s1, [ 0 ]),

        relation(s1r, [ 1 ]),

        relation(s2, [ 1 ]),

        relation(s2r, [ 0 ]),

        relation(s3, [ 0 ]),

        relation(s3r, [ 0 ]),

        relation(s3rr, [ 1 ]),

        relation(s3rrr, [ 0 ]),

        relation(left(_,_), [
			   0, 1, 0, 0, 0, 0, 0, 0, 0,
			   0, 0, 1, 0, 0, 0, 0, 0, 0,
			   0, 0, 0, 0, 0, 0, 0, 0, 0,
			   0, 0, 0, 0, 1, 0, 0, 0, 0,
			   0, 0, 0, 0, 0, 1, 0, 0, 0,
			   0, 0, 0, 0, 0, 0, 0, 0, 0,
			   0, 0, 0, 0, 0, 0, 0, 1, 0,
			   0, 0, 0, 0, 0, 0, 0, 0, 1,
			   0, 0, 0, 0, 0, 0, 0, 0, 0 ]),

        relation(on(_,_), [
			   0, 0, 0, 1, 0, 0, 0, 0, 0,
			   0, 0, 0, 0, 1, 0, 0, 0, 0,
			   0, 0, 0, 0, 0, 1, 0, 0, 0,
			   0, 0, 0, 0, 0, 0, 1, 0, 0,
			   0, 0, 0, 0, 0, 0, 0, 1, 0,
			   0, 0, 0, 0, 0, 0, 0, 0, 1,
			   0, 0, 0, 0, 0, 0, 0, 0, 0,
			   0, 0, 0, 0, 0, 0, 0, 0, 0,
			   0, 0, 0, 0, 0, 0, 0, 0, 0 ])
]).

============================== end of model ==========================

============================== MODEL =================================

interpretation( 9, [number=46, seconds=0], [

        function(a0, [ 6 ]),

        function(a1, [ 4 ]),

        function(a2, [ 2 ]),

        function(a3, [ 7 ]),

        function(a4, [ 1 ]),

        function(a5, [ 5 ]),

        function(a6, [ 8 ]),

        function(a7, [ 0 ]),

        function(a8, [ 3 ]),

        function(c(_), [ 1, 1, 2, 1, 3, 2, 0, 0, 0 ]),

        relation(s1, [ 0 ]),

        relation(s1r, [ 1 ]),

        relation(s2, [ 1 ]),

        relation(s2r, [ 0 ]),

        relation(s3, [ 0 ]),

        relation(s3r, [ 1 ]),

        relation(s3rr, [ 0 ]),

        relation(s3rrr, [ 0 ]),

        relation(left(_,_), [
			   0, 1, 0, 0, 0, 0, 0, 0, 0,
			   0, 0, 1, 0, 0, 0, 0, 0, 0,
			   0, 0, 0, 0, 0, 0, 0, 0, 0,
			   0, 0, 0, 0, 1, 0, 0, 0, 0,
			   0, 0, 0, 0, 0, 1, 0, 0, 0,
			   0, 0, 0, 0, 0, 0, 0, 0, 0,
			   0, 0, 0, 0, 0, 0, 0, 1, 0,
			   0, 0, 0, 0, 0, 0, 0, 0, 1,
			   0, 0, 0, 0, 0, 0, 0, 0, 0 ]),

        relation(on(_,_), [
			   0, 0, 0, 1, 0, 0, 0, 0, 0,
			   0, 0, 0, 0, 1, 0, 0, 0, 0,
			   0, 0, 0, 0, 0, 1, 0, 0, 0,
			   0, 0, 0, 0, 0, 0, 1, 0, 0,
			   0, 0, 0, 0, 0, 0, 0, 1, 0,
			   0, 0, 0, 0, 0, 0, 0, 0, 1,
			   0, 0, 0, 0, 0, 0, 0, 0, 0,
			   0, 0, 0, 0, 0, 0, 0, 0, 0,
			   0, 0, 0, 0, 0, 0, 0, 0, 0 ])
]).

============================== end of model ==========================

============================== MODEL =================================

interpretation( 9, [number=47, seconds=0], [

        function(a0, [ 6 ]),

        function(a1, [ 5 ]),

        function(a2, [ 0 ]),

        function(a3, [ 7 ]),

        function(a4, [ 2 ]),

        function(a5, [ 3 ]),

        function(a6, [ 8 ]),

        function(a7, [ 1 ]),

        function(a8, [ 4 ]),

        function(c(_), [ 2, 1, 1, 2, 1, 3, 0, 0, 0 ]),

        relation(s1, [ 0 ]),

        relation(s1r, [ 1 ]),

        relation(s2, [ 1 ]),

        relation(s2r, [ 0 ]),

        relation(s3, [ 0 ]),

        relation(s3r, [ 1 ]),

        relation(s3rr, [ 0 ]),

        relation(s3rrr, [ 0 ]),

        relation(left(_,_), [
			   0, 1, 0, 0, 0, 0, 0, 0, 0,
			   0, 0, 1, 0, 0, 0, 0, 0, 0,
			   0, 0, 0, 0, 0, 0, 0, 0, 0,
			   0, 0, 0, 0, 1, 0, 0, 0, 0,
			   0, 0, 0, 0, 0, 1, 0, 0, 0,
			   0, 0, 0, 0, 0, 0, 0, 0, 0,
			   0, 0, 0, 0, 0, 0, 0, 1, 0,
			   0, 0, 0, 0, 0, 0, 0, 0, 1,
			   0, 0, 0, 0, 0, 0, 0, 0, 0 ]),

        relation(on(_,_), [
			   0, 0, 0, 1, 0, 0, 0, 0, 0,
			   0, 0, 0, 0, 1, 0, 0, 0, 0,
			   0, 0, 0, 0, 0, 1, 0, 0, 0,
			   0, 0, 0, 0, 0, 0, 1, 0, 0,
			   0, 0, 0, 0, 0, 0, 0, 1, 0,
			   0, 0, 0, 0, 0, 0, 0, 0, 1,
			   0, 0, 0, 0, 0, 0, 0, 0, 0,
			   0, 0, 0, 0, 0, 0, 0, 0, 0,
			   0, 0, 0, 0, 0, 0, 0, 0, 0 ])
]).

============================== end of model ==========================

============================== MODEL =================================

interpretation( 9, [number=48, seconds=0], [

        function(a0, [ 6 ]),

        function(a1, [ 5 ]),

        function(a2, [ 2 ]),

        function(a3, [ 7 ]),

        function(a4, [ 0 ]),

        function(a5, [ 1 ]),

        function(a6, [ 8 ]),

        function(a7, [ 3 ]),

        function(a8, [ 4 ]),

        function(c(_), [ 1, 2, 2, 1, 1, 3, 0, 0, 0 ]),

        relation(s1, [ 0 ]),

        relation(s1r, [ 1 ]),

        relation(s2, [ 0 ]),

        relation(s2r, [ 1 ]),

        relation(s3, [ 1 ]),

        relation(s3r, [ 0 ]),

        relation(s3rr, [ 0 ]),

        relation(s3rrr, [ 0 ]),

        relation(left(_,_), [
			   0, 1, 0, 0, 0, 0, 0, 0, 0,
			   0, 0, 1, 0, 0, 0, 0, 0, 0,
			   0, 0, 0, 0, 0, 0, 0, 0, 0,
			   0, 0, 0, 0, 1, 0, 0, 0, 0,
			   0, 0, 0, 0, 0, 1, 0, 0, 0,
			   0, 0, 0, 0, 0, 0, 0, 0, 0,
			   0, 0, 0, 0, 0, 0, 0, 1, 0,
			   0, 0, 0, 0, 0, 0, 0, 0, 1,
			   0, 0, 0, 0, 0, 0, 0, 0, 0 ]),

        relation(on(_,_), [
			   0, 0, 0, 1, 0, 0, 0, 0, 0,
			   0, 0, 0, 0, 1, 0, 0, 0, 0,
			   0, 0, 0, 0, 0, 1, 0, 0, 0,
			   0, 0, 0, 0, 0, 0, 1, 0, 0,
			   0, 0, 0, 0, 0, 0, 0, 1, 0,
			   0, 0, 0, 0, 0, 0, 0, 0, 1,
			   0, 0, 0, 0, 0, 0, 0, 0, 0,
			   0, 0, 0, 0, 0, 0, 0, 0, 0,
			   0, 0, 0, 0, 0, 0, 0, 0, 0 ])
]).

============================== end of model ==========================

============================== STATISTICS ============================

For domain size 9.

Current CPU time: 0.00 seconds (total CPU time: 0.04 seconds).
Ground clauses: seen=894, kept=246.
Selections=1918, assignments=17262, propagations=22935, current_models=48.
Rewrite_terms=181830, rewrite_bools=129940, indexes=7581.
Rules_from_neg_clauses=1368, cross_offs=28800.

============================== end of statistics =====================

User_CPU=0.04, System_CPU=0.01, Wall_clock=0.

Exiting with 48 models.

Process 28331 exit (all_models) Thu Jan 21 14:56:32 2021
The process finished Thu Jan 21 14:56:32 2021
