============================== Mace4 =================================
Mace4 (64) version 2009-11A, November 2009.
Process 28332 was started by adrian on adrian,
Thu Jan 21 14:56:32 2021
The command was "mace4 -f ten-yen.in".
============================== end of head ===========================

============================== INPUT =================================

% Reading from file ten-yen.in

assign(domain_size,36).
    % assign(domain_size, 36) -> assign(start_size, 36).
    % assign(domain_size, 36) -> assign(end_size, 36).
assign(max_models,-1).
set(arithmetic).
    % set(arithmetic) -> clear(lnh).
    % set(arithmetic) -> assign(selection_order, 0).

    % Declaring Mace4 arithmetic parse types.

list(distinct).
[a0,a1,a2,a3,a4,a5,a6,a7,a8,a9,a10,a11,a12,a13,a14,a15,a16,a17,a18,a19,a20,a21,a22,a23,a24,a25,a26,a27,a28,a29,a30,a31,a32,a33,a34,a35].
end_of_list.

formulas(utils).
x < 30 -> (on(x,y) <-> y = x + 6).
x > 29 -> -on(x,y).
x != 5 & x != 11 & x != 17 & x != 23 & x != 29 & x != 35 -> (left(x,y) <-> y = x + 1).
-(x != 5 & x != 11 & x != 17 & x != 23 & x != 29 & x != 35) -> -left(x,y).
end_of_list.

formulas(ten_yen).
i1 <-> left(a6,a7) & on(a0,a6) & left(a7,a8) & on(a2,a8).
b1 <-> left(a14,a15) & on(a9,a15) & on(a3,a9) & left(a3,a4).
i2 <-> on(a5,a11) & on(a11,a17).
r2 <-> left(a12,a13) & on(a12,a18) & on(a18,a24).
i3 <-> left(a19,a20) & on(a20,a26) & left(a26,a27).
r3 <-> left(a21,a22) & left(a22,a23) & on(a16,a22) & on(a10,a16).
b2 <-> left(a30,a31) & on(a25,a31) & left(a31,a32).
r4 <-> left(a33,a34).
b3 <-> left(a28,a29) & on(a29,a35).
i1 & i2 & i3 & r1 & r2 & r3 & r4 & b1 & b2 & b3.
end_of_list.

formulas(pretty_print).
c(a0) = 0.
c(a6) = 0.
c(a7) = 0.
c(a8) = 0.
c(a2) = 0.
c(a1) = 2.
c(a14) = 1.
c(a15) = 1.
c(a9) = 1.
c(a3) = 1.
c(a4) = 1.
c(a22) = 2.
c(21) = 2.
c(a23) = 2.
c(a16) = 2.
c(a10) = 2.
c(a5) = 0.
c(a11) = 0.
c(a17) = 0.
c(a12) = 2.
c(a13) = 2.
c(a18) = 2.
c(a24) = 2.
c(a19) = 0.
c(a20) = 0.
c(a26) = 0.
c(a27) = 0.
c(a30) = 1.
c(a31) = 1.
c(a25) = 1.
c(a32) = 1.
c(a33) = 2.
c(a34) = 2.
c(a28) = 1.
c(a29) = 1.
c(a35) = 1.
end_of_list.

============================== end of input ==========================

============================== PROCESS NON-CLAUSAL FORMULAS ==========

% Formulas that are not ordinary clauses:
1 x < 30 -> (on(x,y) <-> y = x + 6) # label(non_clause).  [assumption].
2 x > 29 -> -on(x,y) # label(non_clause).  [assumption].
3 x != 5 & x != 11 & x != 17 & x != 23 & x != 29 & x != 35 -> (left(x,y) <-> y = x + 1) # label(non_clause).  [assumption].
4 -(x != 5 & x != 11 & x != 17 & x != 23 & x != 29 & x != 35) -> -left(x,y) # label(non_clause).  [assumption].
5 i1 <-> left(a6,a7) & on(a0,a6) & left(a7,a8) & on(a2,a8) # label(non_clause).  [assumption].
6 b1 <-> left(a14,a15) & on(a9,a15) & on(a3,a9) & left(a3,a4) # label(non_clause).  [assumption].
7 i2 <-> on(a5,a11) & on(a11,a17) # label(non_clause).  [assumption].
8 r2 <-> left(a12,a13) & on(a12,a18) & on(a18,a24) # label(non_clause).  [assumption].
9 i3 <-> left(a19,a20) & on(a20,a26) & left(a26,a27) # label(non_clause).  [assumption].
10 r3 <-> left(a21,a22) & left(a22,a23) & on(a16,a22) & on(a10,a16) # label(non_clause).  [assumption].
11 b2 <-> left(a30,a31) & on(a25,a31) & left(a31,a32) # label(non_clause).  [assumption].
12 r4 <-> left(a33,a34) # label(non_clause).  [assumption].
13 b3 <-> left(a28,a29) & on(a29,a35) # label(non_clause).  [assumption].
14 i1 & i2 & i3 & r1 & r2 & r3 & r4 & b1 & b2 & b3 # label(non_clause).  [assumption].

============================== end of process non-clausal formulas ===

============================== CLAUSES FOR SEARCH ====================

formulas(mace4_clauses).
-(x < 30) | -on(x,y) | x + 6 = y.
-(x < 30) | on(x,y) | x + 6 != y.
-(x > 29) | -on(x,y).
5 = x | 11 = x | 17 = x | 23 = x | 29 = x | 35 = x | -left(x,y) | x + 1 = y.
5 = x | 11 = x | 17 = x | 23 = x | 29 = x | 35 = x | left(x,y) | x + 1 != y.
5 != x | -left(x,y).
11 != x | -left(x,y).
17 != x | -left(x,y).
23 != x | -left(x,y).
29 != x | -left(x,y).
35 != x | -left(x,y).
-i1 | left(a6,a7).
-i1 | on(a0,a6).
-i1 | left(a7,a8).
-i1 | on(a2,a8).
i1 | -left(a6,a7) | -on(a0,a6) | -left(a7,a8) | -on(a2,a8).
-b1 | left(a14,a15).
-b1 | on(a9,a15).
-b1 | on(a3,a9).
-b1 | left(a3,a4).
b1 | -left(a14,a15) | -on(a9,a15) | -on(a3,a9) | -left(a3,a4).
-i2 | on(a5,a11).
-i2 | on(a11,a17).
i2 | -on(a5,a11) | -on(a11,a17).
-r2 | left(a12,a13).
-r2 | on(a12,a18).
-r2 | on(a18,a24).
r2 | -left(a12,a13) | -on(a12,a18) | -on(a18,a24).
-i3 | left(a19,a20).
-i3 | on(a20,a26).
-i3 | left(a26,a27).
i3 | -left(a19,a20) | -on(a20,a26) | -left(a26,a27).
-r3 | left(a21,a22).
-r3 | left(a22,a23).
-r3 | on(a16,a22).
-r3 | on(a10,a16).
r3 | -left(a21,a22) | -left(a22,a23) | -on(a16,a22) | -on(a10,a16).
-b2 | left(a30,a31).
-b2 | on(a25,a31).
-b2 | left(a31,a32).
b2 | -left(a30,a31) | -on(a25,a31) | -left(a31,a32).
-r4 | left(a33,a34).
r4 | -left(a33,a34).
-b3 | left(a28,a29).
-b3 | on(a29,a35).
b3 | -left(a28,a29) | -on(a29,a35).
i1.
i2.
i3.
r1.
r2.
r3.
r4.
b1.
b2.
b3.
c(a0) = 0.
c(a6) = 0.
c(a7) = 0.
c(a8) = 0.
c(a2) = 0.
c(a1) = 2.
c(a14) = 1.
c(a15) = 1.
c(a9) = 1.
c(a3) = 1.
c(a4) = 1.
c(a22) = 2.
c(21) = 2.
c(a23) = 2.
c(a16) = 2.
c(a10) = 2.
c(a5) = 0.
c(a11) = 0.
c(a17) = 0.
c(a12) = 2.
c(a13) = 2.
c(a18) = 2.
c(a24) = 2.
c(a19) = 0.
c(a20) = 0.
c(a26) = 0.
c(a27) = 0.
c(a30) = 1.
c(a31) = 1.
c(a25) = 1.
c(a32) = 1.
c(a33) = 2.
c(a34) = 2.
c(a28) = 1.
c(a29) = 1.
c(a35) = 1.
a0 != a1.
a0 != a2.
a0 != a3.
a0 != a4.
a0 != a5.
a0 != a6.
a0 != a7.
a0 != a8.
a0 != a9.
a0 != a10.
a0 != a11.
a0 != a12.
a0 != a13.
a0 != a14.
a0 != a15.
a0 != a16.
a0 != a17.
a0 != a18.
a0 != a19.
a0 != a20.
a0 != a21.
a0 != a22.
a0 != a23.
a0 != a24.
a0 != a25.
a0 != a26.
a0 != a27.
a0 != a28.
a0 != a29.
a0 != a30.
a0 != a31.
a0 != a32.
a0 != a33.
a0 != a34.
a0 != a35.
a1 != a2.
a1 != a3.
a1 != a4.
a1 != a5.
a1 != a6.
a1 != a7.
a1 != a8.
a1 != a9.
a1 != a10.
a1 != a11.
a1 != a12.
a1 != a13.
a1 != a14.
a1 != a15.
a1 != a16.
a1 != a17.
a1 != a18.
a1 != a19.
a1 != a20.
a1 != a21.
a1 != a22.
a1 != a23.
a1 != a24.
a1 != a25.
a1 != a26.
a1 != a27.
a1 != a28.
a1 != a29.
a1 != a30.
a1 != a31.
a1 != a32.
a1 != a33.
a1 != a34.
a1 != a35.
a2 != a3.
a2 != a4.
a2 != a5.
a2 != a6.
a2 != a7.
a2 != a8.
a2 != a9.
a2 != a10.
a2 != a11.
a2 != a12.
a2 != a13.
a2 != a14.
a2 != a15.
a2 != a16.
a2 != a17.
a2 != a18.
a2 != a19.
a2 != a20.
a2 != a21.
a2 != a22.
a2 != a23.
a2 != a24.
a2 != a25.
a2 != a26.
a2 != a27.
a2 != a28.
a2 != a29.
a2 != a30.
a2 != a31.
a2 != a32.
a2 != a33.
a2 != a34.
a2 != a35.
a3 != a4.
a3 != a5.
a3 != a6.
a3 != a7.
a3 != a8.
a3 != a9.
a3 != a10.
a3 != a11.
a3 != a12.
a3 != a13.
a3 != a14.
a3 != a15.
a3 != a16.
a3 != a17.
a3 != a18.
a3 != a19.
a3 != a20.
a3 != a21.
a3 != a22.
a3 != a23.
a3 != a24.
a3 != a25.
a3 != a26.
a3 != a27.
a3 != a28.
a3 != a29.
a3 != a30.
a3 != a31.
a3 != a32.
a3 != a33.
a3 != a34.
a3 != a35.
a4 != a5.
a4 != a6.
a4 != a7.
a4 != a8.
a4 != a9.
a4 != a10.
a4 != a11.
a4 != a12.
a4 != a13.
a4 != a14.
a4 != a15.
a4 != a16.
a4 != a17.
a4 != a18.
a4 != a19.
a4 != a20.
a4 != a21.
a4 != a22.
a4 != a23.
a4 != a24.
a4 != a25.
a4 != a26.
a4 != a27.
a4 != a28.
a4 != a29.
a4 != a30.
a4 != a31.
a4 != a32.
a4 != a33.
a4 != a34.
a4 != a35.
a5 != a6.
a5 != a7.
a5 != a8.
a5 != a9.
a5 != a10.
a5 != a11.
a5 != a12.
a5 != a13.
a5 != a14.
a5 != a15.
a5 != a16.
a5 != a17.
a5 != a18.
a5 != a19.
a5 != a20.
a5 != a21.
a5 != a22.
a5 != a23.
a5 != a24.
a5 != a25.
a5 != a26.
a5 != a27.
a5 != a28.
a5 != a29.
a5 != a30.
a5 != a31.
a5 != a32.
a5 != a33.
a5 != a34.
a5 != a35.
a6 != a7.
a6 != a8.
a6 != a9.
a6 != a10.
a6 != a11.
a6 != a12.
a6 != a13.
a6 != a14.
a6 != a15.
a6 != a16.
a6 != a17.
a6 != a18.
a6 != a19.
a6 != a20.
a6 != a21.
a6 != a22.
a6 != a23.
a6 != a24.
a6 != a25.
a6 != a26.
a6 != a27.
a6 != a28.
a6 != a29.
a6 != a30.
a6 != a31.
a6 != a32.
a6 != a33.
a6 != a34.
a6 != a35.
a7 != a8.
a7 != a9.
a7 != a10.
a7 != a11.
a7 != a12.
a7 != a13.
a7 != a14.
a7 != a15.
a7 != a16.
a7 != a17.
a7 != a18.
a7 != a19.
a7 != a20.
a7 != a21.
a7 != a22.
a7 != a23.
a7 != a24.
a7 != a25.
a7 != a26.
a7 != a27.
a7 != a28.
a7 != a29.
a7 != a30.
a7 != a31.
a7 != a32.
a7 != a33.
a7 != a34.
a7 != a35.
a8 != a9.
a8 != a10.
a8 != a11.
a8 != a12.
a8 != a13.
a8 != a14.
a8 != a15.
a8 != a16.
a8 != a17.
a8 != a18.
a8 != a19.
a8 != a20.
a8 != a21.
a8 != a22.
a8 != a23.
a8 != a24.
a8 != a25.
a8 != a26.
a8 != a27.
a8 != a28.
a8 != a29.
a8 != a30.
a8 != a31.
a8 != a32.
a8 != a33.
a8 != a34.
a8 != a35.
a9 != a10.
a9 != a11.
a9 != a12.
a9 != a13.
a9 != a14.
a9 != a15.
a9 != a16.
a9 != a17.
a9 != a18.
a9 != a19.
a9 != a20.
a9 != a21.
a9 != a22.
a9 != a23.
a9 != a24.
a9 != a25.
a9 != a26.
a9 != a27.
a9 != a28.
a9 != a29.
a9 != a30.
a9 != a31.
a9 != a32.
a9 != a33.
a9 != a34.
a9 != a35.
a10 != a11.
a10 != a12.
a10 != a13.
a10 != a14.
a10 != a15.
a10 != a16.
a10 != a17.
a10 != a18.
a10 != a19.
a10 != a20.
a10 != a21.
a10 != a22.
a10 != a23.
a10 != a24.
a10 != a25.
a10 != a26.
a10 != a27.
a10 != a28.
a10 != a29.
a10 != a30.
a10 != a31.
a10 != a32.
a10 != a33.
a10 != a34.
a10 != a35.
a11 != a12.
a11 != a13.
a11 != a14.
a11 != a15.
a11 != a16.
a11 != a17.
a11 != a18.
a11 != a19.
a11 != a20.
a11 != a21.
a11 != a22.
a11 != a23.
a11 != a24.
a11 != a25.
a11 != a26.
a11 != a27.
a11 != a28.
a11 != a29.
a11 != a30.
a11 != a31.
a11 != a32.
a11 != a33.
a11 != a34.
a11 != a35.
a12 != a13.
a12 != a14.
a12 != a15.
a12 != a16.
a12 != a17.
a12 != a18.
a12 != a19.
a12 != a20.
a12 != a21.
a12 != a22.
a12 != a23.
a12 != a24.
a12 != a25.
a12 != a26.
a12 != a27.
a12 != a28.
a12 != a29.
a12 != a30.
a12 != a31.
a12 != a32.
a12 != a33.
a12 != a34.
a12 != a35.
a13 != a14.
a13 != a15.
a13 != a16.
a13 != a17.
a13 != a18.
a13 != a19.
a13 != a20.
a13 != a21.
a13 != a22.
a13 != a23.
a13 != a24.
a13 != a25.
a13 != a26.
a13 != a27.
a13 != a28.
a13 != a29.
a13 != a30.
a13 != a31.
a13 != a32.
a13 != a33.
a13 != a34.
a13 != a35.
a14 != a15.
a14 != a16.
a14 != a17.
a14 != a18.
a14 != a19.
a14 != a20.
a14 != a21.
a14 != a22.
a14 != a23.
a14 != a24.
a14 != a25.
a14 != a26.
a14 != a27.
a14 != a28.
a14 != a29.
a14 != a30.
a14 != a31.
a14 != a32.
a14 != a33.
a14 != a34.
a14 != a35.
a15 != a16.
a15 != a17.
a15 != a18.
a15 != a19.
a15 != a20.
a15 != a21.
a15 != a22.
a15 != a23.
a15 != a24.
a15 != a25.
a15 != a26.
a15 != a27.
a15 != a28.
a15 != a29.
a15 != a30.
a15 != a31.
a15 != a32.
a15 != a33.
a15 != a34.
a15 != a35.
a16 != a17.
a16 != a18.
a16 != a19.
a16 != a20.
a16 != a21.
a16 != a22.
a16 != a23.
a16 != a24.
a16 != a25.
a16 != a26.
a16 != a27.
a16 != a28.
a16 != a29.
a16 != a30.
a16 != a31.
a16 != a32.
a16 != a33.
a16 != a34.
a16 != a35.
a17 != a18.
a17 != a19.
a17 != a20.
a17 != a21.
a17 != a22.
a17 != a23.
a17 != a24.
a17 != a25.
a17 != a26.
a17 != a27.
a17 != a28.
a17 != a29.
a17 != a30.
a17 != a31.
a17 != a32.
a17 != a33.
a17 != a34.
a17 != a35.
a18 != a19.
a18 != a20.
a18 != a21.
a18 != a22.
a18 != a23.
a18 != a24.
a18 != a25.
a18 != a26.
a18 != a27.
a18 != a28.
a18 != a29.
a18 != a30.
a18 != a31.
a18 != a32.
a18 != a33.
a18 != a34.
a18 != a35.
a19 != a20.
a19 != a21.
a19 != a22.
a19 != a23.
a19 != a24.
a19 != a25.
a19 != a26.
a19 != a27.
a19 != a28.
a19 != a29.
a19 != a30.
a19 != a31.
a19 != a32.
a19 != a33.
a19 != a34.
a19 != a35.
a20 != a21.
a20 != a22.
a20 != a23.
a20 != a24.
a20 != a25.
a20 != a26.
a20 != a27.
a20 != a28.
a20 != a29.
a20 != a30.
a20 != a31.
a20 != a32.
a20 != a33.
a20 != a34.
a20 != a35.
a21 != a22.
a21 != a23.
a21 != a24.
a21 != a25.
a21 != a26.
a21 != a27.
a21 != a28.
a21 != a29.
a21 != a30.
a21 != a31.
a21 != a32.
a21 != a33.
a21 != a34.
a21 != a35.
a22 != a23.
a22 != a24.
a22 != a25.
a22 != a26.
a22 != a27.
a22 != a28.
a22 != a29.
a22 != a30.
a22 != a31.
a22 != a32.
a22 != a33.
a22 != a34.
a22 != a35.
a23 != a24.
a23 != a25.
a23 != a26.
a23 != a27.
a23 != a28.
a23 != a29.
a23 != a30.
a23 != a31.
a23 != a32.
a23 != a33.
a23 != a34.
a23 != a35.
a24 != a25.
a24 != a26.
a24 != a27.
a24 != a28.
a24 != a29.
a24 != a30.
a24 != a31.
a24 != a32.
a24 != a33.
a24 != a34.
a24 != a35.
a25 != a26.
a25 != a27.
a25 != a28.
a25 != a29.
a25 != a30.
a25 != a31.
a25 != a32.
a25 != a33.
a25 != a34.
a25 != a35.
a26 != a27.
a26 != a28.
a26 != a29.
a26 != a30.
a26 != a31.
a26 != a32.
a26 != a33.
a26 != a34.
a26 != a35.
a27 != a28.
a27 != a29.
a27 != a30.
a27 != a31.
a27 != a32.
a27 != a33.
a27 != a34.
a27 != a35.
a28 != a29.
a28 != a30.
a28 != a31.
a28 != a32.
a28 != a33.
a28 != a34.
a28 != a35.
a29 != a30.
a29 != a31.
a29 != a32.
a29 != a33.
a29 != a34.
a29 != a35.
a30 != a31.
a30 != a32.
a30 != a33.
a30 != a34.
a30 != a35.
a31 != a32.
a31 != a33.
a31 != a34.
a31 != a35.
a32 != a33.
a32 != a34.
a32 != a35.
a33 != a34.
a33 != a35.
a34 != a35.
end_of_list.

============================== end of clauses for search =============

% The largest natural number in the input is 35.

============================== DOMAIN SIZE 36 ========================

============================== MODEL =================================

interpretation( 36, [number=1, seconds=0], [

        function(a0, [ 0 ]),

        function(a1, [ 1 ]),

        function(a10, [10 ]),

        function(a11, [11 ]),

        function(a12, [12 ]),

        function(a13, [13 ]),

        function(a14, [14 ]),

        function(a15, [15 ]),

        function(a16, [16 ]),

        function(a17, [17 ]),

        function(a18, [18 ]),

        function(a19, [19 ]),

        function(a2, [ 2 ]),

        function(a20, [20 ]),

        function(a21, [21 ]),

        function(a22, [22 ]),

        function(a23, [23 ]),

        function(a24, [24 ]),

        function(a25, [25 ]),

        function(a26, [26 ]),

        function(a27, [27 ]),

        function(a28, [28 ]),

        function(a29, [29 ]),

        function(a3, [ 3 ]),

        function(a30, [30 ]),

        function(a31, [31 ]),

        function(a32, [32 ]),

        function(a33, [33 ]),

        function(a34, [34 ]),

        function(a35, [35 ]),

        function(a4, [ 4 ]),

        function(a5, [ 5 ]),

        function(a6, [ 6 ]),

        function(a7, [ 7 ]),

        function(a8, [ 8 ]),

        function(a9, [ 9 ]),

        function(c(_), [ 0, 2, 0, 1, 1, 0, 0, 0, 0, 1, 2, 0, 2, 2, 1, 1, 2, 0, 2, 0, 0, 2, 2, 2, 2, 1, 0, 0, 1, 1, 1, 1, 1, 2, 2, 1 ]),

        relation(b1, [ 1 ]),

        relation(b2, [ 1 ]),

        relation(b3, [ 1 ]),

        relation(i1, [ 1 ]),

        relation(i2, [ 1 ]),

        relation(i3, [ 1 ]),

        relation(r1, [ 1 ]),

        relation(r2, [ 1 ]),

        relation(r3, [ 1 ]),

        relation(r4, [ 1 ]),

        relation(left(_,_), [
			   0, 1, 0, 0, 0, 0, 0, 0, 0, 0, 0, 0, 0, 0, 0, 0, 0, 0, 0, 0, 0, 0, 0, 0, 0, 0, 0, 0, 0, 0, 0, 0, 0, 0, 0, 0,
			   0, 0, 1, 0, 0, 0, 0, 0, 0, 0, 0, 0, 0, 0, 0, 0, 0, 0, 0, 0, 0, 0, 0, 0, 0, 0, 0, 0, 0, 0, 0, 0, 0, 0, 0, 0,
			   0, 0, 0, 1, 0, 0, 0, 0, 0, 0, 0, 0, 0, 0, 0, 0, 0, 0, 0, 0, 0, 0, 0, 0, 0, 0, 0, 0, 0, 0, 0, 0, 0, 0, 0, 0,
			   0, 0, 0, 0, 1, 0, 0, 0, 0, 0, 0, 0, 0, 0, 0, 0, 0, 0, 0, 0, 0, 0, 0, 0, 0, 0, 0, 0, 0, 0, 0, 0, 0, 0, 0, 0,
			   0, 0, 0, 0, 0, 1, 0, 0, 0, 0, 0, 0, 0, 0, 0, 0, 0, 0, 0, 0, 0, 0, 0, 0, 0, 0, 0, 0, 0, 0, 0, 0, 0, 0, 0, 0,
			   0, 0, 0, 0, 0, 0, 0, 0, 0, 0, 0, 0, 0, 0, 0, 0, 0, 0, 0, 0, 0, 0, 0, 0, 0, 0, 0, 0, 0, 0, 0, 0, 0, 0, 0, 0,
			   0, 0, 0, 0, 0, 0, 0, 1, 0, 0, 0, 0, 0, 0, 0, 0, 0, 0, 0, 0, 0, 0, 0, 0, 0, 0, 0, 0, 0, 0, 0, 0, 0, 0, 0, 0,
			   0, 0, 0, 0, 0, 0, 0, 0, 1, 0, 0, 0, 0, 0, 0, 0, 0, 0, 0, 0, 0, 0, 0, 0, 0, 0, 0, 0, 0, 0, 0, 0, 0, 0, 0, 0,
			   0, 0, 0, 0, 0, 0, 0, 0, 0, 1, 0, 0, 0, 0, 0, 0, 0, 0, 0, 0, 0, 0, 0, 0, 0, 0, 0, 0, 0, 0, 0, 0, 0, 0, 0, 0,
			   0, 0, 0, 0, 0, 0, 0, 0, 0, 0, 1, 0, 0, 0, 0, 0, 0, 0, 0, 0, 0, 0, 0, 0, 0, 0, 0, 0, 0, 0, 0, 0, 0, 0, 0, 0,
			   0, 0, 0, 0, 0, 0, 0, 0, 0, 0, 0, 1, 0, 0, 0, 0, 0, 0, 0, 0, 0, 0, 0, 0, 0, 0, 0, 0, 0, 0, 0, 0, 0, 0, 0, 0,
			   0, 0, 0, 0, 0, 0, 0, 0, 0, 0, 0, 0, 0, 0, 0, 0, 0, 0, 0, 0, 0, 0, 0, 0, 0, 0, 0, 0, 0, 0, 0, 0, 0, 0, 0, 0,
			   0, 0, 0, 0, 0, 0, 0, 0, 0, 0, 0, 0, 0, 1, 0, 0, 0, 0, 0, 0, 0, 0, 0, 0, 0, 0, 0, 0, 0, 0, 0, 0, 0, 0, 0, 0,
			   0, 0, 0, 0, 0, 0, 0, 0, 0, 0, 0, 0, 0, 0, 1, 0, 0, 0, 0, 0, 0, 0, 0, 0, 0, 0, 0, 0, 0, 0, 0, 0, 0, 0, 0, 0,
			   0, 0, 0, 0, 0, 0, 0, 0, 0, 0, 0, 0, 0, 0, 0, 1, 0, 0, 0, 0, 0, 0, 0, 0, 0, 0, 0, 0, 0, 0, 0, 0, 0, 0, 0, 0,
			   0, 0, 0, 0, 0, 0, 0, 0, 0, 0, 0, 0, 0, 0, 0, 0, 1, 0, 0, 0, 0, 0, 0, 0, 0, 0, 0, 0, 0, 0, 0, 0, 0, 0, 0, 0,
			   0, 0, 0, 0, 0, 0, 0, 0, 0, 0, 0, 0, 0, 0, 0, 0, 0, 1, 0, 0, 0, 0, 0, 0, 0, 0, 0, 0, 0, 0, 0, 0, 0, 0, 0, 0,
			   0, 0, 0, 0, 0, 0, 0, 0, 0, 0, 0, 0, 0, 0, 0, 0, 0, 0, 0, 0, 0, 0, 0, 0, 0, 0, 0, 0, 0, 0, 0, 0, 0, 0, 0, 0,
			   0, 0, 0, 0, 0, 0, 0, 0, 0, 0, 0, 0, 0, 0, 0, 0, 0, 0, 0, 1, 0, 0, 0, 0, 0, 0, 0, 0, 0, 0, 0, 0, 0, 0, 0, 0,
			   0, 0, 0, 0, 0, 0, 0, 0, 0, 0, 0, 0, 0, 0, 0, 0, 0, 0, 0, 0, 1, 0, 0, 0, 0, 0, 0, 0, 0, 0, 0, 0, 0, 0, 0, 0,
			   0, 0, 0, 0, 0, 0, 0, 0, 0, 0, 0, 0, 0, 0, 0, 0, 0, 0, 0, 0, 0, 1, 0, 0, 0, 0, 0, 0, 0, 0, 0, 0, 0, 0, 0, 0,
			   0, 0, 0, 0, 0, 0, 0, 0, 0, 0, 0, 0, 0, 0, 0, 0, 0, 0, 0, 0, 0, 0, 1, 0, 0, 0, 0, 0, 0, 0, 0, 0, 0, 0, 0, 0,
			   0, 0, 0, 0, 0, 0, 0, 0, 0, 0, 0, 0, 0, 0, 0, 0, 0, 0, 0, 0, 0, 0, 0, 1, 0, 0, 0, 0, 0, 0, 0, 0, 0, 0, 0, 0,
			   0, 0, 0, 0, 0, 0, 0, 0, 0, 0, 0, 0, 0, 0, 0, 0, 0, 0, 0, 0, 0, 0, 0, 0, 0, 0, 0, 0, 0, 0, 0, 0, 0, 0, 0, 0,
			   0, 0, 0, 0, 0, 0, 0, 0, 0, 0, 0, 0, 0, 0, 0, 0, 0, 0, 0, 0, 0, 0, 0, 0, 0, 1, 0, 0, 0, 0, 0, 0, 0, 0, 0, 0,
			   0, 0, 0, 0, 0, 0, 0, 0, 0, 0, 0, 0, 0, 0, 0, 0, 0, 0, 0, 0, 0, 0, 0, 0, 0, 0, 1, 0, 0, 0, 0, 0, 0, 0, 0, 0,
			   0, 0, 0, 0, 0, 0, 0, 0, 0, 0, 0, 0, 0, 0, 0, 0, 0, 0, 0, 0, 0, 0, 0, 0, 0, 0, 0, 1, 0, 0, 0, 0, 0, 0, 0, 0,
			   0, 0, 0, 0, 0, 0, 0, 0, 0, 0, 0, 0, 0, 0, 0, 0, 0, 0, 0, 0, 0, 0, 0, 0, 0, 0, 0, 0, 1, 0, 0, 0, 0, 0, 0, 0,
			   0, 0, 0, 0, 0, 0, 0, 0, 0, 0, 0, 0, 0, 0, 0, 0, 0, 0, 0, 0, 0, 0, 0, 0, 0, 0, 0, 0, 0, 1, 0, 0, 0, 0, 0, 0,
			   0, 0, 0, 0, 0, 0, 0, 0, 0, 0, 0, 0, 0, 0, 0, 0, 0, 0, 0, 0, 0, 0, 0, 0, 0, 0, 0, 0, 0, 0, 0, 0, 0, 0, 0, 0,
			   0, 0, 0, 0, 0, 0, 0, 0, 0, 0, 0, 0, 0, 0, 0, 0, 0, 0, 0, 0, 0, 0, 0, 0, 0, 0, 0, 0, 0, 0, 0, 1, 0, 0, 0, 0,
			   0, 0, 0, 0, 0, 0, 0, 0, 0, 0, 0, 0, 0, 0, 0, 0, 0, 0, 0, 0, 0, 0, 0, 0, 0, 0, 0, 0, 0, 0, 0, 0, 1, 0, 0, 0,
			   0, 0, 0, 0, 0, 0, 0, 0, 0, 0, 0, 0, 0, 0, 0, 0, 0, 0, 0, 0, 0, 0, 0, 0, 0, 0, 0, 0, 0, 0, 0, 0, 0, 1, 0, 0,
			   0, 0, 0, 0, 0, 0, 0, 0, 0, 0, 0, 0, 0, 0, 0, 0, 0, 0, 0, 0, 0, 0, 0, 0, 0, 0, 0, 0, 0, 0, 0, 0, 0, 0, 1, 0,
			   0, 0, 0, 0, 0, 0, 0, 0, 0, 0, 0, 0, 0, 0, 0, 0, 0, 0, 0, 0, 0, 0, 0, 0, 0, 0, 0, 0, 0, 0, 0, 0, 0, 0, 0, 1,
			   0, 0, 0, 0, 0, 0, 0, 0, 0, 0, 0, 0, 0, 0, 0, 0, 0, 0, 0, 0, 0, 0, 0, 0, 0, 0, 0, 0, 0, 0, 0, 0, 0, 0, 0, 0 ]),

        relation(on(_,_), [
			   0, 0, 0, 0, 0, 0, 1, 0, 0, 0, 0, 0, 0, 0, 0, 0, 0, 0, 0, 0, 0, 0, 0, 0, 0, 0, 0, 0, 0, 0, 0, 0, 0, 0, 0, 0,
			   0, 0, 0, 0, 0, 0, 0, 1, 0, 0, 0, 0, 0, 0, 0, 0, 0, 0, 0, 0, 0, 0, 0, 0, 0, 0, 0, 0, 0, 0, 0, 0, 0, 0, 0, 0,
			   0, 0, 0, 0, 0, 0, 0, 0, 1, 0, 0, 0, 0, 0, 0, 0, 0, 0, 0, 0, 0, 0, 0, 0, 0, 0, 0, 0, 0, 0, 0, 0, 0, 0, 0, 0,
			   0, 0, 0, 0, 0, 0, 0, 0, 0, 1, 0, 0, 0, 0, 0, 0, 0, 0, 0, 0, 0, 0, 0, 0, 0, 0, 0, 0, 0, 0, 0, 0, 0, 0, 0, 0,
			   0, 0, 0, 0, 0, 0, 0, 0, 0, 0, 1, 0, 0, 0, 0, 0, 0, 0, 0, 0, 0, 0, 0, 0, 0, 0, 0, 0, 0, 0, 0, 0, 0, 0, 0, 0,
			   0, 0, 0, 0, 0, 0, 0, 0, 0, 0, 0, 1, 0, 0, 0, 0, 0, 0, 0, 0, 0, 0, 0, 0, 0, 0, 0, 0, 0, 0, 0, 0, 0, 0, 0, 0,
			   0, 0, 0, 0, 0, 0, 0, 0, 0, 0, 0, 0, 1, 0, 0, 0, 0, 0, 0, 0, 0, 0, 0, 0, 0, 0, 0, 0, 0, 0, 0, 0, 0, 0, 0, 0,
			   0, 0, 0, 0, 0, 0, 0, 0, 0, 0, 0, 0, 0, 1, 0, 0, 0, 0, 0, 0, 0, 0, 0, 0, 0, 0, 0, 0, 0, 0, 0, 0, 0, 0, 0, 0,
			   0, 0, 0, 0, 0, 0, 0, 0, 0, 0, 0, 0, 0, 0, 1, 0, 0, 0, 0, 0, 0, 0, 0, 0, 0, 0, 0, 0, 0, 0, 0, 0, 0, 0, 0, 0,
			   0, 0, 0, 0, 0, 0, 0, 0, 0, 0, 0, 0, 0, 0, 0, 1, 0, 0, 0, 0, 0, 0, 0, 0, 0, 0, 0, 0, 0, 0, 0, 0, 0, 0, 0, 0,
			   0, 0, 0, 0, 0, 0, 0, 0, 0, 0, 0, 0, 0, 0, 0, 0, 1, 0, 0, 0, 0, 0, 0, 0, 0, 0, 0, 0, 0, 0, 0, 0, 0, 0, 0, 0,
			   0, 0, 0, 0, 0, 0, 0, 0, 0, 0, 0, 0, 0, 0, 0, 0, 0, 1, 0, 0, 0, 0, 0, 0, 0, 0, 0, 0, 0, 0, 0, 0, 0, 0, 0, 0,
			   0, 0, 0, 0, 0, 0, 0, 0, 0, 0, 0, 0, 0, 0, 0, 0, 0, 0, 1, 0, 0, 0, 0, 0, 0, 0, 0, 0, 0, 0, 0, 0, 0, 0, 0, 0,
			   0, 0, 0, 0, 0, 0, 0, 0, 0, 0, 0, 0, 0, 0, 0, 0, 0, 0, 0, 1, 0, 0, 0, 0, 0, 0, 0, 0, 0, 0, 0, 0, 0, 0, 0, 0,
			   0, 0, 0, 0, 0, 0, 0, 0, 0, 0, 0, 0, 0, 0, 0, 0, 0, 0, 0, 0, 1, 0, 0, 0, 0, 0, 0, 0, 0, 0, 0, 0, 0, 0, 0, 0,
			   0, 0, 0, 0, 0, 0, 0, 0, 0, 0, 0, 0, 0, 0, 0, 0, 0, 0, 0, 0, 0, 1, 0, 0, 0, 0, 0, 0, 0, 0, 0, 0, 0, 0, 0, 0,
			   0, 0, 0, 0, 0, 0, 0, 0, 0, 0, 0, 0, 0, 0, 0, 0, 0, 0, 0, 0, 0, 0, 1, 0, 0, 0, 0, 0, 0, 0, 0, 0, 0, 0, 0, 0,
			   0, 0, 0, 0, 0, 0, 0, 0, 0, 0, 0, 0, 0, 0, 0, 0, 0, 0, 0, 0, 0, 0, 0, 1, 0, 0, 0, 0, 0, 0, 0, 0, 0, 0, 0, 0,
			   0, 0, 0, 0, 0, 0, 0, 0, 0, 0, 0, 0, 0, 0, 0, 0, 0, 0, 0, 0, 0, 0, 0, 0, 1, 0, 0, 0, 0, 0, 0, 0, 0, 0, 0, 0,
			   0, 0, 0, 0, 0, 0, 0, 0, 0, 0, 0, 0, 0, 0, 0, 0, 0, 0, 0, 0, 0, 0, 0, 0, 0, 1, 0, 0, 0, 0, 0, 0, 0, 0, 0, 0,
			   0, 0, 0, 0, 0, 0, 0, 0, 0, 0, 0, 0, 0, 0, 0, 0, 0, 0, 0, 0, 0, 0, 0, 0, 0, 0, 1, 0, 0, 0, 0, 0, 0, 0, 0, 0,
			   0, 0, 0, 0, 0, 0, 0, 0, 0, 0, 0, 0, 0, 0, 0, 0, 0, 0, 0, 0, 0, 0, 0, 0, 0, 0, 0, 1, 0, 0, 0, 0, 0, 0, 0, 0,
			   0, 0, 0, 0, 0, 0, 0, 0, 0, 0, 0, 0, 0, 0, 0, 0, 0, 0, 0, 0, 0, 0, 0, 0, 0, 0, 0, 0, 1, 0, 0, 0, 0, 0, 0, 0,
			   0, 0, 0, 0, 0, 0, 0, 0, 0, 0, 0, 0, 0, 0, 0, 0, 0, 0, 0, 0, 0, 0, 0, 0, 0, 0, 0, 0, 0, 1, 0, 0, 0, 0, 0, 0,
			   0, 0, 0, 0, 0, 0, 0, 0, 0, 0, 0, 0, 0, 0, 0, 0, 0, 0, 0, 0, 0, 0, 0, 0, 0, 0, 0, 0, 0, 0, 1, 0, 0, 0, 0, 0,
			   0, 0, 0, 0, 0, 0, 0, 0, 0, 0, 0, 0, 0, 0, 0, 0, 0, 0, 0, 0, 0, 0, 0, 0, 0, 0, 0, 0, 0, 0, 0, 1, 0, 0, 0, 0,
			   0, 0, 0, 0, 0, 0, 0, 0, 0, 0, 0, 0, 0, 0, 0, 0, 0, 0, 0, 0, 0, 0, 0, 0, 0, 0, 0, 0, 0, 0, 0, 0, 1, 0, 0, 0,
			   0, 0, 0, 0, 0, 0, 0, 0, 0, 0, 0, 0, 0, 0, 0, 0, 0, 0, 0, 0, 0, 0, 0, 0, 0, 0, 0, 0, 0, 0, 0, 0, 0, 1, 0, 0,
			   0, 0, 0, 0, 0, 0, 0, 0, 0, 0, 0, 0, 0, 0, 0, 0, 0, 0, 0, 0, 0, 0, 0, 0, 0, 0, 0, 0, 0, 0, 0, 0, 0, 0, 1, 0,
			   0, 0, 0, 0, 0, 0, 0, 0, 0, 0, 0, 0, 0, 0, 0, 0, 0, 0, 0, 0, 0, 0, 0, 0, 0, 0, 0, 0, 0, 0, 0, 0, 0, 0, 0, 1,
			   0, 0, 0, 0, 0, 0, 0, 0, 0, 0, 0, 0, 0, 0, 0, 0, 0, 0, 0, 0, 0, 0, 0, 0, 0, 0, 0, 0, 0, 0, 0, 0, 0, 0, 0, 0,
			   0, 0, 0, 0, 0, 0, 0, 0, 0, 0, 0, 0, 0, 0, 0, 0, 0, 0, 0, 0, 0, 0, 0, 0, 0, 0, 0, 0, 0, 0, 0, 0, 0, 0, 0, 0,
			   0, 0, 0, 0, 0, 0, 0, 0, 0, 0, 0, 0, 0, 0, 0, 0, 0, 0, 0, 0, 0, 0, 0, 0, 0, 0, 0, 0, 0, 0, 0, 0, 0, 0, 0, 0,
			   0, 0, 0, 0, 0, 0, 0, 0, 0, 0, 0, 0, 0, 0, 0, 0, 0, 0, 0, 0, 0, 0, 0, 0, 0, 0, 0, 0, 0, 0, 0, 0, 0, 0, 0, 0,
			   0, 0, 0, 0, 0, 0, 0, 0, 0, 0, 0, 0, 0, 0, 0, 0, 0, 0, 0, 0, 0, 0, 0, 0, 0, 0, 0, 0, 0, 0, 0, 0, 0, 0, 0, 0,
			   0, 0, 0, 0, 0, 0, 0, 0, 0, 0, 0, 0, 0, 0, 0, 0, 0, 0, 0, 0, 0, 0, 0, 0, 0, 0, 0, 0, 0, 0, 0, 0, 0, 0, 0, 0 ])
]).

============================== end of model ==========================

============================== MODEL =================================

interpretation( 36, [number=2, seconds=0], [

        function(a0, [ 0 ]),

        function(a1, [ 1 ]),

        function(a10, [10 ]),

        function(a11, [11 ]),

        function(a12, [12 ]),

        function(a13, [13 ]),

        function(a14, [14 ]),

        function(a15, [15 ]),

        function(a16, [16 ]),

        function(a17, [17 ]),

        function(a18, [18 ]),

        function(a19, [26 ]),

        function(a2, [ 2 ]),

        function(a20, [27 ]),

        function(a21, [21 ]),

        function(a22, [22 ]),

        function(a23, [23 ]),

        function(a24, [24 ]),

        function(a25, [25 ]),

        function(a26, [33 ]),

        function(a27, [34 ]),

        function(a28, [28 ]),

        function(a29, [29 ]),

        function(a3, [ 3 ]),

        function(a30, [30 ]),

        function(a31, [31 ]),

        function(a32, [32 ]),

        function(a33, [19 ]),

        function(a34, [20 ]),

        function(a35, [35 ]),

        function(a4, [ 4 ]),

        function(a5, [ 5 ]),

        function(a6, [ 6 ]),

        function(a7, [ 7 ]),

        function(a8, [ 8 ]),

        function(a9, [ 9 ]),

        function(c(_), [ 0, 2, 0, 1, 1, 0, 0, 0, 0, 1, 2, 0, 2, 2, 1, 1, 2, 0, 2, 2, 2, 2, 2, 2, 2, 1, 0, 0, 1, 1, 1, 1, 1, 0, 0, 1 ]),

        relation(b1, [ 1 ]),

        relation(b2, [ 1 ]),

        relation(b3, [ 1 ]),

        relation(i1, [ 1 ]),

        relation(i2, [ 1 ]),

        relation(i3, [ 1 ]),

        relation(r1, [ 1 ]),

        relation(r2, [ 1 ]),

        relation(r3, [ 1 ]),

        relation(r4, [ 1 ]),

        relation(left(_,_), [
			   0, 1, 0, 0, 0, 0, 0, 0, 0, 0, 0, 0, 0, 0, 0, 0, 0, 0, 0, 0, 0, 0, 0, 0, 0, 0, 0, 0, 0, 0, 0, 0, 0, 0, 0, 0,
			   0, 0, 1, 0, 0, 0, 0, 0, 0, 0, 0, 0, 0, 0, 0, 0, 0, 0, 0, 0, 0, 0, 0, 0, 0, 0, 0, 0, 0, 0, 0, 0, 0, 0, 0, 0,
			   0, 0, 0, 1, 0, 0, 0, 0, 0, 0, 0, 0, 0, 0, 0, 0, 0, 0, 0, 0, 0, 0, 0, 0, 0, 0, 0, 0, 0, 0, 0, 0, 0, 0, 0, 0,
			   0, 0, 0, 0, 1, 0, 0, 0, 0, 0, 0, 0, 0, 0, 0, 0, 0, 0, 0, 0, 0, 0, 0, 0, 0, 0, 0, 0, 0, 0, 0, 0, 0, 0, 0, 0,
			   0, 0, 0, 0, 0, 1, 0, 0, 0, 0, 0, 0, 0, 0, 0, 0, 0, 0, 0, 0, 0, 0, 0, 0, 0, 0, 0, 0, 0, 0, 0, 0, 0, 0, 0, 0,
			   0, 0, 0, 0, 0, 0, 0, 0, 0, 0, 0, 0, 0, 0, 0, 0, 0, 0, 0, 0, 0, 0, 0, 0, 0, 0, 0, 0, 0, 0, 0, 0, 0, 0, 0, 0,
			   0, 0, 0, 0, 0, 0, 0, 1, 0, 0, 0, 0, 0, 0, 0, 0, 0, 0, 0, 0, 0, 0, 0, 0, 0, 0, 0, 0, 0, 0, 0, 0, 0, 0, 0, 0,
			   0, 0, 0, 0, 0, 0, 0, 0, 1, 0, 0, 0, 0, 0, 0, 0, 0, 0, 0, 0, 0, 0, 0, 0, 0, 0, 0, 0, 0, 0, 0, 0, 0, 0, 0, 0,
			   0, 0, 0, 0, 0, 0, 0, 0, 0, 1, 0, 0, 0, 0, 0, 0, 0, 0, 0, 0, 0, 0, 0, 0, 0, 0, 0, 0, 0, 0, 0, 0, 0, 0, 0, 0,
			   0, 0, 0, 0, 0, 0, 0, 0, 0, 0, 1, 0, 0, 0, 0, 0, 0, 0, 0, 0, 0, 0, 0, 0, 0, 0, 0, 0, 0, 0, 0, 0, 0, 0, 0, 0,
			   0, 0, 0, 0, 0, 0, 0, 0, 0, 0, 0, 1, 0, 0, 0, 0, 0, 0, 0, 0, 0, 0, 0, 0, 0, 0, 0, 0, 0, 0, 0, 0, 0, 0, 0, 0,
			   0, 0, 0, 0, 0, 0, 0, 0, 0, 0, 0, 0, 0, 0, 0, 0, 0, 0, 0, 0, 0, 0, 0, 0, 0, 0, 0, 0, 0, 0, 0, 0, 0, 0, 0, 0,
			   0, 0, 0, 0, 0, 0, 0, 0, 0, 0, 0, 0, 0, 1, 0, 0, 0, 0, 0, 0, 0, 0, 0, 0, 0, 0, 0, 0, 0, 0, 0, 0, 0, 0, 0, 0,
			   0, 0, 0, 0, 0, 0, 0, 0, 0, 0, 0, 0, 0, 0, 1, 0, 0, 0, 0, 0, 0, 0, 0, 0, 0, 0, 0, 0, 0, 0, 0, 0, 0, 0, 0, 0,
			   0, 0, 0, 0, 0, 0, 0, 0, 0, 0, 0, 0, 0, 0, 0, 1, 0, 0, 0, 0, 0, 0, 0, 0, 0, 0, 0, 0, 0, 0, 0, 0, 0, 0, 0, 0,
			   0, 0, 0, 0, 0, 0, 0, 0, 0, 0, 0, 0, 0, 0, 0, 0, 1, 0, 0, 0, 0, 0, 0, 0, 0, 0, 0, 0, 0, 0, 0, 0, 0, 0, 0, 0,
			   0, 0, 0, 0, 0, 0, 0, 0, 0, 0, 0, 0, 0, 0, 0, 0, 0, 1, 0, 0, 0, 0, 0, 0, 0, 0, 0, 0, 0, 0, 0, 0, 0, 0, 0, 0,
			   0, 0, 0, 0, 0, 0, 0, 0, 0, 0, 0, 0, 0, 0, 0, 0, 0, 0, 0, 0, 0, 0, 0, 0, 0, 0, 0, 0, 0, 0, 0, 0, 0, 0, 0, 0,
			   0, 0, 0, 0, 0, 0, 0, 0, 0, 0, 0, 0, 0, 0, 0, 0, 0, 0, 0, 1, 0, 0, 0, 0, 0, 0, 0, 0, 0, 0, 0, 0, 0, 0, 0, 0,
			   0, 0, 0, 0, 0, 0, 0, 0, 0, 0, 0, 0, 0, 0, 0, 0, 0, 0, 0, 0, 1, 0, 0, 0, 0, 0, 0, 0, 0, 0, 0, 0, 0, 0, 0, 0,
			   0, 0, 0, 0, 0, 0, 0, 0, 0, 0, 0, 0, 0, 0, 0, 0, 0, 0, 0, 0, 0, 1, 0, 0, 0, 0, 0, 0, 0, 0, 0, 0, 0, 0, 0, 0,
			   0, 0, 0, 0, 0, 0, 0, 0, 0, 0, 0, 0, 0, 0, 0, 0, 0, 0, 0, 0, 0, 0, 1, 0, 0, 0, 0, 0, 0, 0, 0, 0, 0, 0, 0, 0,
			   0, 0, 0, 0, 0, 0, 0, 0, 0, 0, 0, 0, 0, 0, 0, 0, 0, 0, 0, 0, 0, 0, 0, 1, 0, 0, 0, 0, 0, 0, 0, 0, 0, 0, 0, 0,
			   0, 0, 0, 0, 0, 0, 0, 0, 0, 0, 0, 0, 0, 0, 0, 0, 0, 0, 0, 0, 0, 0, 0, 0, 0, 0, 0, 0, 0, 0, 0, 0, 0, 0, 0, 0,
			   0, 0, 0, 0, 0, 0, 0, 0, 0, 0, 0, 0, 0, 0, 0, 0, 0, 0, 0, 0, 0, 0, 0, 0, 0, 1, 0, 0, 0, 0, 0, 0, 0, 0, 0, 0,
			   0, 0, 0, 0, 0, 0, 0, 0, 0, 0, 0, 0, 0, 0, 0, 0, 0, 0, 0, 0, 0, 0, 0, 0, 0, 0, 1, 0, 0, 0, 0, 0, 0, 0, 0, 0,
			   0, 0, 0, 0, 0, 0, 0, 0, 0, 0, 0, 0, 0, 0, 0, 0, 0, 0, 0, 0, 0, 0, 0, 0, 0, 0, 0, 1, 0, 0, 0, 0, 0, 0, 0, 0,
			   0, 0, 0, 0, 0, 0, 0, 0, 0, 0, 0, 0, 0, 0, 0, 0, 0, 0, 0, 0, 0, 0, 0, 0, 0, 0, 0, 0, 1, 0, 0, 0, 0, 0, 0, 0,
			   0, 0, 0, 0, 0, 0, 0, 0, 0, 0, 0, 0, 0, 0, 0, 0, 0, 0, 0, 0, 0, 0, 0, 0, 0, 0, 0, 0, 0, 1, 0, 0, 0, 0, 0, 0,
			   0, 0, 0, 0, 0, 0, 0, 0, 0, 0, 0, 0, 0, 0, 0, 0, 0, 0, 0, 0, 0, 0, 0, 0, 0, 0, 0, 0, 0, 0, 0, 0, 0, 0, 0, 0,
			   0, 0, 0, 0, 0, 0, 0, 0, 0, 0, 0, 0, 0, 0, 0, 0, 0, 0, 0, 0, 0, 0, 0, 0, 0, 0, 0, 0, 0, 0, 0, 1, 0, 0, 0, 0,
			   0, 0, 0, 0, 0, 0, 0, 0, 0, 0, 0, 0, 0, 0, 0, 0, 0, 0, 0, 0, 0, 0, 0, 0, 0, 0, 0, 0, 0, 0, 0, 0, 1, 0, 0, 0,
			   0, 0, 0, 0, 0, 0, 0, 0, 0, 0, 0, 0, 0, 0, 0, 0, 0, 0, 0, 0, 0, 0, 0, 0, 0, 0, 0, 0, 0, 0, 0, 0, 0, 1, 0, 0,
			   0, 0, 0, 0, 0, 0, 0, 0, 0, 0, 0, 0, 0, 0, 0, 0, 0, 0, 0, 0, 0, 0, 0, 0, 0, 0, 0, 0, 0, 0, 0, 0, 0, 0, 1, 0,
			   0, 0, 0, 0, 0, 0, 0, 0, 0, 0, 0, 0, 0, 0, 0, 0, 0, 0, 0, 0, 0, 0, 0, 0, 0, 0, 0, 0, 0, 0, 0, 0, 0, 0, 0, 1,
			   0, 0, 0, 0, 0, 0, 0, 0, 0, 0, 0, 0, 0, 0, 0, 0, 0, 0, 0, 0, 0, 0, 0, 0, 0, 0, 0, 0, 0, 0, 0, 0, 0, 0, 0, 0 ]),

        relation(on(_,_), [
			   0, 0, 0, 0, 0, 0, 1, 0, 0, 0, 0, 0, 0, 0, 0, 0, 0, 0, 0, 0, 0, 0, 0, 0, 0, 0, 0, 0, 0, 0, 0, 0, 0, 0, 0, 0,
			   0, 0, 0, 0, 0, 0, 0, 1, 0, 0, 0, 0, 0, 0, 0, 0, 0, 0, 0, 0, 0, 0, 0, 0, 0, 0, 0, 0, 0, 0, 0, 0, 0, 0, 0, 0,
			   0, 0, 0, 0, 0, 0, 0, 0, 1, 0, 0, 0, 0, 0, 0, 0, 0, 0, 0, 0, 0, 0, 0, 0, 0, 0, 0, 0, 0, 0, 0, 0, 0, 0, 0, 0,
			   0, 0, 0, 0, 0, 0, 0, 0, 0, 1, 0, 0, 0, 0, 0, 0, 0, 0, 0, 0, 0, 0, 0, 0, 0, 0, 0, 0, 0, 0, 0, 0, 0, 0, 0, 0,
			   0, 0, 0, 0, 0, 0, 0, 0, 0, 0, 1, 0, 0, 0, 0, 0, 0, 0, 0, 0, 0, 0, 0, 0, 0, 0, 0, 0, 0, 0, 0, 0, 0, 0, 0, 0,
			   0, 0, 0, 0, 0, 0, 0, 0, 0, 0, 0, 1, 0, 0, 0, 0, 0, 0, 0, 0, 0, 0, 0, 0, 0, 0, 0, 0, 0, 0, 0, 0, 0, 0, 0, 0,
			   0, 0, 0, 0, 0, 0, 0, 0, 0, 0, 0, 0, 1, 0, 0, 0, 0, 0, 0, 0, 0, 0, 0, 0, 0, 0, 0, 0, 0, 0, 0, 0, 0, 0, 0, 0,
			   0, 0, 0, 0, 0, 0, 0, 0, 0, 0, 0, 0, 0, 1, 0, 0, 0, 0, 0, 0, 0, 0, 0, 0, 0, 0, 0, 0, 0, 0, 0, 0, 0, 0, 0, 0,
			   0, 0, 0, 0, 0, 0, 0, 0, 0, 0, 0, 0, 0, 0, 1, 0, 0, 0, 0, 0, 0, 0, 0, 0, 0, 0, 0, 0, 0, 0, 0, 0, 0, 0, 0, 0,
			   0, 0, 0, 0, 0, 0, 0, 0, 0, 0, 0, 0, 0, 0, 0, 1, 0, 0, 0, 0, 0, 0, 0, 0, 0, 0, 0, 0, 0, 0, 0, 0, 0, 0, 0, 0,
			   0, 0, 0, 0, 0, 0, 0, 0, 0, 0, 0, 0, 0, 0, 0, 0, 1, 0, 0, 0, 0, 0, 0, 0, 0, 0, 0, 0, 0, 0, 0, 0, 0, 0, 0, 0,
			   0, 0, 0, 0, 0, 0, 0, 0, 0, 0, 0, 0, 0, 0, 0, 0, 0, 1, 0, 0, 0, 0, 0, 0, 0, 0, 0, 0, 0, 0, 0, 0, 0, 0, 0, 0,
			   0, 0, 0, 0, 0, 0, 0, 0, 0, 0, 0, 0, 0, 0, 0, 0, 0, 0, 1, 0, 0, 0, 0, 0, 0, 0, 0, 0, 0, 0, 0, 0, 0, 0, 0, 0,
			   0, 0, 0, 0, 0, 0, 0, 0, 0, 0, 0, 0, 0, 0, 0, 0, 0, 0, 0, 1, 0, 0, 0, 0, 0, 0, 0, 0, 0, 0, 0, 0, 0, 0, 0, 0,
			   0, 0, 0, 0, 0, 0, 0, 0, 0, 0, 0, 0, 0, 0, 0, 0, 0, 0, 0, 0, 1, 0, 0, 0, 0, 0, 0, 0, 0, 0, 0, 0, 0, 0, 0, 0,
			   0, 0, 0, 0, 0, 0, 0, 0, 0, 0, 0, 0, 0, 0, 0, 0, 0, 0, 0, 0, 0, 1, 0, 0, 0, 0, 0, 0, 0, 0, 0, 0, 0, 0, 0, 0,
			   0, 0, 0, 0, 0, 0, 0, 0, 0, 0, 0, 0, 0, 0, 0, 0, 0, 0, 0, 0, 0, 0, 1, 0, 0, 0, 0, 0, 0, 0, 0, 0, 0, 0, 0, 0,
			   0, 0, 0, 0, 0, 0, 0, 0, 0, 0, 0, 0, 0, 0, 0, 0, 0, 0, 0, 0, 0, 0, 0, 1, 0, 0, 0, 0, 0, 0, 0, 0, 0, 0, 0, 0,
			   0, 0, 0, 0, 0, 0, 0, 0, 0, 0, 0, 0, 0, 0, 0, 0, 0, 0, 0, 0, 0, 0, 0, 0, 1, 0, 0, 0, 0, 0, 0, 0, 0, 0, 0, 0,
			   0, 0, 0, 0, 0, 0, 0, 0, 0, 0, 0, 0, 0, 0, 0, 0, 0, 0, 0, 0, 0, 0, 0, 0, 0, 1, 0, 0, 0, 0, 0, 0, 0, 0, 0, 0,
			   0, 0, 0, 0, 0, 0, 0, 0, 0, 0, 0, 0, 0, 0, 0, 0, 0, 0, 0, 0, 0, 0, 0, 0, 0, 0, 1, 0, 0, 0, 0, 0, 0, 0, 0, 0,
			   0, 0, 0, 0, 0, 0, 0, 0, 0, 0, 0, 0, 0, 0, 0, 0, 0, 0, 0, 0, 0, 0, 0, 0, 0, 0, 0, 1, 0, 0, 0, 0, 0, 0, 0, 0,
			   0, 0, 0, 0, 0, 0, 0, 0, 0, 0, 0, 0, 0, 0, 0, 0, 0, 0, 0, 0, 0, 0, 0, 0, 0, 0, 0, 0, 1, 0, 0, 0, 0, 0, 0, 0,
			   0, 0, 0, 0, 0, 0, 0, 0, 0, 0, 0, 0, 0, 0, 0, 0, 0, 0, 0, 0, 0, 0, 0, 0, 0, 0, 0, 0, 0, 1, 0, 0, 0, 0, 0, 0,
			   0, 0, 0, 0, 0, 0, 0, 0, 0, 0, 0, 0, 0, 0, 0, 0, 0, 0, 0, 0, 0, 0, 0, 0, 0, 0, 0, 0, 0, 0, 1, 0, 0, 0, 0, 0,
			   0, 0, 0, 0, 0, 0, 0, 0, 0, 0, 0, 0, 0, 0, 0, 0, 0, 0, 0, 0, 0, 0, 0, 0, 0, 0, 0, 0, 0, 0, 0, 1, 0, 0, 0, 0,
			   0, 0, 0, 0, 0, 0, 0, 0, 0, 0, 0, 0, 0, 0, 0, 0, 0, 0, 0, 0, 0, 0, 0, 0, 0, 0, 0, 0, 0, 0, 0, 0, 1, 0, 0, 0,
			   0, 0, 0, 0, 0, 0, 0, 0, 0, 0, 0, 0, 0, 0, 0, 0, 0, 0, 0, 0, 0, 0, 0, 0, 0, 0, 0, 0, 0, 0, 0, 0, 0, 1, 0, 0,
			   0, 0, 0, 0, 0, 0, 0, 0, 0, 0, 0, 0, 0, 0, 0, 0, 0, 0, 0, 0, 0, 0, 0, 0, 0, 0, 0, 0, 0, 0, 0, 0, 0, 0, 1, 0,
			   0, 0, 0, 0, 0, 0, 0, 0, 0, 0, 0, 0, 0, 0, 0, 0, 0, 0, 0, 0, 0, 0, 0, 0, 0, 0, 0, 0, 0, 0, 0, 0, 0, 0, 0, 1,
			   0, 0, 0, 0, 0, 0, 0, 0, 0, 0, 0, 0, 0, 0, 0, 0, 0, 0, 0, 0, 0, 0, 0, 0, 0, 0, 0, 0, 0, 0, 0, 0, 0, 0, 0, 0,
			   0, 0, 0, 0, 0, 0, 0, 0, 0, 0, 0, 0, 0, 0, 0, 0, 0, 0, 0, 0, 0, 0, 0, 0, 0, 0, 0, 0, 0, 0, 0, 0, 0, 0, 0, 0,
			   0, 0, 0, 0, 0, 0, 0, 0, 0, 0, 0, 0, 0, 0, 0, 0, 0, 0, 0, 0, 0, 0, 0, 0, 0, 0, 0, 0, 0, 0, 0, 0, 0, 0, 0, 0,
			   0, 0, 0, 0, 0, 0, 0, 0, 0, 0, 0, 0, 0, 0, 0, 0, 0, 0, 0, 0, 0, 0, 0, 0, 0, 0, 0, 0, 0, 0, 0, 0, 0, 0, 0, 0,
			   0, 0, 0, 0, 0, 0, 0, 0, 0, 0, 0, 0, 0, 0, 0, 0, 0, 0, 0, 0, 0, 0, 0, 0, 0, 0, 0, 0, 0, 0, 0, 0, 0, 0, 0, 0,
			   0, 0, 0, 0, 0, 0, 0, 0, 0, 0, 0, 0, 0, 0, 0, 0, 0, 0, 0, 0, 0, 0, 0, 0, 0, 0, 0, 0, 0, 0, 0, 0, 0, 0, 0, 0 ])
]).

============================== end of model ==========================

============================== STATISTICS ============================

For domain size 36.

Current CPU time: 0.00 seconds (total CPU time: 8.10 seconds).
Ground clauses: seen=14967, kept=3303.
Selections=62670, assignments=2256120, propagations=1867071, current_models=2.
Rewrite_terms=68775060, rewrite_bools=43990530, indexes=928516.
Rules_from_neg_clauses=935952, cross_offs=20373377.

============================== end of statistics =====================

User_CPU=8.10, System_CPU=0.05, Wall_clock=8.

Exiting with 2 models.

Process 28332 exit (all_models) Thu Jan 21 14:56:40 2021
The process finished Thu Jan 21 14:56:40 2021
