============================== Prover9 ===============================
Prover9 (64) version 2009-11A, November 2009.
Process 26415 was started by adrian on adrian,
Tue Jan 19 09:21:03 2021
The command was "prover9 -f day3p.in".
============================== end of head ===========================

============================== INPUT =================================

% Reading from file day3p.in


formulas(assumptions).
L1 & L2 | L1 & T2 | L2 & T1 | T1 & T2.
(L1 -> -T1) & (L2 -> -T2).
R1 <-> T1 | L2.
R2 <-> L1.
R2 & R1 | -R2 & -R1.
end_of_list.

formulas(goals).
L1.
end_of_list.

============================== end of input ==========================

============================== PROCESS NON-CLAUSAL FORMULAS ==========

% Formulas that are not ordinary clauses:
1 L1 & L2 | L1 & T2 | L2 & T1 | T1 & T2 # label(non_clause).  [assumption].
2 (L1 -> -T1) & (L2 -> -T2) # label(non_clause).  [assumption].
3 R1 <-> T1 | L2 # label(non_clause).  [assumption].
4 R2 <-> L1 # label(non_clause).  [assumption].
5 R2 & R1 | -R2 & -R1 # label(non_clause).  [assumption].
6 L1 # label(non_clause) # label(goal).  [goal].

============================== end of process non-clausal formulas ===

============================== PROCESS INITIAL CLAUSES ===============

% Clauses before input processing:

formulas(usable).
end_of_list.

formulas(sos).
L1 | T1.  [clausify(1)].
L2 | T2.  [clausify(1)].
-L1 | -T1.  [clausify(2)].
-L2 | -T2.  [clausify(2)].
-R1 | T1 | L2.  [clausify(3)].
R1 | -T1.  [clausify(3)].
R1 | -L2.  [clausify(3)].
-R2 | L1.  [clausify(4)].
R2 | -L1.  [clausify(4)].
R2 | -R1.  [clausify(5)].
R1 | -R2.  [clausify(5)].
-L1.  [deny(6)].
end_of_list.

formulas(demodulators).
end_of_list.

============================== PREDICATE ELIMINATION =================

No predicates eliminated.

============================== end predicate elimination =============

Auto_denials:  (non-Horn, no changes).

Term ordering decisions:
Predicate symbol precedence:  predicate_order([ R1, R2, L1, L2, T1, T2 ]).
Function symbol precedence:  function_order([ ]).
After inverse_order:  (no changes).
Unfolding symbols: (none).

Auto_inference settings:
  % set(binary_resolution).  % (non-Horn)
  % set(neg_ur_resolution).  % (non-Horn, less than 100 clauses)

Auto_process settings:
  % set(factor).  % (non-Horn)
  % set(unit_deletion).  % (non-Horn)

kept:      7 L1 | T1.  [clausify(1)].
kept:      8 L2 | T2.  [clausify(1)].
kept:      9 -L1 | -T1.  [clausify(2)].
kept:      10 -L2 | -T2.  [clausify(2)].
kept:      11 -R1 | T1 | L2.  [clausify(3)].
kept:      12 R1 | -T1.  [clausify(3)].
kept:      13 R1 | -L2.  [clausify(3)].
kept:      14 -R2 | L1.  [clausify(4)].
kept:      15 R2 | -L1.  [clausify(4)].
kept:      16 R2 | -R1.  [clausify(5)].
kept:      17 R1 | -R2.  [clausify(5)].
kept:      18 -L1.  [deny(6)].
kept:      19 -R2.  [back_unit_del(14),unit_del(b,18)].
kept:      20 T1.  [back_unit_del(7),unit_del(a,18)].
kept:      21 -R1.  [back_unit_del(16),unit_del(a,19)].

============================== PROOF =================================

% Proof 1 at 0.00 (+ 0.00) seconds.
% Length of proof is 14.
% Level of proof is 4.
% Maximum clause weight is 2.000.
% Given clauses 0.

1 L1 & L2 | L1 & T2 | L2 & T1 | T1 & T2 # label(non_clause).  [assumption].
3 R1 <-> T1 | L2 # label(non_clause).  [assumption].
4 R2 <-> L1 # label(non_clause).  [assumption].
5 R2 & R1 | -R2 & -R1 # label(non_clause).  [assumption].
6 L1 # label(non_clause) # label(goal).  [goal].
7 L1 | T1.  [clausify(1)].
12 R1 | -T1.  [clausify(3)].
14 -R2 | L1.  [clausify(4)].
16 R2 | -R1.  [clausify(5)].
18 -L1.  [deny(6)].
19 -R2.  [back_unit_del(14),unit_del(b,18)].
20 T1.  [back_unit_del(7),unit_del(a,18)].
21 -R1.  [back_unit_del(16),unit_del(a,19)].
22 $F.  [back_unit_del(12),unit_del(a,21),unit_del(b,20)].

============================== end of proof ==========================

============================== STATISTICS ============================

Given=0. Generated=16. Kept=15. proofs=1.
Usable=0. Sos=5. Demods=0. Limbo=2, Disabled=20. Hints=0.
Kept_by_rule=0, Deleted_by_rule=0.
Forward_subsumed=0. Back_subsumed=4.
Sos_limit_deleted=0. Sos_displaced=0. Sos_removed=0.
New_demodulators=0 (0 lex), Back_demodulated=0. Back_unit_deleted=4.
Demod_attempts=0. Demod_rewrites=0.
Res_instance_prunes=0. Para_instance_prunes=0. Basic_paramod_prunes=0.
Nonunit_fsub_feature_tests=0. Nonunit_bsub_feature_tests=15.
Megabytes=0.04.
User_CPU=0.00, System_CPU=0.00, Wall_clock=0.

============================== end of statistics =====================

============================== end of search =========================

THEOREM PROVED

Exiting with 1 proof.

Process 26415 exit (max_proofs) Tue Jan 19 09:21:03 2021
