============================== Prover9 ===============================
Prover9 (64) version 2009-11A, November 2009.
Process 26471 was started by adrian on adrian,
Tue Jan 19 09:23:00 2021
The command was "prover9 -f day7p.in".
============================== end of head ===========================

============================== INPUT =================================

% Reading from file day7p.in


formulas(assumptions).
L1 & L2 | L1 & T2 | L2 & T1 | T1 & T2.
(L1 -> -T1) & (L2 -> -T2).
R2 & R1 | -R2 & -R1.
L1 -> R1.
T1 -> -R1.
L2 -> -R2.
T2 -> R2.
R1 <-> L1 & T2 | T1 & L2.
R2 <-> L1 & T2.
end_of_list.

formulas(goals).
L2.
end_of_list.

============================== end of input ==========================

============================== PROCESS NON-CLAUSAL FORMULAS ==========

% Formulas that are not ordinary clauses:
1 L1 & L2 | L1 & T2 | L2 & T1 | T1 & T2 # label(non_clause).  [assumption].
2 (L1 -> -T1) & (L2 -> -T2) # label(non_clause).  [assumption].
3 R2 & R1 | -R2 & -R1 # label(non_clause).  [assumption].
4 L1 -> R1 # label(non_clause).  [assumption].
5 T1 -> -R1 # label(non_clause).  [assumption].
6 L2 -> -R2 # label(non_clause).  [assumption].
7 T2 -> R2 # label(non_clause).  [assumption].
8 R1 <-> L1 & T2 | T1 & L2 # label(non_clause).  [assumption].
9 R2 <-> L1 & T2 # label(non_clause).  [assumption].
10 L2 # label(non_clause) # label(goal).  [goal].

============================== end of process non-clausal formulas ===

============================== PROCESS INITIAL CLAUSES ===============

% Clauses before input processing:

formulas(usable).
end_of_list.

formulas(sos).
L1 | T1.  [clausify(1)].
L2 | T2.  [clausify(1)].
-L1 | -T1.  [clausify(2)].
-L2 | -T2.  [clausify(2)].
R2 | -R1.  [clausify(3)].
R1 | -R2.  [clausify(3)].
-L1 | R1.  [clausify(4)].
-T1 | -R1.  [clausify(5)].
-L2 | -R2.  [clausify(6)].
-T2 | R2.  [clausify(7)].
-R1 | L1 | T1.  [clausify(8)].
-R1 | L1 | L2.  [clausify(8)].
-R1 | T2 | T1.  [clausify(8)].
-R1 | T2 | L2.  [clausify(8)].
R1 | -L1 | -T2.  [clausify(8)].
R1 | -T1 | -L2.  [clausify(8)].
-R2 | L1.  [clausify(9)].
-R2 | T2.  [clausify(9)].
R2 | -L1 | -T2.  [clausify(9)].
-L2.  [deny(10)].
end_of_list.

formulas(demodulators).
end_of_list.

============================== PREDICATE ELIMINATION =================

No predicates eliminated.

============================== end predicate elimination =============

Auto_denials:  (non-Horn, no changes).

Term ordering decisions:
Predicate symbol precedence:  predicate_order([ R1, L1, T2, R2, L2, T1 ]).
Function symbol precedence:  function_order([ ]).
After inverse_order:  (no changes).
Unfolding symbols: (none).

Auto_inference settings:
  % set(binary_resolution).  % (non-Horn)
  % set(neg_ur_resolution).  % (non-Horn, less than 100 clauses)

Auto_process settings:
  % set(factor).  % (non-Horn)
  % set(unit_deletion).  % (non-Horn)

kept:      11 L1 | T1.  [clausify(1)].
kept:      12 L2 | T2.  [clausify(1)].
kept:      13 -L1 | -T1.  [clausify(2)].
kept:      14 -L2 | -T2.  [clausify(2)].
kept:      15 R2 | -R1.  [clausify(3)].
kept:      16 R1 | -R2.  [clausify(3)].
kept:      17 -L1 | R1.  [clausify(4)].
kept:      18 -T1 | -R1.  [clausify(5)].
kept:      19 -L2 | -R2.  [clausify(6)].
kept:      20 -T2 | R2.  [clausify(7)].
kept:      21 -R1 | L1 | L2.  [clausify(8)].
kept:      22 -R1 | T2 | T1.  [clausify(8)].
kept:      23 R1 | -T1 | -L2.  [clausify(8)].
kept:      24 -R2 | L1.  [clausify(9)].
kept:      25 -R2 | T2.  [clausify(9)].
kept:      26 -L2.  [deny(10)].
kept:      27 -R1 | L1.  [back_unit_del(21),unit_del(c,26)].
kept:      28 T2.  [back_unit_del(12),unit_del(a,26)].
kept:      29 R2.  [back_unit_del(20),unit_del(a,28)].
kept:      30 L1.  [back_unit_del(24),unit_del(a,29)].
kept:      31 R1.  [back_unit_del(16),unit_del(b,29)].
kept:      32 -T1.  [back_unit_del(13),unit_del(a,30)].

============================== end of process initial clauses ========

============================== CLAUSES FOR SEARCH ====================

% Clauses after input processing:

formulas(usable).
end_of_list.

formulas(sos).
26 -L2.  [deny(10)].
28 T2.  [back_unit_del(12),unit_del(a,26)].
29 R2.  [back_unit_del(20),unit_del(a,28)].
30 L1.  [back_unit_del(24),unit_del(a,29)].
31 R1.  [back_unit_del(16),unit_del(b,29)].
32 -T1.  [back_unit_del(13),unit_del(a,30)].
end_of_list.

formulas(demodulators).
end_of_list.

============================== end of clauses for search =============

============================== SEARCH ================================

% Starting search at 0.01 seconds.

given #1 (I,wt=1): 26 -L2.  [deny(10)].

given #2 (I,wt=1): 28 T2.  [back_unit_del(12),unit_del(a,26)].

given #3 (I,wt=1): 29 R2.  [back_unit_del(20),unit_del(a,28)].

given #4 (I,wt=1): 30 L1.  [back_unit_del(24),unit_del(a,29)].

given #5 (I,wt=1): 31 R1.  [back_unit_del(16),unit_del(b,29)].

given #6 (I,wt=1): 32 -T1.  [back_unit_del(13),unit_del(a,30)].

============================== STATISTICS ============================

Given=6. Generated=28. Kept=22. proofs=0.
Usable=6. Sos=0. Demods=0. Limbo=0, Disabled=36. Hints=0.
Kept_by_rule=0, Deleted_by_rule=0.
Forward_subsumed=6. Back_subsumed=8.
Sos_limit_deleted=0. Sos_displaced=0. Sos_removed=0.
New_demodulators=0 (0 lex), Back_demodulated=0. Back_unit_deleted=8.
Demod_attempts=0. Demod_rewrites=0.
Res_instance_prunes=0. Para_instance_prunes=0. Basic_paramod_prunes=0.
Nonunit_fsub_feature_tests=4. Nonunit_bsub_feature_tests=24.
Megabytes=0.05.
User_CPU=0.01, System_CPU=0.00, Wall_clock=0.

============================== end of statistics =====================

============================== end of search =========================

SEARCH FAILED

Exiting with failure.

Process 26471 exit (sos_empty) Tue Jan 19 09:23:00 2021
