interpretation( 37, [number = 1,seconds = 0], [
    function(a1, [28]),
    function(a2, [20]),
    function(a3, [18]),
    function(a4, [16]),
    function(a5, [22]),
    function(b1, [32]),
    function(b2, [26]),
    function(b3, [28]),
    function(b4, [36]),
    function(b5, [24]),
    relation(n(_), [0,0,0,0,0,0,0,0,0,0,0,0,0,0,0,0,1,0,1,0,1,0,1,0,1,0,1,0,1,0,0,0,1,0,0,0,1])]).
interpretation( 37, [number = 2,seconds = 0], [
    function(a1, [28]),
    function(a2, [20]),
    function(a3, [18]),
    function(a4, [32]),
    function(a5, [36]),
    function(b1, [16]),
    function(b2, [28]),
    function(b3, [26]),
    function(b4, [22]),
    function(b5, [24]),
    relation(n(_), [0,0,0,0,0,0,0,0,0,0,0,0,0,0,0,0,1,0,1,0,1,0,1,0,1,0,1,0,1,0,0,0,1,0,0,0,1])]).
interpretation( 37, [number = 3,seconds = 0], [
    function(a1, [28]),
    function(a2, [20]),
    function(a3, [24]),
    function(a4, [26]),
    function(a5, [36]),
    function(b1, [28]),
    function(b2, [16]),
    function(b3, [32]),
    function(b4, [22]),
    function(b5, [18]),
    relation(n(_), [0,0,0,0,0,0,0,0,0,0,0,0,0,0,0,0,1,0,1,0,1,0,1,0,1,0,1,0,1,0,0,0,1,0,0,0,1])]).
interpretation( 37, [number = 4,seconds = 0], [
    function(a1, [28]),
    function(a2, [20]),
    function(a3, [24]),
    function(a4, [28]),
    function(a5, [22]),
    function(b1, [26]),
    function(b2, [32]),
    function(b3, [16]),
    function(b4, [36]),
    function(b5, [18]),
    relation(n(_), [0,0,0,0,0,0,0,0,0,0,0,0,0,0,0,0,1,0,1,0,1,0,1,0,1,0,1,0,1,0,0,0,1,0,0,0,1])]).
interpretation( 37, [number = 5,seconds = 0], [
    function(a1, [28]),
    function(a2, [22]),
    function(a3, [16]),
    function(a4, [18]),
    function(a5, [20]),
    function(b1, [26]),
    function(b2, [32]),
    function(b3, [24]),
    function(b4, [36]),
    function(b5, [28]),
    relation(n(_), [0,0,0,0,0,0,0,0,0,0,0,0,0,0,0,0,1,0,1,0,1,0,1,0,1,0,1,0,1,0,0,0,1,0,0,0,1])]).
interpretation( 37, [number = 6,seconds = 0], [
    function(a1, [28]),
    function(a2, [22]),
    function(a3, [16]),
    function(a4, [18]),
    function(a5, [32]),
    function(b1, [26]),
    function(b2, [20]),
    function(b3, [36]),
    function(b4, [24]),
    function(b5, [28]),
    relation(n(_), [0,0,0,0,0,0,0,0,0,0,0,0,0,0,0,0,1,0,1,0,1,0,1,0,1,0,1,0,1,0,0,0,1,0,0,0,1])]).
interpretation( 37, [number = 7,seconds = 0], [
    function(a1, [28]),
    function(a2, [22]),
    function(a3, [16]),
    function(a4, [26]),
    function(a5, [24]),
    function(b1, [18]),
    function(b2, [36]),
    function(b3, [20]),
    function(b4, [32]),
    function(b5, [28]),
    relation(n(_), [0,0,0,0,0,0,0,0,0,0,0,0,0,0,0,0,1,0,1,0,1,0,1,0,1,0,1,0,1,0,0,0,1,0,0,0,1])]).
interpretation( 37, [number = 8,seconds = 0], [
    function(a1, [28]),
    function(a2, [22]),
    function(a3, [16]),
    function(a4, [26]),
    function(a5, [36]),
    function(b1, [18]),
    function(b2, [24]),
    function(b3, [32]),
    function(b4, [20]),
    function(b5, [28]),
    relation(n(_), [0,0,0,0,0,0,0,0,0,0,0,0,0,0,0,0,1,0,1,0,1,0,1,0,1,0,1,0,1,0,0,0,1,0,0,0,1])]).
interpretation( 37, [number = 9,seconds = 0], [
    function(a1, [28]),
    function(a2, [22]),
    function(a3, [28]),
    function(a4, [20]),
    function(a5, [24]),
    function(b1, [36]),
    function(b2, [18]),
    function(b3, [26]),
    function(b4, [32]),
    function(b5, [16]),
    relation(n(_), [0,0,0,0,0,0,0,0,0,0,0,0,0,0,0,0,1,0,1,0,1,0,1,0,1,0,1,0,1,0,0,0,1,0,0,0,1])]).
interpretation( 37, [number = 10,seconds = 0], [
    function(a1, [28]),
    function(a2, [22]),
    function(a3, [28]),
    function(a4, [24]),
    function(a5, [20]),
    function(b1, [32]),
    function(b2, [26]),
    function(b3, [18]),
    function(b4, [36]),
    function(b5, [16]),
    relation(n(_), [0,0,0,0,0,0,0,0,0,0,0,0,0,0,0,0,1,0,1,0,1,0,1,0,1,0,1,0,1,0,0,0,1,0,0,0,1])]).
interpretation( 37, [number = 11,seconds = 0], [
    function(a1, [28]),
    function(a2, [22]),
    function(a3, [28]),
    function(a4, [32]),
    function(a5, [36]),
    function(b1, [24]),
    function(b2, [18]),
    function(b3, [26]),
    function(b4, [20]),
    function(b5, [16]),
    relation(n(_), [0,0,0,0,0,0,0,0,0,0,0,0,0,0,0,0,1,0,1,0,1,0,1,0,1,0,1,0,1,0,0,0,1,0,0,0,1])]).
interpretation( 37, [number = 12,seconds = 0], [
    function(a1, [28]),
    function(a2, [22]),
    function(a3, [28]),
    function(a4, [36]),
    function(a5, [32]),
    function(b1, [20]),
    function(b2, [26]),
    function(b3, [18]),
    function(b4, [24]),
    function(b5, [16]),
    relation(n(_), [0,0,0,0,0,0,0,0,0,0,0,0,0,0,0,0,1,0,1,0,1,0,1,0,1,0,1,0,1,0,0,0,1,0,0,0,1])]).
interpretation( 37, [number = 13,seconds = 0], [
    function(a1, [28]),
    function(a2, [24]),
    function(a3, [20]),
    function(a4, [18]),
    function(a5, [32]),
    function(b1, [28]),
    function(b2, [16]),
    function(b3, [36]),
    function(b4, [22]),
    function(b5, [26]),
    relation(n(_), [0,0,0,0,0,0,0,0,0,0,0,0,0,0,0,0,1,0,1,0,1,0,1,0,1,0,1,0,1,0,0,0,1,0,0,0,1])]).
interpretation( 37, [number = 14,seconds = 0], [
    function(a1, [28]),
    function(a2, [24]),
    function(a3, [20]),
    function(a4, [28]),
    function(a5, [22]),
    function(b1, [18]),
    function(b2, [36]),
    function(b3, [16]),
    function(b4, [32]),
    function(b5, [26]),
    relation(n(_), [0,0,0,0,0,0,0,0,0,0,0,0,0,0,0,0,1,0,1,0,1,0,1,0,1,0,1,0,1,0,0,0,1,0,0,0,1])]).
interpretation( 37, [number = 15,seconds = 0], [
    function(a1, [28]),
    function(a2, [24]),
    function(a3, [26]),
    function(a4, [16]),
    function(a5, [22]),
    function(b1, [36]),
    function(b2, [18]),
    function(b3, [28]),
    function(b4, [32]),
    function(b5, [20]),
    relation(n(_), [0,0,0,0,0,0,0,0,0,0,0,0,0,0,0,0,1,0,1,0,1,0,1,0,1,0,1,0,1,0,0,0,1,0,0,0,1])]).
interpretation( 37, [number = 16,seconds = 0], [
    function(a1, [28]),
    function(a2, [24]),
    function(a3, [26]),
    function(a4, [36]),
    function(a5, [32]),
    function(b1, [16]),
    function(b2, [28]),
    function(b3, [18]),
    function(b4, [22]),
    function(b5, [20]),
    relation(n(_), [0,0,0,0,0,0,0,0,0,0,0,0,0,0,0,0,1,0,1,0,1,0,1,0,1,0,1,0,1,0,0,0,1,0,0,0,1])]).
interpretation( 37, [number = 17,seconds = 0], [
    function(a1, [28]),
    function(a2, [32]),
    function(a3, [18]),
    function(a4, [16]),
    function(a5, [22]),
    function(b1, [20]),
    function(b2, [26]),
    function(b3, [28]),
    function(b4, [24]),
    function(b5, [36]),
    relation(n(_), [0,0,0,0,0,0,0,0,0,0,0,0,0,0,0,0,1,0,1,0,1,0,1,0,1,0,1,0,1,0,0,0,1,0,0,0,1])]).
interpretation( 37, [number = 18,seconds = 0], [
    function(a1, [28]),
    function(a2, [32]),
    function(a3, [18]),
    function(a4, [20]),
    function(a5, [24]),
    function(b1, [16]),
    function(b2, [28]),
    function(b3, [26]),
    function(b4, [22]),
    function(b5, [36]),
    relation(n(_), [0,0,0,0,0,0,0,0,0,0,0,0,0,0,0,0,1,0,1,0,1,0,1,0,1,0,1,0,1,0,0,0,1,0,0,0,1])]).
interpretation( 37, [number = 19,seconds = 0], [
    function(a1, [28]),
    function(a2, [32]),
    function(a3, [36]),
    function(a4, [26]),
    function(a5, [24]),
    function(b1, [28]),
    function(b2, [16]),
    function(b3, [20]),
    function(b4, [22]),
    function(b5, [18]),
    relation(n(_), [0,0,0,0,0,0,0,0,0,0,0,0,0,0,0,0,1,0,1,0,1,0,1,0,1,0,1,0,1,0,0,0,1,0,0,0,1])]).
interpretation( 37, [number = 20,seconds = 0], [
    function(a1, [28]),
    function(a2, [32]),
    function(a3, [36]),
    function(a4, [28]),
    function(a5, [22]),
    function(b1, [26]),
    function(b2, [20]),
    function(b3, [16]),
    function(b4, [24]),
    function(b5, [18]),
    relation(n(_), [0,0,0,0,0,0,0,0,0,0,0,0,0,0,0,0,1,0,1,0,1,0,1,0,1,0,1,0,1,0,0,0,1,0,0,0,1])]).
interpretation( 37, [number = 21,seconds = 0], [
    function(a1, [28]),
    function(a2, [36]),
    function(a3, [26]),
    function(a4, [16]),
    function(a5, [22]),
    function(b1, [24]),
    function(b2, [18]),
    function(b3, [28]),
    function(b4, [20]),
    function(b5, [32]),
    relation(n(_), [0,0,0,0,0,0,0,0,0,0,0,0,0,0,0,0,1,0,1,0,1,0,1,0,1,0,1,0,1,0,0,0,1,0,0,0,1])]).
interpretation( 37, [number = 22,seconds = 0], [
    function(a1, [28]),
    function(a2, [36]),
    function(a3, [26]),
    function(a4, [24]),
    function(a5, [20]),
    function(b1, [16]),
    function(b2, [28]),
    function(b3, [18]),
    function(b4, [22]),
    function(b5, [32]),
    relation(n(_), [0,0,0,0,0,0,0,0,0,0,0,0,0,0,0,0,1,0,1,0,1,0,1,0,1,0,1,0,1,0,0,0,1,0,0,0,1])]).
interpretation( 37, [number = 23,seconds = 0], [
    function(a1, [28]),
    function(a2, [36]),
    function(a3, [32]),
    function(a4, [18]),
    function(a5, [20]),
    function(b1, [28]),
    function(b2, [16]),
    function(b3, [24]),
    function(b4, [22]),
    function(b5, [26]),
    relation(n(_), [0,0,0,0,0,0,0,0,0,0,0,0,0,0,0,0,1,0,1,0,1,0,1,0,1,0,1,0,1,0,0,0,1,0,0,0,1])]).
interpretation( 37, [number = 24,seconds = 0], [
    function(a1, [28]),
    function(a2, [36]),
    function(a3, [32]),
    function(a4, [28]),
    function(a5, [22]),
    function(b1, [18]),
    function(b2, [24]),
    function(b3, [16]),
    function(b4, [20]),
    function(b5, [26]),
    relation(n(_), [0,0,0,0,0,0,0,0,0,0,0,0,0,0,0,0,1,0,1,0,1,0,1,0,1,0,1,0,1,0,0,0,1,0,0,0,1])]).
