interpretation( 5, [number = 1,seconds = 0], [
    function(f(_,_), [0,1,2,3,4,1,4,0,2,3,2,0,3,4,1,3,2,4,1,0,4,3,1,0,2])]).
interpretation( 5, [number = 2,seconds = 0], [
    function(f(_,_), [0,1,2,3,4,1,4,0,2,3,2,3,1,4,0,3,0,4,1,2,4,2,3,0,1])]).
interpretation( 5, [number = 3,seconds = 0], [
    function(f(_,_), [0,1,2,3,4,1,4,0,2,3,2,3,1,4,0,3,2,4,0,1,4,0,3,1,2])]).
interpretation( 5, [number = 4,seconds = 0], [
    function(f(_,_), [0,1,2,3,4,1,4,0,2,3,2,3,4,0,1,3,0,1,4,2,4,2,3,1,0])]).
interpretation( 5, [number = 5,seconds = 0], [
    function(f(_,_), [0,1,2,3,4,1,4,0,2,3,2,3,4,0,1,3,2,1,4,0,4,0,3,1,2])]).
interpretation( 5, [number = 6,seconds = 0], [
    function(f(_,_), [0,1,2,3,4,1,4,0,2,3,2,3,4,1,0,3,0,1,4,2,4,2,3,0,1])]).
interpretation( 5, [number = 7,seconds = 0], [
    function(f(_,_), [0,1,2,3,4,1,2,0,4,3,2,3,4,0,1,3,4,1,2,0,4,0,3,1,2])]).
interpretation( 5, [number = 8,seconds = 0], [
    function(f(_,_), [0,1,2,3,4,1,2,0,4,3,2,4,3,0,1,3,0,4,1,2,4,3,1,2,0])]).
interpretation( 5, [number = 9,seconds = 0], [
    function(f(_,_), [0,1,2,3,4,1,2,0,4,3,2,3,4,1,0,3,4,1,0,2,4,0,3,2,1])]).
interpretation( 5, [number = 10,seconds = 0], [
    function(f(_,_), [0,1,2,3,4,1,2,0,4,3,2,4,3,1,0,3,0,4,2,1,4,3,1,0,2])]).
interpretation( 5, [number = 11,seconds = 0], [
    function(f(_,_), [0,1,2,3,4,1,3,0,4,2,2,0,4,1,3,3,4,1,2,0,4,2,3,0,1])]).
interpretation( 5, [number = 12,seconds = 0], [
    function(f(_,_), [0,1,2,3,4,1,3,0,4,2,2,4,1,0,3,3,0,4,2,1,4,2,3,1,0])]).
interpretation( 5, [number = 13,seconds = 0], [
    function(f(_,_), [0,1,2,3,4,1,3,0,4,2,2,4,1,0,3,3,2,4,1,0,4,0,3,2,1])]).
interpretation( 5, [number = 14,seconds = 0], [
    function(f(_,_), [0,1,2,3,4,1,3,0,4,2,2,4,3,0,1,3,2,4,1,0,4,0,1,2,3])]).
interpretation( 5, [number = 15,seconds = 0], [
    function(f(_,_), [0,1,2,3,4,1,3,0,4,2,2,4,3,1,0,3,0,4,2,1,4,2,1,0,3])]).
interpretation( 5, [number = 16,seconds = 0], [
    function(f(_,_), [0,1,2,3,4,1,3,0,4,2,2,4,3,1,0,3,2,4,0,1,4,0,1,2,3])]).
interpretation( 5, [number = 17,seconds = 0], [
    function(f(_,_), [0,1,2,3,4,1,2,3,4,0,2,3,4,0,1,3,4,0,1,2,4,0,1,2,3])]).
interpretation( 5, [number = 18,seconds = 0], [
    function(f(_,_), [0,1,2,3,4,1,2,3,4,0,2,4,1,0,3,3,0,4,1,2,4,3,0,2,1])]).
interpretation( 5, [number = 19,seconds = 0], [
    function(f(_,_), [0,1,2,3,4,1,2,3,4,0,2,4,1,0,3,3,0,4,2,1,4,3,0,1,2])]).
interpretation( 5, [number = 20,seconds = 0], [
    function(f(_,_), [0,1,2,3,4,1,2,3,4,0,2,0,4,1,3,3,4,0,2,1,4,3,1,0,2])]).
interpretation( 5, [number = 21,seconds = 0], [
    function(f(_,_), [0,1,2,3,4,1,2,3,4,0,2,0,4,1,3,3,4,1,0,2,4,3,0,2,1])]).
interpretation( 5, [number = 22,seconds = 0], [
    function(f(_,_), [0,1,2,3,4,1,2,3,4,0,2,4,0,1,3,3,0,4,2,1,4,3,1,0,2])]).
interpretation( 5, [number = 23,seconds = 0], [
    function(f(_,_), [0,1,2,3,4,1,4,3,2,0,2,0,1,4,3,3,2,4,0,1,4,3,0,1,2])]).
interpretation( 5, [number = 24,seconds = 0], [
    function(f(_,_), [0,1,2,3,4,1,4,3,2,0,2,0,4,1,3,3,2,0,4,1,4,3,1,0,2])]).
interpretation( 5, [number = 25,seconds = 0], [
    function(f(_,_), [0,1,2,3,4,1,4,3,2,0,2,3,0,4,1,3,0,4,1,2,4,2,1,0,3])]).
interpretation( 5, [number = 26,seconds = 0], [
    function(f(_,_), [0,1,2,3,4,1,4,3,2,0,2,3,4,0,1,3,0,1,4,2,4,2,0,1,3])]).
interpretation( 5, [number = 27,seconds = 0], [
    function(f(_,_), [0,1,2,3,4,1,0,3,4,2,2,3,4,0,1,3,4,1,2,0,4,2,0,1,3])]).
interpretation( 5, [number = 28,seconds = 0], [
    function(f(_,_), [0,1,2,3,4,1,0,3,4,2,2,3,4,1,0,3,4,0,2,1,4,2,1,0,3])]).
interpretation( 5, [number = 29,seconds = 0], [
    function(f(_,_), [0,1,2,3,4,1,0,3,4,2,2,4,0,1,3,3,2,4,0,1,4,3,1,2,0])]).
interpretation( 5, [number = 30,seconds = 0], [
    function(f(_,_), [0,1,2,3,4,1,0,3,4,2,2,4,1,0,3,3,2,4,1,0,4,3,0,2,1])]).
interpretation( 5, [number = 31,seconds = 0], [
    function(f(_,_), [0,1,2,3,4,1,4,3,0,2,2,0,1,4,3,3,2,4,1,0,4,3,0,2,1])]).
interpretation( 5, [number = 32,seconds = 0], [
    function(f(_,_), [0,1,2,3,4,1,4,3,0,2,2,0,4,1,3,3,2,0,4,1,4,3,1,2,0])]).
interpretation( 5, [number = 33,seconds = 0], [
    function(f(_,_), [0,1,2,3,4,1,4,3,0,2,2,0,4,1,3,3,2,1,4,0,4,3,0,2,1])]).
interpretation( 5, [number = 34,seconds = 0], [
    function(f(_,_), [0,1,2,3,4,1,4,3,0,2,2,3,4,1,0,3,2,0,4,1,4,0,1,2,3])]).
interpretation( 5, [number = 35,seconds = 0], [
    function(f(_,_), [0,1,2,3,4,1,4,3,0,2,2,3,0,4,1,3,2,4,1,0,4,0,1,2,3])]).
interpretation( 5, [number = 36,seconds = 0], [
    function(f(_,_), [0,1,2,3,4,1,4,3,0,2,2,3,1,4,0,3,0,4,2,1,4,2,0,1,3])]).
interpretation( 5, [number = 37,seconds = 0], [
    function(f(_,_), [0,1,2,3,4,1,2,4,0,3,2,4,3,1,0,3,0,1,4,2,4,3,0,2,1])]).
interpretation( 5, [number = 38,seconds = 0], [
    function(f(_,_), [0,1,2,3,4,1,2,4,0,3,2,0,3,4,1,3,4,0,1,2,4,3,1,2,0])]).
interpretation( 5, [number = 39,seconds = 0], [
    function(f(_,_), [0,1,2,3,4,1,2,4,0,3,2,0,3,4,1,3,4,1,2,0,4,3,0,1,2])]).
interpretation( 5, [number = 40,seconds = 0], [
    function(f(_,_), [0,1,2,3,4,1,2,4,0,3,2,3,0,4,1,3,4,1,2,0,4,0,3,1,2])]).
interpretation( 5, [number = 41,seconds = 0], [
    function(f(_,_), [0,1,2,3,4,1,2,4,0,3,2,3,1,4,0,3,4,0,1,2,4,0,3,2,1])]).
interpretation( 5, [number = 42,seconds = 0], [
    function(f(_,_), [0,1,2,3,4,1,2,4,0,3,2,3,1,4,0,3,4,0,2,1,4,0,3,1,2])]).
interpretation( 5, [number = 43,seconds = 0], [
    function(f(_,_), [0,1,2,3,4,1,3,4,0,2,2,0,1,4,3,3,4,0,2,1,4,2,3,1,0])]).
interpretation( 5, [number = 44,seconds = 0], [
    function(f(_,_), [0,1,2,3,4,1,3,4,0,2,2,0,3,4,1,3,4,1,2,0,4,2,0,1,3])]).
interpretation( 5, [number = 45,seconds = 0], [
    function(f(_,_), [0,1,2,3,4,1,3,4,0,2,2,4,0,1,3,3,2,1,4,0,4,0,3,2,1])]).
interpretation( 5, [number = 46,seconds = 0], [
    function(f(_,_), [0,1,2,3,4,1,3,4,0,2,2,4,3,1,0,3,2,0,4,1,4,0,1,2,3])]).
interpretation( 5, [number = 47,seconds = 0], [
    function(f(_,_), [0,1,2,3,4,1,0,4,2,3,2,3,0,4,1,3,4,1,0,2,4,2,3,1,0])]).
interpretation( 5, [number = 48,seconds = 0], [
    function(f(_,_), [0,1,2,3,4,1,0,4,2,3,2,3,1,4,0,3,4,0,1,2,4,2,3,0,1])]).
interpretation( 5, [number = 49,seconds = 0], [
    function(f(_,_), [0,1,2,3,4,1,0,4,2,3,2,4,3,0,1,3,2,1,4,0,4,3,0,1,2])]).
interpretation( 5, [number = 50,seconds = 0], [
    function(f(_,_), [0,1,2,3,4,1,0,4,2,3,2,4,3,1,0,3,2,0,4,1,4,3,1,0,2])]).
interpretation( 5, [number = 51,seconds = 0], [
    function(f(_,_), [0,1,2,3,4,1,3,4,2,0,2,0,1,4,3,3,4,0,1,2,4,2,3,0,1])]).
interpretation( 5, [number = 52,seconds = 0], [
    function(f(_,_), [0,1,2,3,4,1,3,4,2,0,2,0,3,4,1,3,4,0,1,2,4,2,1,0,3])]).
interpretation( 5, [number = 53,seconds = 0], [
    function(f(_,_), [0,1,2,3,4,1,3,4,2,0,2,0,3,4,1,3,4,1,0,2,4,2,0,1,3])]).
interpretation( 5, [number = 54,seconds = 0], [
    function(f(_,_), [0,1,2,3,4,1,3,4,2,0,2,4,1,0,3,3,2,0,4,1,4,0,3,1,2])]).
interpretation( 5, [number = 55,seconds = 0], [
    function(f(_,_), [0,1,2,3,4,1,3,4,2,0,2,4,3,0,1,3,0,1,4,2,4,2,0,1,3])]).
interpretation( 5, [number = 56,seconds = 0], [
    function(f(_,_), [0,1,2,3,4,1,3,4,2,0,2,4,0,1,3,3,0,1,4,2,4,2,3,0,1])]).
