interpretation( 3, [number = 1,seconds = 0], [
    function(f(_,_), [
        0,1,2,
        1,2,0,
        2,0,1])]).
interpretation( 3, [number = 2,seconds = 0], [
    function(f(_,_), [
        0,1,2,
        2,0,1,
        1,2,0])]).
interpretation( 3, [number = 3,seconds = 0], [
    function(f(_,_), [
        0,2,1,
        1,0,2,
        2,1,0])]).
interpretation( 3, [number = 4,seconds = 0], [
    function(f(_,_), [
        0,2,1,
        2,1,0,
        1,0,2])]).
interpretation( 3, [number = 5,seconds = 0], [
    function(f(_,_), [
        1,0,2,
        0,2,1,
        2,1,0])]).
% isofilter: input=12, kept=5, checks=27, perms=143, 0.00 seconds.
