interpretation( 5, [number = 1,seconds = 0], [
    function(ds1, [4]),
    function(stars, [1]),
    function(p(_), [1,0,1,2,3]),
    function(s(_), [1,2,3,4,0]),
    function(f(_,_), [0,1,0,0,0,0,0,0,1,0,1,0,0,0,0,0,0,1,0,0,0,0,0,0,1])]).
interpretation( 5, [number = 2,seconds = 0], [
    function(ds1, [4]),
    function(stars, [1]),
    function(p(_), [1,0,1,2,3]),
    function(s(_), [1,2,3,4,3]),
    function(f(_,_), [0,1,0,0,0,0,0,0,1,0,1,0,0,0,0,0,0,1,0,0,0,0,0,0,1])]).
interpretation( 5, [number = 3,seconds = 0], [
    function(ds1, [4]),
    function(stars, [1]),
    function(p(_), [4,0,1,2,3]),
    function(s(_), [1,2,3,4,0]),
    function(f(_,_), [0,1,0,0,0,0,0,0,1,0,1,0,0,0,0,0,0,1,0,0,0,0,0,0,1])]).
interpretation( 5, [number = 4,seconds = 0], [
    function(ds1, [4]),
    function(stars, [1]),
    function(p(_), [4,0,1,2,3]),
    function(s(_), [1,2,3,4,3]),
    function(f(_,_), [0,1,0,0,0,0,0,0,1,0,1,0,0,0,0,0,0,1,0,0,0,0,0,0,1])]).
