============================== Mace4 =================================
Mace4 (64) version 2009-11A, November 2009.
Process 21250 was started by adrian on adrian,
Thu Jan 21 09:33:37 2021
The command was "mace4 -f p021a.in".
============================== end of head ===========================

============================== INPUT =================================

% Reading from file p021a.in

set(arithmetic).
    % set(arithmetic) -> clear(lnh).
    % set(arithmetic) -> assign(selection_order, 0).

    % Declaring Mace4 arithmetic parse types.
assign(domain_size,4).
    % assign(domain_size, 4) -> assign(start_size, 4).
    % assign(domain_size, 4) -> assign(end_size, 4).
assign(max_models,-1).

formulas(assumptions).
(all x (evenCol(x) <-> (f(0,x) + f(1,x) + f(2,x) + f(3,x)) mod 2 = 0)).
(all x (evenRow(x) <-> (f(x,0) + f(x,1) + f(x,2) + f(x,3)) mod 2 = 0)).
evenCol(0) & evenCol(1) & evenCol(2) & evenCol(3).
evenRow(0) & evenRow(1) & evenRow(2) & evenRow(3).
(all x all y (f(x,y) = 0 | f(x,y) = 1)).
f(0,0) + f(1,0) + f(2,0) + f(3,0) + f(0,1) + f(1,1) + f(2,1) + f(3,1) + f(0,2) + f(1,2) + f(2,2) + f(3,2) + f(0,3) + f(1,3) + f(2,3) + f(3,3) = 10.
end_of_list.

============================== end of input ==========================

============================== PROCESS NON-CLAUSAL FORMULAS ==========

% Formulas that are not ordinary clauses:
1 (all x (evenCol(x) <-> (f(0,x) + f(1,x) + f(2,x) + f(3,x)) mod 2 = 0)) # label(non_clause).  [assumption].
2 (all x (evenRow(x) <-> (f(x,0) + f(x,1) + f(x,2) + f(x,3)) mod 2 = 0)) # label(non_clause).  [assumption].
3 evenCol(0) & evenCol(1) & evenCol(2) & evenCol(3) # label(non_clause).  [assumption].
4 evenRow(0) & evenRow(1) & evenRow(2) & evenRow(3) # label(non_clause).  [assumption].
5 (all x all y (f(x,y) = 0 | f(x,y) = 1)) # label(non_clause).  [assumption].

============================== end of process non-clausal formulas ===

============================== CLAUSES FOR SEARCH ====================

formulas(mace4_clauses).
-evenCol(x) | (f(0,x) + f(1,x) + f(2,x) + f(3,x)) mod 2 = 0.
evenCol(x) | (f(0,x) + f(1,x) + f(2,x) + f(3,x)) mod 2 != 0.
-evenRow(x) | (f(x,0) + f(x,1) + f(x,2) + f(x,3)) mod 2 = 0.
evenRow(x) | (f(x,0) + f(x,1) + f(x,2) + f(x,3)) mod 2 != 0.
evenCol(0).
evenCol(1).
evenCol(2).
evenCol(3).
evenRow(0).
evenRow(1).
evenRow(2).
evenRow(3).
f(x,y) = 0 | f(x,y) = 1.
f(0,0) + f(1,0) + f(2,0) + f(3,0) + f(0,1) + f(1,1) + f(2,1) + f(3,1) + f(0,2) + f(1,2) + f(2,2) + f(3,2) + f(0,3) + f(1,3) + f(2,3) + f(3,3) = 10.
end_of_list.

============================== end of clauses for search =============

% The largest natural number in the input is 10.

============================== DOMAIN SIZE 4 =========================

============================== MODEL =================================

interpretation( 4, [number=1, seconds=0], [

        function(f(_,_), [
			   0, 0, 1, 1,
			   0, 1, 0, 1,
			   1, 0, 0, 1,
			   1, 1, 1, 1 ]),

        relation(evenCol(_), [ 1, 1, 1, 1 ]),

        relation(evenRow(_), [ 1, 1, 1, 1 ])
]).

============================== end of model ==========================

============================== MODEL =================================

interpretation( 4, [number=2, seconds=0], [

        function(f(_,_), [
			   0, 0, 1, 1,
			   0, 1, 0, 1,
			   1, 1, 1, 1,
			   1, 0, 0, 1 ]),

        relation(evenCol(_), [ 1, 1, 1, 1 ]),

        relation(evenRow(_), [ 1, 1, 1, 1 ])
]).

============================== end of model ==========================

============================== MODEL =================================

interpretation( 4, [number=3, seconds=0], [

        function(f(_,_), [
			   0, 0, 1, 1,
			   0, 1, 1, 0,
			   1, 0, 1, 0,
			   1, 1, 1, 1 ]),

        relation(evenCol(_), [ 1, 1, 1, 1 ]),

        relation(evenRow(_), [ 1, 1, 1, 1 ])
]).

============================== end of model ==========================

============================== MODEL =================================

interpretation( 4, [number=4, seconds=0], [

        function(f(_,_), [
			   0, 0, 1, 1,
			   0, 1, 1, 0,
			   1, 1, 1, 1,
			   1, 0, 1, 0 ]),

        relation(evenCol(_), [ 1, 1, 1, 1 ]),

        relation(evenRow(_), [ 1, 1, 1, 1 ])
]).

============================== end of model ==========================

============================== MODEL =================================

interpretation( 4, [number=5, seconds=0], [

        function(f(_,_), [
			   0, 0, 1, 1,
			   1, 0, 0, 1,
			   0, 1, 0, 1,
			   1, 1, 1, 1 ]),

        relation(evenCol(_), [ 1, 1, 1, 1 ]),

        relation(evenRow(_), [ 1, 1, 1, 1 ])
]).

============================== end of model ==========================

============================== MODEL =================================

interpretation( 4, [number=6, seconds=0], [

        function(f(_,_), [
			   0, 0, 1, 1,
			   1, 0, 0, 1,
			   1, 1, 1, 1,
			   0, 1, 0, 1 ]),

        relation(evenCol(_), [ 1, 1, 1, 1 ]),

        relation(evenRow(_), [ 1, 1, 1, 1 ])
]).

============================== end of model ==========================

============================== MODEL =================================

interpretation( 4, [number=7, seconds=0], [

        function(f(_,_), [
			   0, 0, 1, 1,
			   1, 0, 1, 0,
			   0, 1, 1, 0,
			   1, 1, 1, 1 ]),

        relation(evenCol(_), [ 1, 1, 1, 1 ]),

        relation(evenRow(_), [ 1, 1, 1, 1 ])
]).

============================== end of model ==========================

============================== MODEL =================================

interpretation( 4, [number=8, seconds=0], [

        function(f(_,_), [
			   0, 0, 1, 1,
			   1, 0, 1, 0,
			   1, 1, 1, 1,
			   0, 1, 1, 0 ]),

        relation(evenCol(_), [ 1, 1, 1, 1 ]),

        relation(evenRow(_), [ 1, 1, 1, 1 ])
]).

============================== end of model ==========================

============================== MODEL =================================

interpretation( 4, [number=9, seconds=0], [

        function(f(_,_), [
			   0, 0, 1, 1,
			   1, 1, 1, 1,
			   0, 1, 0, 1,
			   1, 0, 0, 1 ]),

        relation(evenCol(_), [ 1, 1, 1, 1 ]),

        relation(evenRow(_), [ 1, 1, 1, 1 ])
]).

============================== end of model ==========================

============================== MODEL =================================

interpretation( 4, [number=10, seconds=0], [

        function(f(_,_), [
			   0, 0, 1, 1,
			   1, 1, 1, 1,
			   0, 1, 1, 0,
			   1, 0, 1, 0 ]),

        relation(evenCol(_), [ 1, 1, 1, 1 ]),

        relation(evenRow(_), [ 1, 1, 1, 1 ])
]).

============================== end of model ==========================

============================== MODEL =================================

interpretation( 4, [number=11, seconds=0], [

        function(f(_,_), [
			   0, 0, 1, 1,
			   1, 1, 1, 1,
			   1, 0, 0, 1,
			   0, 1, 0, 1 ]),

        relation(evenCol(_), [ 1, 1, 1, 1 ]),

        relation(evenRow(_), [ 1, 1, 1, 1 ])
]).

============================== end of model ==========================

============================== MODEL =================================

interpretation( 4, [number=12, seconds=0], [

        function(f(_,_), [
			   0, 0, 1, 1,
			   1, 1, 1, 1,
			   1, 0, 1, 0,
			   0, 1, 1, 0 ]),

        relation(evenCol(_), [ 1, 1, 1, 1 ]),

        relation(evenRow(_), [ 1, 1, 1, 1 ])
]).

============================== end of model ==========================

============================== MODEL =================================

interpretation( 4, [number=13, seconds=0], [

        function(f(_,_), [
			   0, 1, 0, 1,
			   0, 0, 1, 1,
			   1, 0, 0, 1,
			   1, 1, 1, 1 ]),

        relation(evenCol(_), [ 1, 1, 1, 1 ]),

        relation(evenRow(_), [ 1, 1, 1, 1 ])
]).

============================== end of model ==========================

============================== MODEL =================================

interpretation( 4, [number=14, seconds=0], [

        function(f(_,_), [
			   0, 1, 0, 1,
			   0, 0, 1, 1,
			   1, 1, 1, 1,
			   1, 0, 0, 1 ]),

        relation(evenCol(_), [ 1, 1, 1, 1 ]),

        relation(evenRow(_), [ 1, 1, 1, 1 ])
]).

============================== end of model ==========================

============================== MODEL =================================

interpretation( 4, [number=15, seconds=0], [

        function(f(_,_), [
			   0, 1, 0, 1,
			   0, 1, 1, 0,
			   1, 1, 0, 0,
			   1, 1, 1, 1 ]),

        relation(evenCol(_), [ 1, 1, 1, 1 ]),

        relation(evenRow(_), [ 1, 1, 1, 1 ])
]).

============================== end of model ==========================

============================== MODEL =================================

interpretation( 4, [number=16, seconds=0], [

        function(f(_,_), [
			   0, 1, 0, 1,
			   0, 1, 1, 0,
			   1, 1, 1, 1,
			   1, 1, 0, 0 ]),

        relation(evenCol(_), [ 1, 1, 1, 1 ]),

        relation(evenRow(_), [ 1, 1, 1, 1 ])
]).

============================== end of model ==========================

============================== MODEL =================================

interpretation( 4, [number=17, seconds=0], [

        function(f(_,_), [
			   0, 1, 0, 1,
			   1, 0, 0, 1,
			   0, 0, 1, 1,
			   1, 1, 1, 1 ]),

        relation(evenCol(_), [ 1, 1, 1, 1 ]),

        relation(evenRow(_), [ 1, 1, 1, 1 ])
]).

============================== end of model ==========================

============================== MODEL =================================

interpretation( 4, [number=18, seconds=0], [

        function(f(_,_), [
			   0, 1, 0, 1,
			   1, 0, 0, 1,
			   1, 1, 1, 1,
			   0, 0, 1, 1 ]),

        relation(evenCol(_), [ 1, 1, 1, 1 ]),

        relation(evenRow(_), [ 1, 1, 1, 1 ])
]).

============================== end of model ==========================

============================== MODEL =================================

interpretation( 4, [number=19, seconds=0], [

        function(f(_,_), [
			   0, 1, 0, 1,
			   1, 1, 0, 0,
			   0, 1, 1, 0,
			   1, 1, 1, 1 ]),

        relation(evenCol(_), [ 1, 1, 1, 1 ]),

        relation(evenRow(_), [ 1, 1, 1, 1 ])
]).

============================== end of model ==========================

============================== MODEL =================================

interpretation( 4, [number=20, seconds=0], [

        function(f(_,_), [
			   0, 1, 0, 1,
			   1, 1, 0, 0,
			   1, 1, 1, 1,
			   0, 1, 1, 0 ]),

        relation(evenCol(_), [ 1, 1, 1, 1 ]),

        relation(evenRow(_), [ 1, 1, 1, 1 ])
]).

============================== end of model ==========================

============================== MODEL =================================

interpretation( 4, [number=21, seconds=0], [

        function(f(_,_), [
			   0, 1, 0, 1,
			   1, 1, 1, 1,
			   0, 0, 1, 1,
			   1, 0, 0, 1 ]),

        relation(evenCol(_), [ 1, 1, 1, 1 ]),

        relation(evenRow(_), [ 1, 1, 1, 1 ])
]).

============================== end of model ==========================

============================== MODEL =================================

interpretation( 4, [number=22, seconds=0], [

        function(f(_,_), [
			   0, 1, 0, 1,
			   1, 1, 1, 1,
			   0, 1, 1, 0,
			   1, 1, 0, 0 ]),

        relation(evenCol(_), [ 1, 1, 1, 1 ]),

        relation(evenRow(_), [ 1, 1, 1, 1 ])
]).

============================== end of model ==========================

============================== MODEL =================================

interpretation( 4, [number=23, seconds=0], [

        function(f(_,_), [
			   0, 1, 0, 1,
			   1, 1, 1, 1,
			   1, 0, 0, 1,
			   0, 0, 1, 1 ]),

        relation(evenCol(_), [ 1, 1, 1, 1 ]),

        relation(evenRow(_), [ 1, 1, 1, 1 ])
]).

============================== end of model ==========================

============================== MODEL =================================

interpretation( 4, [number=24, seconds=0], [

        function(f(_,_), [
			   0, 1, 0, 1,
			   1, 1, 1, 1,
			   1, 1, 0, 0,
			   0, 1, 1, 0 ]),

        relation(evenCol(_), [ 1, 1, 1, 1 ]),

        relation(evenRow(_), [ 1, 1, 1, 1 ])
]).

============================== end of model ==========================

============================== MODEL =================================

interpretation( 4, [number=25, seconds=0], [

        function(f(_,_), [
			   0, 1, 1, 0,
			   0, 0, 1, 1,
			   1, 0, 1, 0,
			   1, 1, 1, 1 ]),

        relation(evenCol(_), [ 1, 1, 1, 1 ]),

        relation(evenRow(_), [ 1, 1, 1, 1 ])
]).

============================== end of model ==========================

============================== MODEL =================================

interpretation( 4, [number=26, seconds=0], [

        function(f(_,_), [
			   0, 1, 1, 0,
			   0, 0, 1, 1,
			   1, 1, 1, 1,
			   1, 0, 1, 0 ]),

        relation(evenCol(_), [ 1, 1, 1, 1 ]),

        relation(evenRow(_), [ 1, 1, 1, 1 ])
]).

============================== end of model ==========================

============================== MODEL =================================

interpretation( 4, [number=27, seconds=0], [

        function(f(_,_), [
			   0, 1, 1, 0,
			   0, 1, 0, 1,
			   1, 1, 0, 0,
			   1, 1, 1, 1 ]),

        relation(evenCol(_), [ 1, 1, 1, 1 ]),

        relation(evenRow(_), [ 1, 1, 1, 1 ])
]).

============================== end of model ==========================

============================== MODEL =================================

interpretation( 4, [number=28, seconds=0], [

        function(f(_,_), [
			   0, 1, 1, 0,
			   0, 1, 0, 1,
			   1, 1, 1, 1,
			   1, 1, 0, 0 ]),

        relation(evenCol(_), [ 1, 1, 1, 1 ]),

        relation(evenRow(_), [ 1, 1, 1, 1 ])
]).

============================== end of model ==========================

============================== MODEL =================================

interpretation( 4, [number=29, seconds=0], [

        function(f(_,_), [
			   0, 1, 1, 0,
			   1, 0, 1, 0,
			   0, 0, 1, 1,
			   1, 1, 1, 1 ]),

        relation(evenCol(_), [ 1, 1, 1, 1 ]),

        relation(evenRow(_), [ 1, 1, 1, 1 ])
]).

============================== end of model ==========================

============================== MODEL =================================

interpretation( 4, [number=30, seconds=0], [

        function(f(_,_), [
			   0, 1, 1, 0,
			   1, 0, 1, 0,
			   1, 1, 1, 1,
			   0, 0, 1, 1 ]),

        relation(evenCol(_), [ 1, 1, 1, 1 ]),

        relation(evenRow(_), [ 1, 1, 1, 1 ])
]).

============================== end of model ==========================

============================== MODEL =================================

interpretation( 4, [number=31, seconds=0], [

        function(f(_,_), [
			   0, 1, 1, 0,
			   1, 1, 0, 0,
			   0, 1, 0, 1,
			   1, 1, 1, 1 ]),

        relation(evenCol(_), [ 1, 1, 1, 1 ]),

        relation(evenRow(_), [ 1, 1, 1, 1 ])
]).

============================== end of model ==========================

============================== MODEL =================================

interpretation( 4, [number=32, seconds=0], [

        function(f(_,_), [
			   0, 1, 1, 0,
			   1, 1, 0, 0,
			   1, 1, 1, 1,
			   0, 1, 0, 1 ]),

        relation(evenCol(_), [ 1, 1, 1, 1 ]),

        relation(evenRow(_), [ 1, 1, 1, 1 ])
]).

============================== end of model ==========================

============================== MODEL =================================

interpretation( 4, [number=33, seconds=0], [

        function(f(_,_), [
			   0, 1, 1, 0,
			   1, 1, 1, 1,
			   0, 0, 1, 1,
			   1, 0, 1, 0 ]),

        relation(evenCol(_), [ 1, 1, 1, 1 ]),

        relation(evenRow(_), [ 1, 1, 1, 1 ])
]).

============================== end of model ==========================

============================== MODEL =================================

interpretation( 4, [number=34, seconds=0], [

        function(f(_,_), [
			   0, 1, 1, 0,
			   1, 1, 1, 1,
			   0, 1, 0, 1,
			   1, 1, 0, 0 ]),

        relation(evenCol(_), [ 1, 1, 1, 1 ]),

        relation(evenRow(_), [ 1, 1, 1, 1 ])
]).

============================== end of model ==========================

============================== MODEL =================================

interpretation( 4, [number=35, seconds=0], [

        function(f(_,_), [
			   0, 1, 1, 0,
			   1, 1, 1, 1,
			   1, 0, 1, 0,
			   0, 0, 1, 1 ]),

        relation(evenCol(_), [ 1, 1, 1, 1 ]),

        relation(evenRow(_), [ 1, 1, 1, 1 ])
]).

============================== end of model ==========================

============================== MODEL =================================

interpretation( 4, [number=36, seconds=0], [

        function(f(_,_), [
			   0, 1, 1, 0,
			   1, 1, 1, 1,
			   1, 1, 0, 0,
			   0, 1, 0, 1 ]),

        relation(evenCol(_), [ 1, 1, 1, 1 ]),

        relation(evenRow(_), [ 1, 1, 1, 1 ])
]).

============================== end of model ==========================

============================== MODEL =================================

interpretation( 4, [number=37, seconds=0], [

        function(f(_,_), [
			   1, 0, 0, 1,
			   0, 0, 1, 1,
			   0, 1, 0, 1,
			   1, 1, 1, 1 ]),

        relation(evenCol(_), [ 1, 1, 1, 1 ]),

        relation(evenRow(_), [ 1, 1, 1, 1 ])
]).

============================== end of model ==========================

============================== MODEL =================================

interpretation( 4, [number=38, seconds=0], [

        function(f(_,_), [
			   1, 0, 0, 1,
			   0, 0, 1, 1,
			   1, 1, 1, 1,
			   0, 1, 0, 1 ]),

        relation(evenCol(_), [ 1, 1, 1, 1 ]),

        relation(evenRow(_), [ 1, 1, 1, 1 ])
]).

============================== end of model ==========================

============================== MODEL =================================

interpretation( 4, [number=39, seconds=0], [

        function(f(_,_), [
			   1, 0, 0, 1,
			   0, 1, 0, 1,
			   0, 0, 1, 1,
			   1, 1, 1, 1 ]),

        relation(evenCol(_), [ 1, 1, 1, 1 ]),

        relation(evenRow(_), [ 1, 1, 1, 1 ])
]).

============================== end of model ==========================

============================== MODEL =================================

interpretation( 4, [number=40, seconds=0], [

        function(f(_,_), [
			   1, 0, 0, 1,
			   0, 1, 0, 1,
			   1, 1, 1, 1,
			   0, 0, 1, 1 ]),

        relation(evenCol(_), [ 1, 1, 1, 1 ]),

        relation(evenRow(_), [ 1, 1, 1, 1 ])
]).

============================== end of model ==========================

============================== MODEL =================================

interpretation( 4, [number=41, seconds=0], [

        function(f(_,_), [
			   1, 0, 0, 1,
			   1, 0, 1, 0,
			   1, 1, 0, 0,
			   1, 1, 1, 1 ]),

        relation(evenCol(_), [ 1, 1, 1, 1 ]),

        relation(evenRow(_), [ 1, 1, 1, 1 ])
]).

============================== end of model ==========================

============================== MODEL =================================

interpretation( 4, [number=42, seconds=0], [

        function(f(_,_), [
			   1, 0, 0, 1,
			   1, 0, 1, 0,
			   1, 1, 1, 1,
			   1, 1, 0, 0 ]),

        relation(evenCol(_), [ 1, 1, 1, 1 ]),

        relation(evenRow(_), [ 1, 1, 1, 1 ])
]).

============================== end of model ==========================

============================== MODEL =================================

interpretation( 4, [number=43, seconds=0], [

        function(f(_,_), [
			   1, 0, 0, 1,
			   1, 1, 0, 0,
			   1, 0, 1, 0,
			   1, 1, 1, 1 ]),

        relation(evenCol(_), [ 1, 1, 1, 1 ]),

        relation(evenRow(_), [ 1, 1, 1, 1 ])
]).

============================== end of model ==========================

============================== MODEL =================================

interpretation( 4, [number=44, seconds=0], [

        function(f(_,_), [
			   1, 0, 0, 1,
			   1, 1, 0, 0,
			   1, 1, 1, 1,
			   1, 0, 1, 0 ]),

        relation(evenCol(_), [ 1, 1, 1, 1 ]),

        relation(evenRow(_), [ 1, 1, 1, 1 ])
]).

============================== end of model ==========================

============================== MODEL =================================

interpretation( 4, [number=45, seconds=0], [

        function(f(_,_), [
			   1, 0, 0, 1,
			   1, 1, 1, 1,
			   0, 0, 1, 1,
			   0, 1, 0, 1 ]),

        relation(evenCol(_), [ 1, 1, 1, 1 ]),

        relation(evenRow(_), [ 1, 1, 1, 1 ])
]).

============================== end of model ==========================

============================== MODEL =================================

interpretation( 4, [number=46, seconds=0], [

        function(f(_,_), [
			   1, 0, 0, 1,
			   1, 1, 1, 1,
			   0, 1, 0, 1,
			   0, 0, 1, 1 ]),

        relation(evenCol(_), [ 1, 1, 1, 1 ]),

        relation(evenRow(_), [ 1, 1, 1, 1 ])
]).

============================== end of model ==========================

============================== MODEL =================================

interpretation( 4, [number=47, seconds=0], [

        function(f(_,_), [
			   1, 0, 0, 1,
			   1, 1, 1, 1,
			   1, 0, 1, 0,
			   1, 1, 0, 0 ]),

        relation(evenCol(_), [ 1, 1, 1, 1 ]),

        relation(evenRow(_), [ 1, 1, 1, 1 ])
]).

============================== end of model ==========================

============================== MODEL =================================

interpretation( 4, [number=48, seconds=0], [

        function(f(_,_), [
			   1, 0, 0, 1,
			   1, 1, 1, 1,
			   1, 1, 0, 0,
			   1, 0, 1, 0 ]),

        relation(evenCol(_), [ 1, 1, 1, 1 ]),

        relation(evenRow(_), [ 1, 1, 1, 1 ])
]).

============================== end of model ==========================

============================== MODEL =================================

interpretation( 4, [number=49, seconds=0], [

        function(f(_,_), [
			   1, 0, 1, 0,
			   0, 0, 1, 1,
			   0, 1, 1, 0,
			   1, 1, 1, 1 ]),

        relation(evenCol(_), [ 1, 1, 1, 1 ]),

        relation(evenRow(_), [ 1, 1, 1, 1 ])
]).

============================== end of model ==========================

============================== MODEL =================================

interpretation( 4, [number=50, seconds=0], [

        function(f(_,_), [
			   1, 0, 1, 0,
			   0, 0, 1, 1,
			   1, 1, 1, 1,
			   0, 1, 1, 0 ]),

        relation(evenCol(_), [ 1, 1, 1, 1 ]),

        relation(evenRow(_), [ 1, 1, 1, 1 ])
]).

============================== end of model ==========================

============================== MODEL =================================

interpretation( 4, [number=51, seconds=0], [

        function(f(_,_), [
			   1, 0, 1, 0,
			   0, 1, 1, 0,
			   0, 0, 1, 1,
			   1, 1, 1, 1 ]),

        relation(evenCol(_), [ 1, 1, 1, 1 ]),

        relation(evenRow(_), [ 1, 1, 1, 1 ])
]).

============================== end of model ==========================

============================== MODEL =================================

interpretation( 4, [number=52, seconds=0], [

        function(f(_,_), [
			   1, 0, 1, 0,
			   0, 1, 1, 0,
			   1, 1, 1, 1,
			   0, 0, 1, 1 ]),

        relation(evenCol(_), [ 1, 1, 1, 1 ]),

        relation(evenRow(_), [ 1, 1, 1, 1 ])
]).

============================== end of model ==========================

============================== MODEL =================================

interpretation( 4, [number=53, seconds=0], [

        function(f(_,_), [
			   1, 0, 1, 0,
			   1, 0, 0, 1,
			   1, 1, 0, 0,
			   1, 1, 1, 1 ]),

        relation(evenCol(_), [ 1, 1, 1, 1 ]),

        relation(evenRow(_), [ 1, 1, 1, 1 ])
]).

============================== end of model ==========================

============================== MODEL =================================

interpretation( 4, [number=54, seconds=0], [

        function(f(_,_), [
			   1, 0, 1, 0,
			   1, 0, 0, 1,
			   1, 1, 1, 1,
			   1, 1, 0, 0 ]),

        relation(evenCol(_), [ 1, 1, 1, 1 ]),

        relation(evenRow(_), [ 1, 1, 1, 1 ])
]).

============================== end of model ==========================

============================== MODEL =================================

interpretation( 4, [number=55, seconds=0], [

        function(f(_,_), [
			   1, 0, 1, 0,
			   1, 1, 0, 0,
			   1, 0, 0, 1,
			   1, 1, 1, 1 ]),

        relation(evenCol(_), [ 1, 1, 1, 1 ]),

        relation(evenRow(_), [ 1, 1, 1, 1 ])
]).

============================== end of model ==========================

============================== MODEL =================================

interpretation( 4, [number=56, seconds=0], [

        function(f(_,_), [
			   1, 0, 1, 0,
			   1, 1, 0, 0,
			   1, 1, 1, 1,
			   1, 0, 0, 1 ]),

        relation(evenCol(_), [ 1, 1, 1, 1 ]),

        relation(evenRow(_), [ 1, 1, 1, 1 ])
]).

============================== end of model ==========================

============================== MODEL =================================

interpretation( 4, [number=57, seconds=0], [

        function(f(_,_), [
			   1, 0, 1, 0,
			   1, 1, 1, 1,
			   0, 0, 1, 1,
			   0, 1, 1, 0 ]),

        relation(evenCol(_), [ 1, 1, 1, 1 ]),

        relation(evenRow(_), [ 1, 1, 1, 1 ])
]).

============================== end of model ==========================

============================== MODEL =================================

interpretation( 4, [number=58, seconds=0], [

        function(f(_,_), [
			   1, 0, 1, 0,
			   1, 1, 1, 1,
			   0, 1, 1, 0,
			   0, 0, 1, 1 ]),

        relation(evenCol(_), [ 1, 1, 1, 1 ]),

        relation(evenRow(_), [ 1, 1, 1, 1 ])
]).

============================== end of model ==========================

============================== MODEL =================================

interpretation( 4, [number=59, seconds=0], [

        function(f(_,_), [
			   1, 0, 1, 0,
			   1, 1, 1, 1,
			   1, 0, 0, 1,
			   1, 1, 0, 0 ]),

        relation(evenCol(_), [ 1, 1, 1, 1 ]),

        relation(evenRow(_), [ 1, 1, 1, 1 ])
]).

============================== end of model ==========================

============================== MODEL =================================

interpretation( 4, [number=60, seconds=0], [

        function(f(_,_), [
			   1, 0, 1, 0,
			   1, 1, 1, 1,
			   1, 1, 0, 0,
			   1, 0, 0, 1 ]),

        relation(evenCol(_), [ 1, 1, 1, 1 ]),

        relation(evenRow(_), [ 1, 1, 1, 1 ])
]).

============================== end of model ==========================

============================== MODEL =================================

interpretation( 4, [number=61, seconds=0], [

        function(f(_,_), [
			   1, 1, 0, 0,
			   0, 1, 0, 1,
			   0, 1, 1, 0,
			   1, 1, 1, 1 ]),

        relation(evenCol(_), [ 1, 1, 1, 1 ]),

        relation(evenRow(_), [ 1, 1, 1, 1 ])
]).

============================== end of model ==========================

============================== MODEL =================================

interpretation( 4, [number=62, seconds=0], [

        function(f(_,_), [
			   1, 1, 0, 0,
			   0, 1, 0, 1,
			   1, 1, 1, 1,
			   0, 1, 1, 0 ]),

        relation(evenCol(_), [ 1, 1, 1, 1 ]),

        relation(evenRow(_), [ 1, 1, 1, 1 ])
]).

============================== end of model ==========================

============================== MODEL =================================

interpretation( 4, [number=63, seconds=0], [

        function(f(_,_), [
			   1, 1, 0, 0,
			   0, 1, 1, 0,
			   0, 1, 0, 1,
			   1, 1, 1, 1 ]),

        relation(evenCol(_), [ 1, 1, 1, 1 ]),

        relation(evenRow(_), [ 1, 1, 1, 1 ])
]).

============================== end of model ==========================

============================== MODEL =================================

interpretation( 4, [number=64, seconds=0], [

        function(f(_,_), [
			   1, 1, 0, 0,
			   0, 1, 1, 0,
			   1, 1, 1, 1,
			   0, 1, 0, 1 ]),

        relation(evenCol(_), [ 1, 1, 1, 1 ]),

        relation(evenRow(_), [ 1, 1, 1, 1 ])
]).

============================== end of model ==========================

============================== MODEL =================================

interpretation( 4, [number=65, seconds=0], [

        function(f(_,_), [
			   1, 1, 0, 0,
			   1, 0, 0, 1,
			   1, 0, 1, 0,
			   1, 1, 1, 1 ]),

        relation(evenCol(_), [ 1, 1, 1, 1 ]),

        relation(evenRow(_), [ 1, 1, 1, 1 ])
]).

============================== end of model ==========================

============================== MODEL =================================

interpretation( 4, [number=66, seconds=0], [

        function(f(_,_), [
			   1, 1, 0, 0,
			   1, 0, 0, 1,
			   1, 1, 1, 1,
			   1, 0, 1, 0 ]),

        relation(evenCol(_), [ 1, 1, 1, 1 ]),

        relation(evenRow(_), [ 1, 1, 1, 1 ])
]).

============================== end of model ==========================

============================== MODEL =================================

interpretation( 4, [number=67, seconds=0], [

        function(f(_,_), [
			   1, 1, 0, 0,
			   1, 0, 1, 0,
			   1, 0, 0, 1,
			   1, 1, 1, 1 ]),

        relation(evenCol(_), [ 1, 1, 1, 1 ]),

        relation(evenRow(_), [ 1, 1, 1, 1 ])
]).

============================== end of model ==========================

============================== MODEL =================================

interpretation( 4, [number=68, seconds=0], [

        function(f(_,_), [
			   1, 1, 0, 0,
			   1, 0, 1, 0,
			   1, 1, 1, 1,
			   1, 0, 0, 1 ]),

        relation(evenCol(_), [ 1, 1, 1, 1 ]),

        relation(evenRow(_), [ 1, 1, 1, 1 ])
]).

============================== end of model ==========================

============================== MODEL =================================

interpretation( 4, [number=69, seconds=0], [

        function(f(_,_), [
			   1, 1, 0, 0,
			   1, 1, 1, 1,
			   0, 1, 0, 1,
			   0, 1, 1, 0 ]),

        relation(evenCol(_), [ 1, 1, 1, 1 ]),

        relation(evenRow(_), [ 1, 1, 1, 1 ])
]).

============================== end of model ==========================

============================== MODEL =================================

interpretation( 4, [number=70, seconds=0], [

        function(f(_,_), [
			   1, 1, 0, 0,
			   1, 1, 1, 1,
			   0, 1, 1, 0,
			   0, 1, 0, 1 ]),

        relation(evenCol(_), [ 1, 1, 1, 1 ]),

        relation(evenRow(_), [ 1, 1, 1, 1 ])
]).

============================== end of model ==========================

============================== MODEL =================================

interpretation( 4, [number=71, seconds=0], [

        function(f(_,_), [
			   1, 1, 0, 0,
			   1, 1, 1, 1,
			   1, 0, 0, 1,
			   1, 0, 1, 0 ]),

        relation(evenCol(_), [ 1, 1, 1, 1 ]),

        relation(evenRow(_), [ 1, 1, 1, 1 ])
]).

============================== end of model ==========================

============================== MODEL =================================

interpretation( 4, [number=72, seconds=0], [

        function(f(_,_), [
			   1, 1, 0, 0,
			   1, 1, 1, 1,
			   1, 0, 1, 0,
			   1, 0, 0, 1 ]),

        relation(evenCol(_), [ 1, 1, 1, 1 ]),

        relation(evenRow(_), [ 1, 1, 1, 1 ])
]).

============================== end of model ==========================

============================== MODEL =================================

interpretation( 4, [number=73, seconds=0], [

        function(f(_,_), [
			   1, 1, 1, 1,
			   0, 0, 1, 1,
			   0, 1, 0, 1,
			   1, 0, 0, 1 ]),

        relation(evenCol(_), [ 1, 1, 1, 1 ]),

        relation(evenRow(_), [ 1, 1, 1, 1 ])
]).

============================== end of model ==========================

============================== MODEL =================================

interpretation( 4, [number=74, seconds=0], [

        function(f(_,_), [
			   1, 1, 1, 1,
			   0, 0, 1, 1,
			   0, 1, 1, 0,
			   1, 0, 1, 0 ]),

        relation(evenCol(_), [ 1, 1, 1, 1 ]),

        relation(evenRow(_), [ 1, 1, 1, 1 ])
]).

============================== end of model ==========================

============================== MODEL =================================

interpretation( 4, [number=75, seconds=0], [

        function(f(_,_), [
			   1, 1, 1, 1,
			   0, 0, 1, 1,
			   1, 0, 0, 1,
			   0, 1, 0, 1 ]),

        relation(evenCol(_), [ 1, 1, 1, 1 ]),

        relation(evenRow(_), [ 1, 1, 1, 1 ])
]).

============================== end of model ==========================

============================== MODEL =================================

interpretation( 4, [number=76, seconds=0], [

        function(f(_,_), [
			   1, 1, 1, 1,
			   0, 0, 1, 1,
			   1, 0, 1, 0,
			   0, 1, 1, 0 ]),

        relation(evenCol(_), [ 1, 1, 1, 1 ]),

        relation(evenRow(_), [ 1, 1, 1, 1 ])
]).

============================== end of model ==========================

============================== MODEL =================================

interpretation( 4, [number=77, seconds=0], [

        function(f(_,_), [
			   1, 1, 1, 1,
			   0, 1, 0, 1,
			   0, 0, 1, 1,
			   1, 0, 0, 1 ]),

        relation(evenCol(_), [ 1, 1, 1, 1 ]),

        relation(evenRow(_), [ 1, 1, 1, 1 ])
]).

============================== end of model ==========================

============================== MODEL =================================

interpretation( 4, [number=78, seconds=0], [

        function(f(_,_), [
			   1, 1, 1, 1,
			   0, 1, 0, 1,
			   0, 1, 1, 0,
			   1, 1, 0, 0 ]),

        relation(evenCol(_), [ 1, 1, 1, 1 ]),

        relation(evenRow(_), [ 1, 1, 1, 1 ])
]).

============================== end of model ==========================

============================== MODEL =================================

interpretation( 4, [number=79, seconds=0], [

        function(f(_,_), [
			   1, 1, 1, 1,
			   0, 1, 0, 1,
			   1, 0, 0, 1,
			   0, 0, 1, 1 ]),

        relation(evenCol(_), [ 1, 1, 1, 1 ]),

        relation(evenRow(_), [ 1, 1, 1, 1 ])
]).

============================== end of model ==========================

============================== MODEL =================================

interpretation( 4, [number=80, seconds=0], [

        function(f(_,_), [
			   1, 1, 1, 1,
			   0, 1, 0, 1,
			   1, 1, 0, 0,
			   0, 1, 1, 0 ]),

        relation(evenCol(_), [ 1, 1, 1, 1 ]),

        relation(evenRow(_), [ 1, 1, 1, 1 ])
]).

============================== end of model ==========================

============================== MODEL =================================

interpretation( 4, [number=81, seconds=0], [

        function(f(_,_), [
			   1, 1, 1, 1,
			   0, 1, 1, 0,
			   0, 0, 1, 1,
			   1, 0, 1, 0 ]),

        relation(evenCol(_), [ 1, 1, 1, 1 ]),

        relation(evenRow(_), [ 1, 1, 1, 1 ])
]).

============================== end of model ==========================

============================== MODEL =================================

interpretation( 4, [number=82, seconds=0], [

        function(f(_,_), [
			   1, 1, 1, 1,
			   0, 1, 1, 0,
			   0, 1, 0, 1,
			   1, 1, 0, 0 ]),

        relation(evenCol(_), [ 1, 1, 1, 1 ]),

        relation(evenRow(_), [ 1, 1, 1, 1 ])
]).

============================== end of model ==========================

============================== MODEL =================================

interpretation( 4, [number=83, seconds=0], [

        function(f(_,_), [
			   1, 1, 1, 1,
			   0, 1, 1, 0,
			   1, 0, 1, 0,
			   0, 0, 1, 1 ]),

        relation(evenCol(_), [ 1, 1, 1, 1 ]),

        relation(evenRow(_), [ 1, 1, 1, 1 ])
]).

============================== end of model ==========================

============================== MODEL =================================

interpretation( 4, [number=84, seconds=0], [

        function(f(_,_), [
			   1, 1, 1, 1,
			   0, 1, 1, 0,
			   1, 1, 0, 0,
			   0, 1, 0, 1 ]),

        relation(evenCol(_), [ 1, 1, 1, 1 ]),

        relation(evenRow(_), [ 1, 1, 1, 1 ])
]).

============================== end of model ==========================

============================== MODEL =================================

interpretation( 4, [number=85, seconds=0], [

        function(f(_,_), [
			   1, 1, 1, 1,
			   1, 0, 0, 1,
			   0, 0, 1, 1,
			   0, 1, 0, 1 ]),

        relation(evenCol(_), [ 1, 1, 1, 1 ]),

        relation(evenRow(_), [ 1, 1, 1, 1 ])
]).

============================== end of model ==========================

============================== MODEL =================================

interpretation( 4, [number=86, seconds=0], [

        function(f(_,_), [
			   1, 1, 1, 1,
			   1, 0, 0, 1,
			   0, 1, 0, 1,
			   0, 0, 1, 1 ]),

        relation(evenCol(_), [ 1, 1, 1, 1 ]),

        relation(evenRow(_), [ 1, 1, 1, 1 ])
]).

============================== end of model ==========================

============================== MODEL =================================

interpretation( 4, [number=87, seconds=0], [

        function(f(_,_), [
			   1, 1, 1, 1,
			   1, 0, 0, 1,
			   1, 0, 1, 0,
			   1, 1, 0, 0 ]),

        relation(evenCol(_), [ 1, 1, 1, 1 ]),

        relation(evenRow(_), [ 1, 1, 1, 1 ])
]).

============================== end of model ==========================

============================== MODEL =================================

interpretation( 4, [number=88, seconds=0], [

        function(f(_,_), [
			   1, 1, 1, 1,
			   1, 0, 0, 1,
			   1, 1, 0, 0,
			   1, 0, 1, 0 ]),

        relation(evenCol(_), [ 1, 1, 1, 1 ]),

        relation(evenRow(_), [ 1, 1, 1, 1 ])
]).

============================== end of model ==========================

============================== MODEL =================================

interpretation( 4, [number=89, seconds=0], [

        function(f(_,_), [
			   1, 1, 1, 1,
			   1, 0, 1, 0,
			   0, 0, 1, 1,
			   0, 1, 1, 0 ]),

        relation(evenCol(_), [ 1, 1, 1, 1 ]),

        relation(evenRow(_), [ 1, 1, 1, 1 ])
]).

============================== end of model ==========================

============================== MODEL =================================

interpretation( 4, [number=90, seconds=0], [

        function(f(_,_), [
			   1, 1, 1, 1,
			   1, 0, 1, 0,
			   0, 1, 1, 0,
			   0, 0, 1, 1 ]),

        relation(evenCol(_), [ 1, 1, 1, 1 ]),

        relation(evenRow(_), [ 1, 1, 1, 1 ])
]).

============================== end of model ==========================

============================== MODEL =================================

interpretation( 4, [number=91, seconds=0], [

        function(f(_,_), [
			   1, 1, 1, 1,
			   1, 0, 1, 0,
			   1, 0, 0, 1,
			   1, 1, 0, 0 ]),

        relation(evenCol(_), [ 1, 1, 1, 1 ]),

        relation(evenRow(_), [ 1, 1, 1, 1 ])
]).

============================== end of model ==========================

============================== MODEL =================================

interpretation( 4, [number=92, seconds=0], [

        function(f(_,_), [
			   1, 1, 1, 1,
			   1, 0, 1, 0,
			   1, 1, 0, 0,
			   1, 0, 0, 1 ]),

        relation(evenCol(_), [ 1, 1, 1, 1 ]),

        relation(evenRow(_), [ 1, 1, 1, 1 ])
]).

============================== end of model ==========================

============================== MODEL =================================

interpretation( 4, [number=93, seconds=0], [

        function(f(_,_), [
			   1, 1, 1, 1,
			   1, 1, 0, 0,
			   0, 1, 0, 1,
			   0, 1, 1, 0 ]),

        relation(evenCol(_), [ 1, 1, 1, 1 ]),

        relation(evenRow(_), [ 1, 1, 1, 1 ])
]).

============================== end of model ==========================

============================== MODEL =================================

interpretation( 4, [number=94, seconds=0], [

        function(f(_,_), [
			   1, 1, 1, 1,
			   1, 1, 0, 0,
			   0, 1, 1, 0,
			   0, 1, 0, 1 ]),

        relation(evenCol(_), [ 1, 1, 1, 1 ]),

        relation(evenRow(_), [ 1, 1, 1, 1 ])
]).

============================== end of model ==========================

============================== MODEL =================================

interpretation( 4, [number=95, seconds=0], [

        function(f(_,_), [
			   1, 1, 1, 1,
			   1, 1, 0, 0,
			   1, 0, 0, 1,
			   1, 0, 1, 0 ]),

        relation(evenCol(_), [ 1, 1, 1, 1 ]),

        relation(evenRow(_), [ 1, 1, 1, 1 ])
]).

============================== end of model ==========================

============================== MODEL =================================

interpretation( 4, [number=96, seconds=0], [

        function(f(_,_), [
			   1, 1, 1, 1,
			   1, 1, 0, 0,
			   1, 0, 1, 0,
			   1, 0, 0, 1 ]),

        relation(evenCol(_), [ 1, 1, 1, 1 ]),

        relation(evenRow(_), [ 1, 1, 1, 1 ])
]).

============================== end of model ==========================

============================== STATISTICS ============================

For domain size 4.

Current CPU time: 0.00 seconds (total CPU time: 0.02 seconds).
Ground clauses: seen=41, kept=41.
Selections=3143, assignments=12572, propagations=8, current_models=96.
Rewrite_terms=49060, rewrite_bools=20037, indexes=0.
Rules_from_neg_clauses=0, cross_offs=0.

============================== end of statistics =====================

User_CPU=0.02, System_CPU=0.00, Wall_clock=0.

Exiting with 96 models.

Process 21250 exit (all_models) Thu Jan 21 09:33:37 2021
The process finished Thu Jan 21 09:33:37 2021
