============================== Mace4 =================================
Mace4 (64) version 2009-11A, November 2009.
Process 22454 was started by adrian on adrian,
Thu Jan 21 10:43:29 2021
The command was "mace4 -f p034prop.in".
============================== end of head ===========================

============================== INPUT =================================

% Reading from file p034prop.in

set(arithmetic).
    % set(arithmetic) -> clear(lnh).
    % set(arithmetic) -> assign(selection_order, 0).

    % Declaring Mace4 arithmetic parse types.
assign(domain_size,20).
    % assign(domain_size, 20) -> assign(start_size, 20).
    % assign(domain_size, 20) -> assign(end_size, 20).
assign(max_models,1).

list(distinct).
[t1,t2,t3,t4,t5,t6,t7,t8,t9,t10,t11,t12,t13,t14,t15,t16,t17,t18,center,0].
end_of_list.

formulas(assumptions).
t1 = 1.
t1 + t10 + center = 30.
t2 + t11 + center = 30.
t3 + t12 + center = 30.
t4 + t13 + center = 30.
t5 + t14 + center = 30.
t6 + t15 + center = 30.
t7 + t16 + center = 30.
t8 + t17 + center = 30.
t9 + t18 + center = 30.
end_of_list.

============================== end of input ==========================

============================== PROCESS NON-CLAUSAL FORMULAS ==========

% Formulas that are not ordinary clauses:

============================== end of process non-clausal formulas ===

============================== CLAUSES FOR SEARCH ====================

formulas(mace4_clauses).
t1 = 1.
t1 + t10 + center = 30.
t2 + t11 + center = 30.
t3 + t12 + center = 30.
t4 + t13 + center = 30.
t5 + t14 + center = 30.
t6 + t15 + center = 30.
t7 + t16 + center = 30.
t8 + t17 + center = 30.
t9 + t18 + center = 30.
t1 != t2.
t1 != t3.
t1 != t4.
t1 != t5.
t1 != t6.
t1 != t7.
t1 != t8.
t1 != t9.
t1 != t10.
t1 != t11.
t1 != t12.
t1 != t13.
t1 != t14.
t1 != t15.
t1 != t16.
t1 != t17.
t1 != t18.
t1 != center.
t1 != 0.
t2 != t3.
t2 != t4.
t2 != t5.
t2 != t6.
t2 != t7.
t2 != t8.
t2 != t9.
t2 != t10.
t2 != t11.
t2 != t12.
t2 != t13.
t2 != t14.
t2 != t15.
t2 != t16.
t2 != t17.
t2 != t18.
t2 != center.
t2 != 0.
t3 != t4.
t3 != t5.
t3 != t6.
t3 != t7.
t3 != t8.
t3 != t9.
t3 != t10.
t3 != t11.
t3 != t12.
t3 != t13.
t3 != t14.
t3 != t15.
t3 != t16.
t3 != t17.
t3 != t18.
t3 != center.
t3 != 0.
t4 != t5.
t4 != t6.
t4 != t7.
t4 != t8.
t4 != t9.
t4 != t10.
t4 != t11.
t4 != t12.
t4 != t13.
t4 != t14.
t4 != t15.
t4 != t16.
t4 != t17.
t4 != t18.
t4 != center.
t4 != 0.
t5 != t6.
t5 != t7.
t5 != t8.
t5 != t9.
t5 != t10.
t5 != t11.
t5 != t12.
t5 != t13.
t5 != t14.
t5 != t15.
t5 != t16.
t5 != t17.
t5 != t18.
t5 != center.
t5 != 0.
t6 != t7.
t6 != t8.
t6 != t9.
t6 != t10.
t6 != t11.
t6 != t12.
t6 != t13.
t6 != t14.
t6 != t15.
t6 != t16.
t6 != t17.
t6 != t18.
t6 != center.
t6 != 0.
t7 != t8.
t7 != t9.
t7 != t10.
t7 != t11.
t7 != t12.
t7 != t13.
t7 != t14.
t7 != t15.
t7 != t16.
t7 != t17.
t7 != t18.
t7 != center.
t7 != 0.
t8 != t9.
t8 != t10.
t8 != t11.
t8 != t12.
t8 != t13.
t8 != t14.
t8 != t15.
t8 != t16.
t8 != t17.
t8 != t18.
t8 != center.
t8 != 0.
t9 != t10.
t9 != t11.
t9 != t12.
t9 != t13.
t9 != t14.
t9 != t15.
t9 != t16.
t9 != t17.
t9 != t18.
t9 != center.
t9 != 0.
t10 != t11.
t10 != t12.
t10 != t13.
t10 != t14.
t10 != t15.
t10 != t16.
t10 != t17.
t10 != t18.
t10 != center.
t10 != 0.
t11 != t12.
t11 != t13.
t11 != t14.
t11 != t15.
t11 != t16.
t11 != t17.
t11 != t18.
t11 != center.
t11 != 0.
t12 != t13.
t12 != t14.
t12 != t15.
t12 != t16.
t12 != t17.
t12 != t18.
t12 != center.
t12 != 0.
t13 != t14.
t13 != t15.
t13 != t16.
t13 != t17.
t13 != t18.
t13 != center.
t13 != 0.
t14 != t15.
t14 != t16.
t14 != t17.
t14 != t18.
t14 != center.
t14 != 0.
t15 != t16.
t15 != t17.
t15 != t18.
t15 != center.
t15 != 0.
t16 != t17.
t16 != t18.
t16 != center.
t16 != 0.
t17 != t18.
t17 != center.
t17 != 0.
t18 != center.
t18 != 0.
center != 0.
end_of_list.

============================== end of clauses for search =============

% The largest natural number in the input is 30.

============================== DOMAIN SIZE 20 ========================

============================== MODEL =================================

interpretation( 20, [number=1, seconds=0], [

        function(center, [10 ]),

        function(t1, [ 1 ]),

        function(t10, [19 ]),

        function(t11, [ 2 ]),

        function(t12, [ 3 ]),

        function(t13, [ 4 ]),

        function(t14, [ 5 ]),

        function(t15, [ 6 ]),

        function(t16, [ 7 ]),

        function(t17, [ 8 ]),

        function(t18, [ 9 ]),

        function(t2, [18 ]),

        function(t3, [17 ]),

        function(t4, [16 ]),

        function(t5, [15 ]),

        function(t6, [14 ]),

        function(t7, [13 ]),

        function(t8, [12 ]),

        function(t9, [11 ])
]).

============================== end of model ==========================

============================== STATISTICS ============================

For domain size 20.

Current CPU time: 0.00 seconds (total CPU time: 0.02 seconds).
Ground clauses: seen=200, kept=199.
Selections=25, assignments=355, propagations=3, current_models=1.
Rewrite_terms=5285, rewrite_bools=1998, indexes=0.
Rules_from_neg_clauses=2, cross_offs=2897.

============================== end of statistics =====================

User_CPU=0.02, System_CPU=0.00, Wall_clock=0.

Exiting with 1 model.

Process 22454 exit (max_models) Thu Jan 21 10:43:29 2021
The process finished Thu Jan 21 10:43:29 2021
