============================== Mace4 =================================
Mace4 (64) version 2009-11A, November 2009.
Process 25309 was started by adrian on adrian,
Thu Jan 21 12:13:12 2021
The command was "mace4 -f p112_groupingintegers.in".
============================== end of head ===========================

============================== INPUT =================================

% Reading from file p112_groupingintegers.in

assign(domain_size,16).
    % assign(domain_size, 16) -> assign(start_size, 16).
    % assign(domain_size, 16) -> assign(end_size, 16).
assign(max_models,-1).
set(arithmetic).
    % set(arithmetic) -> clear(lnh).
    % set(arithmetic) -> assign(selection_order, 0).

    % Declaring Mace4 arithmetic parse types.

list(distinct).
[0,c1,c2,c3,c4,c5,c6,c7,c8,c9,c10,c11,c12,1,8,15].
[0,d1,d2,d3,d4,7,8,9,10,11,12,13,14,15].
end_of_list.

formulas(assumptions).
d5 = 7.
c13 = 1.
c14 = 8.
c15 = 15.
d1 < d2.
d2 < d3.
d3 < d4.
c2 = d1 + c1.
c3 = d1 + c2.
c5 = d2 + c4.
c6 = d2 + c5.
c8 = d3 + c7.
c9 = d3 + c8.
c11 = d4 + c10.
c12 = d4 + c11.
end_of_list.

============================== end of input ==========================

============================== PROCESS NON-CLAUSAL FORMULAS ==========

% Formulas that are not ordinary clauses:

============================== end of process non-clausal formulas ===

============================== CLAUSES FOR SEARCH ====================

formulas(mace4_clauses).
d5 = 7.
c13 = 1.
c14 = 8.
c15 = 15.
d1 < d2.
d2 < d3.
d3 < d4.
c2 = d1 + c1.
c3 = d1 + c2.
c5 = d2 + c4.
c6 = d2 + c5.
c8 = d3 + c7.
c9 = d3 + c8.
c11 = d4 + c10.
c12 = d4 + c11.
0 != c1.
0 != c2.
0 != c3.
0 != c4.
0 != c5.
0 != c6.
0 != c7.
0 != c8.
0 != c9.
0 != c10.
0 != c11.
0 != c12.
0 != 1.
0 != 8.
0 != 15.
c1 != c2.
c1 != c3.
c1 != c4.
c1 != c5.
c1 != c6.
c1 != c7.
c1 != c8.
c1 != c9.
c1 != c10.
c1 != c11.
c1 != c12.
c1 != 1.
c1 != 8.
c1 != 15.
c2 != c3.
c2 != c4.
c2 != c5.
c2 != c6.
c2 != c7.
c2 != c8.
c2 != c9.
c2 != c10.
c2 != c11.
c2 != c12.
c2 != 1.
c2 != 8.
c2 != 15.
c3 != c4.
c3 != c5.
c3 != c6.
c3 != c7.
c3 != c8.
c3 != c9.
c3 != c10.
c3 != c11.
c3 != c12.
c3 != 1.
c3 != 8.
c3 != 15.
c4 != c5.
c4 != c6.
c4 != c7.
c4 != c8.
c4 != c9.
c4 != c10.
c4 != c11.
c4 != c12.
c4 != 1.
c4 != 8.
c4 != 15.
c5 != c6.
c5 != c7.
c5 != c8.
c5 != c9.
c5 != c10.
c5 != c11.
c5 != c12.
c5 != 1.
c5 != 8.
c5 != 15.
c6 != c7.
c6 != c8.
c6 != c9.
c6 != c10.
c6 != c11.
c6 != c12.
c6 != 1.
c6 != 8.
c6 != 15.
c7 != c8.
c7 != c9.
c7 != c10.
c7 != c11.
c7 != c12.
c7 != 1.
c7 != 8.
c7 != 15.
c8 != c9.
c8 != c10.
c8 != c11.
c8 != c12.
c8 != 1.
c8 != 8.
c8 != 15.
c9 != c10.
c9 != c11.
c9 != c12.
c9 != 1.
c9 != 8.
c9 != 15.
c10 != c11.
c10 != c12.
c10 != 1.
c10 != 8.
c10 != 15.
c11 != c12.
c11 != 1.
c11 != 8.
c11 != 15.
c12 != 1.
c12 != 8.
c12 != 15.
1 != 8.
1 != 15.
8 != 15.
0 != d1.
0 != d2.
0 != d3.
0 != d4.
0 != 7.
0 != 8.
0 != 9.
0 != 10.
0 != 11.
0 != 12.
0 != 13.
0 != 14.
0 != 15.
d1 != d2.
d1 != d3.
d1 != d4.
d1 != 7.
d1 != 8.
d1 != 9.
d1 != 10.
d1 != 11.
d1 != 12.
d1 != 13.
d1 != 14.
d1 != 15.
d2 != d3.
d2 != d4.
d2 != 7.
d2 != 8.
d2 != 9.
d2 != 10.
d2 != 11.
d2 != 12.
d2 != 13.
d2 != 14.
d2 != 15.
d3 != d4.
d3 != 7.
d3 != 8.
d3 != 9.
d3 != 10.
d3 != 11.
d3 != 12.
d3 != 13.
d3 != 14.
d3 != 15.
d4 != 7.
d4 != 8.
d4 != 9.
d4 != 10.
d4 != 11.
d4 != 12.
d4 != 13.
d4 != 14.
d4 != 15.
7 != 8.
7 != 9.
7 != 10.
7 != 11.
7 != 12.
7 != 13.
7 != 14.
7 != 15.
8 != 9.
8 != 10.
8 != 11.
8 != 12.
8 != 13.
8 != 14.
8 != 15.
9 != 10.
9 != 11.
9 != 12.
9 != 13.
9 != 14.
9 != 15.
10 != 11.
10 != 12.
10 != 13.
10 != 14.
10 != 15.
11 != 12.
11 != 13.
11 != 14.
11 != 15.
12 != 13.
12 != 14.
12 != 15.
13 != 14.
13 != 15.
14 != 15.
end_of_list.

============================== end of clauses for search =============

% The largest natural number in the input is 15.

============================== DOMAIN SIZE 16 ========================

============================== MODEL =================================

interpretation( 16, [number=1, seconds=0], [

        function(c1, [ 3 ]),

        function(c10, [ 2 ]),

        function(c11, [ 7 ]),

        function(c12, [12 ]),

        function(c13, [ 1 ]),

        function(c14, [ 8 ]),

        function(c15, [15 ]),

        function(c2, [ 4 ]),

        function(c3, [ 5 ]),

        function(c4, [ 9 ]),

        function(c5, [11 ]),

        function(c6, [13 ]),

        function(c7, [ 6 ]),

        function(c8, [10 ]),

        function(c9, [14 ]),

        function(d1, [ 1 ]),

        function(d2, [ 2 ]),

        function(d3, [ 4 ]),

        function(d4, [ 5 ]),

        function(d5, [ 7 ])
]).

============================== end of model ==========================

============================== MODEL =================================

interpretation( 16, [number=2, seconds=0], [

        function(c1, [11 ]),

        function(c10, [ 4 ]),

        function(c11, [ 9 ]),

        function(c12, [14 ]),

        function(c13, [ 1 ]),

        function(c14, [ 8 ]),

        function(c15, [15 ]),

        function(c2, [12 ]),

        function(c3, [13 ]),

        function(c4, [ 3 ]),

        function(c5, [ 5 ]),

        function(c6, [ 7 ]),

        function(c7, [ 2 ]),

        function(c8, [ 6 ]),

        function(c9, [10 ]),

        function(d1, [ 1 ]),

        function(d2, [ 2 ]),

        function(d3, [ 4 ]),

        function(d4, [ 5 ]),

        function(d5, [ 7 ])
]).

============================== end of model ==========================

============================== STATISTICS ============================

For domain size 16.

Current CPU time: 0.00 seconds (total CPU time: 0.10 seconds).
Ground clauses: seen=226, kept=175.
Selections=3581, assignments=57296, propagations=160, current_models=2.
Rewrite_terms=708976, rewrite_bools=348135, indexes=0.
Rules_from_neg_clauses=156, cross_offs=272890.

============================== end of statistics =====================

User_CPU=0.10, System_CPU=0.00, Wall_clock=0.

Exiting with 2 models.

Process 25309 exit (all_models) Thu Jan 21 12:13:12 2021
The process finished Thu Jan 21 12:13:12 2021
