interpretation( 8, [number = 1,seconds = 68], [
    function(hits(_), [6,6,6,0,0,0,0,0]),
    function(target(_), [1,2,3,3,2,2,2,3]),
    function(p(_,_), [0,1,1,2,1,0,0,1,0,1,2,0,0,1,1,1,1,0,0,1,1,1,1,1,0,0,0,0,0,0,0,0,0,0,0,0,0,0,0,0,0,0,0,0,0,0,0,0,0,0,0,0,0,0,0,0,0,0,0,0,0,0,0,0])]).
interpretation( 8, [number = 2,seconds = 68], [
    function(hits(_), [6,6,6,0,0,0,0,0]),
    function(target(_), [1,2,3,3,2,2,2,3]),
    function(p(_,_), [0,1,1,2,1,0,0,1,1,0,0,1,1,1,1,1,0,1,2,0,0,1,1,1,0,0,0,0,0,0,0,0,0,0,0,0,0,0,0,0,0,0,0,0,0,0,0,0,0,0,0,0,0,0,0,0,0,0,0,0,0,0,0,0])]).
interpretation( 8, [number = 3,seconds = 69], [
    function(hits(_), [6,6,6,0,0,0,0,0]),
    function(target(_), [1,2,3,3,2,2,2,3]),
    function(p(_,_), [0,1,2,0,0,1,1,1,0,1,1,2,1,0,0,1,1,0,0,1,1,1,1,1,0,0,0,0,0,0,0,0,0,0,0,0,0,0,0,0,0,0,0,0,0,0,0,0,0,0,0,0,0,0,0,0,0,0,0,0,0,0,0,0])]).
interpretation( 8, [number = 4,seconds = 69], [
    function(hits(_), [6,6,6,0,0,0,0,0]),
    function(target(_), [1,2,3,3,2,2,2,3]),
    function(p(_,_), [0,1,2,0,0,1,1,1,1,0,0,1,1,1,1,1,0,1,1,2,1,0,0,1,0,0,0,0,0,0,0,0,0,0,0,0,0,0,0,0,0,0,0,0,0,0,0,0,0,0,0,0,0,0,0,0,0,0,0,0,0,0,0,0])]).
interpretation( 8, [number = 5,seconds = 108], [
    function(hits(_), [6,6,6,0,0,0,0,0]),
    function(target(_), [1,2,3,3,2,2,2,3]),
    function(p(_,_), [1,0,0,1,1,1,1,1,0,1,1,2,1,0,0,1,0,1,2,0,0,1,1,1,0,0,0,0,0,0,0,0,0,0,0,0,0,0,0,0,0,0,0,0,0,0,0,0,0,0,0,0,0,0,0,0,0,0,0,0,0,0,0,0])]).
interpretation( 8, [number = 6,seconds = 108], [
    function(hits(_), [6,6,6,0,0,0,0,0]),
    function(target(_), [1,2,3,3,2,2,2,3]),
    function(p(_,_), [1,0,0,1,1,1,1,1,0,1,2,0,0,1,1,1,0,1,1,2,1,0,0,1,0,0,0,0,0,0,0,0,0,0,0,0,0,0,0,0,0,0,0,0,0,0,0,0,0,0,0,0,0,0,0,0,0,0,0,0,0,0,0,0])]).
