interpretation( 10, [number = 1,seconds = 0], [
    function(a, [0]),
    function(b, [0]),
    function(c, [0]),
    function(d, [0]),
    function(n, [1]),
    relation(eq(_,_), [1,0,0,0,0,0,0,0,0,0,0,1,0,0,0,0,0,0,0,0,0,0,0,0,0,0,0,0,0,0,0,0,0,0,0,0,0,0,0,0,0,0,0,0,0,0,0,0,0,0,0,0,0,0,0,0,0,0,0,0,0,0,0,0,0,0,0,0,0,1,0,0,0,0,0,0,0,0,0,0,0,0,0,0,0,0,0,0,1,0,0,0,0,0,0,0,1,0,0,0])]).
interpretation( 10, [number = 2,seconds = 0], [
    function(a, [0]),
    function(b, [0]),
    function(c, [0]),
    function(d, [1]),
    function(n, [1]),
    relation(eq(_,_), [1,0,0,0,0,0,0,0,0,0,0,1,0,0,0,0,0,0,0,0,0,0,0,0,0,0,0,0,0,0,0,0,0,0,0,0,0,0,0,0,0,0,0,0,0,0,0,0,0,0,0,0,0,0,0,0,0,0,0,0,0,0,0,0,0,0,0,0,0,1,0,0,0,0,0,0,0,0,0,0,0,0,0,0,0,0,0,0,1,0,0,0,0,0,0,0,1,0,0,0])]).
interpretation( 10, [number = 3,seconds = 0], [
    function(a, [0]),
    function(b, [0]),
    function(c, [0]),
    function(d, [8]),
    function(n, [1]),
    relation(eq(_,_), [1,0,0,0,0,0,0,0,0,0,0,1,0,0,0,0,0,0,0,0,0,0,0,0,0,0,0,0,0,0,0,0,0,0,0,0,0,0,0,0,0,0,0,0,0,0,0,0,0,0,0,0,0,0,0,0,0,0,0,0,0,0,0,0,0,0,0,0,0,1,0,0,0,0,0,0,0,0,0,0,0,0,0,0,0,0,0,0,1,0,0,0,0,0,0,0,1,0,0,0])]).
interpretation( 10, [number = 4,seconds = 0], [
    function(a, [0]),
    function(b, [0]),
    function(c, [1]),
    function(d, [1]),
    function(n, [2]),
    relation(eq(_,_), [1,0,0,0,0,0,0,0,0,0,0,1,0,0,0,0,0,0,0,0,0,0,0,0,0,0,0,0,0,0,0,0,0,0,0,0,0,0,0,0,0,0,0,0,0,0,0,0,0,0,0,0,0,0,0,0,0,0,0,0,0,0,0,0,0,0,0,0,0,1,0,0,0,0,0,0,0,0,0,0,0,0,0,0,0,0,0,0,1,0,0,0,0,0,0,0,1,0,0,0])]).
interpretation( 10, [number = 5,seconds = 0], [
    function(a, [0]),
    function(b, [0]),
    function(c, [6]),
    function(d, [9]),
    function(n, [2]),
    relation(eq(_,_), [1,0,0,0,0,0,0,0,0,0,0,1,0,0,0,0,0,0,0,0,0,0,0,0,0,0,0,0,0,0,0,0,0,0,0,0,0,0,0,0,0,0,0,0,0,0,0,0,0,0,0,0,0,0,0,0,0,0,0,0,0,0,0,0,0,0,0,0,0,1,0,0,0,0,0,0,0,0,0,0,0,0,0,0,0,0,0,0,1,0,0,0,0,0,0,0,1,0,0,0])]).
interpretation( 10, [number = 6,seconds = 0], [
    function(a, [0]),
    function(b, [0]),
    function(c, [8]),
    function(d, [8]),
    function(n, [2]),
    relation(eq(_,_), [1,0,0,0,0,0,0,0,0,0,0,1,0,0,0,0,0,0,0,0,0,0,0,0,0,0,0,0,0,0,0,0,0,0,0,0,0,0,0,0,0,0,0,0,0,0,0,0,0,0,0,0,0,0,0,0,0,0,0,0,0,0,0,0,0,0,0,0,0,1,0,0,0,0,0,0,0,0,0,0,0,0,0,0,0,0,0,0,1,0,0,0,0,0,0,0,1,0,0,0])]).
interpretation( 10, [number = 7,seconds = 0], [
    function(a, [0]),
    function(b, [0]),
    function(c, [9]),
    function(d, [6]),
    function(n, [2]),
    relation(eq(_,_), [1,0,0,0,0,0,0,0,0,0,0,1,0,0,0,0,0,0,0,0,0,0,0,0,0,0,0,0,0,0,0,0,0,0,0,0,0,0,0,0,0,0,0,0,0,0,0,0,0,0,0,0,0,0,0,0,0,0,0,0,0,0,0,0,0,0,0,0,0,1,0,0,0,0,0,0,0,0,0,0,0,0,0,0,0,0,0,0,1,0,0,0,0,0,0,0,1,0,0,0])]).
interpretation( 10, [number = 8,seconds = 0], [
    function(a, [0]),
    function(b, [1]),
    function(c, [0]),
    function(d, [1]),
    function(n, [3]),
    relation(eq(_,_), [1,0,0,0,0,0,0,0,0,0,0,1,0,0,0,0,0,0,0,0,0,0,0,0,0,0,0,0,0,0,0,0,0,0,0,0,0,0,0,0,0,0,0,0,0,0,0,0,0,0,0,0,0,0,0,0,0,0,0,0,0,0,0,0,0,0,0,0,0,1,0,0,0,0,0,0,0,0,0,0,0,0,0,0,0,0,0,0,1,0,0,0,0,0,0,0,1,0,0,0])]).
interpretation( 10, [number = 9,seconds = 0], [
    function(a, [0]),
    function(b, [1]),
    function(c, [1]),
    function(d, [1]),
    function(n, [3]),
    relation(eq(_,_), [1,0,0,0,0,0,0,0,0,0,0,1,0,0,0,0,0,0,0,0,0,0,0,0,0,0,0,0,0,0,0,0,0,0,0,0,0,0,0,0,0,0,0,0,0,0,0,0,0,0,0,0,0,0,0,0,0,0,0,0,0,0,0,0,0,0,0,0,0,1,0,0,0,0,0,0,0,0,0,0,0,0,0,0,0,0,0,0,1,0,0,0,0,0,0,0,1,0,0,0])]).
interpretation( 10, [number = 10,seconds = 0], [
    function(a, [0]),
    function(b, [1]),
    function(c, [8]),
    function(d, [1]),
    function(n, [3]),
    relation(eq(_,_), [1,0,0,0,0,0,0,0,0,0,0,1,0,0,0,0,0,0,0,0,0,0,0,0,0,0,0,0,0,0,0,0,0,0,0,0,0,0,0,0,0,0,0,0,0,0,0,0,0,0,0,0,0,0,0,0,0,0,0,0,0,0,0,0,0,0,0,0,0,1,0,0,0,0,0,0,0,0,0,0,0,0,0,0,0,0,0,0,1,0,0,0,0,0,0,0,1,0,0,0])]).
interpretation( 10, [number = 11,seconds = 0], [
    function(a, [0]),
    function(b, [6]),
    function(c, [0]),
    function(d, [9]),
    function(n, [3]),
    relation(eq(_,_), [1,0,0,0,0,0,0,0,0,0,0,1,0,0,0,0,0,0,0,0,0,0,0,0,0,0,0,0,0,0,0,0,0,0,0,0,0,0,0,0,0,0,0,0,0,0,0,0,0,0,0,0,0,0,0,0,0,0,0,0,0,0,0,0,0,0,0,0,0,1,0,0,0,0,0,0,0,0,0,0,0,0,0,0,0,0,0,0,1,0,0,0,0,0,0,0,1,0,0,0])]).
interpretation( 10, [number = 12,seconds = 0], [
    function(a, [0]),
    function(b, [6]),
    function(c, [1]),
    function(d, [9]),
    function(n, [3]),
    relation(eq(_,_), [1,0,0,0,0,0,0,0,0,0,0,1,0,0,0,0,0,0,0,0,0,0,0,0,0,0,0,0,0,0,0,0,0,0,0,0,0,0,0,0,0,0,0,0,0,0,0,0,0,0,0,0,0,0,0,0,0,0,0,0,0,0,0,0,0,0,0,0,0,1,0,0,0,0,0,0,0,0,0,0,0,0,0,0,0,0,0,0,1,0,0,0,0,0,0,0,1,0,0,0])]).
interpretation( 10, [number = 13,seconds = 0], [
    function(a, [0]),
    function(b, [6]),
    function(c, [8]),
    function(d, [9]),
    function(n, [3]),
    relation(eq(_,_), [1,0,0,0,0,0,0,0,0,0,0,1,0,0,0,0,0,0,0,0,0,0,0,0,0,0,0,0,0,0,0,0,0,0,0,0,0,0,0,0,0,0,0,0,0,0,0,0,0,0,0,0,0,0,0,0,0,0,0,0,0,0,0,0,0,0,0,0,0,1,0,0,0,0,0,0,0,0,0,0,0,0,0,0,0,0,0,0,1,0,0,0,0,0,0,0,1,0,0,0])]).
interpretation( 10, [number = 14,seconds = 0], [
    function(a, [0]),
    function(b, [8]),
    function(c, [0]),
    function(d, [8]),
    function(n, [3]),
    relation(eq(_,_), [1,0,0,0,0,0,0,0,0,0,0,1,0,0,0,0,0,0,0,0,0,0,0,0,0,0,0,0,0,0,0,0,0,0,0,0,0,0,0,0,0,0,0,0,0,0,0,0,0,0,0,0,0,0,0,0,0,0,0,0,0,0,0,0,0,0,0,0,0,1,0,0,0,0,0,0,0,0,0,0,0,0,0,0,0,0,0,0,1,0,0,0,0,0,0,0,1,0,0,0])]).
interpretation( 10, [number = 15,seconds = 0], [
    function(a, [0]),
    function(b, [8]),
    function(c, [1]),
    function(d, [8]),
    function(n, [3]),
    relation(eq(_,_), [1,0,0,0,0,0,0,0,0,0,0,1,0,0,0,0,0,0,0,0,0,0,0,0,0,0,0,0,0,0,0,0,0,0,0,0,0,0,0,0,0,0,0,0,0,0,0,0,0,0,0,0,0,0,0,0,0,0,0,0,0,0,0,0,0,0,0,0,0,1,0,0,0,0,0,0,0,0,0,0,0,0,0,0,0,0,0,0,1,0,0,0,0,0,0,0,1,0,0,0])]).
interpretation( 10, [number = 16,seconds = 0], [
    function(a, [0]),
    function(b, [8]),
    function(c, [8]),
    function(d, [8]),
    function(n, [3]),
    relation(eq(_,_), [1,0,0,0,0,0,0,0,0,0,0,1,0,0,0,0,0,0,0,0,0,0,0,0,0,0,0,0,0,0,0,0,0,0,0,0,0,0,0,0,0,0,0,0,0,0,0,0,0,0,0,0,0,0,0,0,0,0,0,0,0,0,0,0,0,0,0,0,0,1,0,0,0,0,0,0,0,0,0,0,0,0,0,0,0,0,0,0,1,0,0,0,0,0,0,0,1,0,0,0])]).
interpretation( 10, [number = 17,seconds = 0], [
    function(a, [0]),
    function(b, [9]),
    function(c, [0]),
    function(d, [6]),
    function(n, [3]),
    relation(eq(_,_), [1,0,0,0,0,0,0,0,0,0,0,1,0,0,0,0,0,0,0,0,0,0,0,0,0,0,0,0,0,0,0,0,0,0,0,0,0,0,0,0,0,0,0,0,0,0,0,0,0,0,0,0,0,0,0,0,0,0,0,0,0,0,0,0,0,0,0,0,0,1,0,0,0,0,0,0,0,0,0,0,0,0,0,0,0,0,0,0,1,0,0,0,0,0,0,0,1,0,0,0])]).
interpretation( 10, [number = 18,seconds = 0], [
    function(a, [0]),
    function(b, [9]),
    function(c, [1]),
    function(d, [6]),
    function(n, [3]),
    relation(eq(_,_), [1,0,0,0,0,0,0,0,0,0,0,1,0,0,0,0,0,0,0,0,0,0,0,0,0,0,0,0,0,0,0,0,0,0,0,0,0,0,0,0,0,0,0,0,0,0,0,0,0,0,0,0,0,0,0,0,0,0,0,0,0,0,0,0,0,0,0,0,0,1,0,0,0,0,0,0,0,0,0,0,0,0,0,0,0,0,0,0,1,0,0,0,0,0,0,0,1,0,0,0])]).
interpretation( 10, [number = 19,seconds = 0], [
    function(a, [0]),
    function(b, [9]),
    function(c, [8]),
    function(d, [6]),
    function(n, [3]),
    relation(eq(_,_), [1,0,0,0,0,0,0,0,0,0,0,1,0,0,0,0,0,0,0,0,0,0,0,0,0,0,0,0,0,0,0,0,0,0,0,0,0,0,0,0,0,0,0,0,0,0,0,0,0,0,0,0,0,0,0,0,0,0,0,0,0,0,0,0,0,0,0,0,0,1,0,0,0,0,0,0,0,0,0,0,0,0,0,0,0,0,0,0,1,0,0,0,0,0,0,0,1,0,0,0])]).
interpretation( 10, [number = 20,seconds = 0], [
    function(a, [1]),
    function(b, [0]),
    function(c, [0]),
    function(d, [1]),
    function(n, [4]),
    relation(eq(_,_), [1,0,0,0,0,0,0,0,0,0,0,1,0,0,0,0,0,0,0,0,0,0,0,0,0,0,0,0,0,0,0,0,0,0,0,0,0,0,0,0,0,0,0,0,0,0,0,0,0,0,0,0,0,0,0,0,0,0,0,0,0,0,0,0,0,0,0,0,0,1,0,0,0,0,0,0,0,0,0,0,0,0,0,0,0,0,0,0,1,0,0,0,0,0,0,0,1,0,0,0])]).
interpretation( 10, [number = 21,seconds = 0], [
    function(a, [1]),
    function(b, [1]),
    function(c, [1]),
    function(d, [1]),
    function(n, [4]),
    relation(eq(_,_), [1,0,0,0,0,0,0,0,0,0,0,1,0,0,0,0,0,0,0,0,0,0,0,0,0,0,0,0,0,0,0,0,0,0,0,0,0,0,0,0,0,0,0,0,0,0,0,0,0,0,0,0,0,0,0,0,0,0,0,0,0,0,0,0,0,0,0,0,0,1,0,0,0,0,0,0,0,0,0,0,0,0,0,0,0,0,0,0,1,0,0,0,0,0,0,0,1,0,0,0])]).
interpretation( 10, [number = 22,seconds = 0], [
    function(a, [1]),
    function(b, [6]),
    function(c, [9]),
    function(d, [1]),
    function(n, [4]),
    relation(eq(_,_), [1,0,0,0,0,0,0,0,0,0,0,1,0,0,0,0,0,0,0,0,0,0,0,0,0,0,0,0,0,0,0,0,0,0,0,0,0,0,0,0,0,0,0,0,0,0,0,0,0,0,0,0,0,0,0,0,0,0,0,0,0,0,0,0,0,0,0,0,0,1,0,0,0,0,0,0,0,0,0,0,0,0,0,0,0,0,0,0,1,0,0,0,0,0,0,0,1,0,0,0])]).
interpretation( 10, [number = 23,seconds = 0], [
    function(a, [1]),
    function(b, [8]),
    function(c, [8]),
    function(d, [1]),
    function(n, [4]),
    relation(eq(_,_), [1,0,0,0,0,0,0,0,0,0,0,1,0,0,0,0,0,0,0,0,0,0,0,0,0,0,0,0,0,0,0,0,0,0,0,0,0,0,0,0,0,0,0,0,0,0,0,0,0,0,0,0,0,0,0,0,0,0,0,0,0,0,0,0,0,0,0,0,0,1,0,0,0,0,0,0,0,0,0,0,0,0,0,0,0,0,0,0,1,0,0,0,0,0,0,0,1,0,0,0])]).
interpretation( 10, [number = 24,seconds = 0], [
    function(a, [1]),
    function(b, [9]),
    function(c, [6]),
    function(d, [1]),
    function(n, [4]),
    relation(eq(_,_), [1,0,0,0,0,0,0,0,0,0,0,1,0,0,0,0,0,0,0,0,0,0,0,0,0,0,0,0,0,0,0,0,0,0,0,0,0,0,0,0,0,0,0,0,0,0,0,0,0,0,0,0,0,0,0,0,0,0,0,0,0,0,0,0,0,0,0,0,0,1,0,0,0,0,0,0,0,0,0,0,0,0,0,0,0,0,0,0,1,0,0,0,0,0,0,0,1,0,0,0])]).
