============================== Mace4 =================================
Mace4 (64) version 2009-11A, November 2009.
Process 3401 was started by adrian on adrian,
Thu Jan 21 20:51:24 2021
The command was "mace4 -f 10sentencesAtLeast.in".
============================== end of head ===========================

============================== INPUT =================================

% Reading from file 10sentencesAtLeast.in

set(arithmetic).
    % set(arithmetic) -> clear(lnh).
    % set(arithmetic) -> assign(selection_order, 0).

    % Declaring Mace4 arithmetic parse types.
assign(max_models,-1).
assign(domain_size,11).
    % assign(domain_size, 11) -> assign(start_size, 11).
    % assign(domain_size, 11) -> assign(end_size, 11).

formulas(assumptions).
m(x) = 0 | m(x) = 1.
NoSentences = 10.
NoTrue = NoSentences + -NoFalse.
m(x) = 1 <-> NoFalse >= x.
m(1) + m(2) + m(3) + m(4) + m(5) + m(6) + m(7) + m(8) + m(9) + m(10) = NoTrue.
end_of_list.

============================== end of input ==========================

============================== PROCESS NON-CLAUSAL FORMULAS ==========

% Formulas that are not ordinary clauses:
1 m(x) = 1 <-> NoFalse >= x # label(non_clause).  [assumption].

============================== end of process non-clausal formulas ===

============================== CLAUSES FOR SEARCH ====================

formulas(mace4_clauses).
m(x) = 0 | m(x) = 1.
NoSentences = 10.
NoTrue = NoSentences + -NoFalse.
m(x) != 1 | NoFalse >= x.
m(x) = 1 | -(NoFalse >= x).
m(1) + m(2) + m(3) + m(4) + m(5) + m(6) + m(7) + m(8) + m(9) + m(10) = NoTrue.
end_of_list.

============================== end of clauses for search =============

% The largest natural number in the input is 10.

============================== DOMAIN SIZE 11 ========================

============================== MODEL =================================

interpretation( 11, [number=1, seconds=0], [

        function(NoFalse, [ 5 ]),

        function(NoSentences, [10 ]),

        function(NoTrue, [ 5 ]),

        function(m(_), [ 1, 1, 1, 1, 1, 1, 0, 0, 0, 0, 0 ])
]).

============================== end of model ==========================

============================== STATISTICS ============================

For domain size 11.

Current CPU time: 0.00 seconds (total CPU time: 0.01 seconds).
Ground clauses: seen=36, kept=36.
Selections=67, assignments=737, propagations=67, current_models=1.
Rewrite_terms=3125, rewrite_bools=1717, indexes=0.
Rules_from_neg_clauses=0, cross_offs=55.

============================== end of statistics =====================

User_CPU=0.01, System_CPU=0.00, Wall_clock=0.

Exiting with 1 model.

Process 3401 exit (all_models) Thu Jan 21 20:51:24 2021
The process finished Thu Jan 21 20:51:24 2021
