============================== Prover9 ===============================
Prover9 (64) version 2009-11A, November 2009.
Process 3289 was started by adrian on adrian,
Thu Jan 21 20:48:13 2021
The command was "prover9 -f drinker1.in".
============================== end of head ===========================

============================== INPUT =================================

% Reading from file drinker1.in


formulas(goals).
(exists x (drinks(x) -> (all y drinks(y)))).
end_of_list.

============================== end of input ==========================

============================== PROCESS NON-CLAUSAL FORMULAS ==========

% Formulas that are not ordinary clauses:
1 (exists x (drinks(x) -> (all y drinks(y)))) # label(non_clause) # label(goal).  [goal].

============================== end of process non-clausal formulas ===

============================== PROCESS INITIAL CLAUSES ===============

% Clauses before input processing:

formulas(usable).
end_of_list.

formulas(sos).
drinks(x).  [deny(1)].
-drinks(f1(x)).  [deny(1)].
end_of_list.

formulas(demodulators).
end_of_list.

============================== PREDICATE ELIMINATION =================

Eliminating drinks/1
2 -drinks(f1(x)).  [deny(1)].
3 drinks(x).  [deny(1)].
Derived: $F.  [resolve(2,a,3,a)].

============================== end predicate elimination =============

Auto_denials:  (no changes).

Term ordering decisions:
Predicate symbol precedence:  predicate_order([ ]).
Function symbol precedence:  function_order([ ]).
After inverse_order:  (no changes).
Unfolding symbols: (none).

Auto_inference settings:
  % set(neg_binary_resolution).  % (HNE depth_diff=0)
  % clear(ordered_res).  % (HNE depth_diff=0)
  % set(ur_resolution).  % (HNE depth_diff=0)
    % set(ur_resolution) -> set(pos_ur_resolution).
    % set(ur_resolution) -> set(neg_ur_resolution).

Auto_process settings:  (no changes).


============================== PROOF =================================

% Proof 1 at 0.00 (+ 0.00) seconds.
% Length of proof is 4.
% Level of proof is 2.
% Maximum clause weight is 0.000.
% Given clauses 0.

1 (exists x (drinks(x) -> (all y drinks(y)))) # label(non_clause) # label(goal).  [goal].
2 -drinks(f1(x)).  [deny(1)].
3 drinks(x).  [deny(1)].
4 $F.  [resolve(2,a,3,a)].

============================== end of proof ==========================

============================== STATISTICS ============================

Given=0. Generated=1. Kept=0. proofs=1.
Usable=0. Sos=0. Demods=0. Limbo=0, Disabled=3. Hints=0.
Kept_by_rule=0, Deleted_by_rule=0.
Forward_subsumed=0. Back_subsumed=0.
Sos_limit_deleted=0. Sos_displaced=0. Sos_removed=0.
New_demodulators=0 (0 lex), Back_demodulated=0. Back_unit_deleted=0.
Demod_attempts=0. Demod_rewrites=0.
Res_instance_prunes=0. Para_instance_prunes=0. Basic_paramod_prunes=0.
Nonunit_fsub_feature_tests=0. Nonunit_bsub_feature_tests=0.
Megabytes=0.02.
User_CPU=0.00, System_CPU=0.00, Wall_clock=0.

============================== end of statistics =====================

============================== end of search =========================

THEOREM PROVED

Exiting with 1 proof.

Process 3289 exit (max_proofs) Thu Jan 21 20:48:13 2021
