============================== Mace4 =================================
Mace4 (64) version 2009-11A, November 2009.
Process 3119 was started by adrian on adrian,
Thu Jan 21 20:43:34 2021
The command was "mace4 -m 6 -f p325_crystal.in".
============================== end of head ===========================

============================== INPUT =================================

% Reading from file p325_crystal.in

assign(domain_size,16).
    % assign(domain_size, 16) -> assign(start_size, 16).
    % assign(domain_size, 16) -> assign(end_size, 16).
assign(max_models,-1).
set(arithmetic).
    % set(arithmetic) -> clear(lnh).
    % set(arithmetic) -> assign(selection_order, 0).

    % Declaring Mace4 arithmetic parse types.

list(distinct).
[0,n1,n2,n3,n4,n5,n6,n7,n8,n9,n10,n11,n12].
[0,n13].
end_of_list.

formulas(assumptions).
n1 + n2 + n3 = 20.
n1 + n6 + n11 = 20.
n11 + n12 + n13 = 20.
n13 + n8 + n3 = 20.
n2 + n4 + n6 = 20.
n5 + n7 + n9 = 20.
n8 + n10 + n12 = 20.
n2 + n5 + n8 = 20.
n4 + n7 + n10 = 20.
n6 + n9 + n12 = 20.
n2 < 15 & n6 < 15 & n7 < 15 & n8 < 15 & n12 < 15.
end_of_list.

% From the command line: assign(max_models, 6).

============================== end of input ==========================

============================== PROCESS NON-CLAUSAL FORMULAS ==========

% Formulas that are not ordinary clauses:
1 n2 < 15 & n6 < 15 & n7 < 15 & n8 < 15 & n12 < 15 # label(non_clause).  [assumption].

============================== end of process non-clausal formulas ===

============================== CLAUSES FOR SEARCH ====================

formulas(mace4_clauses).
n1 + n2 + n3 = 20.
n1 + n6 + n11 = 20.
n11 + n12 + n13 = 20.
n13 + n8 + n3 = 20.
n2 + n4 + n6 = 20.
n5 + n7 + n9 = 20.
n8 + n10 + n12 = 20.
n2 + n5 + n8 = 20.
n4 + n7 + n10 = 20.
n6 + n9 + n12 = 20.
n2 < 15.
n6 < 15.
n7 < 15.
n8 < 15.
n12 < 15.
0 != n1.
0 != n2.
0 != n3.
0 != n4.
0 != n5.
0 != n6.
0 != n7.
0 != n8.
0 != n9.
0 != n10.
0 != n11.
0 != n12.
n1 != n2.
n1 != n3.
n1 != n4.
n1 != n5.
n1 != n6.
n1 != n7.
n1 != n8.
n1 != n9.
n1 != n10.
n1 != n11.
n1 != n12.
n2 != n3.
n2 != n4.
n2 != n5.
n2 != n6.
n2 != n7.
n2 != n8.
n2 != n9.
n2 != n10.
n2 != n11.
n2 != n12.
n3 != n4.
n3 != n5.
n3 != n6.
n3 != n7.
n3 != n8.
n3 != n9.
n3 != n10.
n3 != n11.
n3 != n12.
n4 != n5.
n4 != n6.
n4 != n7.
n4 != n8.
n4 != n9.
n4 != n10.
n4 != n11.
n4 != n12.
n5 != n6.
n5 != n7.
n5 != n8.
n5 != n9.
n5 != n10.
n5 != n11.
n5 != n12.
n6 != n7.
n6 != n8.
n6 != n9.
n6 != n10.
n6 != n11.
n6 != n12.
n7 != n8.
n7 != n9.
n7 != n10.
n7 != n11.
n7 != n12.
n8 != n9.
n8 != n10.
n8 != n11.
n8 != n12.
n9 != n10.
n9 != n11.
n9 != n12.
n10 != n11.
n10 != n12.
n11 != n12.
0 != n13.
end_of_list.

============================== end of clauses for search =============

% The largest natural number in the input is 20.

============================== DOMAIN SIZE 16 ========================

============================== MODEL =================================

interpretation( 16, [number=1, seconds=80], [

        function(n1, [ 5 ]),

        function(n10, [ 6 ]),

        function(n11, [ 8 ]),

        function(n12, [10 ]),

        function(n13, [ 2 ]),

        function(n2, [ 1 ]),

        function(n3, [14 ]),

        function(n4, [12 ]),

        function(n5, [15 ]),

        function(n6, [ 7 ]),

        function(n7, [ 2 ]),

        function(n8, [ 4 ]),

        function(n9, [ 3 ])
]).

============================== end of model ==========================

============================== MODEL =================================

interpretation( 16, [number=2, seconds=81], [

        function(n1, [ 5 ]),

        function(n10, [ 6 ]),

        function(n11, [14 ]),

        function(n12, [ 4 ]),

        function(n13, [ 2 ]),

        function(n2, [ 7 ]),

        function(n3, [ 8 ]),

        function(n4, [12 ]),

        function(n5, [ 3 ]),

        function(n6, [ 1 ]),

        function(n7, [ 2 ]),

        function(n8, [10 ]),

        function(n9, [15 ])
]).

============================== end of model ==========================

============================== MODEL =================================

interpretation( 16, [number=3, seconds=133], [

        function(n1, [ 8 ]),

        function(n10, [ 6 ]),

        function(n11, [ 5 ]),

        function(n12, [10 ]),

        function(n13, [ 5 ]),

        function(n2, [ 1 ]),

        function(n3, [11 ]),

        function(n4, [12 ]),

        function(n5, [15 ]),

        function(n6, [ 7 ]),

        function(n7, [ 2 ]),

        function(n8, [ 4 ]),

        function(n9, [ 3 ])
]).

============================== end of model ==========================

============================== MODEL =================================

interpretation( 16, [number=4, seconds=134], [

        function(n1, [ 8 ]),

        function(n10, [ 6 ]),

        function(n11, [11 ]),

        function(n12, [ 4 ]),

        function(n13, [ 5 ]),

        function(n2, [ 7 ]),

        function(n3, [ 5 ]),

        function(n4, [12 ]),

        function(n5, [ 3 ]),

        function(n6, [ 1 ]),

        function(n7, [ 2 ]),

        function(n8, [10 ]),

        function(n9, [15 ])
]).

============================== end of model ==========================

============================== MODEL =================================

interpretation( 16, [number=5, seconds=172], [

        function(n1, [11 ]),

        function(n10, [ 3 ]),

        function(n11, [ 5 ]),

        function(n12, [10 ]),

        function(n13, [ 5 ]),

        function(n2, [ 1 ]),

        function(n3, [ 8 ]),

        function(n4, [15 ]),

        function(n5, [12 ]),

        function(n6, [ 4 ]),

        function(n7, [ 2 ]),

        function(n8, [ 7 ]),

        function(n9, [ 6 ])
]).

============================== end of model ==========================

============================== MODEL =================================

interpretation( 16, [number=6, seconds=172], [

        function(n1, [11 ]),

        function(n10, [ 3 ]),

        function(n11, [ 8 ]),

        function(n12, [ 7 ]),

        function(n13, [ 5 ]),

        function(n2, [ 4 ]),

        function(n3, [ 5 ]),

        function(n4, [15 ]),

        function(n5, [ 6 ]),

        function(n6, [ 1 ]),

        function(n7, [ 2 ]),

        function(n8, [10 ]),

        function(n9, [12 ])
]).

============================== end of model ==========================

============================== STATISTICS ============================

For domain size 16.

Current CPU time: 0.00 seconds (total CPU time: 172.96 seconds).
Ground clauses: seen=94, kept=94.
Selections=10626826, assignments=170029110, propagations=0, current_models=6.
Rewrite_terms=1776090430, rewrite_bools=1260491566, indexes=0.
Rules_from_neg_clauses=0, cross_offs=244366849.

============================== end of statistics =====================

User_CPU=172.96, System_CPU=4.87, Wall_clock=178.

Exiting with 6 models.

Process 3119 exit (max_models) Thu Jan 21 20:46:32 2021
The process finished Thu Jan 21 20:46:32 2021
