============================== Prover9 ===============================
Prover9 (64) version 2009-11A, November 2009.
Process 26754 was started by adrian on adrian,
Tue Jan 19 09:32:03 2021
The command was "prover9 -f day10p.in".
============================== end of head ===========================

============================== INPUT =================================

% Reading from file day10p.in


formulas(assumptions).
L1 | L2 | L3.
(L1 -> -L2 & -L3) & (L2 -> -L1 & -L3) & (L3 -> -L1 & -L2).
T1 & T2 | T1 & T3 | T2 & T3.
(L1 -> -T1) & (L2 -> -T2) & (L3 -> -T3).
(L1 -> R1) & (L2 -> R2) & (L3 -> R3).
(L1 -> -R2 | -R3) & (L2 -> -R1 | -R3) & (L3 -> -R1 | -R2).
(R1 <-> T2) & (R2 <-> T2) & (R3 <-> T1).
end_of_list.

formulas(goals).
L1.
end_of_list.

============================== end of input ==========================

============================== PROCESS NON-CLAUSAL FORMULAS ==========

% Formulas that are not ordinary clauses:
1 (L1 -> -L2 & -L3) & (L2 -> -L1 & -L3) & (L3 -> -L1 & -L2) # label(non_clause).  [assumption].
2 T1 & T2 | T1 & T3 | T2 & T3 # label(non_clause).  [assumption].
3 (L1 -> -T1) & (L2 -> -T2) & (L3 -> -T3) # label(non_clause).  [assumption].
4 (L1 -> R1) & (L2 -> R2) & (L3 -> R3) # label(non_clause).  [assumption].
5 (L1 -> -R2 | -R3) & (L2 -> -R1 | -R3) & (L3 -> -R1 | -R2) # label(non_clause).  [assumption].
6 (R1 <-> T2) & (R2 <-> T2) & (R3 <-> T1) # label(non_clause).  [assumption].
7 L1 # label(non_clause) # label(goal).  [goal].

============================== end of process non-clausal formulas ===

============================== PROCESS INITIAL CLAUSES ===============

% Clauses before input processing:

formulas(usable).
end_of_list.

formulas(sos).
L1 | L2 | L3.  [assumption].
-L1 | -L2.  [clausify(1)].
-L1 | -L3.  [clausify(1)].
-L2 | -L3.  [clausify(1)].
T1 | T2.  [clausify(2)].
T1 | T3.  [clausify(2)].
T2 | T3.  [clausify(2)].
-L1 | -T1.  [clausify(3)].
-L2 | -T2.  [clausify(3)].
-L3 | -T3.  [clausify(3)].
-L1 | R1.  [clausify(4)].
-L2 | R2.  [clausify(4)].
-L3 | R3.  [clausify(4)].
-L1 | -R2 | -R3.  [clausify(5)].
-L2 | -R1 | -R3.  [clausify(5)].
-L3 | -R1 | -R2.  [clausify(5)].
-R1 | T2.  [clausify(6)].
R1 | -T2.  [clausify(6)].
-R2 | T2.  [clausify(6)].
R2 | -T2.  [clausify(6)].
-R3 | T1.  [clausify(6)].
R3 | -T1.  [clausify(6)].
-L1.  [deny(7)].
end_of_list.

formulas(demodulators).
end_of_list.

============================== PREDICATE ELIMINATION =================

No predicates eliminated.

============================== end predicate elimination =============

Auto_denials:  (non-Horn, no changes).

Term ordering decisions:
Predicate symbol precedence:  predicate_order([ T2, T1, R1, R2, R3, L1, L2, L3, T3 ]).
Function symbol precedence:  function_order([ ]).
After inverse_order:  (no changes).
Unfolding symbols: (none).

Auto_inference settings:
  % set(binary_resolution).  % (non-Horn)
  % set(neg_ur_resolution).  % (non-Horn, less than 100 clauses)

Auto_process settings:
  % set(factor).  % (non-Horn)
  % set(unit_deletion).  % (non-Horn)

kept:      8 L1 | L2 | L3.  [assumption].
kept:      9 -L1 | -L2.  [clausify(1)].
kept:      10 -L1 | -L3.  [clausify(1)].
kept:      11 -L2 | -L3.  [clausify(1)].
kept:      12 T1 | T2.  [clausify(2)].
kept:      13 T1 | T3.  [clausify(2)].
kept:      14 T2 | T3.  [clausify(2)].
kept:      15 -L1 | -T1.  [clausify(3)].
kept:      16 -L2 | -T2.  [clausify(3)].
kept:      17 -L3 | -T3.  [clausify(3)].
kept:      18 -L1 | R1.  [clausify(4)].
kept:      19 -L2 | R2.  [clausify(4)].
kept:      20 -L3 | R3.  [clausify(4)].
kept:      21 -L1 | -R2 | -R3.  [clausify(5)].
kept:      22 -L2 | -R1 | -R3.  [clausify(5)].
kept:      23 -L3 | -R1 | -R2.  [clausify(5)].
kept:      24 -R1 | T2.  [clausify(6)].
kept:      25 R1 | -T2.  [clausify(6)].
kept:      26 -R2 | T2.  [clausify(6)].
kept:      27 R2 | -T2.  [clausify(6)].
kept:      28 -R3 | T1.  [clausify(6)].
kept:      29 R3 | -T1.  [clausify(6)].
kept:      30 -L1.  [deny(7)].
kept:      31 L2 | L3.  [back_unit_del(8),unit_del(a,30)].

============================== end of process initial clauses ========

============================== CLAUSES FOR SEARCH ====================

% Clauses after input processing:

formulas(usable).
end_of_list.

formulas(sos).
11 -L2 | -L3.  [clausify(1)].
12 T1 | T2.  [clausify(2)].
13 T1 | T3.  [clausify(2)].
14 T2 | T3.  [clausify(2)].
16 -L2 | -T2.  [clausify(3)].
17 -L3 | -T3.  [clausify(3)].
19 -L2 | R2.  [clausify(4)].
20 -L3 | R3.  [clausify(4)].
22 -L2 | -R1 | -R3.  [clausify(5)].
23 -L3 | -R1 | -R2.  [clausify(5)].
24 -R1 | T2.  [clausify(6)].
25 R1 | -T2.  [clausify(6)].
26 -R2 | T2.  [clausify(6)].
27 R2 | -T2.  [clausify(6)].
28 -R3 | T1.  [clausify(6)].
29 R3 | -T1.  [clausify(6)].
30 -L1.  [deny(7)].
31 L2 | L3.  [back_unit_del(8),unit_del(a,30)].
end_of_list.

formulas(demodulators).
end_of_list.

============================== end of clauses for search =============

============================== SEARCH ================================

% Starting search at 0.01 seconds.

given #1 (I,wt=2): 11 -L2 | -L3.  [clausify(1)].

given #2 (I,wt=2): 12 T1 | T2.  [clausify(2)].

given #3 (I,wt=2): 13 T1 | T3.  [clausify(2)].

given #4 (I,wt=2): 14 T2 | T3.  [clausify(2)].

given #5 (I,wt=2): 16 -L2 | -T2.  [clausify(3)].

given #6 (I,wt=2): 17 -L3 | -T3.  [clausify(3)].

given #7 (I,wt=2): 19 -L2 | R2.  [clausify(4)].

given #8 (I,wt=2): 20 -L3 | R3.  [clausify(4)].

given #9 (I,wt=3): 22 -L2 | -R1 | -R3.  [clausify(5)].

given #10 (I,wt=3): 23 -L3 | -R1 | -R2.  [clausify(5)].

given #11 (I,wt=2): 24 -R1 | T2.  [clausify(6)].

given #12 (I,wt=2): 25 R1 | -T2.  [clausify(6)].

given #13 (I,wt=2): 26 -R2 | T2.  [clausify(6)].

given #14 (I,wt=2): 27 R2 | -T2.  [clausify(6)].

given #15 (I,wt=2): 28 -R3 | T1.  [clausify(6)].

given #16 (I,wt=2): 29 R3 | -T1.  [clausify(6)].

given #17 (I,wt=1): 30 -L1.  [deny(7)].

given #18 (I,wt=2): 31 L2 | L3.  [back_unit_del(8),unit_del(a,30)].

given #19 (A,wt=2): 32 -L3 | T2.  [resolve(17,b,14,b)].

given #20 (T,wt=2): 33 -L3 | T1.  [resolve(17,b,13,b)].

given #21 (T,wt=2): 34 R3 | T2.  [resolve(29,b,12,a)].

given #22 (T,wt=2): 36 L2 | R3.  [resolve(31,b,20,a)].

given #23 (T,wt=2): 37 T2 | L2.  [resolve(32,a,31,b)].

given #24 (A,wt=3): 35 L2 | -R1 | -R2.  [resolve(31,b,23,a)].

given #25 (T,wt=2): 38 T1 | L2.  [resolve(33,a,31,b)].

given #26 (T,wt=2): 39 R3 | R2.  [resolve(36,a,19,a)].

given #27 (T,wt=2): 40 R3 | -T2.  [resolve(36,a,16,a)].

given #28 (T,wt=2): 41 T2 | R2.  [resolve(37,b,19,a)].

============================== PROOF =================================

% Proof 1 at 0.01 (+ 0.00) seconds.
% Length of proof is 26.
% Level of proof is 7.
% Maximum clause weight is 3.000.
% Given clauses 28.

2 T1 & T2 | T1 & T3 | T2 & T3 # label(non_clause).  [assumption].
3 (L1 -> -T1) & (L2 -> -T2) & (L3 -> -T3) # label(non_clause).  [assumption].
4 (L1 -> R1) & (L2 -> R2) & (L3 -> R3) # label(non_clause).  [assumption].
5 (L1 -> -R2 | -R3) & (L2 -> -R1 | -R3) & (L3 -> -R1 | -R2) # label(non_clause).  [assumption].
6 (R1 <-> T2) & (R2 <-> T2) & (R3 <-> T1) # label(non_clause).  [assumption].
7 L1 # label(non_clause) # label(goal).  [goal].
8 L1 | L2 | L3.  [assumption].
14 T2 | T3.  [clausify(2)].
16 -L2 | -T2.  [clausify(3)].
17 -L3 | -T3.  [clausify(3)].
19 -L2 | R2.  [clausify(4)].
23 -L3 | -R1 | -R2.  [clausify(5)].
25 R1 | -T2.  [clausify(6)].
26 -R2 | T2.  [clausify(6)].
27 R2 | -T2.  [clausify(6)].
30 -L1.  [deny(7)].
31 L2 | L3.  [back_unit_del(8),unit_del(a,30)].
32 -L3 | T2.  [resolve(17,b,14,b)].
35 L2 | -R1 | -R2.  [resolve(31,b,23,a)].
37 T2 | L2.  [resolve(32,a,31,b)].
41 T2 | R2.  [resolve(37,b,19,a)].
44 T2.  [resolve(41,b,26,a),merge(b)].
47 R2.  [back_unit_del(27),unit_del(b,44)].
48 R1.  [back_unit_del(25),unit_del(b,44)].
49 -L2.  [back_unit_del(16),unit_del(b,44)].
50 $F.  [back_unit_del(35),unit_del(a,49),unit_del(b,48),unit_del(c,47)].

============================== end of proof ==========================

============================== STATISTICS ============================

Given=28. Generated=53. Kept=42. proofs=1.
Usable=5. Sos=3. Demods=0. Limbo=3, Disabled=54. Hints=0.
Kept_by_rule=0, Deleted_by_rule=0.
Forward_subsumed=10. Back_subsumed=22.
Sos_limit_deleted=0. Sos_displaced=0. Sos_removed=0.
New_demodulators=0 (0 lex), Back_demodulated=0. Back_unit_deleted=9.
Demod_attempts=0. Demod_rewrites=0.
Res_instance_prunes=0. Para_instance_prunes=0. Basic_paramod_prunes=0.
Nonunit_fsub_feature_tests=5. Nonunit_bsub_feature_tests=57.
Megabytes=0.07.
User_CPU=0.01, System_CPU=0.00, Wall_clock=0.

============================== end of statistics =====================

============================== end of search =========================

THEOREM PROVED

Exiting with 1 proof.

Process 26754 exit (max_proofs) Tue Jan 19 09:32:03 2021
