============================== Prover9 ===============================
Prover9 (64) version 2009-11A, November 2009.
Process 18435 was started by adrian on adrian,
Sun Jan 17 23:14:59 2021
The command was "prover9 -f cogitoFOL.in".
============================== end of head ===========================

============================== INPUT =================================

% Reading from file cogitoFOL.in


formulas(assumptions).
D(I).
(all x (D(x) -> C(x))).
(all x (C(x) -> S(x))).
end_of_list.

formulas(goals).
S(I).
end_of_list.

============================== end of input ==========================

============================== PROCESS NON-CLAUSAL FORMULAS ==========

% Formulas that are not ordinary clauses:
1 (all x (D(x) -> C(x))) # label(non_clause).  [assumption].
2 (all x (C(x) -> S(x))) # label(non_clause).  [assumption].
3 S(I) # label(non_clause) # label(goal).  [goal].

============================== end of process non-clausal formulas ===

============================== PROCESS INITIAL CLAUSES ===============

% Clauses before input processing:

formulas(usable).
end_of_list.

formulas(sos).
D(I).  [assumption].
-D(x) | C(x).  [clausify(1)].
-C(x) | S(x).  [clausify(2)].
-S(I).  [deny(3)].
end_of_list.

formulas(demodulators).
end_of_list.

============================== PREDICATE ELIMINATION =================

Eliminating D/1
4 -D(x) | C(x).  [clausify(1)].
5 D(I).  [assumption].
Derived: C(I).  [resolve(4,a,5,a)].

Eliminating C/1
6 C(I).  [resolve(4,a,5,a)].
7 -C(x) | S(x).  [clausify(2)].
Derived: S(I).  [resolve(6,a,7,a)].

Eliminating S/1
8 S(I).  [resolve(6,a,7,a)].
9 -S(I).  [deny(3)].
Derived: $F.  [resolve(8,a,9,a)].

============================== end predicate elimination =============

Auto_denials:  (no changes).

Term ordering decisions:
Predicate symbol precedence:  predicate_order([ ]).
Function symbol precedence:  function_order([ ]).
After inverse_order:  (no changes).
Unfolding symbols: (none).

Auto_inference settings:
  % set(neg_binary_resolution).  % (HNE depth_diff=0)
  % clear(ordered_res).  % (HNE depth_diff=0)
  % set(ur_resolution).  % (HNE depth_diff=0)
    % set(ur_resolution) -> set(pos_ur_resolution).
    % set(ur_resolution) -> set(neg_ur_resolution).

Auto_process settings:  (no changes).


============================== PROOF =================================

% Proof 1 at 0.02 (+ 0.01) seconds.
% Length of proof is 10.
% Level of proof is 4.
% Maximum clause weight is 0.000.
% Given clauses 0.

1 (all x (D(x) -> C(x))) # label(non_clause).  [assumption].
2 (all x (C(x) -> S(x))) # label(non_clause).  [assumption].
3 S(I) # label(non_clause) # label(goal).  [goal].
4 -D(x) | C(x).  [clausify(1)].
5 D(I).  [assumption].
6 C(I).  [resolve(4,a,5,a)].
7 -C(x) | S(x).  [clausify(2)].
8 S(I).  [resolve(6,a,7,a)].
9 -S(I).  [deny(3)].
10 $F.  [resolve(8,a,9,a)].

============================== end of proof ==========================

============================== STATISTICS ============================

Given=0. Generated=1. Kept=0. proofs=1.
Usable=0. Sos=0. Demods=0. Limbo=0, Disabled=7. Hints=0.
Kept_by_rule=0, Deleted_by_rule=0.
Forward_subsumed=0. Back_subsumed=0.
Sos_limit_deleted=0. Sos_displaced=0. Sos_removed=0.
New_demodulators=0 (0 lex), Back_demodulated=0. Back_unit_deleted=0.
Demod_attempts=0. Demod_rewrites=0.
Res_instance_prunes=0. Para_instance_prunes=0. Basic_paramod_prunes=0.
Nonunit_fsub_feature_tests=0. Nonunit_bsub_feature_tests=0.
Megabytes=0.02.
User_CPU=0.02, System_CPU=0.01, Wall_clock=0.

============================== end of statistics =====================

============================== end of search =========================

THEOREM PROVED

Exiting with 1 proof.

Process 18435 exit (max_proofs) Sun Jan 17 23:14:59 2021
