============================== Mace4 =================================
Mace4 (64) version 2009-11A, November 2009.
Process 18462 was started by adrian on adrian,
Sun Jan 17 23:16:03 2021
The command was "mace4 -f or.in".
============================== end of head ===========================

============================== INPUT =================================

% Reading from file or.in

assign(max_models,-1).
assign(domain_size,2).
    % assign(domain_size, 2) -> assign(start_size, 2).
    % assign(domain_size, 2) -> assign(end_size, 2).

formulas(assumptions).
popcorn | candy.
end_of_list.

============================== end of input ==========================

============================== PROCESS NON-CLAUSAL FORMULAS ==========

% Formulas that are not ordinary clauses:

============================== end of process non-clausal formulas ===

============================== CLAUSES FOR SEARCH ====================

formulas(mace4_clauses).
popcorn | candy.
end_of_list.

============================== end of clauses for search =============

% There are no natural numbers in the input.

============================== DOMAIN SIZE 2 =========================

============================== MODEL =================================

interpretation( 2, [number=1, seconds=0], [

        relation(candy, [ 0 ]),

        relation(popcorn, [ 1 ])
]).

============================== end of model ==========================

============================== MODEL =================================

interpretation( 2, [number=2, seconds=0], [

        relation(candy, [ 1 ]),

        relation(popcorn, [ 0 ])
]).

============================== end of model ==========================

============================== MODEL =================================

interpretation( 2, [number=3, seconds=0], [

        relation(candy, [ 1 ]),

        relation(popcorn, [ 1 ])
]).

============================== end of model ==========================

============================== STATISTICS ============================

For domain size 2.

Current CPU time: 0.00 seconds (total CPU time: 0.01 seconds).
Ground clauses: seen=1, kept=1.
Selections=2, assignments=4, propagations=1, current_models=3.
Rewrite_terms=0, rewrite_bools=3, indexes=0.
Rules_from_neg_clauses=0, cross_offs=0.

============================== end of statistics =====================

User_CPU=0.01, System_CPU=0.01, Wall_clock=0.

Exiting with 3 models.

Process 18462 exit (all_models) Sun Jan 17 23:16:03 2021
The process finished Sun Jan 17 23:16:03 2021
