interpretation( 10, [number = 1,seconds = 0], [
    function(Alex, [6]),
    function(Bob, [5]),
    function(Caty, [2]),
    function(David, [0]),
    function(Elton, [9]),
    function(John, [3]),
    function(Lincoln, [7]),
    function(Mary, [4]),
    function(Sonia, [1]),
    function(Tina, [8]),
    relation(c(_), [0,0,0,0,0,0,1,1,1,1]),
    relation(gp(_), [1,1,0,0,0,0,0,0,0,0]),
    relation(p(_), [0,0,1,1,1,1,0,0,0,0])]).
interpretation( 10, [number = 2,seconds = 0], [
    function(Alex, [6]),
    function(Bob, [5]),
    function(Caty, [2]),
    function(David, [1]),
    function(Elton, [9]),
    function(John, [3]),
    function(Lincoln, [7]),
    function(Mary, [4]),
    function(Sonia, [0]),
    function(Tina, [8]),
    relation(c(_), [0,0,0,0,0,0,1,1,1,1]),
    relation(gp(_), [1,1,0,0,0,0,0,0,0,0]),
    relation(p(_), [0,0,1,1,1,1,0,0,0,0])]).
interpretation( 10, [number = 3,seconds = 0], [
    function(Alex, [6]),
    function(Bob, [5]),
    function(Caty, [2]),
    function(David, [0]),
    function(Elton, [8]),
    function(John, [3]),
    function(Lincoln, [7]),
    function(Mary, [4]),
    function(Sonia, [1]),
    function(Tina, [9]),
    relation(c(_), [0,0,0,0,0,0,1,1,1,1]),
    relation(gp(_), [1,1,0,0,0,0,0,0,0,0]),
    relation(p(_), [0,0,1,1,1,1,0,0,0,0])]).
interpretation( 10, [number = 4,seconds = 0], [
    function(Alex, [6]),
    function(Bob, [5]),
    function(Caty, [2]),
    function(David, [1]),
    function(Elton, [8]),
    function(John, [3]),
    function(Lincoln, [7]),
    function(Mary, [4]),
    function(Sonia, [0]),
    function(Tina, [9]),
    relation(c(_), [0,0,0,0,0,0,1,1,1,1]),
    relation(gp(_), [1,1,0,0,0,0,0,0,0,0]),
    relation(p(_), [0,0,1,1,1,1,0,0,0,0])]).
interpretation( 10, [number = 5,seconds = 0], [
    function(Alex, [7]),
    function(Bob, [5]),
    function(Caty, [2]),
    function(David, [0]),
    function(Elton, [9]),
    function(John, [3]),
    function(Lincoln, [6]),
    function(Mary, [4]),
    function(Sonia, [1]),
    function(Tina, [8]),
    relation(c(_), [0,0,0,0,0,0,1,1,1,1]),
    relation(gp(_), [1,1,0,0,0,0,0,0,0,0]),
    relation(p(_), [0,0,1,1,1,1,0,0,0,0])]).
interpretation( 10, [number = 6,seconds = 0], [
    function(Alex, [7]),
    function(Bob, [5]),
    function(Caty, [2]),
    function(David, [1]),
    function(Elton, [9]),
    function(John, [3]),
    function(Lincoln, [6]),
    function(Mary, [4]),
    function(Sonia, [0]),
    function(Tina, [8]),
    relation(c(_), [0,0,0,0,0,0,1,1,1,1]),
    relation(gp(_), [1,1,0,0,0,0,0,0,0,0]),
    relation(p(_), [0,0,1,1,1,1,0,0,0,0])]).
interpretation( 10, [number = 7,seconds = 0], [
    function(Alex, [7]),
    function(Bob, [5]),
    function(Caty, [2]),
    function(David, [0]),
    function(Elton, [8]),
    function(John, [3]),
    function(Lincoln, [6]),
    function(Mary, [4]),
    function(Sonia, [1]),
    function(Tina, [9]),
    relation(c(_), [0,0,0,0,0,0,1,1,1,1]),
    relation(gp(_), [1,1,0,0,0,0,0,0,0,0]),
    relation(p(_), [0,0,1,1,1,1,0,0,0,0])]).
interpretation( 10, [number = 8,seconds = 0], [
    function(Alex, [7]),
    function(Bob, [5]),
    function(Caty, [2]),
    function(David, [1]),
    function(Elton, [8]),
    function(John, [3]),
    function(Lincoln, [6]),
    function(Mary, [4]),
    function(Sonia, [0]),
    function(Tina, [9]),
    relation(c(_), [0,0,0,0,0,0,1,1,1,1]),
    relation(gp(_), [1,1,0,0,0,0,0,0,0,0]),
    relation(p(_), [0,0,1,1,1,1,0,0,0,0])]).
interpretation( 10, [number = 9,seconds = 0], [
    function(Alex, [8]),
    function(Bob, [5]),
    function(Caty, [2]),
    function(David, [0]),
    function(Elton, [7]),
    function(John, [3]),
    function(Lincoln, [6]),
    function(Mary, [4]),
    function(Sonia, [1]),
    function(Tina, [9]),
    relation(c(_), [0,0,0,0,0,0,1,1,1,1]),
    relation(gp(_), [1,1,0,0,0,0,0,0,0,0]),
    relation(p(_), [0,0,1,1,1,1,0,0,0,0])]).
interpretation( 10, [number = 10,seconds = 0], [
    function(Alex, [8]),
    function(Bob, [5]),
    function(Caty, [2]),
    function(David, [1]),
    function(Elton, [7]),
    function(John, [3]),
    function(Lincoln, [6]),
    function(Mary, [4]),
    function(Sonia, [0]),
    function(Tina, [9]),
    relation(c(_), [0,0,0,0,0,0,1,1,1,1]),
    relation(gp(_), [1,1,0,0,0,0,0,0,0,0]),
    relation(p(_), [0,0,1,1,1,1,0,0,0,0])]).
interpretation( 10, [number = 11,seconds = 0], [
    function(Alex, [8]),
    function(Bob, [5]),
    function(Caty, [2]),
    function(David, [0]),
    function(Elton, [6]),
    function(John, [3]),
    function(Lincoln, [7]),
    function(Mary, [4]),
    function(Sonia, [1]),
    function(Tina, [9]),
    relation(c(_), [0,0,0,0,0,0,1,1,1,1]),
    relation(gp(_), [1,1,0,0,0,0,0,0,0,0]),
    relation(p(_), [0,0,1,1,1,1,0,0,0,0])]).
interpretation( 10, [number = 12,seconds = 0], [
    function(Alex, [8]),
    function(Bob, [5]),
    function(Caty, [2]),
    function(David, [1]),
    function(Elton, [6]),
    function(John, [3]),
    function(Lincoln, [7]),
    function(Mary, [4]),
    function(Sonia, [0]),
    function(Tina, [9]),
    relation(c(_), [0,0,0,0,0,0,1,1,1,1]),
    relation(gp(_), [1,1,0,0,0,0,0,0,0,0]),
    relation(p(_), [0,0,1,1,1,1,0,0,0,0])]).
interpretation( 10, [number = 13,seconds = 0], [
    function(Alex, [9]),
    function(Bob, [5]),
    function(Caty, [2]),
    function(David, [0]),
    function(Elton, [7]),
    function(John, [3]),
    function(Lincoln, [6]),
    function(Mary, [4]),
    function(Sonia, [1]),
    function(Tina, [8]),
    relation(c(_), [0,0,0,0,0,0,1,1,1,1]),
    relation(gp(_), [1,1,0,0,0,0,0,0,0,0]),
    relation(p(_), [0,0,1,1,1,1,0,0,0,0])]).
interpretation( 10, [number = 14,seconds = 0], [
    function(Alex, [9]),
    function(Bob, [5]),
    function(Caty, [2]),
    function(David, [1]),
    function(Elton, [7]),
    function(John, [3]),
    function(Lincoln, [6]),
    function(Mary, [4]),
    function(Sonia, [0]),
    function(Tina, [8]),
    relation(c(_), [0,0,0,0,0,0,1,1,1,1]),
    relation(gp(_), [1,1,0,0,0,0,0,0,0,0]),
    relation(p(_), [0,0,1,1,1,1,0,0,0,0])]).
interpretation( 10, [number = 15,seconds = 0], [
    function(Alex, [9]),
    function(Bob, [5]),
    function(Caty, [2]),
    function(David, [0]),
    function(Elton, [6]),
    function(John, [3]),
    function(Lincoln, [7]),
    function(Mary, [4]),
    function(Sonia, [1]),
    function(Tina, [8]),
    relation(c(_), [0,0,0,0,0,0,1,1,1,1]),
    relation(gp(_), [1,1,0,0,0,0,0,0,0,0]),
    relation(p(_), [0,0,1,1,1,1,0,0,0,0])]).
interpretation( 10, [number = 16,seconds = 0], [
    function(Alex, [9]),
    function(Bob, [5]),
    function(Caty, [2]),
    function(David, [1]),
    function(Elton, [6]),
    function(John, [3]),
    function(Lincoln, [7]),
    function(Mary, [4]),
    function(Sonia, [0]),
    function(Tina, [8]),
    relation(c(_), [0,0,0,0,0,0,1,1,1,1]),
    relation(gp(_), [1,1,0,0,0,0,0,0,0,0]),
    relation(p(_), [0,0,1,1,1,1,0,0,0,0])]).
interpretation( 10, [number = 17,seconds = 0], [
    function(Alex, [6]),
    function(Bob, [2]),
    function(Caty, [5]),
    function(David, [0]),
    function(Elton, [9]),
    function(John, [4]),
    function(Lincoln, [8]),
    function(Mary, [3]),
    function(Sonia, [1]),
    function(Tina, [7]),
    relation(c(_), [0,0,0,0,0,0,1,1,1,1]),
    relation(gp(_), [1,1,0,0,0,0,0,0,0,0]),
    relation(p(_), [0,0,1,1,1,1,0,0,0,0])]).
interpretation( 10, [number = 18,seconds = 0], [
    function(Alex, [6]),
    function(Bob, [2]),
    function(Caty, [5]),
    function(David, [1]),
    function(Elton, [9]),
    function(John, [4]),
    function(Lincoln, [8]),
    function(Mary, [3]),
    function(Sonia, [0]),
    function(Tina, [7]),
    relation(c(_), [0,0,0,0,0,0,1,1,1,1]),
    relation(gp(_), [1,1,0,0,0,0,0,0,0,0]),
    relation(p(_), [0,0,1,1,1,1,0,0,0,0])]).
interpretation( 10, [number = 19,seconds = 0], [
    function(Alex, [6]),
    function(Bob, [2]),
    function(Caty, [5]),
    function(David, [0]),
    function(Elton, [8]),
    function(John, [4]),
    function(Lincoln, [9]),
    function(Mary, [3]),
    function(Sonia, [1]),
    function(Tina, [7]),
    relation(c(_), [0,0,0,0,0,0,1,1,1,1]),
    relation(gp(_), [1,1,0,0,0,0,0,0,0,0]),
    relation(p(_), [0,0,1,1,1,1,0,0,0,0])]).
interpretation( 10, [number = 20,seconds = 0], [
    function(Alex, [6]),
    function(Bob, [2]),
    function(Caty, [5]),
    function(David, [1]),
    function(Elton, [8]),
    function(John, [4]),
    function(Lincoln, [9]),
    function(Mary, [3]),
    function(Sonia, [0]),
    function(Tina, [7]),
    relation(c(_), [0,0,0,0,0,0,1,1,1,1]),
    relation(gp(_), [1,1,0,0,0,0,0,0,0,0]),
    relation(p(_), [0,0,1,1,1,1,0,0,0,0])]).
interpretation( 10, [number = 21,seconds = 0], [
    function(Alex, [7]),
    function(Bob, [2]),
    function(Caty, [5]),
    function(David, [0]),
    function(Elton, [9]),
    function(John, [4]),
    function(Lincoln, [8]),
    function(Mary, [3]),
    function(Sonia, [1]),
    function(Tina, [6]),
    relation(c(_), [0,0,0,0,0,0,1,1,1,1]),
    relation(gp(_), [1,1,0,0,0,0,0,0,0,0]),
    relation(p(_), [0,0,1,1,1,1,0,0,0,0])]).
interpretation( 10, [number = 22,seconds = 0], [
    function(Alex, [7]),
    function(Bob, [2]),
    function(Caty, [5]),
    function(David, [1]),
    function(Elton, [9]),
    function(John, [4]),
    function(Lincoln, [8]),
    function(Mary, [3]),
    function(Sonia, [0]),
    function(Tina, [6]),
    relation(c(_), [0,0,0,0,0,0,1,1,1,1]),
    relation(gp(_), [1,1,0,0,0,0,0,0,0,0]),
    relation(p(_), [0,0,1,1,1,1,0,0,0,0])]).
interpretation( 10, [number = 23,seconds = 0], [
    function(Alex, [7]),
    function(Bob, [2]),
    function(Caty, [5]),
    function(David, [0]),
    function(Elton, [8]),
    function(John, [4]),
    function(Lincoln, [9]),
    function(Mary, [3]),
    function(Sonia, [1]),
    function(Tina, [6]),
    relation(c(_), [0,0,0,0,0,0,1,1,1,1]),
    relation(gp(_), [1,1,0,0,0,0,0,0,0,0]),
    relation(p(_), [0,0,1,1,1,1,0,0,0,0])]).
interpretation( 10, [number = 24,seconds = 0], [
    function(Alex, [7]),
    function(Bob, [2]),
    function(Caty, [5]),
    function(David, [1]),
    function(Elton, [8]),
    function(John, [4]),
    function(Lincoln, [9]),
    function(Mary, [3]),
    function(Sonia, [0]),
    function(Tina, [6]),
    relation(c(_), [0,0,0,0,0,0,1,1,1,1]),
    relation(gp(_), [1,1,0,0,0,0,0,0,0,0]),
    relation(p(_), [0,0,1,1,1,1,0,0,0,0])]).
interpretation( 10, [number = 25,seconds = 0], [
    function(Alex, [8]),
    function(Bob, [2]),
    function(Caty, [5]),
    function(David, [0]),
    function(Elton, [7]),
    function(John, [4]),
    function(Lincoln, [9]),
    function(Mary, [3]),
    function(Sonia, [1]),
    function(Tina, [6]),
    relation(c(_), [0,0,0,0,0,0,1,1,1,1]),
    relation(gp(_), [1,1,0,0,0,0,0,0,0,0]),
    relation(p(_), [0,0,1,1,1,1,0,0,0,0])]).
interpretation( 10, [number = 26,seconds = 0], [
    function(Alex, [8]),
    function(Bob, [2]),
    function(Caty, [5]),
    function(David, [1]),
    function(Elton, [7]),
    function(John, [4]),
    function(Lincoln, [9]),
    function(Mary, [3]),
    function(Sonia, [0]),
    function(Tina, [6]),
    relation(c(_), [0,0,0,0,0,0,1,1,1,1]),
    relation(gp(_), [1,1,0,0,0,0,0,0,0,0]),
    relation(p(_), [0,0,1,1,1,1,0,0,0,0])]).
interpretation( 10, [number = 27,seconds = 0], [
    function(Alex, [8]),
    function(Bob, [2]),
    function(Caty, [5]),
    function(David, [0]),
    function(Elton, [6]),
    function(John, [4]),
    function(Lincoln, [9]),
    function(Mary, [3]),
    function(Sonia, [1]),
    function(Tina, [7]),
    relation(c(_), [0,0,0,0,0,0,1,1,1,1]),
    relation(gp(_), [1,1,0,0,0,0,0,0,0,0]),
    relation(p(_), [0,0,1,1,1,1,0,0,0,0])]).
interpretation( 10, [number = 28,seconds = 0], [
    function(Alex, [8]),
    function(Bob, [2]),
    function(Caty, [5]),
    function(David, [1]),
    function(Elton, [6]),
    function(John, [4]),
    function(Lincoln, [9]),
    function(Mary, [3]),
    function(Sonia, [0]),
    function(Tina, [7]),
    relation(c(_), [0,0,0,0,0,0,1,1,1,1]),
    relation(gp(_), [1,1,0,0,0,0,0,0,0,0]),
    relation(p(_), [0,0,1,1,1,1,0,0,0,0])]).
interpretation( 10, [number = 29,seconds = 0], [
    function(Alex, [9]),
    function(Bob, [2]),
    function(Caty, [5]),
    function(David, [0]),
    function(Elton, [7]),
    function(John, [4]),
    function(Lincoln, [8]),
    function(Mary, [3]),
    function(Sonia, [1]),
    function(Tina, [6]),
    relation(c(_), [0,0,0,0,0,0,1,1,1,1]),
    relation(gp(_), [1,1,0,0,0,0,0,0,0,0]),
    relation(p(_), [0,0,1,1,1,1,0,0,0,0])]).
interpretation( 10, [number = 30,seconds = 0], [
    function(Alex, [9]),
    function(Bob, [2]),
    function(Caty, [5]),
    function(David, [1]),
    function(Elton, [7]),
    function(John, [4]),
    function(Lincoln, [8]),
    function(Mary, [3]),
    function(Sonia, [0]),
    function(Tina, [6]),
    relation(c(_), [0,0,0,0,0,0,1,1,1,1]),
    relation(gp(_), [1,1,0,0,0,0,0,0,0,0]),
    relation(p(_), [0,0,1,1,1,1,0,0,0,0])]).
interpretation( 10, [number = 31,seconds = 0], [
    function(Alex, [9]),
    function(Bob, [2]),
    function(Caty, [5]),
    function(David, [0]),
    function(Elton, [6]),
    function(John, [4]),
    function(Lincoln, [8]),
    function(Mary, [3]),
    function(Sonia, [1]),
    function(Tina, [7]),
    relation(c(_), [0,0,0,0,0,0,1,1,1,1]),
    relation(gp(_), [1,1,0,0,0,0,0,0,0,0]),
    relation(p(_), [0,0,1,1,1,1,0,0,0,0])]).
interpretation( 10, [number = 32,seconds = 0], [
    function(Alex, [9]),
    function(Bob, [2]),
    function(Caty, [5]),
    function(David, [1]),
    function(Elton, [6]),
    function(John, [4]),
    function(Lincoln, [8]),
    function(Mary, [3]),
    function(Sonia, [0]),
    function(Tina, [7]),
    relation(c(_), [0,0,0,0,0,0,1,1,1,1]),
    relation(gp(_), [1,1,0,0,0,0,0,0,0,0]),
    relation(p(_), [0,0,1,1,1,1,0,0,0,0])]).
