============================== Prover9 ===============================
Prover9 (64) version 2009-11A, November 2009.
Process 9882 was started by adrian on adrian,
Tue Jan 19 19:13:52 2021
The command was "prover9 -f married.in".
============================== end of head ===========================

============================== INPUT =================================

% Reading from file married.in


formulas(assumptions).
married(Monica).
-married(Rachel).
looking(Monica,Ross).
looking(Ross,Rachel).
end_of_list.

formulas(goals).
(exists x exists y (married(x) & -married(y) & looking(x,y))).
end_of_list.

============================== end of input ==========================

============================== PROCESS NON-CLAUSAL FORMULAS ==========

% Formulas that are not ordinary clauses:
1 (exists x exists y (married(x) & -married(y) & looking(x,y))) # label(non_clause) # label(goal).  [goal].

============================== end of process non-clausal formulas ===

============================== PROCESS INITIAL CLAUSES ===============

% Clauses before input processing:

formulas(usable).
end_of_list.

formulas(sos).
married(Monica).  [assumption].
-married(Rachel).  [assumption].
looking(Monica,Ross).  [assumption].
looking(Ross,Rachel).  [assumption].
-married(x) | married(y) | -looking(x,y).  [deny(1)].
end_of_list.

formulas(demodulators).
end_of_list.

============================== PREDICATE ELIMINATION =================

Eliminating looking/2
2 -married(x) | married(y) | -looking(x,y).  [deny(1)].
3 looking(Monica,Ross).  [assumption].
4 looking(Ross,Rachel).  [assumption].
Derived: -married(Monica) | married(Ross).  [resolve(2,c,3,a)].
Derived: -married(Ross) | married(Rachel).  [resolve(2,c,4,a)].

============================== end predicate elimination =============

Auto_denials:  (no changes).

Term ordering decisions:
Predicate symbol precedence:  predicate_order([ married ]).
Function symbol precedence:  function_order([ Monica, Ross, Rachel ]).
After inverse_order:  (no changes).
Unfolding symbols: (none).

Auto_inference settings:
  % set(neg_binary_resolution).  % (HNE depth_diff=0)
  % clear(ordered_res).  % (HNE depth_diff=0)
  % set(ur_resolution).  % (HNE depth_diff=0)
    % set(ur_resolution) -> set(pos_ur_resolution).
    % set(ur_resolution) -> set(neg_ur_resolution).

Auto_process settings:  (no changes).

kept:      5 married(Monica).  [assumption].
kept:      6 -married(Rachel).  [assumption].
kept:      7 -married(Monica) | married(Ross).  [resolve(2,c,3,a)].
kept:      8 -married(Ross) | married(Rachel).  [resolve(2,c,4,a)].

============================== end of process initial clauses ========

============================== CLAUSES FOR SEARCH ====================

% Clauses after input processing:

formulas(usable).
end_of_list.

formulas(sos).
5 married(Monica).  [assumption].
6 -married(Rachel).  [assumption].
7 -married(Monica) | married(Ross).  [resolve(2,c,3,a)].
8 -married(Ross) | married(Rachel).  [resolve(2,c,4,a)].
end_of_list.

formulas(demodulators).
end_of_list.

============================== end of clauses for search =============

============================== SEARCH ================================

% Starting search at 0.01 seconds.

given #1 (I,wt=2): 5 married(Monica).  [assumption].

given #2 (I,wt=2): 6 -married(Rachel).  [assumption].

given #3 (I,wt=4): 7 -married(Monica) | married(Ross).  [resolve(2,c,3,a)].

given #4 (I,wt=4): 8 -married(Ross) | married(Rachel).  [resolve(2,c,4,a)].

============================== PROOF =================================

% Proof 1 at 0.01 (+ 0.01) seconds.
% Length of proof is 11.
% Level of proof is 4.
% Maximum clause weight is 4.000.
% Given clauses 4.

1 (exists x exists y (married(x) & -married(y) & looking(x,y))) # label(non_clause) # label(goal).  [goal].
2 -married(x) | married(y) | -looking(x,y).  [deny(1)].
3 looking(Monica,Ross).  [assumption].
4 looking(Ross,Rachel).  [assumption].
5 married(Monica).  [assumption].
6 -married(Rachel).  [assumption].
7 -married(Monica) | married(Ross).  [resolve(2,c,3,a)].
8 -married(Ross) | married(Rachel).  [resolve(2,c,4,a)].
9 married(Ross).  [ur(7,a,5,a)].
10 -married(Ross).  [resolve(8,b,6,a)].
11 $F.  [resolve(10,a,9,a)].

============================== end of proof ==========================

============================== STATISTICS ============================

Given=4. Generated=6. Kept=6. proofs=1.
Usable=3. Sos=1. Demods=0. Limbo=0, Disabled=8. Hints=0.
Kept_by_rule=0, Deleted_by_rule=0.
Forward_subsumed=0. Back_subsumed=1.
Sos_limit_deleted=0. Sos_displaced=0. Sos_removed=0.
New_demodulators=0 (0 lex), Back_demodulated=0. Back_unit_deleted=0.
Demod_attempts=0. Demod_rewrites=0.
Res_instance_prunes=0. Para_instance_prunes=0. Basic_paramod_prunes=0.
Nonunit_fsub_feature_tests=0. Nonunit_bsub_feature_tests=3.
Megabytes=0.03.
User_CPU=0.02, System_CPU=0.01, Wall_clock=0.

============================== end of statistics =====================

============================== end of search =========================

THEOREM PROVED

Exiting with 1 proof.

Process 9882 exit (max_proofs) Tue Jan 19 19:13:52 2021
