interpretation( 14, [number = 1,seconds = 0], [
    function(Amanda, [11]),
    function(Ashley, [10]),
    function(Beth, [7]),
    function(Cole, [13]),
    function(Cristian, [3]),
    function(Erin, [6]),
    function(Jason, [4]),
    function(Kaitlyn, [8]),
    function(Katherine, [0]),
    function(Makayla, [9]),
    function(Neil, [1]),
    function(Payton, [12]),
    function(Steve, [2]),
    function(Tammy, [5]),
    function(c1, [13]),
    relation(boy(_), [0,0,0,0,0,0,0,0,0,0,0,0,0,1]),
    relation(c(_), [0,0,0,0,0,0,0,0,1,1,1,1,1,1]),
    relation(family(_), [0,0,1,1,1,0,0,0,0,0,0,0,0,0]),
    relation(gf(_), [0,1,0,0,0,0,0,0,0,0,0,0,0,0]),
    relation(gm(_), [1,0,0,0,0,0,0,0,0,0,0,0,0,0]),
    relation(gp(_), [1,1,0,0,0,0,0,0,0,0,0,0,0,0]),
    relation(inLaw(_), [0,0,0,0,0,1,1,1,0,0,0,0,0,0]),
    relation(man(_), [0,1,1,1,1,0,0,0,0,0,0,0,0,1]),
    relation(p(_), [0,0,1,1,1,1,1,1,0,0,0,0,0,0]),
    relation(woman(_), [1,0,0,0,0,1,1,1,1,1,1,1,1,0]),
    relation(aunt(_,_), [0,0,0,0,0,0,0,0,0,0,0,0,0,0,0,0,0,0,0,0,0,0,0,0,0,0,0,0,0,0,0,0,0,0,0,0,0,0,0,0,0,0,0,0,0,0,0,0,0,0,0,0,0,0,0,0,0,0,0,0,0,0,0,0,0,0,0,0,0,0,0,0,0,0,0,0,0,0,0,0,0,0,0,0,0,0,0,0,0,0,0,0,0,0,0,0,0,0,0,0,0,0,0,0,0,0,0,0,0,0,0,0,0,0,0,0,0,0,1,1,0,0,0,0,0,0,0,0,0,0,0,0,1,1,0,0,0,0,0,0,0,0,0,0,0,1,0,1,0,0,0,0,0,0,0,0,0,0,0,1,0,1,0,0,0,0,0,0,0,0,0,0,0,1,1,0,0,0,0,0,0,0,0,0,0,0,0,1,1,0,0,0,0,0,0,0]),
    relation(cousin(_,_), [0,0,0,0,0,0,0,0,0,0,0,0,0,0,0,0,0,0,0,0,0,0,0,0,0,0,0,0,0,0,0,0,0,0,0,0,0,0,0,0,0,0,0,0,0,0,0,0,0,0,0,0,0,0,0,0,0,0,0,0,0,0,0,0,0,0,0,0,0,0,0,0,0,0,0,0,0,0,0,0,0,0,0,0,0,0,0,0,0,0,0,0,0,0,0,0,0,0,0,0,0,0,0,0,0,0,0,0,0,0,0,0,0,0,0,0,0,0,0,0,0,0,1,1,1,1,0,0,0,0,0,0,0,0,0,0,1,1,1,1,0,0,0,0,0,0,0,0,1,1,0,0,1,1,0,0,0,0,0,0,0,0,1,1,0,0,1,1,0,0,0,0,0,0,0,0,1,1,1,1,0,0,0,0,0,0,0,0,0,0,1,1,1,1,0,0]),
    relation(uncle(_,_), [0,0,0,0,0,0,0,0,0,0,0,0,0,0,0,0,0,0,0,0,0,0,0,0,0,0,0,0,0,0,0,0,0,0,0,0,0,0,0,0,0,0,0,0,0,0,0,0,0,0,0,0,0,0,0,0,0,0,0,0,0,0,0,0,0,0,0,0,0,0,0,0,0,0,0,0,0,0,0,0,0,0,0,0,0,0,0,0,0,0,0,0,0,0,0,0,0,0,0,0,0,0,0,0,0,0,0,0,0,0,0,0,0,0,0,1,1,0,0,0,0,0,0,0,0,0,0,0,0,1,1,0,0,0,0,0,0,0,0,0,0,0,1,0,1,0,0,0,0,0,0,0,0,0,0,0,1,0,1,0,0,0,0,0,0,0,0,0,0,0,1,1,0,0,0,0,0,0,0,0,0,0,0,0,1,1,0,0,0,0,0,0,0,0,0,0])]).
interpretation( 14, [number = 2,seconds = 0], [
    function(Amanda, [11]),
    function(Ashley, [10]),
    function(Beth, [7]),
    function(Cole, [13]),
    function(Cristian, [3]),
    function(Erin, [6]),
    function(Jason, [4]),
    function(Kaitlyn, [9]),
    function(Katherine, [0]),
    function(Makayla, [8]),
    function(Neil, [1]),
    function(Payton, [12]),
    function(Steve, [2]),
    function(Tammy, [5]),
    function(c1, [13]),
    relation(boy(_), [0,0,0,0,0,0,0,0,0,0,0,0,0,1]),
    relation(c(_), [0,0,0,0,0,0,0,0,1,1,1,1,1,1]),
    relation(family(_), [0,0,1,1,1,0,0,0,0,0,0,0,0,0]),
    relation(gf(_), [0,1,0,0,0,0,0,0,0,0,0,0,0,0]),
    relation(gm(_), [1,0,0,0,0,0,0,0,0,0,0,0,0,0]),
    relation(gp(_), [1,1,0,0,0,0,0,0,0,0,0,0,0,0]),
    relation(inLaw(_), [0,0,0,0,0,1,1,1,0,0,0,0,0,0]),
    relation(man(_), [0,1,1,1,1,0,0,0,0,0,0,0,0,1]),
    relation(p(_), [0,0,1,1,1,1,1,1,0,0,0,0,0,0]),
    relation(woman(_), [1,0,0,0,0,1,1,1,1,1,1,1,1,0]),
    relation(aunt(_,_), [0,0,0,0,0,0,0,0,0,0,0,0,0,0,0,0,0,0,0,0,0,0,0,0,0,0,0,0,0,0,0,0,0,0,0,0,0,0,0,0,0,0,0,0,0,0,0,0,0,0,0,0,0,0,0,0,0,0,0,0,0,0,0,0,0,0,0,0,0,0,0,0,0,0,0,0,0,0,0,0,0,0,0,0,0,0,0,0,0,0,0,0,0,0,0,0,0,0,0,0,0,0,0,0,0,0,0,0,0,0,0,0,0,0,0,0,0,0,1,1,0,0,0,0,0,0,0,0,0,0,0,0,1,1,0,0,0,0,0,0,0,0,0,0,0,1,0,1,0,0,0,0,0,0,0,0,0,0,0,1,0,1,0,0,0,0,0,0,0,0,0,0,0,1,1,0,0,0,0,0,0,0,0,0,0,0,0,1,1,0,0,0,0,0,0,0]),
    relation(cousin(_,_), [0,0,0,0,0,0,0,0,0,0,0,0,0,0,0,0,0,0,0,0,0,0,0,0,0,0,0,0,0,0,0,0,0,0,0,0,0,0,0,0,0,0,0,0,0,0,0,0,0,0,0,0,0,0,0,0,0,0,0,0,0,0,0,0,0,0,0,0,0,0,0,0,0,0,0,0,0,0,0,0,0,0,0,0,0,0,0,0,0,0,0,0,0,0,0,0,0,0,0,0,0,0,0,0,0,0,0,0,0,0,0,0,0,0,0,0,0,0,0,0,0,0,1,1,1,1,0,0,0,0,0,0,0,0,0,0,1,1,1,1,0,0,0,0,0,0,0,0,1,1,0,0,1,1,0,0,0,0,0,0,0,0,1,1,0,0,1,1,0,0,0,0,0,0,0,0,1,1,1,1,0,0,0,0,0,0,0,0,0,0,1,1,1,1,0,0]),
    relation(uncle(_,_), [0,0,0,0,0,0,0,0,0,0,0,0,0,0,0,0,0,0,0,0,0,0,0,0,0,0,0,0,0,0,0,0,0,0,0,0,0,0,0,0,0,0,0,0,0,0,0,0,0,0,0,0,0,0,0,0,0,0,0,0,0,0,0,0,0,0,0,0,0,0,0,0,0,0,0,0,0,0,0,0,0,0,0,0,0,0,0,0,0,0,0,0,0,0,0,0,0,0,0,0,0,0,0,0,0,0,0,0,0,0,0,0,0,0,0,1,1,0,0,0,0,0,0,0,0,0,0,0,0,1,1,0,0,0,0,0,0,0,0,0,0,0,1,0,1,0,0,0,0,0,0,0,0,0,0,0,1,0,1,0,0,0,0,0,0,0,0,0,0,0,1,1,0,0,0,0,0,0,0,0,0,0,0,0,1,1,0,0,0,0,0,0,0,0,0,0])]).
interpretation( 14, [number = 3,seconds = 0], [
    function(Amanda, [10]),
    function(Ashley, [11]),
    function(Beth, [7]),
    function(Cole, [13]),
    function(Cristian, [3]),
    function(Erin, [6]),
    function(Jason, [4]),
    function(Kaitlyn, [8]),
    function(Katherine, [0]),
    function(Makayla, [9]),
    function(Neil, [1]),
    function(Payton, [12]),
    function(Steve, [2]),
    function(Tammy, [5]),
    function(c1, [13]),
    relation(boy(_), [0,0,0,0,0,0,0,0,0,0,0,0,0,1]),
    relation(c(_), [0,0,0,0,0,0,0,0,1,1,1,1,1,1]),
    relation(family(_), [0,0,1,1,1,0,0,0,0,0,0,0,0,0]),
    relation(gf(_), [0,1,0,0,0,0,0,0,0,0,0,0,0,0]),
    relation(gm(_), [1,0,0,0,0,0,0,0,0,0,0,0,0,0]),
    relation(gp(_), [1,1,0,0,0,0,0,0,0,0,0,0,0,0]),
    relation(inLaw(_), [0,0,0,0,0,1,1,1,0,0,0,0,0,0]),
    relation(man(_), [0,1,1,1,1,0,0,0,0,0,0,0,0,1]),
    relation(p(_), [0,0,1,1,1,1,1,1,0,0,0,0,0,0]),
    relation(woman(_), [1,0,0,0,0,1,1,1,1,1,1,1,1,0]),
    relation(aunt(_,_), [0,0,0,0,0,0,0,0,0,0,0,0,0,0,0,0,0,0,0,0,0,0,0,0,0,0,0,0,0,0,0,0,0,0,0,0,0,0,0,0,0,0,0,0,0,0,0,0,0,0,0,0,0,0,0,0,0,0,0,0,0,0,0,0,0,0,0,0,0,0,0,0,0,0,0,0,0,0,0,0,0,0,0,0,0,0,0,0,0,0,0,0,0,0,0,0,0,0,0,0,0,0,0,0,0,0,0,0,0,0,0,0,0,0,0,0,0,0,1,1,0,0,0,0,0,0,0,0,0,0,0,0,1,1,0,0,0,0,0,0,0,0,0,0,0,1,0,1,0,0,0,0,0,0,0,0,0,0,0,1,0,1,0,0,0,0,0,0,0,0,0,0,0,1,1,0,0,0,0,0,0,0,0,0,0,0,0,1,1,0,0,0,0,0,0,0]),
    relation(cousin(_,_), [0,0,0,0,0,0,0,0,0,0,0,0,0,0,0,0,0,0,0,0,0,0,0,0,0,0,0,0,0,0,0,0,0,0,0,0,0,0,0,0,0,0,0,0,0,0,0,0,0,0,0,0,0,0,0,0,0,0,0,0,0,0,0,0,0,0,0,0,0,0,0,0,0,0,0,0,0,0,0,0,0,0,0,0,0,0,0,0,0,0,0,0,0,0,0,0,0,0,0,0,0,0,0,0,0,0,0,0,0,0,0,0,0,0,0,0,0,0,0,0,0,0,1,1,1,1,0,0,0,0,0,0,0,0,0,0,1,1,1,1,0,0,0,0,0,0,0,0,1,1,0,0,1,1,0,0,0,0,0,0,0,0,1,1,0,0,1,1,0,0,0,0,0,0,0,0,1,1,1,1,0,0,0,0,0,0,0,0,0,0,1,1,1,1,0,0]),
    relation(uncle(_,_), [0,0,0,0,0,0,0,0,0,0,0,0,0,0,0,0,0,0,0,0,0,0,0,0,0,0,0,0,0,0,0,0,0,0,0,0,0,0,0,0,0,0,0,0,0,0,0,0,0,0,0,0,0,0,0,0,0,0,0,0,0,0,0,0,0,0,0,0,0,0,0,0,0,0,0,0,0,0,0,0,0,0,0,0,0,0,0,0,0,0,0,0,0,0,0,0,0,0,0,0,0,0,0,0,0,0,0,0,0,0,0,0,0,0,0,1,1,0,0,0,0,0,0,0,0,0,0,0,0,1,1,0,0,0,0,0,0,0,0,0,0,0,1,0,1,0,0,0,0,0,0,0,0,0,0,0,1,0,1,0,0,0,0,0,0,0,0,0,0,0,1,1,0,0,0,0,0,0,0,0,0,0,0,0,1,1,0,0,0,0,0,0,0,0,0,0])]).
interpretation( 14, [number = 4,seconds = 0], [
    function(Amanda, [10]),
    function(Ashley, [11]),
    function(Beth, [7]),
    function(Cole, [13]),
    function(Cristian, [3]),
    function(Erin, [6]),
    function(Jason, [4]),
    function(Kaitlyn, [9]),
    function(Katherine, [0]),
    function(Makayla, [8]),
    function(Neil, [1]),
    function(Payton, [12]),
    function(Steve, [2]),
    function(Tammy, [5]),
    function(c1, [13]),
    relation(boy(_), [0,0,0,0,0,0,0,0,0,0,0,0,0,1]),
    relation(c(_), [0,0,0,0,0,0,0,0,1,1,1,1,1,1]),
    relation(family(_), [0,0,1,1,1,0,0,0,0,0,0,0,0,0]),
    relation(gf(_), [0,1,0,0,0,0,0,0,0,0,0,0,0,0]),
    relation(gm(_), [1,0,0,0,0,0,0,0,0,0,0,0,0,0]),
    relation(gp(_), [1,1,0,0,0,0,0,0,0,0,0,0,0,0]),
    relation(inLaw(_), [0,0,0,0,0,1,1,1,0,0,0,0,0,0]),
    relation(man(_), [0,1,1,1,1,0,0,0,0,0,0,0,0,1]),
    relation(p(_), [0,0,1,1,1,1,1,1,0,0,0,0,0,0]),
    relation(woman(_), [1,0,0,0,0,1,1,1,1,1,1,1,1,0]),
    relation(aunt(_,_), [0,0,0,0,0,0,0,0,0,0,0,0,0,0,0,0,0,0,0,0,0,0,0,0,0,0,0,0,0,0,0,0,0,0,0,0,0,0,0,0,0,0,0,0,0,0,0,0,0,0,0,0,0,0,0,0,0,0,0,0,0,0,0,0,0,0,0,0,0,0,0,0,0,0,0,0,0,0,0,0,0,0,0,0,0,0,0,0,0,0,0,0,0,0,0,0,0,0,0,0,0,0,0,0,0,0,0,0,0,0,0,0,0,0,0,0,0,0,1,1,0,0,0,0,0,0,0,0,0,0,0,0,1,1,0,0,0,0,0,0,0,0,0,0,0,1,0,1,0,0,0,0,0,0,0,0,0,0,0,1,0,1,0,0,0,0,0,0,0,0,0,0,0,1,1,0,0,0,0,0,0,0,0,0,0,0,0,1,1,0,0,0,0,0,0,0]),
    relation(cousin(_,_), [0,0,0,0,0,0,0,0,0,0,0,0,0,0,0,0,0,0,0,0,0,0,0,0,0,0,0,0,0,0,0,0,0,0,0,0,0,0,0,0,0,0,0,0,0,0,0,0,0,0,0,0,0,0,0,0,0,0,0,0,0,0,0,0,0,0,0,0,0,0,0,0,0,0,0,0,0,0,0,0,0,0,0,0,0,0,0,0,0,0,0,0,0,0,0,0,0,0,0,0,0,0,0,0,0,0,0,0,0,0,0,0,0,0,0,0,0,0,0,0,0,0,1,1,1,1,0,0,0,0,0,0,0,0,0,0,1,1,1,1,0,0,0,0,0,0,0,0,1,1,0,0,1,1,0,0,0,0,0,0,0,0,1,1,0,0,1,1,0,0,0,0,0,0,0,0,1,1,1,1,0,0,0,0,0,0,0,0,0,0,1,1,1,1,0,0]),
    relation(uncle(_,_), [0,0,0,0,0,0,0,0,0,0,0,0,0,0,0,0,0,0,0,0,0,0,0,0,0,0,0,0,0,0,0,0,0,0,0,0,0,0,0,0,0,0,0,0,0,0,0,0,0,0,0,0,0,0,0,0,0,0,0,0,0,0,0,0,0,0,0,0,0,0,0,0,0,0,0,0,0,0,0,0,0,0,0,0,0,0,0,0,0,0,0,0,0,0,0,0,0,0,0,0,0,0,0,0,0,0,0,0,0,0,0,0,0,0,0,1,1,0,0,0,0,0,0,0,0,0,0,0,0,1,1,0,0,0,0,0,0,0,0,0,0,0,1,0,1,0,0,0,0,0,0,0,0,0,0,0,1,0,1,0,0,0,0,0,0,0,0,0,0,0,1,1,0,0,0,0,0,0,0,0,0,0,0,0,1,1,0,0,0,0,0,0,0,0,0,0])]).
