interpretation( 7, [number = 1,seconds = 0], [
    function(A, [0]),
    function(B, [1]),
    function(C, [2]),
    function(J, [3]),
    function(M, [4]),
    function(P, [5]),
    function(R, [6]),
    function(g10, [3]),
    function(g11, [4]),
    function(g12, [0]),
    function(g13, [1]),
    function(g14, [2]),
    function(g8, [5]),
    function(g9, [6]),
    function(n21, [2]),
    function(n28, [6]),
    function(n29, [4]),
    function(n3, [3]),
    function(n32, [0]),
    function(n35, [5]),
    function(p_cf, [5]),
    function(p_fb, [3]),
    function(p_rf, [6]),
    function(p_sb, [0]),
    function(p_ss, [2]),
    function(p_tb, [4]),
    function(n7, [1]),
    function(p_lf, [1])]).
