interpretation( 4, [number = 1,seconds = 0], [
    function(Anne, [0]),
    function(Aprily, [3]),
    function(Blue, [0]),
    function(Green, [1]),
    function(Greta, [2]),
    function(Grooves, [0]),
    function(Harold, [3]),
    function(Honshu, [2]),
    function(L, [2]),
    function(M, [1]),
    function(S, [0]),
    function(White, [2]),
    function(XL, [3]),
    function(Yamada, [1]),
    function(Yellow, [3]),
    function(Yoshi, [1])]).
interpretation( 4, [number = 2,seconds = 0], [
    function(Anne, [0]),
    function(Aprily, [3]),
    function(Blue, [0]),
    function(Green, [1]),
    function(Greta, [2]),
    function(Grooves, [2]),
    function(Harold, [3]),
    function(Honshu, [1]),
    function(L, [2]),
    function(M, [1]),
    function(S, [0]),
    function(White, [2]),
    function(XL, [3]),
    function(Yamada, [0]),
    function(Yellow, [3]),
    function(Yoshi, [1])]).
interpretation( 4, [number = 3,seconds = 0], [
    function(Anne, [0]),
    function(Aprily, [3]),
    function(Blue, [2]),
    function(Green, [0]),
    function(Greta, [2]),
    function(Grooves, [2]),
    function(Harold, [3]),
    function(Honshu, [1]),
    function(L, [2]),
    function(M, [1]),
    function(S, [0]),
    function(White, [3]),
    function(XL, [3]),
    function(Yamada, [0]),
    function(Yellow, [1]),
    function(Yoshi, [1])]).
