interpretation( 4, [number = 1,seconds = 0], [
    function(Anthony, [3]),
    function(April, [3]),
    function(Fantasy, [3]),
    function(History, [0]),
    function(Janet, [1]),
    function(July, [0]),
    function(June, [2]),
    function(Mark, [2]),
    function(May, [1]),
    function(Meredith, [0]),
    function(Romance, [1]),
    function(Thriller, [2]),
    function(p250, [0]),
    function(p300, [1]),
    function(p350, [2]),
    function(p400, [3]),
    relation(50plus(_,_), [0,0,0,0,1,0,0,0,0,1,0,0,0,0,1,0]),
    relation(next(_,_), [0,0,1,0,0,0,1,1,1,1,0,0,0,1,0,0])]).
interpretation( 4, [number = 2,seconds = 0], [
    function(Anthony, [3]),
    function(April, [3]),
    function(Fantasy, [3]),
    function(History, [0]),
    function(Janet, [1]),
    function(July, [2]),
    function(June, [0]),
    function(Mark, [2]),
    function(May, [1]),
    function(Meredith, [0]),
    function(Romance, [1]),
    function(Thriller, [2]),
    function(p250, [0]),
    function(p300, [1]),
    function(p350, [2]),
    function(p400, [3]),
    relation(50plus(_,_), [0,0,0,0,1,0,0,0,0,1,0,0,0,0,1,0]),
    relation(next(_,_), [0,1,1,0,1,0,0,1,1,0,0,0,0,1,0,0])]).
