interpretation( 6, [number = 1,seconds = 0], [
    function(a, [0]),
    function(b, [2]),
    function(c, [4]),
    function(d, [1]),
    function(e, [3]),
    function(f, [5]),
    relation(driver(_), [1,0,1,0,1,0]),
    relation(man(_), [1,0,1,0,1,0]),
    relation(s1(_), [0,0,0,0,1,0]),
    relation(s2(_), [0,0,0,0,0,1]),
    relation(s3(_), [0,0,0,1,0,0]),
    relation(s4(_), [0,0,1,0,0,0]),
    relation(s5(_), [0,1,0,0,0,0]),
    relation(s6(_), [1,0,0,0,0,0]),
    relation(woman(_), [0,1,0,1,0,1]),
    relation(neq(_,_), [0,1,1,1,1,1,1,0,1,1,1,1,1,1,0,1,1,1,1,1,1,0,1,1,1,1,1,1,0,1,1,1,1,1,1,0])]).
interpretation( 6, [number = 2,seconds = 0], [
    function(a, [0]),
    function(b, [2]),
    function(c, [4]),
    function(d, [1]),
    function(e, [3]),
    function(f, [5]),
    relation(driver(_), [1,0,1,0,1,0]),
    relation(man(_), [1,0,1,0,1,0]),
    relation(s1(_), [0,0,0,0,1,0]),
    relation(s2(_), [0,0,0,1,0,0]),
    relation(s3(_), [0,0,0,0,0,1]),
    relation(s4(_), [0,0,1,0,0,0]),
    relation(s5(_), [0,1,0,0,0,0]),
    relation(s6(_), [1,0,0,0,0,0]),
    relation(woman(_), [0,1,0,1,0,1]),
    relation(neq(_,_), [0,1,1,1,1,1,1,0,1,1,1,1,1,1,0,1,1,1,1,1,1,0,1,1,1,1,1,1,0,1,1,1,1,1,1,0])]).
interpretation( 6, [number = 3,seconds = 0], [
    function(a, [0]),
    function(b, [2]),
    function(c, [4]),
    function(d, [1]),
    function(e, [3]),
    function(f, [5]),
    relation(driver(_), [1,0,1,0,1,0]),
    relation(man(_), [1,0,1,0,1,0]),
    relation(s1(_), [0,0,0,0,1,0]),
    relation(s2(_), [0,0,0,0,0,1]),
    relation(s3(_), [0,0,1,0,0,0]),
    relation(s4(_), [0,0,0,1,0,0]),
    relation(s5(_), [0,1,0,0,0,0]),
    relation(s6(_), [1,0,0,0,0,0]),
    relation(woman(_), [0,1,0,1,0,1]),
    relation(neq(_,_), [0,1,1,1,1,1,1,0,1,1,1,1,1,1,0,1,1,1,1,1,1,0,1,1,1,1,1,1,0,1,1,1,1,1,1,0])]).
interpretation( 6, [number = 4,seconds = 0], [
    function(a, [0]),
    function(b, [2]),
    function(c, [4]),
    function(d, [1]),
    function(e, [3]),
    function(f, [5]),
    relation(driver(_), [1,0,1,0,1,0]),
    relation(man(_), [1,0,1,0,1,0]),
    relation(s1(_), [0,0,0,0,1,0]),
    relation(s2(_), [0,0,0,1,0,0]),
    relation(s3(_), [0,0,1,0,0,0]),
    relation(s4(_), [0,0,0,0,0,1]),
    relation(s5(_), [0,1,0,0,0,0]),
    relation(s6(_), [1,0,0,0,0,0]),
    relation(woman(_), [0,1,0,1,0,1]),
    relation(neq(_,_), [0,1,1,1,1,1,1,0,1,1,1,1,1,1,0,1,1,1,1,1,1,0,1,1,1,1,1,1,0,1,1,1,1,1,1,0])]).
interpretation( 6, [number = 5,seconds = 0], [
    function(a, [0]),
    function(b, [2]),
    function(c, [4]),
    function(d, [1]),
    function(e, [3]),
    function(f, [5]),
    relation(driver(_), [1,0,1,0,1,0]),
    relation(man(_), [1,0,1,0,1,0]),
    relation(s1(_), [0,0,1,0,0,0]),
    relation(s2(_), [0,0,0,0,0,1]),
    relation(s3(_), [0,0,0,0,1,0]),
    relation(s4(_), [0,0,0,1,0,0]),
    relation(s5(_), [0,1,0,0,0,0]),
    relation(s6(_), [1,0,0,0,0,0]),
    relation(woman(_), [0,1,0,1,0,1]),
    relation(neq(_,_), [0,1,1,1,1,1,1,0,1,1,1,1,1,1,0,1,1,1,1,1,1,0,1,1,1,1,1,1,0,1,1,1,1,1,1,0])]).
interpretation( 6, [number = 6,seconds = 0], [
    function(a, [0]),
    function(b, [2]),
    function(c, [4]),
    function(d, [1]),
    function(e, [3]),
    function(f, [5]),
    relation(driver(_), [1,0,1,0,1,0]),
    relation(man(_), [1,0,1,0,1,0]),
    relation(s1(_), [0,0,1,0,0,0]),
    relation(s2(_), [0,0,0,0,0,1]),
    relation(s3(_), [0,0,0,1,0,0]),
    relation(s4(_), [0,0,0,0,1,0]),
    relation(s5(_), [0,1,0,0,0,0]),
    relation(s6(_), [1,0,0,0,0,0]),
    relation(woman(_), [0,1,0,1,0,1]),
    relation(neq(_,_), [0,1,1,1,1,1,1,0,1,1,1,1,1,1,0,1,1,1,1,1,1,0,1,1,1,1,1,1,0,1,1,1,1,1,1,0])]).
interpretation( 6, [number = 7,seconds = 0], [
    function(a, [0]),
    function(b, [2]),
    function(c, [4]),
    function(d, [1]),
    function(e, [3]),
    function(f, [5]),
    relation(driver(_), [1,0,1,0,1,0]),
    relation(man(_), [1,0,1,0,1,0]),
    relation(s1(_), [0,0,1,0,0,0]),
    relation(s2(_), [0,0,0,1,0,0]),
    relation(s3(_), [0,0,0,0,0,1]),
    relation(s4(_), [0,0,0,0,1,0]),
    relation(s5(_), [0,1,0,0,0,0]),
    relation(s6(_), [1,0,0,0,0,0]),
    relation(woman(_), [0,1,0,1,0,1]),
    relation(neq(_,_), [0,1,1,1,1,1,1,0,1,1,1,1,1,1,0,1,1,1,1,1,1,0,1,1,1,1,1,1,0,1,1,1,1,1,1,0])]).
interpretation( 6, [number = 8,seconds = 0], [
    function(a, [0]),
    function(b, [2]),
    function(c, [4]),
    function(d, [1]),
    function(e, [3]),
    function(f, [5]),
    relation(driver(_), [1,0,1,0,1,0]),
    relation(man(_), [1,0,1,0,1,0]),
    relation(s1(_), [0,0,1,0,0,0]),
    relation(s2(_), [0,0,0,1,0,0]),
    relation(s3(_), [0,0,0,0,1,0]),
    relation(s4(_), [0,0,0,0,0,1]),
    relation(s5(_), [0,1,0,0,0,0]),
    relation(s6(_), [1,0,0,0,0,0]),
    relation(woman(_), [0,1,0,1,0,1]),
    relation(neq(_,_), [0,1,1,1,1,1,1,0,1,1,1,1,1,1,0,1,1,1,1,1,1,0,1,1,1,1,1,1,0,1,1,1,1,1,1,0])]).
interpretation( 6, [number = 9,seconds = 0], [
    function(a, [0]),
    function(b, [2]),
    function(c, [4]),
    function(d, [1]),
    function(e, [3]),
    function(f, [5]),
    relation(driver(_), [1,0,1,0,1,0]),
    relation(man(_), [1,0,1,0,1,0]),
    relation(s1(_), [0,0,0,0,1,0]),
    relation(s2(_), [0,0,0,0,0,1]),
    relation(s3(_), [0,0,1,0,0,0]),
    relation(s4(_), [0,1,0,0,0,0]),
    relation(s5(_), [0,0,0,1,0,0]),
    relation(s6(_), [1,0,0,0,0,0]),
    relation(woman(_), [0,1,0,1,0,1]),
    relation(neq(_,_), [0,1,1,1,1,1,1,0,1,1,1,1,1,1,0,1,1,1,1,1,1,0,1,1,1,1,1,1,0,1,1,1,1,1,1,0])]).
interpretation( 6, [number = 10,seconds = 0], [
    function(a, [0]),
    function(b, [2]),
    function(c, [4]),
    function(d, [1]),
    function(e, [3]),
    function(f, [5]),
    relation(driver(_), [1,0,1,0,1,0]),
    relation(man(_), [1,0,1,0,1,0]),
    relation(s1(_), [0,0,0,0,1,0]),
    relation(s2(_), [0,0,0,1,0,0]),
    relation(s3(_), [0,0,1,0,0,0]),
    relation(s4(_), [0,1,0,0,0,0]),
    relation(s5(_), [0,0,0,0,0,1]),
    relation(s6(_), [1,0,0,0,0,0]),
    relation(woman(_), [0,1,0,1,0,1]),
    relation(neq(_,_), [0,1,1,1,1,1,1,0,1,1,1,1,1,1,0,1,1,1,1,1,1,0,1,1,1,1,1,1,0,1,1,1,1,1,1,0])]).
interpretation( 6, [number = 11,seconds = 0], [
    function(a, [0]),
    function(b, [2]),
    function(c, [4]),
    function(d, [1]),
    function(e, [3]),
    function(f, [5]),
    relation(driver(_), [1,0,1,0,1,0]),
    relation(man(_), [1,0,1,0,1,0]),
    relation(s1(_), [0,0,1,0,0,0]),
    relation(s2(_), [0,0,0,0,0,1]),
    relation(s3(_), [0,0,0,0,1,0]),
    relation(s4(_), [0,1,0,0,0,0]),
    relation(s5(_), [0,0,0,1,0,0]),
    relation(s6(_), [1,0,0,0,0,0]),
    relation(woman(_), [0,1,0,1,0,1]),
    relation(neq(_,_), [0,1,1,1,1,1,1,0,1,1,1,1,1,1,0,1,1,1,1,1,1,0,1,1,1,1,1,1,0,1,1,1,1,1,1,0])]).
interpretation( 6, [number = 12,seconds = 0], [
    function(a, [0]),
    function(b, [2]),
    function(c, [4]),
    function(d, [1]),
    function(e, [3]),
    function(f, [5]),
    relation(driver(_), [1,0,1,0,1,0]),
    relation(man(_), [1,0,1,0,1,0]),
    relation(s1(_), [0,0,1,0,0,0]),
    relation(s2(_), [0,0,0,1,0,0]),
    relation(s3(_), [0,0,0,0,1,0]),
    relation(s4(_), [0,1,0,0,0,0]),
    relation(s5(_), [0,0,0,0,0,1]),
    relation(s6(_), [1,0,0,0,0,0]),
    relation(woman(_), [0,1,0,1,0,1]),
    relation(neq(_,_), [0,1,1,1,1,1,1,0,1,1,1,1,1,1,0,1,1,1,1,1,1,0,1,1,1,1,1,1,0,1,1,1,1,1,1,0])]).
interpretation( 6, [number = 13,seconds = 0], [
    function(a, [0]),
    function(b, [2]),
    function(c, [4]),
    function(d, [1]),
    function(e, [3]),
    function(f, [5]),
    relation(driver(_), [1,0,1,0,1,0]),
    relation(man(_), [1,0,1,0,1,0]),
    relation(s1(_), [0,0,0,0,1,0]),
    relation(s2(_), [0,0,0,0,0,1]),
    relation(s3(_), [0,1,0,0,0,0]),
    relation(s4(_), [0,0,1,0,0,0]),
    relation(s5(_), [0,0,0,1,0,0]),
    relation(s6(_), [1,0,0,0,0,0]),
    relation(woman(_), [0,1,0,1,0,1]),
    relation(neq(_,_), [0,1,1,1,1,1,1,0,1,1,1,1,1,1,0,1,1,1,1,1,1,0,1,1,1,1,1,1,0,1,1,1,1,1,1,0])]).
interpretation( 6, [number = 14,seconds = 0], [
    function(a, [0]),
    function(b, [2]),
    function(c, [4]),
    function(d, [1]),
    function(e, [3]),
    function(f, [5]),
    relation(driver(_), [1,0,1,0,1,0]),
    relation(man(_), [1,0,1,0,1,0]),
    relation(s1(_), [0,0,0,0,1,0]),
    relation(s2(_), [0,0,0,1,0,0]),
    relation(s3(_), [0,1,0,0,0,0]),
    relation(s4(_), [0,0,1,0,0,0]),
    relation(s5(_), [0,0,0,0,0,1]),
    relation(s6(_), [1,0,0,0,0,0]),
    relation(woman(_), [0,1,0,1,0,1]),
    relation(neq(_,_), [0,1,1,1,1,1,1,0,1,1,1,1,1,1,0,1,1,1,1,1,1,0,1,1,1,1,1,1,0,1,1,1,1,1,1,0])]).
interpretation( 6, [number = 15,seconds = 0], [
    function(a, [0]),
    function(b, [2]),
    function(c, [4]),
    function(d, [1]),
    function(e, [3]),
    function(f, [5]),
    relation(driver(_), [1,0,1,0,1,0]),
    relation(man(_), [1,0,1,0,1,0]),
    relation(s1(_), [0,0,1,0,0,0]),
    relation(s2(_), [0,0,0,0,0,1]),
    relation(s3(_), [0,1,0,0,0,0]),
    relation(s4(_), [0,0,0,0,1,0]),
    relation(s5(_), [0,0,0,1,0,0]),
    relation(s6(_), [1,0,0,0,0,0]),
    relation(woman(_), [0,1,0,1,0,1]),
    relation(neq(_,_), [0,1,1,1,1,1,1,0,1,1,1,1,1,1,0,1,1,1,1,1,1,0,1,1,1,1,1,1,0,1,1,1,1,1,1,0])]).
interpretation( 6, [number = 16,seconds = 0], [
    function(a, [0]),
    function(b, [2]),
    function(c, [4]),
    function(d, [1]),
    function(e, [3]),
    function(f, [5]),
    relation(driver(_), [1,0,1,0,1,0]),
    relation(man(_), [1,0,1,0,1,0]),
    relation(s1(_), [0,0,1,0,0,0]),
    relation(s2(_), [0,0,0,1,0,0]),
    relation(s3(_), [0,1,0,0,0,0]),
    relation(s4(_), [0,0,0,0,1,0]),
    relation(s5(_), [0,0,0,0,0,1]),
    relation(s6(_), [1,0,0,0,0,0]),
    relation(woman(_), [0,1,0,1,0,1]),
    relation(neq(_,_), [0,1,1,1,1,1,1,0,1,1,1,1,1,1,0,1,1,1,1,1,1,0,1,1,1,1,1,1,0,1,1,1,1,1,1,0])]).
interpretation( 6, [number = 17,seconds = 0], [
    function(a, [0]),
    function(b, [2]),
    function(c, [4]),
    function(d, [1]),
    function(e, [3]),
    function(f, [5]),
    relation(driver(_), [1,0,1,0,1,0]),
    relation(man(_), [1,0,1,0,1,0]),
    relation(s1(_), [0,0,0,0,1,0]),
    relation(s2(_), [0,1,0,0,0,0]),
    relation(s3(_), [0,0,0,0,0,1]),
    relation(s4(_), [0,0,1,0,0,0]),
    relation(s5(_), [0,0,0,1,0,0]),
    relation(s6(_), [1,0,0,0,0,0]),
    relation(woman(_), [0,1,0,1,0,1]),
    relation(neq(_,_), [0,1,1,1,1,1,1,0,1,1,1,1,1,1,0,1,1,1,1,1,1,0,1,1,1,1,1,1,0,1,1,1,1,1,1,0])]).
interpretation( 6, [number = 18,seconds = 0], [
    function(a, [0]),
    function(b, [2]),
    function(c, [4]),
    function(d, [1]),
    function(e, [3]),
    function(f, [5]),
    relation(driver(_), [1,0,1,0,1,0]),
    relation(man(_), [1,0,1,0,1,0]),
    relation(s1(_), [0,0,0,0,1,0]),
    relation(s2(_), [0,1,0,0,0,0]),
    relation(s3(_), [0,0,0,1,0,0]),
    relation(s4(_), [0,0,1,0,0,0]),
    relation(s5(_), [0,0,0,0,0,1]),
    relation(s6(_), [1,0,0,0,0,0]),
    relation(woman(_), [0,1,0,1,0,1]),
    relation(neq(_,_), [0,1,1,1,1,1,1,0,1,1,1,1,1,1,0,1,1,1,1,1,1,0,1,1,1,1,1,1,0,1,1,1,1,1,1,0])]).
interpretation( 6, [number = 19,seconds = 0], [
    function(a, [0]),
    function(b, [2]),
    function(c, [4]),
    function(d, [1]),
    function(e, [3]),
    function(f, [5]),
    relation(driver(_), [1,0,1,0,1,0]),
    relation(man(_), [1,0,1,0,1,0]),
    relation(s1(_), [0,0,0,0,1,0]),
    relation(s2(_), [0,1,0,0,0,0]),
    relation(s3(_), [0,0,1,0,0,0]),
    relation(s4(_), [0,0,0,0,0,1]),
    relation(s5(_), [0,0,0,1,0,0]),
    relation(s6(_), [1,0,0,0,0,0]),
    relation(woman(_), [0,1,0,1,0,1]),
    relation(neq(_,_), [0,1,1,1,1,1,1,0,1,1,1,1,1,1,0,1,1,1,1,1,1,0,1,1,1,1,1,1,0,1,1,1,1,1,1,0])]).
interpretation( 6, [number = 20,seconds = 0], [
    function(a, [0]),
    function(b, [2]),
    function(c, [4]),
    function(d, [1]),
    function(e, [3]),
    function(f, [5]),
    relation(driver(_), [1,0,1,0,1,0]),
    relation(man(_), [1,0,1,0,1,0]),
    relation(s1(_), [0,0,0,0,1,0]),
    relation(s2(_), [0,1,0,0,0,0]),
    relation(s3(_), [0,0,1,0,0,0]),
    relation(s4(_), [0,0,0,1,0,0]),
    relation(s5(_), [0,0,0,0,0,1]),
    relation(s6(_), [1,0,0,0,0,0]),
    relation(woman(_), [0,1,0,1,0,1]),
    relation(neq(_,_), [0,1,1,1,1,1,1,0,1,1,1,1,1,1,0,1,1,1,1,1,1,0,1,1,1,1,1,1,0,1,1,1,1,1,1,0])]).
interpretation( 6, [number = 21,seconds = 0], [
    function(a, [0]),
    function(b, [2]),
    function(c, [4]),
    function(d, [1]),
    function(e, [3]),
    function(f, [5]),
    relation(driver(_), [1,0,1,0,1,0]),
    relation(man(_), [1,0,1,0,1,0]),
    relation(s1(_), [0,0,1,0,0,0]),
    relation(s2(_), [0,1,0,0,0,0]),
    relation(s3(_), [0,0,0,0,0,1]),
    relation(s4(_), [0,0,0,0,1,0]),
    relation(s5(_), [0,0,0,1,0,0]),
    relation(s6(_), [1,0,0,0,0,0]),
    relation(woman(_), [0,1,0,1,0,1]),
    relation(neq(_,_), [0,1,1,1,1,1,1,0,1,1,1,1,1,1,0,1,1,1,1,1,1,0,1,1,1,1,1,1,0,1,1,1,1,1,1,0])]).
interpretation( 6, [number = 22,seconds = 0], [
    function(a, [0]),
    function(b, [2]),
    function(c, [4]),
    function(d, [1]),
    function(e, [3]),
    function(f, [5]),
    relation(driver(_), [1,0,1,0,1,0]),
    relation(man(_), [1,0,1,0,1,0]),
    relation(s1(_), [0,0,1,0,0,0]),
    relation(s2(_), [0,1,0,0,0,0]),
    relation(s3(_), [0,0,0,0,1,0]),
    relation(s4(_), [0,0,0,0,0,1]),
    relation(s5(_), [0,0,0,1,0,0]),
    relation(s6(_), [1,0,0,0,0,0]),
    relation(woman(_), [0,1,0,1,0,1]),
    relation(neq(_,_), [0,1,1,1,1,1,1,0,1,1,1,1,1,1,0,1,1,1,1,1,1,0,1,1,1,1,1,1,0,1,1,1,1,1,1,0])]).
interpretation( 6, [number = 23,seconds = 0], [
    function(a, [0]),
    function(b, [2]),
    function(c, [4]),
    function(d, [1]),
    function(e, [3]),
    function(f, [5]),
    relation(driver(_), [1,0,1,0,1,0]),
    relation(man(_), [1,0,1,0,1,0]),
    relation(s1(_), [0,0,1,0,0,0]),
    relation(s2(_), [0,1,0,0,0,0]),
    relation(s3(_), [0,0,0,0,1,0]),
    relation(s4(_), [0,0,0,1,0,0]),
    relation(s5(_), [0,0,0,0,0,1]),
    relation(s6(_), [1,0,0,0,0,0]),
    relation(woman(_), [0,1,0,1,0,1]),
    relation(neq(_,_), [0,1,1,1,1,1,1,0,1,1,1,1,1,1,0,1,1,1,1,1,1,0,1,1,1,1,1,1,0,1,1,1,1,1,1,0])]).
interpretation( 6, [number = 24,seconds = 0], [
    function(a, [0]),
    function(b, [2]),
    function(c, [4]),
    function(d, [1]),
    function(e, [3]),
    function(f, [5]),
    relation(driver(_), [1,0,1,0,1,0]),
    relation(man(_), [1,0,1,0,1,0]),
    relation(s1(_), [0,0,1,0,0,0]),
    relation(s2(_), [0,1,0,0,0,0]),
    relation(s3(_), [0,0,0,1,0,0]),
    relation(s4(_), [0,0,0,0,1,0]),
    relation(s5(_), [0,0,0,0,0,1]),
    relation(s6(_), [1,0,0,0,0,0]),
    relation(woman(_), [0,1,0,1,0,1]),
    relation(neq(_,_), [0,1,1,1,1,1,1,0,1,1,1,1,1,1,0,1,1,1,1,1,1,0,1,1,1,1,1,1,0,1,1,1,1,1,1,0])]).
interpretation( 6, [number = 25,seconds = 0], [
    function(a, [0]),
    function(b, [2]),
    function(c, [4]),
    function(d, [1]),
    function(e, [3]),
    function(f, [5]),
    relation(driver(_), [1,0,1,0,1,0]),
    relation(man(_), [1,0,1,0,1,0]),
    relation(s1(_), [0,0,0,0,1,0]),
    relation(s2(_), [0,0,0,0,0,1]),
    relation(s3(_), [0,0,0,1,0,0]),
    relation(s4(_), [0,0,1,0,0,0]),
    relation(s5(_), [1,0,0,0,0,0]),
    relation(s6(_), [0,1,0,0,0,0]),
    relation(woman(_), [0,1,0,1,0,1]),
    relation(neq(_,_), [0,1,1,1,1,1,1,0,1,1,1,1,1,1,0,1,1,1,1,1,1,0,1,1,1,1,1,1,0,1,1,1,1,1,1,0])]).
interpretation( 6, [number = 26,seconds = 0], [
    function(a, [0]),
    function(b, [2]),
    function(c, [4]),
    function(d, [1]),
    function(e, [3]),
    function(f, [5]),
    relation(driver(_), [1,0,1,0,1,0]),
    relation(man(_), [1,0,1,0,1,0]),
    relation(s1(_), [0,0,0,0,1,0]),
    relation(s2(_), [0,0,0,1,0,0]),
    relation(s3(_), [0,0,0,0,0,1]),
    relation(s4(_), [0,0,1,0,0,0]),
    relation(s5(_), [1,0,0,0,0,0]),
    relation(s6(_), [0,1,0,0,0,0]),
    relation(woman(_), [0,1,0,1,0,1]),
    relation(neq(_,_), [0,1,1,1,1,1,1,0,1,1,1,1,1,1,0,1,1,1,1,1,1,0,1,1,1,1,1,1,0,1,1,1,1,1,1,0])]).
interpretation( 6, [number = 27,seconds = 0], [
    function(a, [0]),
    function(b, [2]),
    function(c, [4]),
    function(d, [1]),
    function(e, [3]),
    function(f, [5]),
    relation(driver(_), [1,0,1,0,1,0]),
    relation(man(_), [1,0,1,0,1,0]),
    relation(s1(_), [0,0,0,0,1,0]),
    relation(s2(_), [0,0,0,0,0,1]),
    relation(s3(_), [0,0,1,0,0,0]),
    relation(s4(_), [0,0,0,1,0,0]),
    relation(s5(_), [1,0,0,0,0,0]),
    relation(s6(_), [0,1,0,0,0,0]),
    relation(woman(_), [0,1,0,1,0,1]),
    relation(neq(_,_), [0,1,1,1,1,1,1,0,1,1,1,1,1,1,0,1,1,1,1,1,1,0,1,1,1,1,1,1,0,1,1,1,1,1,1,0])]).
interpretation( 6, [number = 28,seconds = 0], [
    function(a, [0]),
    function(b, [2]),
    function(c, [4]),
    function(d, [1]),
    function(e, [3]),
    function(f, [5]),
    relation(driver(_), [1,0,1,0,1,0]),
    relation(man(_), [1,0,1,0,1,0]),
    relation(s1(_), [0,0,0,0,1,0]),
    relation(s2(_), [0,0,0,1,0,0]),
    relation(s3(_), [0,0,1,0,0,0]),
    relation(s4(_), [0,0,0,0,0,1]),
    relation(s5(_), [1,0,0,0,0,0]),
    relation(s6(_), [0,1,0,0,0,0]),
    relation(woman(_), [0,1,0,1,0,1]),
    relation(neq(_,_), [0,1,1,1,1,1,1,0,1,1,1,1,1,1,0,1,1,1,1,1,1,0,1,1,1,1,1,1,0,1,1,1,1,1,1,0])]).
interpretation( 6, [number = 29,seconds = 0], [
    function(a, [0]),
    function(b, [2]),
    function(c, [4]),
    function(d, [1]),
    function(e, [3]),
    function(f, [5]),
    relation(driver(_), [1,0,1,0,1,0]),
    relation(man(_), [1,0,1,0,1,0]),
    relation(s1(_), [0,0,1,0,0,0]),
    relation(s2(_), [0,0,0,0,0,1]),
    relation(s3(_), [0,0,0,0,1,0]),
    relation(s4(_), [0,0,0,1,0,0]),
    relation(s5(_), [1,0,0,0,0,0]),
    relation(s6(_), [0,1,0,0,0,0]),
    relation(woman(_), [0,1,0,1,0,1]),
    relation(neq(_,_), [0,1,1,1,1,1,1,0,1,1,1,1,1,1,0,1,1,1,1,1,1,0,1,1,1,1,1,1,0,1,1,1,1,1,1,0])]).
interpretation( 6, [number = 30,seconds = 0], [
    function(a, [0]),
    function(b, [2]),
    function(c, [4]),
    function(d, [1]),
    function(e, [3]),
    function(f, [5]),
    relation(driver(_), [1,0,1,0,1,0]),
    relation(man(_), [1,0,1,0,1,0]),
    relation(s1(_), [0,0,1,0,0,0]),
    relation(s2(_), [0,0,0,0,0,1]),
    relation(s3(_), [0,0,0,1,0,0]),
    relation(s4(_), [0,0,0,0,1,0]),
    relation(s5(_), [1,0,0,0,0,0]),
    relation(s6(_), [0,1,0,0,0,0]),
    relation(woman(_), [0,1,0,1,0,1]),
    relation(neq(_,_), [0,1,1,1,1,1,1,0,1,1,1,1,1,1,0,1,1,1,1,1,1,0,1,1,1,1,1,1,0,1,1,1,1,1,1,0])]).
interpretation( 6, [number = 31,seconds = 0], [
    function(a, [0]),
    function(b, [2]),
    function(c, [4]),
    function(d, [1]),
    function(e, [3]),
    function(f, [5]),
    relation(driver(_), [1,0,1,0,1,0]),
    relation(man(_), [1,0,1,0,1,0]),
    relation(s1(_), [0,0,1,0,0,0]),
    relation(s2(_), [0,0,0,1,0,0]),
    relation(s3(_), [0,0,0,0,0,1]),
    relation(s4(_), [0,0,0,0,1,0]),
    relation(s5(_), [1,0,0,0,0,0]),
    relation(s6(_), [0,1,0,0,0,0]),
    relation(woman(_), [0,1,0,1,0,1]),
    relation(neq(_,_), [0,1,1,1,1,1,1,0,1,1,1,1,1,1,0,1,1,1,1,1,1,0,1,1,1,1,1,1,0,1,1,1,1,1,1,0])]).
interpretation( 6, [number = 32,seconds = 0], [
    function(a, [0]),
    function(b, [2]),
    function(c, [4]),
    function(d, [1]),
    function(e, [3]),
    function(f, [5]),
    relation(driver(_), [1,0,1,0,1,0]),
    relation(man(_), [1,0,1,0,1,0]),
    relation(s1(_), [0,0,1,0,0,0]),
    relation(s2(_), [0,0,0,1,0,0]),
    relation(s3(_), [0,0,0,0,1,0]),
    relation(s4(_), [0,0,0,0,0,1]),
    relation(s5(_), [1,0,0,0,0,0]),
    relation(s6(_), [0,1,0,0,0,0]),
    relation(woman(_), [0,1,0,1,0,1]),
    relation(neq(_,_), [0,1,1,1,1,1,1,0,1,1,1,1,1,1,0,1,1,1,1,1,1,0,1,1,1,1,1,1,0,1,1,1,1,1,1,0])]).
interpretation( 6, [number = 33,seconds = 0], [
    function(a, [0]),
    function(b, [2]),
    function(c, [4]),
    function(d, [1]),
    function(e, [3]),
    function(f, [5]),
    relation(driver(_), [1,0,1,0,1,0]),
    relation(man(_), [1,0,1,0,1,0]),
    relation(s1(_), [0,0,0,0,1,0]),
    relation(s2(_), [0,0,0,0,0,1]),
    relation(s3(_), [0,0,1,0,0,0]),
    relation(s4(_), [0,1,0,0,0,0]),
    relation(s5(_), [1,0,0,0,0,0]),
    relation(s6(_), [0,0,0,1,0,0]),
    relation(woman(_), [0,1,0,1,0,1]),
    relation(neq(_,_), [0,1,1,1,1,1,1,0,1,1,1,1,1,1,0,1,1,1,1,1,1,0,1,1,1,1,1,1,0,1,1,1,1,1,1,0])]).
interpretation( 6, [number = 34,seconds = 0], [
    function(a, [0]),
    function(b, [2]),
    function(c, [4]),
    function(d, [1]),
    function(e, [3]),
    function(f, [5]),
    relation(driver(_), [1,0,1,0,1,0]),
    relation(man(_), [1,0,1,0,1,0]),
    relation(s1(_), [0,0,0,0,1,0]),
    relation(s2(_), [0,0,0,1,0,0]),
    relation(s3(_), [0,0,1,0,0,0]),
    relation(s4(_), [0,1,0,0,0,0]),
    relation(s5(_), [1,0,0,0,0,0]),
    relation(s6(_), [0,0,0,0,0,1]),
    relation(woman(_), [0,1,0,1,0,1]),
    relation(neq(_,_), [0,1,1,1,1,1,1,0,1,1,1,1,1,1,0,1,1,1,1,1,1,0,1,1,1,1,1,1,0,1,1,1,1,1,1,0])]).
interpretation( 6, [number = 35,seconds = 0], [
    function(a, [0]),
    function(b, [2]),
    function(c, [4]),
    function(d, [1]),
    function(e, [3]),
    function(f, [5]),
    relation(driver(_), [1,0,1,0,1,0]),
    relation(man(_), [1,0,1,0,1,0]),
    relation(s1(_), [0,0,1,0,0,0]),
    relation(s2(_), [0,0,0,0,0,1]),
    relation(s3(_), [0,0,0,0,1,0]),
    relation(s4(_), [0,1,0,0,0,0]),
    relation(s5(_), [1,0,0,0,0,0]),
    relation(s6(_), [0,0,0,1,0,0]),
    relation(woman(_), [0,1,0,1,0,1]),
    relation(neq(_,_), [0,1,1,1,1,1,1,0,1,1,1,1,1,1,0,1,1,1,1,1,1,0,1,1,1,1,1,1,0,1,1,1,1,1,1,0])]).
interpretation( 6, [number = 36,seconds = 0], [
    function(a, [0]),
    function(b, [2]),
    function(c, [4]),
    function(d, [1]),
    function(e, [3]),
    function(f, [5]),
    relation(driver(_), [1,0,1,0,1,0]),
    relation(man(_), [1,0,1,0,1,0]),
    relation(s1(_), [0,0,1,0,0,0]),
    relation(s2(_), [0,0,0,1,0,0]),
    relation(s3(_), [0,0,0,0,1,0]),
    relation(s4(_), [0,1,0,0,0,0]),
    relation(s5(_), [1,0,0,0,0,0]),
    relation(s6(_), [0,0,0,0,0,1]),
    relation(woman(_), [0,1,0,1,0,1]),
    relation(neq(_,_), [0,1,1,1,1,1,1,0,1,1,1,1,1,1,0,1,1,1,1,1,1,0,1,1,1,1,1,1,0,1,1,1,1,1,1,0])]).
interpretation( 6, [number = 37,seconds = 0], [
    function(a, [0]),
    function(b, [2]),
    function(c, [4]),
    function(d, [1]),
    function(e, [3]),
    function(f, [5]),
    relation(driver(_), [1,0,1,0,1,0]),
    relation(man(_), [1,0,1,0,1,0]),
    relation(s1(_), [0,0,0,0,1,0]),
    relation(s2(_), [0,0,0,0,0,1]),
    relation(s3(_), [0,1,0,0,0,0]),
    relation(s4(_), [0,0,1,0,0,0]),
    relation(s5(_), [1,0,0,0,0,0]),
    relation(s6(_), [0,0,0,1,0,0]),
    relation(woman(_), [0,1,0,1,0,1]),
    relation(neq(_,_), [0,1,1,1,1,1,1,0,1,1,1,1,1,1,0,1,1,1,1,1,1,0,1,1,1,1,1,1,0,1,1,1,1,1,1,0])]).
interpretation( 6, [number = 38,seconds = 0], [
    function(a, [0]),
    function(b, [2]),
    function(c, [4]),
    function(d, [1]),
    function(e, [3]),
    function(f, [5]),
    relation(driver(_), [1,0,1,0,1,0]),
    relation(man(_), [1,0,1,0,1,0]),
    relation(s1(_), [0,0,0,0,1,0]),
    relation(s2(_), [0,0,0,1,0,0]),
    relation(s3(_), [0,1,0,0,0,0]),
    relation(s4(_), [0,0,1,0,0,0]),
    relation(s5(_), [1,0,0,0,0,0]),
    relation(s6(_), [0,0,0,0,0,1]),
    relation(woman(_), [0,1,0,1,0,1]),
    relation(neq(_,_), [0,1,1,1,1,1,1,0,1,1,1,1,1,1,0,1,1,1,1,1,1,0,1,1,1,1,1,1,0,1,1,1,1,1,1,0])]).
interpretation( 6, [number = 39,seconds = 0], [
    function(a, [0]),
    function(b, [2]),
    function(c, [4]),
    function(d, [1]),
    function(e, [3]),
    function(f, [5]),
    relation(driver(_), [1,0,1,0,1,0]),
    relation(man(_), [1,0,1,0,1,0]),
    relation(s1(_), [0,0,1,0,0,0]),
    relation(s2(_), [0,0,0,0,0,1]),
    relation(s3(_), [0,1,0,0,0,0]),
    relation(s4(_), [0,0,0,0,1,0]),
    relation(s5(_), [1,0,0,0,0,0]),
    relation(s6(_), [0,0,0,1,0,0]),
    relation(woman(_), [0,1,0,1,0,1]),
    relation(neq(_,_), [0,1,1,1,1,1,1,0,1,1,1,1,1,1,0,1,1,1,1,1,1,0,1,1,1,1,1,1,0,1,1,1,1,1,1,0])]).
interpretation( 6, [number = 40,seconds = 0], [
    function(a, [0]),
    function(b, [2]),
    function(c, [4]),
    function(d, [1]),
    function(e, [3]),
    function(f, [5]),
    relation(driver(_), [1,0,1,0,1,0]),
    relation(man(_), [1,0,1,0,1,0]),
    relation(s1(_), [0,0,1,0,0,0]),
    relation(s2(_), [0,0,0,1,0,0]),
    relation(s3(_), [0,1,0,0,0,0]),
    relation(s4(_), [0,0,0,0,1,0]),
    relation(s5(_), [1,0,0,0,0,0]),
    relation(s6(_), [0,0,0,0,0,1]),
    relation(woman(_), [0,1,0,1,0,1]),
    relation(neq(_,_), [0,1,1,1,1,1,1,0,1,1,1,1,1,1,0,1,1,1,1,1,1,0,1,1,1,1,1,1,0,1,1,1,1,1,1,0])]).
interpretation( 6, [number = 41,seconds = 0], [
    function(a, [0]),
    function(b, [2]),
    function(c, [4]),
    function(d, [1]),
    function(e, [3]),
    function(f, [5]),
    relation(driver(_), [1,0,1,0,1,0]),
    relation(man(_), [1,0,1,0,1,0]),
    relation(s1(_), [0,0,0,0,1,0]),
    relation(s2(_), [0,1,0,0,0,0]),
    relation(s3(_), [0,0,0,0,0,1]),
    relation(s4(_), [0,0,1,0,0,0]),
    relation(s5(_), [1,0,0,0,0,0]),
    relation(s6(_), [0,0,0,1,0,0]),
    relation(woman(_), [0,1,0,1,0,1]),
    relation(neq(_,_), [0,1,1,1,1,1,1,0,1,1,1,1,1,1,0,1,1,1,1,1,1,0,1,1,1,1,1,1,0,1,1,1,1,1,1,0])]).
interpretation( 6, [number = 42,seconds = 0], [
    function(a, [0]),
    function(b, [2]),
    function(c, [4]),
    function(d, [1]),
    function(e, [3]),
    function(f, [5]),
    relation(driver(_), [1,0,1,0,1,0]),
    relation(man(_), [1,0,1,0,1,0]),
    relation(s1(_), [0,0,0,0,1,0]),
    relation(s2(_), [0,1,0,0,0,0]),
    relation(s3(_), [0,0,0,1,0,0]),
    relation(s4(_), [0,0,1,0,0,0]),
    relation(s5(_), [1,0,0,0,0,0]),
    relation(s6(_), [0,0,0,0,0,1]),
    relation(woman(_), [0,1,0,1,0,1]),
    relation(neq(_,_), [0,1,1,1,1,1,1,0,1,1,1,1,1,1,0,1,1,1,1,1,1,0,1,1,1,1,1,1,0,1,1,1,1,1,1,0])]).
interpretation( 6, [number = 43,seconds = 0], [
    function(a, [0]),
    function(b, [2]),
    function(c, [4]),
    function(d, [1]),
    function(e, [3]),
    function(f, [5]),
    relation(driver(_), [1,0,1,0,1,0]),
    relation(man(_), [1,0,1,0,1,0]),
    relation(s1(_), [0,0,0,0,1,0]),
    relation(s2(_), [0,1,0,0,0,0]),
    relation(s3(_), [0,0,1,0,0,0]),
    relation(s4(_), [0,0,0,0,0,1]),
    relation(s5(_), [1,0,0,0,0,0]),
    relation(s6(_), [0,0,0,1,0,0]),
    relation(woman(_), [0,1,0,1,0,1]),
    relation(neq(_,_), [0,1,1,1,1,1,1,0,1,1,1,1,1,1,0,1,1,1,1,1,1,0,1,1,1,1,1,1,0,1,1,1,1,1,1,0])]).
interpretation( 6, [number = 44,seconds = 0], [
    function(a, [0]),
    function(b, [2]),
    function(c, [4]),
    function(d, [1]),
    function(e, [3]),
    function(f, [5]),
    relation(driver(_), [1,0,1,0,1,0]),
    relation(man(_), [1,0,1,0,1,0]),
    relation(s1(_), [0,0,0,0,1,0]),
    relation(s2(_), [0,1,0,0,0,0]),
    relation(s3(_), [0,0,1,0,0,0]),
    relation(s4(_), [0,0,0,1,0,0]),
    relation(s5(_), [1,0,0,0,0,0]),
    relation(s6(_), [0,0,0,0,0,1]),
    relation(woman(_), [0,1,0,1,0,1]),
    relation(neq(_,_), [0,1,1,1,1,1,1,0,1,1,1,1,1,1,0,1,1,1,1,1,1,0,1,1,1,1,1,1,0,1,1,1,1,1,1,0])]).
interpretation( 6, [number = 45,seconds = 0], [
    function(a, [0]),
    function(b, [2]),
    function(c, [4]),
    function(d, [1]),
    function(e, [3]),
    function(f, [5]),
    relation(driver(_), [1,0,1,0,1,0]),
    relation(man(_), [1,0,1,0,1,0]),
    relation(s1(_), [0,0,1,0,0,0]),
    relation(s2(_), [0,1,0,0,0,0]),
    relation(s3(_), [0,0,0,0,0,1]),
    relation(s4(_), [0,0,0,0,1,0]),
    relation(s5(_), [1,0,0,0,0,0]),
    relation(s6(_), [0,0,0,1,0,0]),
    relation(woman(_), [0,1,0,1,0,1]),
    relation(neq(_,_), [0,1,1,1,1,1,1,0,1,1,1,1,1,1,0,1,1,1,1,1,1,0,1,1,1,1,1,1,0,1,1,1,1,1,1,0])]).
interpretation( 6, [number = 46,seconds = 0], [
    function(a, [0]),
    function(b, [2]),
    function(c, [4]),
    function(d, [1]),
    function(e, [3]),
    function(f, [5]),
    relation(driver(_), [1,0,1,0,1,0]),
    relation(man(_), [1,0,1,0,1,0]),
    relation(s1(_), [0,0,1,0,0,0]),
    relation(s2(_), [0,1,0,0,0,0]),
    relation(s3(_), [0,0,0,0,1,0]),
    relation(s4(_), [0,0,0,0,0,1]),
    relation(s5(_), [1,0,0,0,0,0]),
    relation(s6(_), [0,0,0,1,0,0]),
    relation(woman(_), [0,1,0,1,0,1]),
    relation(neq(_,_), [0,1,1,1,1,1,1,0,1,1,1,1,1,1,0,1,1,1,1,1,1,0,1,1,1,1,1,1,0,1,1,1,1,1,1,0])]).
interpretation( 6, [number = 47,seconds = 0], [
    function(a, [0]),
    function(b, [2]),
    function(c, [4]),
    function(d, [1]),
    function(e, [3]),
    function(f, [5]),
    relation(driver(_), [1,0,1,0,1,0]),
    relation(man(_), [1,0,1,0,1,0]),
    relation(s1(_), [0,0,1,0,0,0]),
    relation(s2(_), [0,1,0,0,0,0]),
    relation(s3(_), [0,0,0,0,1,0]),
    relation(s4(_), [0,0,0,1,0,0]),
    relation(s5(_), [1,0,0,0,0,0]),
    relation(s6(_), [0,0,0,0,0,1]),
    relation(woman(_), [0,1,0,1,0,1]),
    relation(neq(_,_), [0,1,1,1,1,1,1,0,1,1,1,1,1,1,0,1,1,1,1,1,1,0,1,1,1,1,1,1,0,1,1,1,1,1,1,0])]).
interpretation( 6, [number = 48,seconds = 0], [
    function(a, [0]),
    function(b, [2]),
    function(c, [4]),
    function(d, [1]),
    function(e, [3]),
    function(f, [5]),
    relation(driver(_), [1,0,1,0,1,0]),
    relation(man(_), [1,0,1,0,1,0]),
    relation(s1(_), [0,0,1,0,0,0]),
    relation(s2(_), [0,1,0,0,0,0]),
    relation(s3(_), [0,0,0,1,0,0]),
    relation(s4(_), [0,0,0,0,1,0]),
    relation(s5(_), [1,0,0,0,0,0]),
    relation(s6(_), [0,0,0,0,0,1]),
    relation(woman(_), [0,1,0,1,0,1]),
    relation(neq(_,_), [0,1,1,1,1,1,1,0,1,1,1,1,1,1,0,1,1,1,1,1,1,0,1,1,1,1,1,1,0,1,1,1,1,1,1,0])]).
interpretation( 6, [number = 49,seconds = 0], [
    function(a, [0]),
    function(b, [2]),
    function(c, [4]),
    function(d, [1]),
    function(e, [3]),
    function(f, [5]),
    relation(driver(_), [1,0,1,0,1,0]),
    relation(man(_), [1,0,1,0,1,0]),
    relation(s1(_), [0,0,0,0,1,0]),
    relation(s2(_), [0,0,0,0,0,1]),
    relation(s3(_), [0,0,0,1,0,0]),
    relation(s4(_), [1,0,0,0,0,0]),
    relation(s5(_), [0,0,1,0,0,0]),
    relation(s6(_), [0,1,0,0,0,0]),
    relation(woman(_), [0,1,0,1,0,1]),
    relation(neq(_,_), [0,1,1,1,1,1,1,0,1,1,1,1,1,1,0,1,1,1,1,1,1,0,1,1,1,1,1,1,0,1,1,1,1,1,1,0])]).
interpretation( 6, [number = 50,seconds = 0], [
    function(a, [0]),
    function(b, [2]),
    function(c, [4]),
    function(d, [1]),
    function(e, [3]),
    function(f, [5]),
    relation(driver(_), [1,0,1,0,1,0]),
    relation(man(_), [1,0,1,0,1,0]),
    relation(s1(_), [0,0,0,0,1,0]),
    relation(s2(_), [0,0,0,1,0,0]),
    relation(s3(_), [0,0,0,0,0,1]),
    relation(s4(_), [1,0,0,0,0,0]),
    relation(s5(_), [0,0,1,0,0,0]),
    relation(s6(_), [0,1,0,0,0,0]),
    relation(woman(_), [0,1,0,1,0,1]),
    relation(neq(_,_), [0,1,1,1,1,1,1,0,1,1,1,1,1,1,0,1,1,1,1,1,1,0,1,1,1,1,1,1,0,1,1,1,1,1,1,0])]).
interpretation( 6, [number = 51,seconds = 0], [
    function(a, [0]),
    function(b, [2]),
    function(c, [4]),
    function(d, [1]),
    function(e, [3]),
    function(f, [5]),
    relation(driver(_), [1,0,1,0,1,0]),
    relation(man(_), [1,0,1,0,1,0]),
    relation(s1(_), [0,0,1,0,0,0]),
    relation(s2(_), [0,0,0,0,0,1]),
    relation(s3(_), [0,0,0,1,0,0]),
    relation(s4(_), [1,0,0,0,0,0]),
    relation(s5(_), [0,0,0,0,1,0]),
    relation(s6(_), [0,1,0,0,0,0]),
    relation(woman(_), [0,1,0,1,0,1]),
    relation(neq(_,_), [0,1,1,1,1,1,1,0,1,1,1,1,1,1,0,1,1,1,1,1,1,0,1,1,1,1,1,1,0,1,1,1,1,1,1,0])]).
interpretation( 6, [number = 52,seconds = 0], [
    function(a, [0]),
    function(b, [2]),
    function(c, [4]),
    function(d, [1]),
    function(e, [3]),
    function(f, [5]),
    relation(driver(_), [1,0,1,0,1,0]),
    relation(man(_), [1,0,1,0,1,0]),
    relation(s1(_), [0,0,1,0,0,0]),
    relation(s2(_), [0,0,0,1,0,0]),
    relation(s3(_), [0,0,0,0,0,1]),
    relation(s4(_), [1,0,0,0,0,0]),
    relation(s5(_), [0,0,0,0,1,0]),
    relation(s6(_), [0,1,0,0,0,0]),
    relation(woman(_), [0,1,0,1,0,1]),
    relation(neq(_,_), [0,1,1,1,1,1,1,0,1,1,1,1,1,1,0,1,1,1,1,1,1,0,1,1,1,1,1,1,0,1,1,1,1,1,1,0])]).
interpretation( 6, [number = 53,seconds = 0], [
    function(a, [0]),
    function(b, [2]),
    function(c, [4]),
    function(d, [1]),
    function(e, [3]),
    function(f, [5]),
    relation(driver(_), [1,0,1,0,1,0]),
    relation(man(_), [1,0,1,0,1,0]),
    relation(s1(_), [0,0,0,0,1,0]),
    relation(s2(_), [0,0,0,0,0,1]),
    relation(s3(_), [0,0,0,1,0,0]),
    relation(s4(_), [1,0,0,0,0,0]),
    relation(s5(_), [0,1,0,0,0,0]),
    relation(s6(_), [0,0,1,0,0,0]),
    relation(woman(_), [0,1,0,1,0,1]),
    relation(neq(_,_), [0,1,1,1,1,1,1,0,1,1,1,1,1,1,0,1,1,1,1,1,1,0,1,1,1,1,1,1,0,1,1,1,1,1,1,0])]).
interpretation( 6, [number = 54,seconds = 0], [
    function(a, [0]),
    function(b, [2]),
    function(c, [4]),
    function(d, [1]),
    function(e, [3]),
    function(f, [5]),
    relation(driver(_), [1,0,1,0,1,0]),
    relation(man(_), [1,0,1,0,1,0]),
    relation(s1(_), [0,0,0,0,1,0]),
    relation(s2(_), [0,0,0,1,0,0]),
    relation(s3(_), [0,0,0,0,0,1]),
    relation(s4(_), [1,0,0,0,0,0]),
    relation(s5(_), [0,1,0,0,0,0]),
    relation(s6(_), [0,0,1,0,0,0]),
    relation(woman(_), [0,1,0,1,0,1]),
    relation(neq(_,_), [0,1,1,1,1,1,1,0,1,1,1,1,1,1,0,1,1,1,1,1,1,0,1,1,1,1,1,1,0,1,1,1,1,1,1,0])]).
interpretation( 6, [number = 55,seconds = 0], [
    function(a, [0]),
    function(b, [2]),
    function(c, [4]),
    function(d, [1]),
    function(e, [3]),
    function(f, [5]),
    relation(driver(_), [1,0,1,0,1,0]),
    relation(man(_), [1,0,1,0,1,0]),
    relation(s1(_), [0,0,1,0,0,0]),
    relation(s2(_), [0,0,0,0,0,1]),
    relation(s3(_), [0,0,0,1,0,0]),
    relation(s4(_), [1,0,0,0,0,0]),
    relation(s5(_), [0,1,0,0,0,0]),
    relation(s6(_), [0,0,0,0,1,0]),
    relation(woman(_), [0,1,0,1,0,1]),
    relation(neq(_,_), [0,1,1,1,1,1,1,0,1,1,1,1,1,1,0,1,1,1,1,1,1,0,1,1,1,1,1,1,0,1,1,1,1,1,1,0])]).
interpretation( 6, [number = 56,seconds = 0], [
    function(a, [0]),
    function(b, [2]),
    function(c, [4]),
    function(d, [1]),
    function(e, [3]),
    function(f, [5]),
    relation(driver(_), [1,0,1,0,1,0]),
    relation(man(_), [1,0,1,0,1,0]),
    relation(s1(_), [0,0,1,0,0,0]),
    relation(s2(_), [0,0,0,1,0,0]),
    relation(s3(_), [0,0,0,0,0,1]),
    relation(s4(_), [1,0,0,0,0,0]),
    relation(s5(_), [0,1,0,0,0,0]),
    relation(s6(_), [0,0,0,0,1,0]),
    relation(woman(_), [0,1,0,1,0,1]),
    relation(neq(_,_), [0,1,1,1,1,1,1,0,1,1,1,1,1,1,0,1,1,1,1,1,1,0,1,1,1,1,1,1,0,1,1,1,1,1,1,0])]).
interpretation( 6, [number = 57,seconds = 0], [
    function(a, [0]),
    function(b, [2]),
    function(c, [4]),
    function(d, [1]),
    function(e, [3]),
    function(f, [5]),
    relation(driver(_), [1,0,1,0,1,0]),
    relation(man(_), [1,0,1,0,1,0]),
    relation(s1(_), [0,0,0,0,1,0]),
    relation(s2(_), [0,0,0,0,0,1]),
    relation(s3(_), [0,1,0,0,0,0]),
    relation(s4(_), [1,0,0,0,0,0]),
    relation(s5(_), [0,0,0,1,0,0]),
    relation(s6(_), [0,0,1,0,0,0]),
    relation(woman(_), [0,1,0,1,0,1]),
    relation(neq(_,_), [0,1,1,1,1,1,1,0,1,1,1,1,1,1,0,1,1,1,1,1,1,0,1,1,1,1,1,1,0,1,1,1,1,1,1,0])]).
interpretation( 6, [number = 58,seconds = 0], [
    function(a, [0]),
    function(b, [2]),
    function(c, [4]),
    function(d, [1]),
    function(e, [3]),
    function(f, [5]),
    relation(driver(_), [1,0,1,0,1,0]),
    relation(man(_), [1,0,1,0,1,0]),
    relation(s1(_), [0,0,0,0,1,0]),
    relation(s2(_), [0,0,0,1,0,0]),
    relation(s3(_), [0,1,0,0,0,0]),
    relation(s4(_), [1,0,0,0,0,0]),
    relation(s5(_), [0,0,0,0,0,1]),
    relation(s6(_), [0,0,1,0,0,0]),
    relation(woman(_), [0,1,0,1,0,1]),
    relation(neq(_,_), [0,1,1,1,1,1,1,0,1,1,1,1,1,1,0,1,1,1,1,1,1,0,1,1,1,1,1,1,0,1,1,1,1,1,1,0])]).
interpretation( 6, [number = 59,seconds = 0], [
    function(a, [0]),
    function(b, [2]),
    function(c, [4]),
    function(d, [1]),
    function(e, [3]),
    function(f, [5]),
    relation(driver(_), [1,0,1,0,1,0]),
    relation(man(_), [1,0,1,0,1,0]),
    relation(s1(_), [0,0,0,0,1,0]),
    relation(s2(_), [0,0,0,0,0,1]),
    relation(s3(_), [0,1,0,0,0,0]),
    relation(s4(_), [1,0,0,0,0,0]),
    relation(s5(_), [0,0,1,0,0,0]),
    relation(s6(_), [0,0,0,1,0,0]),
    relation(woman(_), [0,1,0,1,0,1]),
    relation(neq(_,_), [0,1,1,1,1,1,1,0,1,1,1,1,1,1,0,1,1,1,1,1,1,0,1,1,1,1,1,1,0,1,1,1,1,1,1,0])]).
interpretation( 6, [number = 60,seconds = 0], [
    function(a, [0]),
    function(b, [2]),
    function(c, [4]),
    function(d, [1]),
    function(e, [3]),
    function(f, [5]),
    relation(driver(_), [1,0,1,0,1,0]),
    relation(man(_), [1,0,1,0,1,0]),
    relation(s1(_), [0,0,0,0,1,0]),
    relation(s2(_), [0,0,0,1,0,0]),
    relation(s3(_), [0,1,0,0,0,0]),
    relation(s4(_), [1,0,0,0,0,0]),
    relation(s5(_), [0,0,1,0,0,0]),
    relation(s6(_), [0,0,0,0,0,1]),
    relation(woman(_), [0,1,0,1,0,1]),
    relation(neq(_,_), [0,1,1,1,1,1,1,0,1,1,1,1,1,1,0,1,1,1,1,1,1,0,1,1,1,1,1,1,0,1,1,1,1,1,1,0])]).
interpretation( 6, [number = 61,seconds = 0], [
    function(a, [0]),
    function(b, [2]),
    function(c, [4]),
    function(d, [1]),
    function(e, [3]),
    function(f, [5]),
    relation(driver(_), [1,0,1,0,1,0]),
    relation(man(_), [1,0,1,0,1,0]),
    relation(s1(_), [0,0,1,0,0,0]),
    relation(s2(_), [0,0,0,0,0,1]),
    relation(s3(_), [0,1,0,0,0,0]),
    relation(s4(_), [1,0,0,0,0,0]),
    relation(s5(_), [0,0,0,0,1,0]),
    relation(s6(_), [0,0,0,1,0,0]),
    relation(woman(_), [0,1,0,1,0,1]),
    relation(neq(_,_), [0,1,1,1,1,1,1,0,1,1,1,1,1,1,0,1,1,1,1,1,1,0,1,1,1,1,1,1,0,1,1,1,1,1,1,0])]).
interpretation( 6, [number = 62,seconds = 0], [
    function(a, [0]),
    function(b, [2]),
    function(c, [4]),
    function(d, [1]),
    function(e, [3]),
    function(f, [5]),
    relation(driver(_), [1,0,1,0,1,0]),
    relation(man(_), [1,0,1,0,1,0]),
    relation(s1(_), [0,0,1,0,0,0]),
    relation(s2(_), [0,0,0,0,0,1]),
    relation(s3(_), [0,1,0,0,0,0]),
    relation(s4(_), [1,0,0,0,0,0]),
    relation(s5(_), [0,0,0,1,0,0]),
    relation(s6(_), [0,0,0,0,1,0]),
    relation(woman(_), [0,1,0,1,0,1]),
    relation(neq(_,_), [0,1,1,1,1,1,1,0,1,1,1,1,1,1,0,1,1,1,1,1,1,0,1,1,1,1,1,1,0,1,1,1,1,1,1,0])]).
interpretation( 6, [number = 63,seconds = 0], [
    function(a, [0]),
    function(b, [2]),
    function(c, [4]),
    function(d, [1]),
    function(e, [3]),
    function(f, [5]),
    relation(driver(_), [1,0,1,0,1,0]),
    relation(man(_), [1,0,1,0,1,0]),
    relation(s1(_), [0,0,1,0,0,0]),
    relation(s2(_), [0,0,0,1,0,0]),
    relation(s3(_), [0,1,0,0,0,0]),
    relation(s4(_), [1,0,0,0,0,0]),
    relation(s5(_), [0,0,0,0,0,1]),
    relation(s6(_), [0,0,0,0,1,0]),
    relation(woman(_), [0,1,0,1,0,1]),
    relation(neq(_,_), [0,1,1,1,1,1,1,0,1,1,1,1,1,1,0,1,1,1,1,1,1,0,1,1,1,1,1,1,0,1,1,1,1,1,1,0])]).
interpretation( 6, [number = 64,seconds = 0], [
    function(a, [0]),
    function(b, [2]),
    function(c, [4]),
    function(d, [1]),
    function(e, [3]),
    function(f, [5]),
    relation(driver(_), [1,0,1,0,1,0]),
    relation(man(_), [1,0,1,0,1,0]),
    relation(s1(_), [0,0,1,0,0,0]),
    relation(s2(_), [0,0,0,1,0,0]),
    relation(s3(_), [0,1,0,0,0,0]),
    relation(s4(_), [1,0,0,0,0,0]),
    relation(s5(_), [0,0,0,0,1,0]),
    relation(s6(_), [0,0,0,0,0,1]),
    relation(woman(_), [0,1,0,1,0,1]),
    relation(neq(_,_), [0,1,1,1,1,1,1,0,1,1,1,1,1,1,0,1,1,1,1,1,1,0,1,1,1,1,1,1,0,1,1,1,1,1,1,0])]).
interpretation( 6, [number = 65,seconds = 0], [
    function(a, [0]),
    function(b, [2]),
    function(c, [4]),
    function(d, [1]),
    function(e, [3]),
    function(f, [5]),
    relation(driver(_), [1,0,1,0,1,0]),
    relation(man(_), [1,0,1,0,1,0]),
    relation(s1(_), [0,0,0,0,1,0]),
    relation(s2(_), [0,1,0,0,0,0]),
    relation(s3(_), [0,0,0,0,0,1]),
    relation(s4(_), [1,0,0,0,0,0]),
    relation(s5(_), [0,0,0,1,0,0]),
    relation(s6(_), [0,0,1,0,0,0]),
    relation(woman(_), [0,1,0,1,0,1]),
    relation(neq(_,_), [0,1,1,1,1,1,1,0,1,1,1,1,1,1,0,1,1,1,1,1,1,0,1,1,1,1,1,1,0,1,1,1,1,1,1,0])]).
interpretation( 6, [number = 66,seconds = 0], [
    function(a, [0]),
    function(b, [2]),
    function(c, [4]),
    function(d, [1]),
    function(e, [3]),
    function(f, [5]),
    relation(driver(_), [1,0,1,0,1,0]),
    relation(man(_), [1,0,1,0,1,0]),
    relation(s1(_), [0,0,0,0,1,0]),
    relation(s2(_), [0,1,0,0,0,0]),
    relation(s3(_), [0,0,0,1,0,0]),
    relation(s4(_), [1,0,0,0,0,0]),
    relation(s5(_), [0,0,0,0,0,1]),
    relation(s6(_), [0,0,1,0,0,0]),
    relation(woman(_), [0,1,0,1,0,1]),
    relation(neq(_,_), [0,1,1,1,1,1,1,0,1,1,1,1,1,1,0,1,1,1,1,1,1,0,1,1,1,1,1,1,0,1,1,1,1,1,1,0])]).
interpretation( 6, [number = 67,seconds = 0], [
    function(a, [0]),
    function(b, [2]),
    function(c, [4]),
    function(d, [1]),
    function(e, [3]),
    function(f, [5]),
    relation(driver(_), [1,0,1,0,1,0]),
    relation(man(_), [1,0,1,0,1,0]),
    relation(s1(_), [0,0,0,0,1,0]),
    relation(s2(_), [0,1,0,0,0,0]),
    relation(s3(_), [0,0,0,0,0,1]),
    relation(s4(_), [1,0,0,0,0,0]),
    relation(s5(_), [0,0,1,0,0,0]),
    relation(s6(_), [0,0,0,1,0,0]),
    relation(woman(_), [0,1,0,1,0,1]),
    relation(neq(_,_), [0,1,1,1,1,1,1,0,1,1,1,1,1,1,0,1,1,1,1,1,1,0,1,1,1,1,1,1,0,1,1,1,1,1,1,0])]).
interpretation( 6, [number = 68,seconds = 0], [
    function(a, [0]),
    function(b, [2]),
    function(c, [4]),
    function(d, [1]),
    function(e, [3]),
    function(f, [5]),
    relation(driver(_), [1,0,1,0,1,0]),
    relation(man(_), [1,0,1,0,1,0]),
    relation(s1(_), [0,0,0,0,1,0]),
    relation(s2(_), [0,1,0,0,0,0]),
    relation(s3(_), [0,0,0,1,0,0]),
    relation(s4(_), [1,0,0,0,0,0]),
    relation(s5(_), [0,0,1,0,0,0]),
    relation(s6(_), [0,0,0,0,0,1]),
    relation(woman(_), [0,1,0,1,0,1]),
    relation(neq(_,_), [0,1,1,1,1,1,1,0,1,1,1,1,1,1,0,1,1,1,1,1,1,0,1,1,1,1,1,1,0,1,1,1,1,1,1,0])]).
interpretation( 6, [number = 69,seconds = 0], [
    function(a, [0]),
    function(b, [2]),
    function(c, [4]),
    function(d, [1]),
    function(e, [3]),
    function(f, [5]),
    relation(driver(_), [1,0,1,0,1,0]),
    relation(man(_), [1,0,1,0,1,0]),
    relation(s1(_), [0,0,1,0,0,0]),
    relation(s2(_), [0,1,0,0,0,0]),
    relation(s3(_), [0,0,0,0,0,1]),
    relation(s4(_), [1,0,0,0,0,0]),
    relation(s5(_), [0,0,0,0,1,0]),
    relation(s6(_), [0,0,0,1,0,0]),
    relation(woman(_), [0,1,0,1,0,1]),
    relation(neq(_,_), [0,1,1,1,1,1,1,0,1,1,1,1,1,1,0,1,1,1,1,1,1,0,1,1,1,1,1,1,0,1,1,1,1,1,1,0])]).
interpretation( 6, [number = 70,seconds = 0], [
    function(a, [0]),
    function(b, [2]),
    function(c, [4]),
    function(d, [1]),
    function(e, [3]),
    function(f, [5]),
    relation(driver(_), [1,0,1,0,1,0]),
    relation(man(_), [1,0,1,0,1,0]),
    relation(s1(_), [0,0,1,0,0,0]),
    relation(s2(_), [0,1,0,0,0,0]),
    relation(s3(_), [0,0,0,0,0,1]),
    relation(s4(_), [1,0,0,0,0,0]),
    relation(s5(_), [0,0,0,1,0,0]),
    relation(s6(_), [0,0,0,0,1,0]),
    relation(woman(_), [0,1,0,1,0,1]),
    relation(neq(_,_), [0,1,1,1,1,1,1,0,1,1,1,1,1,1,0,1,1,1,1,1,1,0,1,1,1,1,1,1,0,1,1,1,1,1,1,0])]).
interpretation( 6, [number = 71,seconds = 0], [
    function(a, [0]),
    function(b, [2]),
    function(c, [4]),
    function(d, [1]),
    function(e, [3]),
    function(f, [5]),
    relation(driver(_), [1,0,1,0,1,0]),
    relation(man(_), [1,0,1,0,1,0]),
    relation(s1(_), [0,0,1,0,0,0]),
    relation(s2(_), [0,1,0,0,0,0]),
    relation(s3(_), [0,0,0,1,0,0]),
    relation(s4(_), [1,0,0,0,0,0]),
    relation(s5(_), [0,0,0,0,0,1]),
    relation(s6(_), [0,0,0,0,1,0]),
    relation(woman(_), [0,1,0,1,0,1]),
    relation(neq(_,_), [0,1,1,1,1,1,1,0,1,1,1,1,1,1,0,1,1,1,1,1,1,0,1,1,1,1,1,1,0,1,1,1,1,1,1,0])]).
interpretation( 6, [number = 72,seconds = 0], [
    function(a, [0]),
    function(b, [2]),
    function(c, [4]),
    function(d, [1]),
    function(e, [3]),
    function(f, [5]),
    relation(driver(_), [1,0,1,0,1,0]),
    relation(man(_), [1,0,1,0,1,0]),
    relation(s1(_), [0,0,1,0,0,0]),
    relation(s2(_), [0,1,0,0,0,0]),
    relation(s3(_), [0,0,0,1,0,0]),
    relation(s4(_), [1,0,0,0,0,0]),
    relation(s5(_), [0,0,0,0,1,0]),
    relation(s6(_), [0,0,0,0,0,1]),
    relation(woman(_), [0,1,0,1,0,1]),
    relation(neq(_,_), [0,1,1,1,1,1,1,0,1,1,1,1,1,1,0,1,1,1,1,1,1,0,1,1,1,1,1,1,0,1,1,1,1,1,1,0])]).
interpretation( 6, [number = 73,seconds = 0], [
    function(a, [0]),
    function(b, [2]),
    function(c, [4]),
    function(d, [1]),
    function(e, [3]),
    function(f, [5]),
    relation(driver(_), [1,0,1,0,1,0]),
    relation(man(_), [1,0,1,0,1,0]),
    relation(s1(_), [0,0,0,0,1,0]),
    relation(s2(_), [0,0,0,0,0,1]),
    relation(s3(_), [1,0,0,0,0,0]),
    relation(s4(_), [0,0,0,1,0,0]),
    relation(s5(_), [0,0,1,0,0,0]),
    relation(s6(_), [0,1,0,0,0,0]),
    relation(woman(_), [0,1,0,1,0,1]),
    relation(neq(_,_), [0,1,1,1,1,1,1,0,1,1,1,1,1,1,0,1,1,1,1,1,1,0,1,1,1,1,1,1,0,1,1,1,1,1,1,0])]).
interpretation( 6, [number = 74,seconds = 0], [
    function(a, [0]),
    function(b, [2]),
    function(c, [4]),
    function(d, [1]),
    function(e, [3]),
    function(f, [5]),
    relation(driver(_), [1,0,1,0,1,0]),
    relation(man(_), [1,0,1,0,1,0]),
    relation(s1(_), [0,0,0,0,1,0]),
    relation(s2(_), [0,0,0,1,0,0]),
    relation(s3(_), [1,0,0,0,0,0]),
    relation(s4(_), [0,0,0,0,0,1]),
    relation(s5(_), [0,0,1,0,0,0]),
    relation(s6(_), [0,1,0,0,0,0]),
    relation(woman(_), [0,1,0,1,0,1]),
    relation(neq(_,_), [0,1,1,1,1,1,1,0,1,1,1,1,1,1,0,1,1,1,1,1,1,0,1,1,1,1,1,1,0,1,1,1,1,1,1,0])]).
interpretation( 6, [number = 75,seconds = 0], [
    function(a, [0]),
    function(b, [2]),
    function(c, [4]),
    function(d, [1]),
    function(e, [3]),
    function(f, [5]),
    relation(driver(_), [1,0,1,0,1,0]),
    relation(man(_), [1,0,1,0,1,0]),
    relation(s1(_), [0,0,1,0,0,0]),
    relation(s2(_), [0,0,0,0,0,1]),
    relation(s3(_), [1,0,0,0,0,0]),
    relation(s4(_), [0,0,0,1,0,0]),
    relation(s5(_), [0,0,0,0,1,0]),
    relation(s6(_), [0,1,0,0,0,0]),
    relation(woman(_), [0,1,0,1,0,1]),
    relation(neq(_,_), [0,1,1,1,1,1,1,0,1,1,1,1,1,1,0,1,1,1,1,1,1,0,1,1,1,1,1,1,0,1,1,1,1,1,1,0])]).
interpretation( 6, [number = 76,seconds = 0], [
    function(a, [0]),
    function(b, [2]),
    function(c, [4]),
    function(d, [1]),
    function(e, [3]),
    function(f, [5]),
    relation(driver(_), [1,0,1,0,1,0]),
    relation(man(_), [1,0,1,0,1,0]),
    relation(s1(_), [0,0,1,0,0,0]),
    relation(s2(_), [0,0,0,1,0,0]),
    relation(s3(_), [1,0,0,0,0,0]),
    relation(s4(_), [0,0,0,0,0,1]),
    relation(s5(_), [0,0,0,0,1,0]),
    relation(s6(_), [0,1,0,0,0,0]),
    relation(woman(_), [0,1,0,1,0,1]),
    relation(neq(_,_), [0,1,1,1,1,1,1,0,1,1,1,1,1,1,0,1,1,1,1,1,1,0,1,1,1,1,1,1,0,1,1,1,1,1,1,0])]).
interpretation( 6, [number = 77,seconds = 0], [
    function(a, [0]),
    function(b, [2]),
    function(c, [4]),
    function(d, [1]),
    function(e, [3]),
    function(f, [5]),
    relation(driver(_), [1,0,1,0,1,0]),
    relation(man(_), [1,0,1,0,1,0]),
    relation(s1(_), [0,0,0,0,1,0]),
    relation(s2(_), [0,0,0,0,0,1]),
    relation(s3(_), [1,0,0,0,0,0]),
    relation(s4(_), [0,0,0,1,0,0]),
    relation(s5(_), [0,1,0,0,0,0]),
    relation(s6(_), [0,0,1,0,0,0]),
    relation(woman(_), [0,1,0,1,0,1]),
    relation(neq(_,_), [0,1,1,1,1,1,1,0,1,1,1,1,1,1,0,1,1,1,1,1,1,0,1,1,1,1,1,1,0,1,1,1,1,1,1,0])]).
interpretation( 6, [number = 78,seconds = 0], [
    function(a, [0]),
    function(b, [2]),
    function(c, [4]),
    function(d, [1]),
    function(e, [3]),
    function(f, [5]),
    relation(driver(_), [1,0,1,0,1,0]),
    relation(man(_), [1,0,1,0,1,0]),
    relation(s1(_), [0,0,0,0,1,0]),
    relation(s2(_), [0,0,0,1,0,0]),
    relation(s3(_), [1,0,0,0,0,0]),
    relation(s4(_), [0,0,0,0,0,1]),
    relation(s5(_), [0,1,0,0,0,0]),
    relation(s6(_), [0,0,1,0,0,0]),
    relation(woman(_), [0,1,0,1,0,1]),
    relation(neq(_,_), [0,1,1,1,1,1,1,0,1,1,1,1,1,1,0,1,1,1,1,1,1,0,1,1,1,1,1,1,0,1,1,1,1,1,1,0])]).
interpretation( 6, [number = 79,seconds = 0], [
    function(a, [0]),
    function(b, [2]),
    function(c, [4]),
    function(d, [1]),
    function(e, [3]),
    function(f, [5]),
    relation(driver(_), [1,0,1,0,1,0]),
    relation(man(_), [1,0,1,0,1,0]),
    relation(s1(_), [0,0,1,0,0,0]),
    relation(s2(_), [0,0,0,0,0,1]),
    relation(s3(_), [1,0,0,0,0,0]),
    relation(s4(_), [0,0,0,1,0,0]),
    relation(s5(_), [0,1,0,0,0,0]),
    relation(s6(_), [0,0,0,0,1,0]),
    relation(woman(_), [0,1,0,1,0,1]),
    relation(neq(_,_), [0,1,1,1,1,1,1,0,1,1,1,1,1,1,0,1,1,1,1,1,1,0,1,1,1,1,1,1,0,1,1,1,1,1,1,0])]).
interpretation( 6, [number = 80,seconds = 0], [
    function(a, [0]),
    function(b, [2]),
    function(c, [4]),
    function(d, [1]),
    function(e, [3]),
    function(f, [5]),
    relation(driver(_), [1,0,1,0,1,0]),
    relation(man(_), [1,0,1,0,1,0]),
    relation(s1(_), [0,0,1,0,0,0]),
    relation(s2(_), [0,0,0,1,0,0]),
    relation(s3(_), [1,0,0,0,0,0]),
    relation(s4(_), [0,0,0,0,0,1]),
    relation(s5(_), [0,1,0,0,0,0]),
    relation(s6(_), [0,0,0,0,1,0]),
    relation(woman(_), [0,1,0,1,0,1]),
    relation(neq(_,_), [0,1,1,1,1,1,1,0,1,1,1,1,1,1,0,1,1,1,1,1,1,0,1,1,1,1,1,1,0,1,1,1,1,1,1,0])]).
interpretation( 6, [number = 81,seconds = 0], [
    function(a, [0]),
    function(b, [2]),
    function(c, [4]),
    function(d, [1]),
    function(e, [3]),
    function(f, [5]),
    relation(driver(_), [1,0,1,0,1,0]),
    relation(man(_), [1,0,1,0,1,0]),
    relation(s1(_), [0,0,0,0,1,0]),
    relation(s2(_), [0,0,0,0,0,1]),
    relation(s3(_), [1,0,0,0,0,0]),
    relation(s4(_), [0,1,0,0,0,0]),
    relation(s5(_), [0,0,0,1,0,0]),
    relation(s6(_), [0,0,1,0,0,0]),
    relation(woman(_), [0,1,0,1,0,1]),
    relation(neq(_,_), [0,1,1,1,1,1,1,0,1,1,1,1,1,1,0,1,1,1,1,1,1,0,1,1,1,1,1,1,0,1,1,1,1,1,1,0])]).
interpretation( 6, [number = 82,seconds = 0], [
    function(a, [0]),
    function(b, [2]),
    function(c, [4]),
    function(d, [1]),
    function(e, [3]),
    function(f, [5]),
    relation(driver(_), [1,0,1,0,1,0]),
    relation(man(_), [1,0,1,0,1,0]),
    relation(s1(_), [0,0,0,0,1,0]),
    relation(s2(_), [0,0,0,1,0,0]),
    relation(s3(_), [1,0,0,0,0,0]),
    relation(s4(_), [0,1,0,0,0,0]),
    relation(s5(_), [0,0,0,0,0,1]),
    relation(s6(_), [0,0,1,0,0,0]),
    relation(woman(_), [0,1,0,1,0,1]),
    relation(neq(_,_), [0,1,1,1,1,1,1,0,1,1,1,1,1,1,0,1,1,1,1,1,1,0,1,1,1,1,1,1,0,1,1,1,1,1,1,0])]).
interpretation( 6, [number = 83,seconds = 0], [
    function(a, [0]),
    function(b, [2]),
    function(c, [4]),
    function(d, [1]),
    function(e, [3]),
    function(f, [5]),
    relation(driver(_), [1,0,1,0,1,0]),
    relation(man(_), [1,0,1,0,1,0]),
    relation(s1(_), [0,0,0,0,1,0]),
    relation(s2(_), [0,0,0,0,0,1]),
    relation(s3(_), [1,0,0,0,0,0]),
    relation(s4(_), [0,1,0,0,0,0]),
    relation(s5(_), [0,0,1,0,0,0]),
    relation(s6(_), [0,0,0,1,0,0]),
    relation(woman(_), [0,1,0,1,0,1]),
    relation(neq(_,_), [0,1,1,1,1,1,1,0,1,1,1,1,1,1,0,1,1,1,1,1,1,0,1,1,1,1,1,1,0,1,1,1,1,1,1,0])]).
interpretation( 6, [number = 84,seconds = 0], [
    function(a, [0]),
    function(b, [2]),
    function(c, [4]),
    function(d, [1]),
    function(e, [3]),
    function(f, [5]),
    relation(driver(_), [1,0,1,0,1,0]),
    relation(man(_), [1,0,1,0,1,0]),
    relation(s1(_), [0,0,0,0,1,0]),
    relation(s2(_), [0,0,0,1,0,0]),
    relation(s3(_), [1,0,0,0,0,0]),
    relation(s4(_), [0,1,0,0,0,0]),
    relation(s5(_), [0,0,1,0,0,0]),
    relation(s6(_), [0,0,0,0,0,1]),
    relation(woman(_), [0,1,0,1,0,1]),
    relation(neq(_,_), [0,1,1,1,1,1,1,0,1,1,1,1,1,1,0,1,1,1,1,1,1,0,1,1,1,1,1,1,0,1,1,1,1,1,1,0])]).
interpretation( 6, [number = 85,seconds = 0], [
    function(a, [0]),
    function(b, [2]),
    function(c, [4]),
    function(d, [1]),
    function(e, [3]),
    function(f, [5]),
    relation(driver(_), [1,0,1,0,1,0]),
    relation(man(_), [1,0,1,0,1,0]),
    relation(s1(_), [0,0,1,0,0,0]),
    relation(s2(_), [0,0,0,0,0,1]),
    relation(s3(_), [1,0,0,0,0,0]),
    relation(s4(_), [0,1,0,0,0,0]),
    relation(s5(_), [0,0,0,0,1,0]),
    relation(s6(_), [0,0,0,1,0,0]),
    relation(woman(_), [0,1,0,1,0,1]),
    relation(neq(_,_), [0,1,1,1,1,1,1,0,1,1,1,1,1,1,0,1,1,1,1,1,1,0,1,1,1,1,1,1,0,1,1,1,1,1,1,0])]).
interpretation( 6, [number = 86,seconds = 0], [
    function(a, [0]),
    function(b, [2]),
    function(c, [4]),
    function(d, [1]),
    function(e, [3]),
    function(f, [5]),
    relation(driver(_), [1,0,1,0,1,0]),
    relation(man(_), [1,0,1,0,1,0]),
    relation(s1(_), [0,0,1,0,0,0]),
    relation(s2(_), [0,0,0,0,0,1]),
    relation(s3(_), [1,0,0,0,0,0]),
    relation(s4(_), [0,1,0,0,0,0]),
    relation(s5(_), [0,0,0,1,0,0]),
    relation(s6(_), [0,0,0,0,1,0]),
    relation(woman(_), [0,1,0,1,0,1]),
    relation(neq(_,_), [0,1,1,1,1,1,1,0,1,1,1,1,1,1,0,1,1,1,1,1,1,0,1,1,1,1,1,1,0,1,1,1,1,1,1,0])]).
interpretation( 6, [number = 87,seconds = 0], [
    function(a, [0]),
    function(b, [2]),
    function(c, [4]),
    function(d, [1]),
    function(e, [3]),
    function(f, [5]),
    relation(driver(_), [1,0,1,0,1,0]),
    relation(man(_), [1,0,1,0,1,0]),
    relation(s1(_), [0,0,1,0,0,0]),
    relation(s2(_), [0,0,0,1,0,0]),
    relation(s3(_), [1,0,0,0,0,0]),
    relation(s4(_), [0,1,0,0,0,0]),
    relation(s5(_), [0,0,0,0,0,1]),
    relation(s6(_), [0,0,0,0,1,0]),
    relation(woman(_), [0,1,0,1,0,1]),
    relation(neq(_,_), [0,1,1,1,1,1,1,0,1,1,1,1,1,1,0,1,1,1,1,1,1,0,1,1,1,1,1,1,0,1,1,1,1,1,1,0])]).
interpretation( 6, [number = 88,seconds = 0], [
    function(a, [0]),
    function(b, [2]),
    function(c, [4]),
    function(d, [1]),
    function(e, [3]),
    function(f, [5]),
    relation(driver(_), [1,0,1,0,1,0]),
    relation(man(_), [1,0,1,0,1,0]),
    relation(s1(_), [0,0,1,0,0,0]),
    relation(s2(_), [0,0,0,1,0,0]),
    relation(s3(_), [1,0,0,0,0,0]),
    relation(s4(_), [0,1,0,0,0,0]),
    relation(s5(_), [0,0,0,0,1,0]),
    relation(s6(_), [0,0,0,0,0,1]),
    relation(woman(_), [0,1,0,1,0,1]),
    relation(neq(_,_), [0,1,1,1,1,1,1,0,1,1,1,1,1,1,0,1,1,1,1,1,1,0,1,1,1,1,1,1,0,1,1,1,1,1,1,0])]).
interpretation( 6, [number = 89,seconds = 0], [
    function(a, [0]),
    function(b, [2]),
    function(c, [4]),
    function(d, [1]),
    function(e, [3]),
    function(f, [5]),
    relation(driver(_), [1,0,1,0,1,0]),
    relation(man(_), [1,0,1,0,1,0]),
    relation(s1(_), [0,0,0,0,1,0]),
    relation(s2(_), [0,1,0,0,0,0]),
    relation(s3(_), [1,0,0,0,0,0]),
    relation(s4(_), [0,0,0,0,0,1]),
    relation(s5(_), [0,0,0,1,0,0]),
    relation(s6(_), [0,0,1,0,0,0]),
    relation(woman(_), [0,1,0,1,0,1]),
    relation(neq(_,_), [0,1,1,1,1,1,1,0,1,1,1,1,1,1,0,1,1,1,1,1,1,0,1,1,1,1,1,1,0,1,1,1,1,1,1,0])]).
interpretation( 6, [number = 90,seconds = 0], [
    function(a, [0]),
    function(b, [2]),
    function(c, [4]),
    function(d, [1]),
    function(e, [3]),
    function(f, [5]),
    relation(driver(_), [1,0,1,0,1,0]),
    relation(man(_), [1,0,1,0,1,0]),
    relation(s1(_), [0,0,0,0,1,0]),
    relation(s2(_), [0,1,0,0,0,0]),
    relation(s3(_), [1,0,0,0,0,0]),
    relation(s4(_), [0,0,0,1,0,0]),
    relation(s5(_), [0,0,0,0,0,1]),
    relation(s6(_), [0,0,1,0,0,0]),
    relation(woman(_), [0,1,0,1,0,1]),
    relation(neq(_,_), [0,1,1,1,1,1,1,0,1,1,1,1,1,1,0,1,1,1,1,1,1,0,1,1,1,1,1,1,0,1,1,1,1,1,1,0])]).
interpretation( 6, [number = 91,seconds = 0], [
    function(a, [0]),
    function(b, [2]),
    function(c, [4]),
    function(d, [1]),
    function(e, [3]),
    function(f, [5]),
    relation(driver(_), [1,0,1,0,1,0]),
    relation(man(_), [1,0,1,0,1,0]),
    relation(s1(_), [0,0,0,0,1,0]),
    relation(s2(_), [0,1,0,0,0,0]),
    relation(s3(_), [1,0,0,0,0,0]),
    relation(s4(_), [0,0,0,0,0,1]),
    relation(s5(_), [0,0,1,0,0,0]),
    relation(s6(_), [0,0,0,1,0,0]),
    relation(woman(_), [0,1,0,1,0,1]),
    relation(neq(_,_), [0,1,1,1,1,1,1,0,1,1,1,1,1,1,0,1,1,1,1,1,1,0,1,1,1,1,1,1,0,1,1,1,1,1,1,0])]).
interpretation( 6, [number = 92,seconds = 0], [
    function(a, [0]),
    function(b, [2]),
    function(c, [4]),
    function(d, [1]),
    function(e, [3]),
    function(f, [5]),
    relation(driver(_), [1,0,1,0,1,0]),
    relation(man(_), [1,0,1,0,1,0]),
    relation(s1(_), [0,0,0,0,1,0]),
    relation(s2(_), [0,1,0,0,0,0]),
    relation(s3(_), [1,0,0,0,0,0]),
    relation(s4(_), [0,0,0,1,0,0]),
    relation(s5(_), [0,0,1,0,0,0]),
    relation(s6(_), [0,0,0,0,0,1]),
    relation(woman(_), [0,1,0,1,0,1]),
    relation(neq(_,_), [0,1,1,1,1,1,1,0,1,1,1,1,1,1,0,1,1,1,1,1,1,0,1,1,1,1,1,1,0,1,1,1,1,1,1,0])]).
interpretation( 6, [number = 93,seconds = 0], [
    function(a, [0]),
    function(b, [2]),
    function(c, [4]),
    function(d, [1]),
    function(e, [3]),
    function(f, [5]),
    relation(driver(_), [1,0,1,0,1,0]),
    relation(man(_), [1,0,1,0,1,0]),
    relation(s1(_), [0,0,1,0,0,0]),
    relation(s2(_), [0,1,0,0,0,0]),
    relation(s3(_), [1,0,0,0,0,0]),
    relation(s4(_), [0,0,0,0,0,1]),
    relation(s5(_), [0,0,0,0,1,0]),
    relation(s6(_), [0,0,0,1,0,0]),
    relation(woman(_), [0,1,0,1,0,1]),
    relation(neq(_,_), [0,1,1,1,1,1,1,0,1,1,1,1,1,1,0,1,1,1,1,1,1,0,1,1,1,1,1,1,0,1,1,1,1,1,1,0])]).
interpretation( 6, [number = 94,seconds = 0], [
    function(a, [0]),
    function(b, [2]),
    function(c, [4]),
    function(d, [1]),
    function(e, [3]),
    function(f, [5]),
    relation(driver(_), [1,0,1,0,1,0]),
    relation(man(_), [1,0,1,0,1,0]),
    relation(s1(_), [0,0,1,0,0,0]),
    relation(s2(_), [0,1,0,0,0,0]),
    relation(s3(_), [1,0,0,0,0,0]),
    relation(s4(_), [0,0,0,0,0,1]),
    relation(s5(_), [0,0,0,1,0,0]),
    relation(s6(_), [0,0,0,0,1,0]),
    relation(woman(_), [0,1,0,1,0,1]),
    relation(neq(_,_), [0,1,1,1,1,1,1,0,1,1,1,1,1,1,0,1,1,1,1,1,1,0,1,1,1,1,1,1,0,1,1,1,1,1,1,0])]).
interpretation( 6, [number = 95,seconds = 0], [
    function(a, [0]),
    function(b, [2]),
    function(c, [4]),
    function(d, [1]),
    function(e, [3]),
    function(f, [5]),
    relation(driver(_), [1,0,1,0,1,0]),
    relation(man(_), [1,0,1,0,1,0]),
    relation(s1(_), [0,0,1,0,0,0]),
    relation(s2(_), [0,1,0,0,0,0]),
    relation(s3(_), [1,0,0,0,0,0]),
    relation(s4(_), [0,0,0,1,0,0]),
    relation(s5(_), [0,0,0,0,0,1]),
    relation(s6(_), [0,0,0,0,1,0]),
    relation(woman(_), [0,1,0,1,0,1]),
    relation(neq(_,_), [0,1,1,1,1,1,1,0,1,1,1,1,1,1,0,1,1,1,1,1,1,0,1,1,1,1,1,1,0,1,1,1,1,1,1,0])]).
interpretation( 6, [number = 96,seconds = 0], [
    function(a, [0]),
    function(b, [2]),
    function(c, [4]),
    function(d, [1]),
    function(e, [3]),
    function(f, [5]),
    relation(driver(_), [1,0,1,0,1,0]),
    relation(man(_), [1,0,1,0,1,0]),
    relation(s1(_), [0,0,1,0,0,0]),
    relation(s2(_), [0,1,0,0,0,0]),
    relation(s3(_), [1,0,0,0,0,0]),
    relation(s4(_), [0,0,0,1,0,0]),
    relation(s5(_), [0,0,0,0,1,0]),
    relation(s6(_), [0,0,0,0,0,1]),
    relation(woman(_), [0,1,0,1,0,1]),
    relation(neq(_,_), [0,1,1,1,1,1,1,0,1,1,1,1,1,1,0,1,1,1,1,1,1,0,1,1,1,1,1,1,0,1,1,1,1,1,1,0])]).
interpretation( 6, [number = 97,seconds = 0], [
    function(a, [0]),
    function(b, [2]),
    function(c, [4]),
    function(d, [1]),
    function(e, [3]),
    function(f, [5]),
    relation(driver(_), [1,0,1,0,1,0]),
    relation(man(_), [1,0,1,0,1,0]),
    relation(s1(_), [1,0,0,0,0,0]),
    relation(s2(_), [0,0,0,0,0,1]),
    relation(s3(_), [0,0,0,0,1,0]),
    relation(s4(_), [0,0,0,1,0,0]),
    relation(s5(_), [0,0,1,0,0,0]),
    relation(s6(_), [0,1,0,0,0,0]),
    relation(woman(_), [0,1,0,1,0,1]),
    relation(neq(_,_), [0,1,1,1,1,1,1,0,1,1,1,1,1,1,0,1,1,1,1,1,1,0,1,1,1,1,1,1,0,1,1,1,1,1,1,0])]).
interpretation( 6, [number = 98,seconds = 0], [
    function(a, [0]),
    function(b, [2]),
    function(c, [4]),
    function(d, [1]),
    function(e, [3]),
    function(f, [5]),
    relation(driver(_), [1,0,1,0,1,0]),
    relation(man(_), [1,0,1,0,1,0]),
    relation(s1(_), [1,0,0,0,0,0]),
    relation(s2(_), [0,0,0,0,0,1]),
    relation(s3(_), [0,0,0,1,0,0]),
    relation(s4(_), [0,0,0,0,1,0]),
    relation(s5(_), [0,0,1,0,0,0]),
    relation(s6(_), [0,1,0,0,0,0]),
    relation(woman(_), [0,1,0,1,0,1]),
    relation(neq(_,_), [0,1,1,1,1,1,1,0,1,1,1,1,1,1,0,1,1,1,1,1,1,0,1,1,1,1,1,1,0,1,1,1,1,1,1,0])]).
interpretation( 6, [number = 99,seconds = 0], [
    function(a, [0]),
    function(b, [2]),
    function(c, [4]),
    function(d, [1]),
    function(e, [3]),
    function(f, [5]),
    relation(driver(_), [1,0,1,0,1,0]),
    relation(man(_), [1,0,1,0,1,0]),
    relation(s1(_), [1,0,0,0,0,0]),
    relation(s2(_), [0,0,0,1,0,0]),
    relation(s3(_), [0,0,0,0,0,1]),
    relation(s4(_), [0,0,0,0,1,0]),
    relation(s5(_), [0,0,1,0,0,0]),
    relation(s6(_), [0,1,0,0,0,0]),
    relation(woman(_), [0,1,0,1,0,1]),
    relation(neq(_,_), [0,1,1,1,1,1,1,0,1,1,1,1,1,1,0,1,1,1,1,1,1,0,1,1,1,1,1,1,0,1,1,1,1,1,1,0])]).
interpretation( 6, [number = 100,seconds = 0], [
    function(a, [0]),
    function(b, [2]),
    function(c, [4]),
    function(d, [1]),
    function(e, [3]),
    function(f, [5]),
    relation(driver(_), [1,0,1,0,1,0]),
    relation(man(_), [1,0,1,0,1,0]),
    relation(s1(_), [1,0,0,0,0,0]),
    relation(s2(_), [0,0,0,1,0,0]),
    relation(s3(_), [0,0,0,0,1,0]),
    relation(s4(_), [0,0,0,0,0,1]),
    relation(s5(_), [0,0,1,0,0,0]),
    relation(s6(_), [0,1,0,0,0,0]),
    relation(woman(_), [0,1,0,1,0,1]),
    relation(neq(_,_), [0,1,1,1,1,1,1,0,1,1,1,1,1,1,0,1,1,1,1,1,1,0,1,1,1,1,1,1,0,1,1,1,1,1,1,0])]).
interpretation( 6, [number = 101,seconds = 0], [
    function(a, [0]),
    function(b, [2]),
    function(c, [4]),
    function(d, [1]),
    function(e, [3]),
    function(f, [5]),
    relation(driver(_), [1,0,1,0,1,0]),
    relation(man(_), [1,0,1,0,1,0]),
    relation(s1(_), [1,0,0,0,0,0]),
    relation(s2(_), [0,0,0,0,0,1]),
    relation(s3(_), [0,0,0,1,0,0]),
    relation(s4(_), [0,0,1,0,0,0]),
    relation(s5(_), [0,0,0,0,1,0]),
    relation(s6(_), [0,1,0,0,0,0]),
    relation(woman(_), [0,1,0,1,0,1]),
    relation(neq(_,_), [0,1,1,1,1,1,1,0,1,1,1,1,1,1,0,1,1,1,1,1,1,0,1,1,1,1,1,1,0,1,1,1,1,1,1,0])]).
interpretation( 6, [number = 102,seconds = 0], [
    function(a, [0]),
    function(b, [2]),
    function(c, [4]),
    function(d, [1]),
    function(e, [3]),
    function(f, [5]),
    relation(driver(_), [1,0,1,0,1,0]),
    relation(man(_), [1,0,1,0,1,0]),
    relation(s1(_), [1,0,0,0,0,0]),
    relation(s2(_), [0,0,0,1,0,0]),
    relation(s3(_), [0,0,0,0,0,1]),
    relation(s4(_), [0,0,1,0,0,0]),
    relation(s5(_), [0,0,0,0,1,0]),
    relation(s6(_), [0,1,0,0,0,0]),
    relation(woman(_), [0,1,0,1,0,1]),
    relation(neq(_,_), [0,1,1,1,1,1,1,0,1,1,1,1,1,1,0,1,1,1,1,1,1,0,1,1,1,1,1,1,0,1,1,1,1,1,1,0])]).
interpretation( 6, [number = 103,seconds = 0], [
    function(a, [0]),
    function(b, [2]),
    function(c, [4]),
    function(d, [1]),
    function(e, [3]),
    function(f, [5]),
    relation(driver(_), [1,0,1,0,1,0]),
    relation(man(_), [1,0,1,0,1,0]),
    relation(s1(_), [1,0,0,0,0,0]),
    relation(s2(_), [0,0,0,0,0,1]),
    relation(s3(_), [0,0,1,0,0,0]),
    relation(s4(_), [0,0,0,1,0,0]),
    relation(s5(_), [0,0,0,0,1,0]),
    relation(s6(_), [0,1,0,0,0,0]),
    relation(woman(_), [0,1,0,1,0,1]),
    relation(neq(_,_), [0,1,1,1,1,1,1,0,1,1,1,1,1,1,0,1,1,1,1,1,1,0,1,1,1,1,1,1,0,1,1,1,1,1,1,0])]).
interpretation( 6, [number = 104,seconds = 0], [
    function(a, [0]),
    function(b, [2]),
    function(c, [4]),
    function(d, [1]),
    function(e, [3]),
    function(f, [5]),
    relation(driver(_), [1,0,1,0,1,0]),
    relation(man(_), [1,0,1,0,1,0]),
    relation(s1(_), [1,0,0,0,0,0]),
    relation(s2(_), [0,0,0,1,0,0]),
    relation(s3(_), [0,0,1,0,0,0]),
    relation(s4(_), [0,0,0,0,0,1]),
    relation(s5(_), [0,0,0,0,1,0]),
    relation(s6(_), [0,1,0,0,0,0]),
    relation(woman(_), [0,1,0,1,0,1]),
    relation(neq(_,_), [0,1,1,1,1,1,1,0,1,1,1,1,1,1,0,1,1,1,1,1,1,0,1,1,1,1,1,1,0,1,1,1,1,1,1,0])]).
interpretation( 6, [number = 105,seconds = 0], [
    function(a, [0]),
    function(b, [2]),
    function(c, [4]),
    function(d, [1]),
    function(e, [3]),
    function(f, [5]),
    relation(driver(_), [1,0,1,0,1,0]),
    relation(man(_), [1,0,1,0,1,0]),
    relation(s1(_), [1,0,0,0,0,0]),
    relation(s2(_), [0,0,0,0,0,1]),
    relation(s3(_), [0,0,0,0,1,0]),
    relation(s4(_), [0,0,0,1,0,0]),
    relation(s5(_), [0,1,0,0,0,0]),
    relation(s6(_), [0,0,1,0,0,0]),
    relation(woman(_), [0,1,0,1,0,1]),
    relation(neq(_,_), [0,1,1,1,1,1,1,0,1,1,1,1,1,1,0,1,1,1,1,1,1,0,1,1,1,1,1,1,0,1,1,1,1,1,1,0])]).
interpretation( 6, [number = 106,seconds = 0], [
    function(a, [0]),
    function(b, [2]),
    function(c, [4]),
    function(d, [1]),
    function(e, [3]),
    function(f, [5]),
    relation(driver(_), [1,0,1,0,1,0]),
    relation(man(_), [1,0,1,0,1,0]),
    relation(s1(_), [1,0,0,0,0,0]),
    relation(s2(_), [0,0,0,0,0,1]),
    relation(s3(_), [0,0,0,1,0,0]),
    relation(s4(_), [0,0,0,0,1,0]),
    relation(s5(_), [0,1,0,0,0,0]),
    relation(s6(_), [0,0,1,0,0,0]),
    relation(woman(_), [0,1,0,1,0,1]),
    relation(neq(_,_), [0,1,1,1,1,1,1,0,1,1,1,1,1,1,0,1,1,1,1,1,1,0,1,1,1,1,1,1,0,1,1,1,1,1,1,0])]).
interpretation( 6, [number = 107,seconds = 0], [
    function(a, [0]),
    function(b, [2]),
    function(c, [4]),
    function(d, [1]),
    function(e, [3]),
    function(f, [5]),
    relation(driver(_), [1,0,1,0,1,0]),
    relation(man(_), [1,0,1,0,1,0]),
    relation(s1(_), [1,0,0,0,0,0]),
    relation(s2(_), [0,0,0,1,0,0]),
    relation(s3(_), [0,0,0,0,0,1]),
    relation(s4(_), [0,0,0,0,1,0]),
    relation(s5(_), [0,1,0,0,0,0]),
    relation(s6(_), [0,0,1,0,0,0]),
    relation(woman(_), [0,1,0,1,0,1]),
    relation(neq(_,_), [0,1,1,1,1,1,1,0,1,1,1,1,1,1,0,1,1,1,1,1,1,0,1,1,1,1,1,1,0,1,1,1,1,1,1,0])]).
interpretation( 6, [number = 108,seconds = 0], [
    function(a, [0]),
    function(b, [2]),
    function(c, [4]),
    function(d, [1]),
    function(e, [3]),
    function(f, [5]),
    relation(driver(_), [1,0,1,0,1,0]),
    relation(man(_), [1,0,1,0,1,0]),
    relation(s1(_), [1,0,0,0,0,0]),
    relation(s2(_), [0,0,0,1,0,0]),
    relation(s3(_), [0,0,0,0,1,0]),
    relation(s4(_), [0,0,0,0,0,1]),
    relation(s5(_), [0,1,0,0,0,0]),
    relation(s6(_), [0,0,1,0,0,0]),
    relation(woman(_), [0,1,0,1,0,1]),
    relation(neq(_,_), [0,1,1,1,1,1,1,0,1,1,1,1,1,1,0,1,1,1,1,1,1,0,1,1,1,1,1,1,0,1,1,1,1,1,1,0])]).
interpretation( 6, [number = 109,seconds = 0], [
    function(a, [0]),
    function(b, [2]),
    function(c, [4]),
    function(d, [1]),
    function(e, [3]),
    function(f, [5]),
    relation(driver(_), [1,0,1,0,1,0]),
    relation(man(_), [1,0,1,0,1,0]),
    relation(s1(_), [1,0,0,0,0,0]),
    relation(s2(_), [0,0,0,0,0,1]),
    relation(s3(_), [0,0,0,1,0,0]),
    relation(s4(_), [0,0,1,0,0,0]),
    relation(s5(_), [0,1,0,0,0,0]),
    relation(s6(_), [0,0,0,0,1,0]),
    relation(woman(_), [0,1,0,1,0,1]),
    relation(neq(_,_), [0,1,1,1,1,1,1,0,1,1,1,1,1,1,0,1,1,1,1,1,1,0,1,1,1,1,1,1,0,1,1,1,1,1,1,0])]).
interpretation( 6, [number = 110,seconds = 0], [
    function(a, [0]),
    function(b, [2]),
    function(c, [4]),
    function(d, [1]),
    function(e, [3]),
    function(f, [5]),
    relation(driver(_), [1,0,1,0,1,0]),
    relation(man(_), [1,0,1,0,1,0]),
    relation(s1(_), [1,0,0,0,0,0]),
    relation(s2(_), [0,0,0,1,0,0]),
    relation(s3(_), [0,0,0,0,0,1]),
    relation(s4(_), [0,0,1,0,0,0]),
    relation(s5(_), [0,1,0,0,0,0]),
    relation(s6(_), [0,0,0,0,1,0]),
    relation(woman(_), [0,1,0,1,0,1]),
    relation(neq(_,_), [0,1,1,1,1,1,1,0,1,1,1,1,1,1,0,1,1,1,1,1,1,0,1,1,1,1,1,1,0,1,1,1,1,1,1,0])]).
interpretation( 6, [number = 111,seconds = 0], [
    function(a, [0]),
    function(b, [2]),
    function(c, [4]),
    function(d, [1]),
    function(e, [3]),
    function(f, [5]),
    relation(driver(_), [1,0,1,0,1,0]),
    relation(man(_), [1,0,1,0,1,0]),
    relation(s1(_), [1,0,0,0,0,0]),
    relation(s2(_), [0,0,0,0,0,1]),
    relation(s3(_), [0,0,1,0,0,0]),
    relation(s4(_), [0,0,0,1,0,0]),
    relation(s5(_), [0,1,0,0,0,0]),
    relation(s6(_), [0,0,0,0,1,0]),
    relation(woman(_), [0,1,0,1,0,1]),
    relation(neq(_,_), [0,1,1,1,1,1,1,0,1,1,1,1,1,1,0,1,1,1,1,1,1,0,1,1,1,1,1,1,0,1,1,1,1,1,1,0])]).
interpretation( 6, [number = 112,seconds = 0], [
    function(a, [0]),
    function(b, [2]),
    function(c, [4]),
    function(d, [1]),
    function(e, [3]),
    function(f, [5]),
    relation(driver(_), [1,0,1,0,1,0]),
    relation(man(_), [1,0,1,0,1,0]),
    relation(s1(_), [1,0,0,0,0,0]),
    relation(s2(_), [0,0,0,1,0,0]),
    relation(s3(_), [0,0,1,0,0,0]),
    relation(s4(_), [0,0,0,0,0,1]),
    relation(s5(_), [0,1,0,0,0,0]),
    relation(s6(_), [0,0,0,0,1,0]),
    relation(woman(_), [0,1,0,1,0,1]),
    relation(neq(_,_), [0,1,1,1,1,1,1,0,1,1,1,1,1,1,0,1,1,1,1,1,1,0,1,1,1,1,1,1,0,1,1,1,1,1,1,0])]).
interpretation( 6, [number = 113,seconds = 0], [
    function(a, [0]),
    function(b, [2]),
    function(c, [4]),
    function(d, [1]),
    function(e, [3]),
    function(f, [5]),
    relation(driver(_), [1,0,1,0,1,0]),
    relation(man(_), [1,0,1,0,1,0]),
    relation(s1(_), [1,0,0,0,0,0]),
    relation(s2(_), [0,0,0,0,0,1]),
    relation(s3(_), [0,0,0,0,1,0]),
    relation(s4(_), [0,1,0,0,0,0]),
    relation(s5(_), [0,0,0,1,0,0]),
    relation(s6(_), [0,0,1,0,0,0]),
    relation(woman(_), [0,1,0,1,0,1]),
    relation(neq(_,_), [0,1,1,1,1,1,1,0,1,1,1,1,1,1,0,1,1,1,1,1,1,0,1,1,1,1,1,1,0,1,1,1,1,1,1,0])]).
interpretation( 6, [number = 114,seconds = 0], [
    function(a, [0]),
    function(b, [2]),
    function(c, [4]),
    function(d, [1]),
    function(e, [3]),
    function(f, [5]),
    relation(driver(_), [1,0,1,0,1,0]),
    relation(man(_), [1,0,1,0,1,0]),
    relation(s1(_), [1,0,0,0,0,0]),
    relation(s2(_), [0,0,0,1,0,0]),
    relation(s3(_), [0,0,0,0,1,0]),
    relation(s4(_), [0,1,0,0,0,0]),
    relation(s5(_), [0,0,0,0,0,1]),
    relation(s6(_), [0,0,1,0,0,0]),
    relation(woman(_), [0,1,0,1,0,1]),
    relation(neq(_,_), [0,1,1,1,1,1,1,0,1,1,1,1,1,1,0,1,1,1,1,1,1,0,1,1,1,1,1,1,0,1,1,1,1,1,1,0])]).
interpretation( 6, [number = 115,seconds = 0], [
    function(a, [0]),
    function(b, [2]),
    function(c, [4]),
    function(d, [1]),
    function(e, [3]),
    function(f, [5]),
    relation(driver(_), [1,0,1,0,1,0]),
    relation(man(_), [1,0,1,0,1,0]),
    relation(s1(_), [1,0,0,0,0,0]),
    relation(s2(_), [0,0,0,0,0,1]),
    relation(s3(_), [0,0,0,0,1,0]),
    relation(s4(_), [0,1,0,0,0,0]),
    relation(s5(_), [0,0,1,0,0,0]),
    relation(s6(_), [0,0,0,1,0,0]),
    relation(woman(_), [0,1,0,1,0,1]),
    relation(neq(_,_), [0,1,1,1,1,1,1,0,1,1,1,1,1,1,0,1,1,1,1,1,1,0,1,1,1,1,1,1,0,1,1,1,1,1,1,0])]).
interpretation( 6, [number = 116,seconds = 0], [
    function(a, [0]),
    function(b, [2]),
    function(c, [4]),
    function(d, [1]),
    function(e, [3]),
    function(f, [5]),
    relation(driver(_), [1,0,1,0,1,0]),
    relation(man(_), [1,0,1,0,1,0]),
    relation(s1(_), [1,0,0,0,0,0]),
    relation(s2(_), [0,0,0,1,0,0]),
    relation(s3(_), [0,0,0,0,1,0]),
    relation(s4(_), [0,1,0,0,0,0]),
    relation(s5(_), [0,0,1,0,0,0]),
    relation(s6(_), [0,0,0,0,0,1]),
    relation(woman(_), [0,1,0,1,0,1]),
    relation(neq(_,_), [0,1,1,1,1,1,1,0,1,1,1,1,1,1,0,1,1,1,1,1,1,0,1,1,1,1,1,1,0,1,1,1,1,1,1,0])]).
interpretation( 6, [number = 117,seconds = 0], [
    function(a, [0]),
    function(b, [2]),
    function(c, [4]),
    function(d, [1]),
    function(e, [3]),
    function(f, [5]),
    relation(driver(_), [1,0,1,0,1,0]),
    relation(man(_), [1,0,1,0,1,0]),
    relation(s1(_), [1,0,0,0,0,0]),
    relation(s2(_), [0,0,0,0,0,1]),
    relation(s3(_), [0,0,1,0,0,0]),
    relation(s4(_), [0,1,0,0,0,0]),
    relation(s5(_), [0,0,0,0,1,0]),
    relation(s6(_), [0,0,0,1,0,0]),
    relation(woman(_), [0,1,0,1,0,1]),
    relation(neq(_,_), [0,1,1,1,1,1,1,0,1,1,1,1,1,1,0,1,1,1,1,1,1,0,1,1,1,1,1,1,0,1,1,1,1,1,1,0])]).
interpretation( 6, [number = 118,seconds = 0], [
    function(a, [0]),
    function(b, [2]),
    function(c, [4]),
    function(d, [1]),
    function(e, [3]),
    function(f, [5]),
    relation(driver(_), [1,0,1,0,1,0]),
    relation(man(_), [1,0,1,0,1,0]),
    relation(s1(_), [1,0,0,0,0,0]),
    relation(s2(_), [0,0,0,0,0,1]),
    relation(s3(_), [0,0,1,0,0,0]),
    relation(s4(_), [0,1,0,0,0,0]),
    relation(s5(_), [0,0,0,1,0,0]),
    relation(s6(_), [0,0,0,0,1,0]),
    relation(woman(_), [0,1,0,1,0,1]),
    relation(neq(_,_), [0,1,1,1,1,1,1,0,1,1,1,1,1,1,0,1,1,1,1,1,1,0,1,1,1,1,1,1,0,1,1,1,1,1,1,0])]).
interpretation( 6, [number = 119,seconds = 0], [
    function(a, [0]),
    function(b, [2]),
    function(c, [4]),
    function(d, [1]),
    function(e, [3]),
    function(f, [5]),
    relation(driver(_), [1,0,1,0,1,0]),
    relation(man(_), [1,0,1,0,1,0]),
    relation(s1(_), [1,0,0,0,0,0]),
    relation(s2(_), [0,0,0,1,0,0]),
    relation(s3(_), [0,0,1,0,0,0]),
    relation(s4(_), [0,1,0,0,0,0]),
    relation(s5(_), [0,0,0,0,0,1]),
    relation(s6(_), [0,0,0,0,1,0]),
    relation(woman(_), [0,1,0,1,0,1]),
    relation(neq(_,_), [0,1,1,1,1,1,1,0,1,1,1,1,1,1,0,1,1,1,1,1,1,0,1,1,1,1,1,1,0,1,1,1,1,1,1,0])]).
interpretation( 6, [number = 120,seconds = 0], [
    function(a, [0]),
    function(b, [2]),
    function(c, [4]),
    function(d, [1]),
    function(e, [3]),
    function(f, [5]),
    relation(driver(_), [1,0,1,0,1,0]),
    relation(man(_), [1,0,1,0,1,0]),
    relation(s1(_), [1,0,0,0,0,0]),
    relation(s2(_), [0,0,0,1,0,0]),
    relation(s3(_), [0,0,1,0,0,0]),
    relation(s4(_), [0,1,0,0,0,0]),
    relation(s5(_), [0,0,0,0,1,0]),
    relation(s6(_), [0,0,0,0,0,1]),
    relation(woman(_), [0,1,0,1,0,1]),
    relation(neq(_,_), [0,1,1,1,1,1,1,0,1,1,1,1,1,1,0,1,1,1,1,1,1,0,1,1,1,1,1,1,0,1,1,1,1,1,1,0])]).
interpretation( 6, [number = 121,seconds = 0], [
    function(a, [0]),
    function(b, [2]),
    function(c, [4]),
    function(d, [1]),
    function(e, [3]),
    function(f, [5]),
    relation(driver(_), [1,0,1,0,1,0]),
    relation(man(_), [1,0,1,0,1,0]),
    relation(s1(_), [1,0,0,0,0,0]),
    relation(s2(_), [0,0,0,0,0,1]),
    relation(s3(_), [0,1,0,0,0,0]),
    relation(s4(_), [0,0,0,0,1,0]),
    relation(s5(_), [0,0,0,1,0,0]),
    relation(s6(_), [0,0,1,0,0,0]),
    relation(woman(_), [0,1,0,1,0,1]),
    relation(neq(_,_), [0,1,1,1,1,1,1,0,1,1,1,1,1,1,0,1,1,1,1,1,1,0,1,1,1,1,1,1,0,1,1,1,1,1,1,0])]).
interpretation( 6, [number = 122,seconds = 0], [
    function(a, [0]),
    function(b, [2]),
    function(c, [4]),
    function(d, [1]),
    function(e, [3]),
    function(f, [5]),
    relation(driver(_), [1,0,1,0,1,0]),
    relation(man(_), [1,0,1,0,1,0]),
    relation(s1(_), [1,0,0,0,0,0]),
    relation(s2(_), [0,0,0,1,0,0]),
    relation(s3(_), [0,1,0,0,0,0]),
    relation(s4(_), [0,0,0,0,1,0]),
    relation(s5(_), [0,0,0,0,0,1]),
    relation(s6(_), [0,0,1,0,0,0]),
    relation(woman(_), [0,1,0,1,0,1]),
    relation(neq(_,_), [0,1,1,1,1,1,1,0,1,1,1,1,1,1,0,1,1,1,1,1,1,0,1,1,1,1,1,1,0,1,1,1,1,1,1,0])]).
interpretation( 6, [number = 123,seconds = 0], [
    function(a, [0]),
    function(b, [2]),
    function(c, [4]),
    function(d, [1]),
    function(e, [3]),
    function(f, [5]),
    relation(driver(_), [1,0,1,0,1,0]),
    relation(man(_), [1,0,1,0,1,0]),
    relation(s1(_), [1,0,0,0,0,0]),
    relation(s2(_), [0,0,0,0,0,1]),
    relation(s3(_), [0,1,0,0,0,0]),
    relation(s4(_), [0,0,0,0,1,0]),
    relation(s5(_), [0,0,1,0,0,0]),
    relation(s6(_), [0,0,0,1,0,0]),
    relation(woman(_), [0,1,0,1,0,1]),
    relation(neq(_,_), [0,1,1,1,1,1,1,0,1,1,1,1,1,1,0,1,1,1,1,1,1,0,1,1,1,1,1,1,0,1,1,1,1,1,1,0])]).
interpretation( 6, [number = 124,seconds = 0], [
    function(a, [0]),
    function(b, [2]),
    function(c, [4]),
    function(d, [1]),
    function(e, [3]),
    function(f, [5]),
    relation(driver(_), [1,0,1,0,1,0]),
    relation(man(_), [1,0,1,0,1,0]),
    relation(s1(_), [1,0,0,0,0,0]),
    relation(s2(_), [0,0,0,1,0,0]),
    relation(s3(_), [0,1,0,0,0,0]),
    relation(s4(_), [0,0,0,0,1,0]),
    relation(s5(_), [0,0,1,0,0,0]),
    relation(s6(_), [0,0,0,0,0,1]),
    relation(woman(_), [0,1,0,1,0,1]),
    relation(neq(_,_), [0,1,1,1,1,1,1,0,1,1,1,1,1,1,0,1,1,1,1,1,1,0,1,1,1,1,1,1,0,1,1,1,1,1,1,0])]).
interpretation( 6, [number = 125,seconds = 0], [
    function(a, [0]),
    function(b, [2]),
    function(c, [4]),
    function(d, [1]),
    function(e, [3]),
    function(f, [5]),
    relation(driver(_), [1,0,1,0,1,0]),
    relation(man(_), [1,0,1,0,1,0]),
    relation(s1(_), [1,0,0,0,0,0]),
    relation(s2(_), [0,0,0,0,0,1]),
    relation(s3(_), [0,1,0,0,0,0]),
    relation(s4(_), [0,0,1,0,0,0]),
    relation(s5(_), [0,0,0,0,1,0]),
    relation(s6(_), [0,0,0,1,0,0]),
    relation(woman(_), [0,1,0,1,0,1]),
    relation(neq(_,_), [0,1,1,1,1,1,1,0,1,1,1,1,1,1,0,1,1,1,1,1,1,0,1,1,1,1,1,1,0,1,1,1,1,1,1,0])]).
interpretation( 6, [number = 126,seconds = 0], [
    function(a, [0]),
    function(b, [2]),
    function(c, [4]),
    function(d, [1]),
    function(e, [3]),
    function(f, [5]),
    relation(driver(_), [1,0,1,0,1,0]),
    relation(man(_), [1,0,1,0,1,0]),
    relation(s1(_), [1,0,0,0,0,0]),
    relation(s2(_), [0,0,0,0,0,1]),
    relation(s3(_), [0,1,0,0,0,0]),
    relation(s4(_), [0,0,1,0,0,0]),
    relation(s5(_), [0,0,0,1,0,0]),
    relation(s6(_), [0,0,0,0,1,0]),
    relation(woman(_), [0,1,0,1,0,1]),
    relation(neq(_,_), [0,1,1,1,1,1,1,0,1,1,1,1,1,1,0,1,1,1,1,1,1,0,1,1,1,1,1,1,0,1,1,1,1,1,1,0])]).
interpretation( 6, [number = 127,seconds = 0], [
    function(a, [0]),
    function(b, [2]),
    function(c, [4]),
    function(d, [1]),
    function(e, [3]),
    function(f, [5]),
    relation(driver(_), [1,0,1,0,1,0]),
    relation(man(_), [1,0,1,0,1,0]),
    relation(s1(_), [1,0,0,0,0,0]),
    relation(s2(_), [0,0,0,1,0,0]),
    relation(s3(_), [0,1,0,0,0,0]),
    relation(s4(_), [0,0,1,0,0,0]),
    relation(s5(_), [0,0,0,0,0,1]),
    relation(s6(_), [0,0,0,0,1,0]),
    relation(woman(_), [0,1,0,1,0,1]),
    relation(neq(_,_), [0,1,1,1,1,1,1,0,1,1,1,1,1,1,0,1,1,1,1,1,1,0,1,1,1,1,1,1,0,1,1,1,1,1,1,0])]).
interpretation( 6, [number = 128,seconds = 0], [
    function(a, [0]),
    function(b, [2]),
    function(c, [4]),
    function(d, [1]),
    function(e, [3]),
    function(f, [5]),
    relation(driver(_), [1,0,1,0,1,0]),
    relation(man(_), [1,0,1,0,1,0]),
    relation(s1(_), [1,0,0,0,0,0]),
    relation(s2(_), [0,0,0,1,0,0]),
    relation(s3(_), [0,1,0,0,0,0]),
    relation(s4(_), [0,0,1,0,0,0]),
    relation(s5(_), [0,0,0,0,1,0]),
    relation(s6(_), [0,0,0,0,0,1]),
    relation(woman(_), [0,1,0,1,0,1]),
    relation(neq(_,_), [0,1,1,1,1,1,1,0,1,1,1,1,1,1,0,1,1,1,1,1,1,0,1,1,1,1,1,1,0,1,1,1,1,1,1,0])]).
interpretation( 6, [number = 129,seconds = 0], [
    function(a, [0]),
    function(b, [2]),
    function(c, [4]),
    function(d, [1]),
    function(e, [3]),
    function(f, [5]),
    relation(driver(_), [1,0,1,0,1,0]),
    relation(man(_), [1,0,1,0,1,0]),
    relation(s1(_), [1,0,0,0,0,0]),
    relation(s2(_), [0,1,0,0,0,0]),
    relation(s3(_), [0,0,0,0,0,1]),
    relation(s4(_), [0,0,0,0,1,0]),
    relation(s5(_), [0,0,0,1,0,0]),
    relation(s6(_), [0,0,1,0,0,0]),
    relation(woman(_), [0,1,0,1,0,1]),
    relation(neq(_,_), [0,1,1,1,1,1,1,0,1,1,1,1,1,1,0,1,1,1,1,1,1,0,1,1,1,1,1,1,0,1,1,1,1,1,1,0])]).
interpretation( 6, [number = 130,seconds = 0], [
    function(a, [0]),
    function(b, [2]),
    function(c, [4]),
    function(d, [1]),
    function(e, [3]),
    function(f, [5]),
    relation(driver(_), [1,0,1,0,1,0]),
    relation(man(_), [1,0,1,0,1,0]),
    relation(s1(_), [1,0,0,0,0,0]),
    relation(s2(_), [0,1,0,0,0,0]),
    relation(s3(_), [0,0,0,0,1,0]),
    relation(s4(_), [0,0,0,0,0,1]),
    relation(s5(_), [0,0,0,1,0,0]),
    relation(s6(_), [0,0,1,0,0,0]),
    relation(woman(_), [0,1,0,1,0,1]),
    relation(neq(_,_), [0,1,1,1,1,1,1,0,1,1,1,1,1,1,0,1,1,1,1,1,1,0,1,1,1,1,1,1,0,1,1,1,1,1,1,0])]).
interpretation( 6, [number = 131,seconds = 0], [
    function(a, [0]),
    function(b, [2]),
    function(c, [4]),
    function(d, [1]),
    function(e, [3]),
    function(f, [5]),
    relation(driver(_), [1,0,1,0,1,0]),
    relation(man(_), [1,0,1,0,1,0]),
    relation(s1(_), [1,0,0,0,0,0]),
    relation(s2(_), [0,1,0,0,0,0]),
    relation(s3(_), [0,0,0,0,1,0]),
    relation(s4(_), [0,0,0,1,0,0]),
    relation(s5(_), [0,0,0,0,0,1]),
    relation(s6(_), [0,0,1,0,0,0]),
    relation(woman(_), [0,1,0,1,0,1]),
    relation(neq(_,_), [0,1,1,1,1,1,1,0,1,1,1,1,1,1,0,1,1,1,1,1,1,0,1,1,1,1,1,1,0,1,1,1,1,1,1,0])]).
interpretation( 6, [number = 132,seconds = 0], [
    function(a, [0]),
    function(b, [2]),
    function(c, [4]),
    function(d, [1]),
    function(e, [3]),
    function(f, [5]),
    relation(driver(_), [1,0,1,0,1,0]),
    relation(man(_), [1,0,1,0,1,0]),
    relation(s1(_), [1,0,0,0,0,0]),
    relation(s2(_), [0,1,0,0,0,0]),
    relation(s3(_), [0,0,0,1,0,0]),
    relation(s4(_), [0,0,0,0,1,0]),
    relation(s5(_), [0,0,0,0,0,1]),
    relation(s6(_), [0,0,1,0,0,0]),
    relation(woman(_), [0,1,0,1,0,1]),
    relation(neq(_,_), [0,1,1,1,1,1,1,0,1,1,1,1,1,1,0,1,1,1,1,1,1,0,1,1,1,1,1,1,0,1,1,1,1,1,1,0])]).
interpretation( 6, [number = 133,seconds = 0], [
    function(a, [0]),
    function(b, [2]),
    function(c, [4]),
    function(d, [1]),
    function(e, [3]),
    function(f, [5]),
    relation(driver(_), [1,0,1,0,1,0]),
    relation(man(_), [1,0,1,0,1,0]),
    relation(s1(_), [1,0,0,0,0,0]),
    relation(s2(_), [0,1,0,0,0,0]),
    relation(s3(_), [0,0,0,0,0,1]),
    relation(s4(_), [0,0,0,0,1,0]),
    relation(s5(_), [0,0,1,0,0,0]),
    relation(s6(_), [0,0,0,1,0,0]),
    relation(woman(_), [0,1,0,1,0,1]),
    relation(neq(_,_), [0,1,1,1,1,1,1,0,1,1,1,1,1,1,0,1,1,1,1,1,1,0,1,1,1,1,1,1,0,1,1,1,1,1,1,0])]).
interpretation( 6, [number = 134,seconds = 0], [
    function(a, [0]),
    function(b, [2]),
    function(c, [4]),
    function(d, [1]),
    function(e, [3]),
    function(f, [5]),
    relation(driver(_), [1,0,1,0,1,0]),
    relation(man(_), [1,0,1,0,1,0]),
    relation(s1(_), [1,0,0,0,0,0]),
    relation(s2(_), [0,1,0,0,0,0]),
    relation(s3(_), [0,0,0,0,1,0]),
    relation(s4(_), [0,0,0,0,0,1]),
    relation(s5(_), [0,0,1,0,0,0]),
    relation(s6(_), [0,0,0,1,0,0]),
    relation(woman(_), [0,1,0,1,0,1]),
    relation(neq(_,_), [0,1,1,1,1,1,1,0,1,1,1,1,1,1,0,1,1,1,1,1,1,0,1,1,1,1,1,1,0,1,1,1,1,1,1,0])]).
interpretation( 6, [number = 135,seconds = 0], [
    function(a, [0]),
    function(b, [2]),
    function(c, [4]),
    function(d, [1]),
    function(e, [3]),
    function(f, [5]),
    relation(driver(_), [1,0,1,0,1,0]),
    relation(man(_), [1,0,1,0,1,0]),
    relation(s1(_), [1,0,0,0,0,0]),
    relation(s2(_), [0,1,0,0,0,0]),
    relation(s3(_), [0,0,0,0,1,0]),
    relation(s4(_), [0,0,0,1,0,0]),
    relation(s5(_), [0,0,1,0,0,0]),
    relation(s6(_), [0,0,0,0,0,1]),
    relation(woman(_), [0,1,0,1,0,1]),
    relation(neq(_,_), [0,1,1,1,1,1,1,0,1,1,1,1,1,1,0,1,1,1,1,1,1,0,1,1,1,1,1,1,0,1,1,1,1,1,1,0])]).
interpretation( 6, [number = 136,seconds = 0], [
    function(a, [0]),
    function(b, [2]),
    function(c, [4]),
    function(d, [1]),
    function(e, [3]),
    function(f, [5]),
    relation(driver(_), [1,0,1,0,1,0]),
    relation(man(_), [1,0,1,0,1,0]),
    relation(s1(_), [1,0,0,0,0,0]),
    relation(s2(_), [0,1,0,0,0,0]),
    relation(s3(_), [0,0,0,1,0,0]),
    relation(s4(_), [0,0,0,0,1,0]),
    relation(s5(_), [0,0,1,0,0,0]),
    relation(s6(_), [0,0,0,0,0,1]),
    relation(woman(_), [0,1,0,1,0,1]),
    relation(neq(_,_), [0,1,1,1,1,1,1,0,1,1,1,1,1,1,0,1,1,1,1,1,1,0,1,1,1,1,1,1,0,1,1,1,1,1,1,0])]).
interpretation( 6, [number = 137,seconds = 0], [
    function(a, [0]),
    function(b, [2]),
    function(c, [4]),
    function(d, [1]),
    function(e, [3]),
    function(f, [5]),
    relation(driver(_), [1,0,1,0,1,0]),
    relation(man(_), [1,0,1,0,1,0]),
    relation(s1(_), [1,0,0,0,0,0]),
    relation(s2(_), [0,1,0,0,0,0]),
    relation(s3(_), [0,0,0,0,0,1]),
    relation(s4(_), [0,0,1,0,0,0]),
    relation(s5(_), [0,0,0,0,1,0]),
    relation(s6(_), [0,0,0,1,0,0]),
    relation(woman(_), [0,1,0,1,0,1]),
    relation(neq(_,_), [0,1,1,1,1,1,1,0,1,1,1,1,1,1,0,1,1,1,1,1,1,0,1,1,1,1,1,1,0,1,1,1,1,1,1,0])]).
interpretation( 6, [number = 138,seconds = 0], [
    function(a, [0]),
    function(b, [2]),
    function(c, [4]),
    function(d, [1]),
    function(e, [3]),
    function(f, [5]),
    relation(driver(_), [1,0,1,0,1,0]),
    relation(man(_), [1,0,1,0,1,0]),
    relation(s1(_), [1,0,0,0,0,0]),
    relation(s2(_), [0,1,0,0,0,0]),
    relation(s3(_), [0,0,0,0,0,1]),
    relation(s4(_), [0,0,1,0,0,0]),
    relation(s5(_), [0,0,0,1,0,0]),
    relation(s6(_), [0,0,0,0,1,0]),
    relation(woman(_), [0,1,0,1,0,1]),
    relation(neq(_,_), [0,1,1,1,1,1,1,0,1,1,1,1,1,1,0,1,1,1,1,1,1,0,1,1,1,1,1,1,0,1,1,1,1,1,1,0])]).
interpretation( 6, [number = 139,seconds = 0], [
    function(a, [0]),
    function(b, [2]),
    function(c, [4]),
    function(d, [1]),
    function(e, [3]),
    function(f, [5]),
    relation(driver(_), [1,0,1,0,1,0]),
    relation(man(_), [1,0,1,0,1,0]),
    relation(s1(_), [1,0,0,0,0,0]),
    relation(s2(_), [0,1,0,0,0,0]),
    relation(s3(_), [0,0,0,1,0,0]),
    relation(s4(_), [0,0,1,0,0,0]),
    relation(s5(_), [0,0,0,0,0,1]),
    relation(s6(_), [0,0,0,0,1,0]),
    relation(woman(_), [0,1,0,1,0,1]),
    relation(neq(_,_), [0,1,1,1,1,1,1,0,1,1,1,1,1,1,0,1,1,1,1,1,1,0,1,1,1,1,1,1,0,1,1,1,1,1,1,0])]).
interpretation( 6, [number = 140,seconds = 0], [
    function(a, [0]),
    function(b, [2]),
    function(c, [4]),
    function(d, [1]),
    function(e, [3]),
    function(f, [5]),
    relation(driver(_), [1,0,1,0,1,0]),
    relation(man(_), [1,0,1,0,1,0]),
    relation(s1(_), [1,0,0,0,0,0]),
    relation(s2(_), [0,1,0,0,0,0]),
    relation(s3(_), [0,0,0,1,0,0]),
    relation(s4(_), [0,0,1,0,0,0]),
    relation(s5(_), [0,0,0,0,1,0]),
    relation(s6(_), [0,0,0,0,0,1]),
    relation(woman(_), [0,1,0,1,0,1]),
    relation(neq(_,_), [0,1,1,1,1,1,1,0,1,1,1,1,1,1,0,1,1,1,1,1,1,0,1,1,1,1,1,1,0,1,1,1,1,1,1,0])]).
interpretation( 6, [number = 141,seconds = 0], [
    function(a, [0]),
    function(b, [2]),
    function(c, [4]),
    function(d, [1]),
    function(e, [3]),
    function(f, [5]),
    relation(driver(_), [1,0,1,0,1,0]),
    relation(man(_), [1,0,1,0,1,0]),
    relation(s1(_), [1,0,0,0,0,0]),
    relation(s2(_), [0,1,0,0,0,0]),
    relation(s3(_), [0,0,1,0,0,0]),
    relation(s4(_), [0,0,0,0,0,1]),
    relation(s5(_), [0,0,0,0,1,0]),
    relation(s6(_), [0,0,0,1,0,0]),
    relation(woman(_), [0,1,0,1,0,1]),
    relation(neq(_,_), [0,1,1,1,1,1,1,0,1,1,1,1,1,1,0,1,1,1,1,1,1,0,1,1,1,1,1,1,0,1,1,1,1,1,1,0])]).
interpretation( 6, [number = 142,seconds = 0], [
    function(a, [0]),
    function(b, [2]),
    function(c, [4]),
    function(d, [1]),
    function(e, [3]),
    function(f, [5]),
    relation(driver(_), [1,0,1,0,1,0]),
    relation(man(_), [1,0,1,0,1,0]),
    relation(s1(_), [1,0,0,0,0,0]),
    relation(s2(_), [0,1,0,0,0,0]),
    relation(s3(_), [0,0,1,0,0,0]),
    relation(s4(_), [0,0,0,0,0,1]),
    relation(s5(_), [0,0,0,1,0,0]),
    relation(s6(_), [0,0,0,0,1,0]),
    relation(woman(_), [0,1,0,1,0,1]),
    relation(neq(_,_), [0,1,1,1,1,1,1,0,1,1,1,1,1,1,0,1,1,1,1,1,1,0,1,1,1,1,1,1,0,1,1,1,1,1,1,0])]).
interpretation( 6, [number = 143,seconds = 0], [
    function(a, [0]),
    function(b, [2]),
    function(c, [4]),
    function(d, [1]),
    function(e, [3]),
    function(f, [5]),
    relation(driver(_), [1,0,1,0,1,0]),
    relation(man(_), [1,0,1,0,1,0]),
    relation(s1(_), [1,0,0,0,0,0]),
    relation(s2(_), [0,1,0,0,0,0]),
    relation(s3(_), [0,0,1,0,0,0]),
    relation(s4(_), [0,0,0,1,0,0]),
    relation(s5(_), [0,0,0,0,0,1]),
    relation(s6(_), [0,0,0,0,1,0]),
    relation(woman(_), [0,1,0,1,0,1]),
    relation(neq(_,_), [0,1,1,1,1,1,1,0,1,1,1,1,1,1,0,1,1,1,1,1,1,0,1,1,1,1,1,1,0,1,1,1,1,1,1,0])]).
interpretation( 6, [number = 144,seconds = 0], [
    function(a, [0]),
    function(b, [2]),
    function(c, [4]),
    function(d, [1]),
    function(e, [3]),
    function(f, [5]),
    relation(driver(_), [1,0,1,0,1,0]),
    relation(man(_), [1,0,1,0,1,0]),
    relation(s1(_), [1,0,0,0,0,0]),
    relation(s2(_), [0,1,0,0,0,0]),
    relation(s3(_), [0,0,1,0,0,0]),
    relation(s4(_), [0,0,0,1,0,0]),
    relation(s5(_), [0,0,0,0,1,0]),
    relation(s6(_), [0,0,0,0,0,1]),
    relation(woman(_), [0,1,0,1,0,1]),
    relation(neq(_,_), [0,1,1,1,1,1,1,0,1,1,1,1,1,1,0,1,1,1,1,1,1,0,1,1,1,1,1,1,0,1,1,1,1,1,1,0])]).
