interpretation( 4, [number = 1,seconds = 0], [
    function(arthur, [0]),
    function(bill, [1]),
    function(charles, [2]),
    function(dave, [3]),
    function(c1, [0]),
    function(c2, [0]),
    function(c3, [0]),
    function(c4, [1]),
    function(c5, [0]),
    function(c6, [3]),
    function(c7, [3]),
    relation(brownEyed(_), [1,1,1,0]),
    relation(dark(_), [1,0,0,1]),
    relation(perfectMan(_), [1,0,0,0]),
    relation(slim(_), [1,1,1,0]),
    relation(tall(_), [1,1,0,1])]).
interpretation( 4, [number = 2,seconds = 0], [
    function(arthur, [0]),
    function(bill, [1]),
    function(charles, [2]),
    function(dave, [3]),
    function(c1, [0]),
    function(c2, [0]),
    function(c3, [0]),
    function(c4, [2]),
    function(c5, [0]),
    function(c6, [3]),
    function(c7, [3]),
    relation(brownEyed(_), [1,1,1,0]),
    relation(dark(_), [1,0,0,1]),
    relation(perfectMan(_), [1,0,0,0]),
    relation(slim(_), [1,1,1,0]),
    relation(tall(_), [1,0,1,1])]).
interpretation( 4, [number = 3,seconds = 0], [
    function(arthur, [0]),
    function(bill, [1]),
    function(charles, [2]),
    function(dave, [3]),
    function(c1, [0]),
    function(c2, [0]),
    function(c3, [1]),
    function(c4, [0]),
    function(c5, [0]),
    function(c6, [3]),
    function(c7, [3]),
    relation(brownEyed(_), [1,1,1,0]),
    relation(dark(_), [1,0,0,1]),
    relation(perfectMan(_), [1,0,0,0]),
    relation(slim(_), [1,1,1,0]),
    relation(tall(_), [1,1,0,1])]).
interpretation( 4, [number = 4,seconds = 0], [
    function(arthur, [0]),
    function(bill, [1]),
    function(charles, [2]),
    function(dave, [3]),
    function(c1, [0]),
    function(c2, [0]),
    function(c3, [2]),
    function(c4, [0]),
    function(c5, [0]),
    function(c6, [3]),
    function(c7, [3]),
    relation(brownEyed(_), [1,1,1,0]),
    relation(dark(_), [1,0,0,1]),
    relation(perfectMan(_), [1,0,0,0]),
    relation(slim(_), [1,1,1,0]),
    relation(tall(_), [1,0,1,1])]).
interpretation( 4, [number = 5,seconds = 0], [
    function(arthur, [0]),
    function(bill, [1]),
    function(charles, [2]),
    function(dave, [3]),
    function(c1, [0]),
    function(c2, [0]),
    function(c3, [0]),
    function(c4, [1]),
    function(c5, [3]),
    function(c6, [0]),
    function(c7, [3]),
    relation(brownEyed(_), [1,1,1,0]),
    relation(dark(_), [1,0,0,1]),
    relation(perfectMan(_), [1,0,0,0]),
    relation(slim(_), [1,1,1,0]),
    relation(tall(_), [1,1,0,1])]).
interpretation( 4, [number = 6,seconds = 0], [
    function(arthur, [0]),
    function(bill, [1]),
    function(charles, [2]),
    function(dave, [3]),
    function(c1, [0]),
    function(c2, [0]),
    function(c3, [0]),
    function(c4, [2]),
    function(c5, [3]),
    function(c6, [0]),
    function(c7, [3]),
    relation(brownEyed(_), [1,1,1,0]),
    relation(dark(_), [1,0,0,1]),
    relation(perfectMan(_), [1,0,0,0]),
    relation(slim(_), [1,1,1,0]),
    relation(tall(_), [1,0,1,1])]).
interpretation( 4, [number = 7,seconds = 0], [
    function(arthur, [0]),
    function(bill, [1]),
    function(charles, [2]),
    function(dave, [3]),
    function(c1, [0]),
    function(c2, [0]),
    function(c3, [1]),
    function(c4, [0]),
    function(c5, [3]),
    function(c6, [0]),
    function(c7, [3]),
    relation(brownEyed(_), [1,1,1,0]),
    relation(dark(_), [1,0,0,1]),
    relation(perfectMan(_), [1,0,0,0]),
    relation(slim(_), [1,1,1,0]),
    relation(tall(_), [1,1,0,1])]).
interpretation( 4, [number = 8,seconds = 0], [
    function(arthur, [0]),
    function(bill, [1]),
    function(charles, [2]),
    function(dave, [3]),
    function(c1, [0]),
    function(c2, [0]),
    function(c3, [2]),
    function(c4, [0]),
    function(c5, [3]),
    function(c6, [0]),
    function(c7, [3]),
    relation(brownEyed(_), [1,1,1,0]),
    relation(dark(_), [1,0,0,1]),
    relation(perfectMan(_), [1,0,0,0]),
    relation(slim(_), [1,1,1,0]),
    relation(tall(_), [1,0,1,1])]).
