interpretation( 5, [number = 1,seconds = 0], [
    function(Age_23, [3]),
    function(Age_28, [2]),
    function(Age_35, [0]),
    function(Age_41, [1]),
    function(Age_50, [4]),
    function(Black, [0]),
    function(Blue, [2]),
    function(Book, [2]),
    function(Chocolate, [4]),
    function(Cody, [3]),
    function(Coffee, [0]),
    function(Green, [3]),
    function(HR, [4]),
    function(IT, [1]),
    function(Jason, [1]),
    function(Juice, [4]),
    function(Mug, [0]),
    function(Notepad, [1]),
    function(R_and_D, [2]),
    function(Red, [1]),
    function(Riley, [2]),
    function(Sales, [3]),
    function(Soft_drink, [2]),
    function(Steven, [4]),
    function(Tea, [3]),
    function(Tie, [3]),
    function(Tyler, [0]),
    function(Water, [1]),
    relation(left_neighbor(_,_), [0,0,0,0,0,1,0,0,0,0,0,1,0,0,0,0,0,1,0,0,0,0,0,1,0]),
    relation(neighbors(_,_), [0,1,0,0,0,1,0,1,0,0,0,1,0,1,0,0,0,1,0,1,0,0,0,1,0]),
    relation(right_neighbor(_,_), [0,1,0,0,0,0,0,1,0,0,0,0,0,1,0,0,0,0,0,1,0,0,0,0,0]),
    relation(somewhereLeft(_,_), [0,1,1,1,1,0,0,1,1,1,0,0,0,1,1,0,0,0,0,1,0,0,0,0,0]),
    relation(between(_,_,_), [0,0,0,0,0,0,0,1,1,1,0,0,0,1,1,0,0,0,0,1,0,0,0,0,0,0,0,0,0,0,0,0,0,0,0,0,0,0,1,1,0,0,0,0,1,0,0,0,0,0,0,0,0,0,0,0,0,0,0,0,0,0,0,0,0,0,0,0,0,1,0,0,0,0,0,0,0,0,0,0,0,0,0,0,0,0,0,0,0,0,0,0,0,0,0,0,0,0,0,0,0,0,0,0,0,0,0,0,0,0,0,0,0,0,0,0,0,0,0,0,0,0,0,0,0]),
    function(Marketing, [0]),
    function(White, [4])]).
