interpretation( 5, [number = 1,seconds = 0], [
    function(Black, [2]),
    function(Blue, [0]),
    function(Brazilian, [2]),
    function(Cocoa, [2]),
    function(Coffee, [1]),
    function(Corn, [4]),
    function(Eight, [2]),
    function(English, [3]),
    function(Five, [0]),
    function(French, [0]),
    function(Genoa, [0]),
    function(Greek, [1]),
    function(Green, [4]),
    function(Hamburg, [1]),
    function(Manila, [2]),
    function(Marseille, [3]),
    function(Nine, [3]),
    function(Red, [1]),
    function(Rice, [3]),
    function(Seven, [4]),
    function(Six, [1]),
    function(Spanish, [4]),
    function(White, [3]),
    relation(border(_), [1,0,0,0,1]),
    relation(middle(_), [0,0,1,0,0]),
    relation(left_neighbor(_,_), [0,0,0,0,0,1,0,0,0,0,0,1,0,0,0,0,0,1,0,0,0,0,0,1,0]),
    relation(neighbor(_,_), [0,1,0,0,0,1,0,1,0,0,0,1,0,1,0,0,0,1,0,1,0,0,0,1,0]),
    relation(right_neighbor(_,_), [0,1,0,0,0,0,0,1,0,0,0,0,0,1,0,0,0,0,0,1,0,0,0,0,0]),
    function(Port_Said, [4]),
    function(Tea, [0])]).
